GT92_e3.hmm|GT92:11	207	5mSIPHEX1_13-scaffold_1_c1_152	298	3.8e-51	1	204	34	252	0.9806763285024155
GT19_e34.hmm|GT19:469	357	5mSIPHEX1_13-scaffold_1_c1_530	381	4.3e-141	1	350	8	355	0.9775910364145658
GT92_e3.hmm|GT92:11	207	5mSIPHEX1_13-scaffold_1_c1_655	372	1.5e-21	1	181	39	234	0.8695652173913043
GH103_e15.hmm|GH103:123	202	5mSIPHEX1_13-scaffold_1_c1_714	265	8.9e-115	2	202	32	232	0.9900990099009901
CE11_e5.hmm|CE11:202	272	5mSIPHEX1_13-scaffold_1_c1_871	307	1.4e-141	2	272	4	274	0.9926470588235294
AA3_e57.hmm|AA3_2:11	532	5mSIPHEX1_13-scaffold_1_c1_922	553	6.1e-196	2	531	4	529	0.9943609022556391
GT4_e3460.hmm|GT4:12	136	5mSIPHEX1_13-scaffold_2_c1_3	431	6.5e-63	1	135	243	377	0.9852941176470589
GT4_e2301.hmm|GT4:12	140	5mSIPHEX1_13-scaffold_2_c1_5	393	6.3e-63	1	139	211	349	0.9857142857142858
GH103_e30.hmm|GH103:437	293	5mSIPHEX1_13-scaffold_2_c1_550	392	1.5e-152	2	292	30	319	0.9897610921501706
GT2_e1913.hmm|GT2:42	208	5mSIPHEX1_13-scaffold_44_c1_228	233	5.9e-43	1	171	7	192	0.8173076923076923
GT51_e144.hmm|GT51:1920|2.4.1.129:1	168	5mSIPHEX1_13-scaffold_44_c1_29	739	2.7e-61	3	167	116	301	0.9761904761904762
GT30_e64.hmm|GT30:30	158	5mSIPHEX1_13-scaffold_54_c1_129	404	4.2e-33	6	157	32	184	0.9556962025316456
GT2_e3557.hmm|GT2:8	98	5mSIPHEX1_13-scaffold_102_c1_119	308	1.3e-28	1	96	21	115	0.9693877551020408
GT4_e966.hmm|GT4:262	163	5mSIPHEX1_13-scaffold_102_c1_16	411	9.3e-75	2	162	215	378	0.9815950920245399
GH23_e571.hmm|GH23:204	118	5mSIPHEX1_13-scaffold_102_c1_49	197	5e-61	1	118	56	173	0.9915254237288136
GT107_e0.hmm|GT107:1594|2.4.99.-:2	525	5mSIPHEX1_13-scaffold_1_c1_1113	672	6.1e-118	170	490	11	331	0.6095238095238096
GT107_e0.hmm|GT107:1594|2.4.99.-:2	525	5mSIPHEX1_13-scaffold_1_c1_1113	672	7e-140	152	523	317	671	0.7066666666666667
GH108_e5.hmm|GH108:209	89	5mSIPHEX1_13-scaffold_1_c1_343	205	4e-39	2	89	12	99	0.9775280898876404
GT4_e2652.hmm|GT4:10	146	5mSIPHEX1_13-scaffold_1_c1_602	555	4.6e-41	3	133	216	347	0.8904109589041096
GT92_e3.hmm|GT92:11	207	5mSIPHEX1_13-scaffold_1_c1_657	786	1.6e-28	1	207	457	685	0.9951690821256038
CBM50_e1000.hmm|CBM50:157	42	5mSIPHEX1_13-scaffold_1_c1_676	398	4.2e-17	1	41	71	111	0.9523809523809523
CBM50_e405.hmm|CBM50:10	44	5mSIPHEX1_13-scaffold_1_c1_676	398	2.7e-19	2	44	173	215	0.9545454545454546
CBM50_e982.hmm|CBM50:29	48	5mSIPHEX1_13-scaffold_1_c1_743	344	1e-29	1	48	296	343	0.9791666666666666
GT51_e77.hmm|GT51:1530	178	5mSIPHEX1_13-scaffold_1_c1_754	839	2.5e-76	2	177	62	233	0.9831460674157303
GH23_e48.hmm|GH23:14	69	5mSIPHEX1_13-scaffold_1_c1_854	293	1.1e-25	2	69	160	227	0.9710144927536232
GT28_e3.hmm|GT28:199	163	5mSIPHEX1_13-scaffold_1_c1_881	367	5.8e-79	1	163	189	351	0.9938650306748467
GH103_e38.hmm|GH103:605	294	5mSIPHEX1_13-scaffold_2_c1_211	395	8e-119	2	294	28	320	0.9931972789115646
GH23_e757.hmm|GH23:106	111	5mSIPHEX1_13-scaffold_2_c1_503	288	3.7e-55	1	110	152	261	0.9819819819819819
GT2_e2579.hmm|GT2:125	227	5mSIPHEX1_13-scaffold_2_c1_95	638	3.5e-115	2	227	246	471	0.9911894273127754
GT51_e71.hmm|GT51:5520	166	5mSIPHEX1_13-scaffold_2_c2_105	590	3.4e-58	33	165	2	134	0.7951807228915663
GH25_e187.hmm|GH25:368	179	5mSIPHEX1_13-scaffold_2_c2_53	247	1.4e-85	1	178	44	221	0.9888268156424581
AA2_e1.hmm|AA2:59	252	5mSIPHEX1_13-scaffold_2_c2_67	721	2.5e-22	14	109	82	178	0.376984126984127
AA2_e1.hmm|AA2:59	252	5mSIPHEX1_13-scaffold_2_c2_67	721	2e-21	18	248	458	713	0.9126984126984127
AA4_e1.hmm|AA4:19	525	5mSIPHEX1_13-scaffold_44_c1_127	470	1.1e-22	13	255	1	230	0.46095238095238095
CBM50_e391.hmm|CBM50:1681	49	5mSIPHEX1_13-scaffold_44_c1_90	136	1.2e-28	1	49	86	134	0.9795918367346939
GT107_e0.hmm|GT107:1594|2.4.99.-:2	525	5mSIPHEX1_13-scaffold_54_c1_15	366	1.8e-36	261	490	130	363	0.4361904761904762
AA1_e1.hmm|AA1:57|AA1_3:53|1.10.3.2:1	342	5mSIPHEX1_13-scaffold_54_c1_7	440	8.7e-41	24	340	38	432	0.9239766081871345
GT2_e2092.hmm|GT2:45	211	5mSIPHEX1_13-scaffold_102_c1_115	406	2e-87	1	210	7	216	0.990521327014218
GT4_e1867.hmm|GT4:37	143	5mSIPHEX1_13-scaffold_102_c1_118	412	1.9e-58	2	142	239	382	0.9790209790209791
GT14_e83.hmm|GT14:173	242	5mSIPHEX1_13-scaffold_102_c1_120	568	4.8e-129	1	242	8	249	0.9958677685950413
AA3_e57.hmm|AA3_2:11	532	5mSIPHEX1_13-scaffold_165_c1_1	527	3.6e-146	1	530	3	523	0.9943609022556391
GT30_e43.hmm|GT30:111	177	5mSIPHEX1_13-scaffold_1_c1_153	409	1.2e-50	2	176	40	207	0.9830508474576272
GH3_e228.hmm|GH3:993	222	5mSIPHEX1_13-scaffold_1_c1_267	337	2.7e-92	1	222	61	277	0.9954954954954955
GH23_e673.hmm|GH23:175|CBM50:1	103	5mSIPHEX1_13-scaffold_1_c1_548	198	2.2e-51	2	101	97	196	0.9611650485436893
GH23_e800.hmm|GH23:105	83	5mSIPHEX1_13-scaffold_1_c1_629	165	3e-46	1	83	67	149	0.9879518072289156
CE4_e177.hmm|CE4:5337|3.5.1.41:1	100	5mSIPHEX1_13-scaffold_1_c1_720	473	8e-44	1	99	82	180	0.98
GH23_e721.hmm|GH23:27	103	5mSIPHEX1_13-scaffold_2_c1_121	296	2.3e-53	1	103	61	163	0.9902912621359223
GH103_e38.hmm|GH103:605	294	5mSIPHEX1_13-scaffold_2_c2_1	449	3.1e-134	2	293	79	371	0.9897959183673469
GT14_e60.hmm|GT14:175	243	5mSIPHEX1_13-scaffold_54_c1_108	526	2.5e-142	1	243	5	247	0.9958847736625515
GH23_e847.hmm|GH23:180	130	5mSIPHEX1_13-scaffold_54_c1_181	651	8.3e-61	2	130	492	620	0.9846153846153847
GT51_e37.hmm|GT51:209	156	5mSIPHEX1_13-scaffold_54_c1_28	186	3.2e-80	1	155	13	167	0.9871794871794872
GH102_e29.hmm|GH102:152	134	5mSIPHEX1_13-scaffold_54_c1_52	346	3.2e-66	2	134	107	238	0.9850746268656716
CBM50_e391.hmm|CBM50:1681	49	5mSIPHEX1_13-scaffold_93_c1_86	276	7.5e-18	1	49	223	271	0.9795918367346939
