CE11_e18.hmm|CE11:339	269	5mSIPHEX2_16-scaffold_1051_c1_10	322	2.9e-43	138	268	1	156	0.483271375464684
GT4_e1421.hmm|GT4:12	142	5mSIPHEX2_16-scaffold_1078_c1_2	372	6.7e-44	2	137	199	333	0.9507042253521126
GT2_e1168.hmm|GT2:6	125	5mSIPHEX2_16-scaffold_1208_c1_5	251	2.3e-53	1	124	7	130	0.984
GH92_e0.hmm|GH92:2578|GH43_34:10|3.2.1.-:8|GH88:7|GH20:2|GH125:2|3.2.1.113:1|CBM32:1|CBM6:1|CBM57:1|3.2.1.114:1|3.2.1.24:1	494	5mSIPHEX2_16-scaffold_1218_c1_10	600	2.8e-167	4	383	227	600	0.7672064777327935
GT30_e55.hmm|GT30:437	163	5mSIPHEX2_16-scaffold_1260_c1_2	418	1.5e-83	2	163	47	208	0.9877300613496932
GT2_e2866.hmm|GT2:10	130	5mSIPHEX2_16-scaffold_1264_c1_7	146	6.6e-55	1	129	4	132	0.9846153846153847
GT51_e158.hmm|GT51:844	164	5mSIPHEX2_16-scaffold_127_c1_2	245	3.9e-81	1	161	75	235	0.975609756097561
GT9_e87.hmm|GT9:256	228	5mSIPHEX2_16-scaffold_1326_c1_9	333	2.5e-102	1	227	61	288	0.9912280701754386
AA4_e1.hmm|AA4:19	525	5mSIPHEX2_16-scaffold_1363_c1_3	470	2.5e-21	11	270	6	251	0.49333333333333335
GT4_e2699.hmm|GT4:183	121	5mSIPHEX2_16-scaffold_1444_c1_7	407	4.8e-51	2	120	224	342	0.9752066115702479
GT2_e1300.hmm|GT2:387	162	5mSIPHEX2_16-scaffold_1452_c1_4	314	8.1e-79	1	162	5	167	0.9938271604938271
GT2_e1253.hmm|GT2:33	223	5mSIPHEX2_16-scaffold_147_c2_32	367	1.6e-108	1	223	42	264	0.9955156950672646
AA2_e1.hmm|AA2:59	252	5mSIPHEX2_16-scaffold_1548_c1_1	729	1.4e-18	14	109	84	180	0.376984126984127
GT4_e2566.hmm|GT4:386|GH3:1	167	5mSIPHEX2_16-scaffold_1807_c1_2	378	1.6e-73	3	160	191	348	0.9401197604790419
GH3_e104.hmm|GH3:538|GT4:1	225	5mSIPHEX2_16-scaffold_1807_c1_4	961	2e-115	1	225	94	318	0.9955555555555555
GT2_e3763.hmm|GT2:10	198	5mSIPHEX2_16-scaffold_1935_c1_2	298	7.4e-74	1	198	16	212	0.9949494949494949
GT2_e4158.hmm|GT2:97	162	5mSIPHEX2_16-scaffold_1935_c1_3	283	1.3e-73	2	156	5	158	0.9506172839506173
GT2_e3559.hmm|GT2:444	314	5mSIPHEX2_16-scaffold_1952_c1_4	332	1.1e-140	2	301	5	304	0.9522292993630573
GT2_e803.hmm|GT2:6	163	5mSIPHEX2_16-scaffold_2304_c1_2	298	4.2e-55	1	162	4	165	0.9877300613496932
CBM50_e181.hmm|CBM50:122|GH23:1	44	5mSIPHEX2_16-scaffold_2306_c1_2	632	3.8e-18	1	44	29	71	0.9772727272727273
CBM50_e828.hmm|CBM50:6	43	5mSIPHEX2_16-scaffold_2306_c1_2	632	2.3e-17	1	43	219	261	0.9767441860465116
GT2_e4175.hmm|GT2:10|GT4:1	274	5mSIPHEX2_16-scaffold_2371_c1_2	476	3.2e-144	1	272	62	333	0.9890510948905109
GT4_e38.hmm|GT4:98|GT2:1	131	5mSIPHEX2_16-scaffold_2391_c1_1	297	1.4e-45	2	104	194	297	0.7786259541984732
GT4_e1679.hmm|GT4:7	153	5mSIPHEX2_16-scaffold_2391_c1_2	386	6.7e-57	2	151	203	352	0.9738562091503268
GT4_e2551.hmm|GT4:14	133	5mSIPHEX2_16-scaffold_2496_c1_4	367	2.7e-43	1	130	208	336	0.9699248120300752
CBM50_e573.hmm|CBM50:49|GH24:1	43	5mSIPHEX2_16-scaffold_2519_c1_2	470	7.8e-23	1	43	202	244	0.9767441860465116
GH73_e68.hmm|GH73:550|CBM50:526	129	5mSIPHEX2_16-scaffold_265_c2_7	290	1.4e-63	2	129	94	221	0.9844961240310077
CBM50_e945.hmm|CBM50:412|GH73:400|GH23:1	42	5mSIPHEX2_16-scaffold_265_c2_7	290	9.4e-19	1	42	248	289	0.9761904761904762
GT19_e2.hmm|GT19:889	349	5mSIPHEX2_16-scaffold_287_c1_12	372	1.4e-171	1	349	5	353	0.997134670487106
GH20_e12.hmm|GH20:1706|CBM32:19|3.2.1.52:18|CBM0:2|3.2.1.-:1	351	5mSIPHEX2_16-scaffold_287_c1_5	755	5.6e-183	2	348	145	494	0.9857549857549858
GH2_e80.hmm|GH2:380|3.2.1.25:4	707	5mSIPHEX2_16-scaffold_287_c1_8	820	0	5	706	27	714	0.9915134370579916
GT5_e28.hmm|GT5:878	225	5mSIPHEX2_16-scaffold_288_c1_22	281	3.6e-110	1	224	18	241	0.9911111111111112
GT2_e1602.hmm|GT2:56	165	5mSIPHEX2_16-scaffold_2890_c1_2	245	8.7e-78	1	165	5	170	0.9939393939393939
GT4_e3667.hmm|GT4:7	152	5mSIPHEX2_16-scaffold_3066_c1_2	390	8e-31	4	151	212	358	0.9671052631578947
GT2_e3543.hmm|GT2:15	141	5mSIPHEX2_16-scaffold_3066_c1_3	330	9e-48	1	121	7	128	0.851063829787234
GT4_e1520.hmm|GT4:19	152	5mSIPHEX2_16-scaffold_3260_c1_3	368	9.7e-52	2	142	188	328	0.9210526315789473
GT4_e1094.hmm|GT4:88	142	5mSIPHEX2_16-scaffold_3260_c1_4	134	1.2e-43	42	141	2	101	0.6971830985915493
GT2_e4062.hmm|GT2:7	167	5mSIPHEX2_16-scaffold_3307_c1_1	282	5.1e-49	22	165	1	142	0.8562874251497006
GT2_e2405.hmm|GT2:13	81	5mSIPHEX2_16-scaffold_3307_c1_3	275	2.5e-21	2	79	54	131	0.9506172839506173
GT4_e1411.hmm|GT4:20	155	5mSIPHEX2_16-scaffold_3532_c1_2	381	2.8e-67	2	151	196	348	0.9612903225806452
CE4_e341.hmm|CE4:294	119	5mSIPHEX2_16-scaffold_396_c1_20	88	4.1e-32	2	64	25	87	0.5210084033613446
CE14_e27.hmm|CE14:619	106	5mSIPHEX2_16-scaffold_463_c1_8	239	1.6e-51	1	106	7	112	0.9905660377358491
GH171_e3.hmm|GH171:806|GH3:1	343	5mSIPHEX2_16-scaffold_467_c1_17	411	7.7e-169	1	343	65	410	0.9970845481049563
GH23_e357.hmm|GH23:320|CBM50:1	137	5mSIPHEX2_16-scaffold_522_c1_1	180	1.2e-48	35	136	1	102	0.7372262773722628
GH23_e731.hmm|GH23:349|CBM50:341	136	5mSIPHEX2_16-scaffold_543_c1_6	500	1.8e-71	1	136	139	274	0.9926470588235294
CBM50_e671.hmm|CBM50:6|GH23:4	42	5mSIPHEX2_16-scaffold_543_c1_6	500	4.3e-18	1	42	395	436	0.9761904761904762
CBM50_e954.hmm|CBM50:346|GH23:339	42	5mSIPHEX2_16-scaffold_543_c1_6	500	5.1e-20	1	42	456	498	0.9761904761904762
GT51_e181.hmm|GT51:710	178	5mSIPHEX2_16-scaffold_619_c1_6	762	3.2e-79	2	177	68	244	0.9831460674157303
GT2_e3911.hmm|GT2:377	167	5mSIPHEX2_16-scaffold_687_c1_16	103	3.3e-48	1	97	7	103	0.5748502994011976
GT2_e3754.hmm|GT2:147	277	5mSIPHEX2_16-scaffold_734_c1_11	370	6.6e-135	1	276	45	321	0.9927797833935018
GT2_e98.hmm|GT2:106	141	5mSIPHEX2_16-scaffold_744_c1_7	393	1.6e-65	1	140	18	158	0.9858156028368794
GH25_e273.hmm|GH25:122	175	5mSIPHEX2_16-scaffold_778_c1_9	283	1e-87	1	175	87	261	0.9942857142857143
GT4_e2572.hmm|GT4:237	153	5mSIPHEX2_16-scaffold_792_c1_3	160	8.9e-49	29	152	2	125	0.803921568627451
GT28_e0.hmm|GT28:1307	158	5mSIPHEX2_16-scaffold_814_c1_2	364	8.4e-75	1	158	194	351	0.9936708860759493
CBM50_e181.hmm|CBM50:122|GH23:1	44	5mSIPHEX2_16-scaffold_864_c1_6	362	5.1e-16	1	43	166	207	0.9545454545454546
GH74_e4.hmm|GH74:18	166	5mSIPHEX2_16-scaffold_983_c1_4	1126	1.1e-20	5	121	149	268	0.6987951807228916
