5mSIPHEX2_16-scaffold_1043_c1_1  0.175  29  0.345  29  0.841  20  0.652   0.465 Y  0.450      SignalP-TM
5mSIPHEX2_16-scaffold_1043_c1_1  0.523  23  0.685  23  0.951  16  0.897   0.799 Y  0.450      SignalP-noTM
5mSIPHEX2_16-scaffold_1043_c1_2  0.170  19  0.348  19  0.824  10  0.716   0.547 Y  0.450      SignalP-noTM
5mSIPHEX2_16-scaffold_1045_c1_5  0.468  26  0.583  26  0.806  22  0.708   0.650 Y  0.450      SignalP-noTM
5mSIPHEX2_16-scaffold_1045_c1_6  0.713  19  0.685  19  0.749  14  0.663   0.673 Y  0.450      SignalP-noTM
5mSIPHEX2_16-scaffold_1045_c1_6  0.757  19  0.783  19  0.918  17  0.800   0.791 Y  0.570      SignalP-noTM
5mSIPHEX2_16-scaffold_1051_c1_4  0.409  21  0.547  21  0.872   8  0.735   0.648 Y  0.450      SignalP-noTM
5mSIPHEX2_16-scaffold_1093_c1_1  0.401  25  0.614  25  0.960  18  0.929   0.737 Y  0.450      SignalP-TM
5mSIPHEX2_16-scaffold_1093_c1_1  0.528  27  0.628  27  0.891  17  0.755   0.696 Y  0.450      SignalP-noTM
5mSIPHEX2_16-scaffold_1093_c1_1  0.589  25  0.734  25  0.952  18  0.916   0.819 Y  0.570      SignalP-noTM
5mSIPHEX2_16-scaffold_1093_c1_3  0.575  19  0.684  19  0.845   7  0.809   0.751 Y  0.450      SignalP-noTM
5mSIPHEX2_16-scaffold_1093_c1_5  0.190  20  0.386  20  0.884   8  0.773   0.595 Y  0.450      SignalP-noTM
5mSIPHEX2_16-scaffold_1093_c1_5  0.275  27  0.443  27  0.893  19  0.739   0.558 Y  0.450      SignalP-TM
5mSIPHEX2_16-scaffold_1102_c1_1  0.411  18  0.511  18  0.799  16  0.652   0.587 Y  0.450      SignalP-noTM
5mSIPHEX2_16-scaffold_1102_c1_3  0.241  25  0.373  20  0.766  15  0.632   0.513 Y  0.450      SignalP-noTM
5mSIPHEX2_16-scaffold_1111_c1_3  0.389  21  0.545  21  0.865   7  0.760   0.661 Y  0.450      SignalP-noTM
5mSIPHEX2_16-scaffold_1111_c1_4  0.309  20  0.546  20  0.990  15  0.970   0.775 Y  0.450      SignalP-noTM
5mSIPHEX2_16-scaffold_1118_c1_7  0.153  22  0.371  22  0.950  12  0.897   0.655 Y  0.450      SignalP-noTM
5mSIPHEX2_16-scaffold_1118_c1_8  0.287  26  0.446  26  0.858  12  0.745   0.562 Y  0.450      SignalP-TM
5mSIPHEX2_16-scaffold_1118_c1_8  0.315  25  0.527  19  0.941   3  0.899   0.728 Y  0.450      SignalP-noTM
5mSIPHEX2_16-scaffold_1119_c2_5  0.295  21  0.434  21  0.802   9  0.645   0.548 Y  0.450      SignalP-noTM
5mSIPHEX2_16-scaffold_1119_c2_6  0.728  33  0.808  33  0.984  18  0.894   0.848 Y  0.570      SignalP-noTM
5mSIPHEX2_16-scaffold_1136_c1_3  0.152  26  0.302  19  0.837   1  0.685   0.451 Y  0.450      SignalP-TM
5mSIPHEX2_16-scaffold_1136_c1_3  0.198  21  0.393  21  0.870  15  0.777   0.600 Y  0.450      SignalP-noTM
5mSIPHEX2_16-scaffold_1136_c1_3  0.335  19  0.504  19  0.828   1  0.768   0.628 Y  0.570      SignalP-noTM
5mSIPHEX2_16-scaffold_1175_c1_6  0.183  22  0.373  22  0.867   2  0.758   0.581 Y  0.450      SignalP-noTM
5mSIPHEX2_16-scaffold_1175_c1_6  0.220  22  0.416  22  0.851  16  0.724   0.536 Y  0.450      SignalP-TM
5mSIPHEX2_16-scaffold_1193_c1_10  0.294  25  0.492  25  0.936  13  0.817   0.619 Y  0.450      SignalP-TM
5mSIPHEX2_16-scaffold_1193_c1_10  0.316  26  0.493  22  0.939  15  0.908   0.688 Y  0.570      SignalP-noTM
5mSIPHEX2_16-scaffold_1193_c1_10  0.755  22  0.797  22  0.896   5  0.840   0.820 Y  0.450      SignalP-noTM
5mSIPHEX2_16-scaffold_1193_c1_2  0.164  18  0.348  18  0.829   7  0.745   0.562 Y  0.450      SignalP-noTM
5mSIPHEX2_16-scaffold_1193_c1_3  0.357  20  0.445  20  0.774  18  0.524   0.476 Y  0.450      SignalP-TM
5mSIPHEX2_16-scaffold_1193_c1_3  0.779  20  0.666  20  0.792  18  0.537   0.606 Y  0.570      SignalP-noTM
5mSIPHEX2_16-scaffold_1193_c1_3  0.860  20  0.830  20  0.889   9  0.808   0.818 Y  0.450      SignalP-noTM
5mSIPHEX2_16-scaffold_1193_c1_4  0.268  25  0.419  25  0.848   2  0.668   0.554 Y  0.450      SignalP-noTM
5mSIPHEX2_16-scaffold_1193_c1_6  0.158  26  0.314  21  0.771  16  0.675   0.455 Y  0.450      SignalP-TM
5mSIPHEX2_16-scaffold_1193_c1_6  0.236  19  0.438  19  0.957  17  0.802   0.609 Y  0.570      SignalP-noTM
5mSIPHEX2_16-scaffold_1193_c1_6  0.320  19  0.533  19  0.919  16  0.893   0.727 Y  0.450      SignalP-noTM
5mSIPHEX2_16-scaffold_1193_c1_9  0.223  22  0.420  22  0.930  15  0.818   0.607 Y  0.570      SignalP-noTM
5mSIPHEX2_16-scaffold_1193_c1_9  0.273  22  0.494  22  0.957   8  0.872   0.641 Y  0.450      SignalP-TM
5mSIPHEX2_16-scaffold_1193_c1_9  0.386  20  0.585  20  0.941   3  0.885   0.747 Y  0.450      SignalP-noTM
5mSIPHEX2_16-scaffold_1202_c1_2  0.289  19  0.449  19  0.842  18  0.636   0.522 Y  0.450      SignalP-TM
5mSIPHEX2_16-scaffold_1202_c1_2  0.606  19  0.563  19  0.589   9  0.490   0.536 Y  0.510      SignalP-TM
5mSIPHEX2_16-scaffold_1202_c1_2  0.809  19  0.817  19  0.868   9  0.824   0.821 Y  0.450      SignalP-noTM
5mSIPHEX2_16-scaffold_1202_c1_3  0.186  41  0.334  20  0.954  17  0.857   0.580 Y  0.570      SignalP-noTM
5mSIPHEX2_16-scaffold_1202_c1_3  0.319  22  0.455  22  0.787  19  0.661   0.535 Y  0.450      SignalP-TM
5mSIPHEX2_16-scaffold_1202_c1_3  0.390  18  0.603  18  0.968  12  0.934   0.782 Y  0.450      SignalP-noTM
5mSIPHEX2_16-scaffold_1207_c1_6  0.880  24  0.908  24  0.976  16  0.936   0.923 Y  0.450      SignalP-noTM
5mSIPHEX2_16-scaffold_1207_c1_7  0.258  24  0.397  24  0.870  17  0.616   0.482 Y  0.450      SignalP-TM
5mSIPHEX2_16-scaffold_1207_c1_7  0.319  19  0.501  19  0.869  15  0.787   0.655 Y  0.450      SignalP-noTM
5mSIPHEX2_16-scaffold_1207_c1_7  0.820  19  0.811  19  0.931   1  0.808   0.810 Y  0.570      SignalP-noTM
5mSIPHEX2_16-scaffold_1207_c1_8  0.535  20  0.649  20  0.873  18  0.764   0.694 Y  0.450      SignalP-TM
5mSIPHEX2_16-scaffold_1207_c1_8  0.671  20  0.700  20  0.821  18  0.695   0.698 Y  0.570      SignalP-noTM
5mSIPHEX2_16-scaffold_1207_c1_8  0.723  20  0.802  20  0.932  14  0.884   0.846 Y  0.450      SignalP-noTM
5mSIPHEX2_16-scaffold_1218_c1_10  0.460  18  0.620  18  0.910  12  0.839   0.738 Y  0.450      SignalP-noTM
5mSIPHEX2_16-scaffold_1218_c1_10  0.487  18  0.639  18  0.907  14  0.841   0.734 Y  0.570      SignalP-noTM
5mSIPHEX2_16-scaffold_1218_c1_2  0.618  18  0.636  18  0.810  16  0.651   0.643 Y  0.570      SignalP-noTM
5mSIPHEX2_16-scaffold_1218_c1_2  0.685  18  0.740  18  0.851  15  0.815   0.781 Y  0.450      SignalP-noTM
5mSIPHEX2_16-scaffold_1227_c1_1  0.223  22  0.459  22  0.983  14  0.944   0.721 Y  0.450      SignalP-noTM
5mSIPHEX2_16-scaffold_1232_c1_1  0.159  23  0.372  18  0.912   3  0.887   0.614 Y  0.570      SignalP-noTM
5mSIPHEX2_16-scaffold_1232_c1_1  0.189  23  0.383  23  0.855   2  0.798   0.545 Y  0.450      SignalP-TM
5mSIPHEX2_16-scaffold_1232_c1_1  0.747  21  0.816  21  0.960  11  0.890   0.856 Y  0.450      SignalP-noTM
5mSIPHEX2_16-scaffold_1232_c1_4  0.392  25  0.543  25  0.900  12  0.761   0.660 Y  0.450      SignalP-noTM
5mSIPHEX2_16-scaffold_1232_c1_4  0.459  25  0.530  25  0.859  10  0.662   0.581 Y  0.450      SignalP-TM
5mSIPHEX2_16-scaffold_1232_c1_4  0.519  23  0.603  23  0.878   1  0.746   0.670 Y  0.570      SignalP-noTM
5mSIPHEX2_16-scaffold_1240_c1_2  0.651  20  0.713  20  0.899  13  0.756   0.733 Y  0.570      SignalP-noTM
5mSIPHEX2_16-scaffold_1240_c1_2  0.654  20  0.750  20  0.917  14  0.852   0.805 Y  0.450      SignalP-noTM
5mSIPHEX2_16-scaffold_1242_c1_3  0.213  20  0.419  20  0.884   9  0.821   0.636 Y  0.450      SignalP-noTM
5mSIPHEX2_16-scaffold_1242_c1_5  0.224  30  0.375  30  0.787  29  0.618   0.470 Y  0.450      SignalP-TM
5mSIPHEX2_16-scaffold_1248_c1_5  0.135  26  0.313  20  0.843  19  0.766   0.558 Y  0.450      SignalP-noTM
5mSIPHEX2_16-scaffold_1248_c1_6  0.256  21  0.450  21  0.851  19  0.788   0.632 Y  0.450      SignalP-noTM
5mSIPHEX2_16-scaffold_1248_c1_6  0.298  21  0.432  21  0.726  19  0.642   0.514 Y  0.450      SignalP-TM
5mSIPHEX2_16-scaffold_1248_c1_6  0.793  21  0.731  21  0.913  19  0.703   0.718 Y  0.570      SignalP-noTM
5mSIPHEX2_16-scaffold_1260_c1_1  0.296  18  0.523  18  0.949   2  0.922   0.739 Y  0.450      SignalP-noTM
5mSIPHEX2_16-scaffold_1276_c1_1  0.537  21  0.700  21  0.959  13  0.913   0.815 Y  0.450      SignalP-noTM
5mSIPHEX2_16-scaffold_1276_c1_1  0.582  36  0.682  21  0.955  11  0.913   0.791 Y  0.570      SignalP-noTM
5mSIPHEX2_16-scaffold_1276_c1_4  0.318  21  0.521  21  0.923  19  0.824   0.663 Y  0.570      SignalP-noTM
5mSIPHEX2_16-scaffold_1276_c1_4  0.580  21  0.714  21  0.943  13  0.881   0.804 Y  0.450      SignalP-noTM
5mSIPHEX2_16-scaffold_127_c1_10  0.170  26  0.333  19  0.837  18  0.711   0.480 Y  0.450      SignalP-TM
5mSIPHEX2_16-scaffold_127_c1_10  0.342  21  0.420  21  0.677   1  0.500   0.463 Y  0.450      SignalP-noTM
5mSIPHEX2_16-scaffold_127_c1_11  0.199  21  0.390  21  0.870  12  0.767   0.594 Y  0.450      SignalP-noTM
5mSIPHEX2_16-scaffold_127_c1_11  0.238  19  0.433  19  0.883  17  0.775   0.594 Y  0.570      SignalP-noTM
5mSIPHEX2_16-scaffold_127_c1_12  0.246  20  0.484  20  0.966  18  0.945   0.701 Y  0.570      SignalP-noTM
5mSIPHEX2_16-scaffold_127_c1_12  0.254  22  0.485  22  0.981  15  0.925   0.723 Y  0.450      SignalP-noTM
5mSIPHEX2_16-scaffold_127_c1_26  0.229  19  0.453  19  0.946  15  0.884   0.655 Y  0.570      SignalP-noTM
5mSIPHEX2_16-scaffold_127_c1_26  0.558  24  0.683  24  0.962  12  0.841   0.768 Y  0.450      SignalP-noTM
5mSIPHEX2_16-scaffold_127_c1_27  0.759  21  0.790  21  0.910   9  0.825   0.809 Y  0.450      SignalP-noTM
5mSIPHEX2_16-scaffold_127_c1_28  0.258  20  0.408  20  0.782   9  0.646   0.536 Y  0.450      SignalP-noTM
5mSIPHEX2_16-scaffold_127_c1_28  0.528  20  0.580  20  0.826   1  0.669   0.622 Y  0.570      SignalP-noTM
5mSIPHEX2_16-scaffold_127_c1_28  0.694  27  0.644  27  0.868  18  0.626   0.637 Y  0.450      SignalP-TM
5mSIPHEX2_16-scaffold_127_c1_3  0.183  27  0.318  27  0.855   3  0.666   0.454 Y  0.450      SignalP-TM
5mSIPHEX2_16-scaffold_127_c1_3  0.221  21  0.423  21  0.911   3  0.799   0.626 Y  0.450      SignalP-noTM
5mSIPHEX2_16-scaffold_127_c1_32  0.235  19  0.438  19  0.918  15  0.822   0.618 Y  0.570      SignalP-noTM
5mSIPHEX2_16-scaffold_127_c1_32  0.356  19  0.549  19  0.901  15  0.839   0.705 Y  0.450      SignalP-noTM
5mSIPHEX2_16-scaffold_127_c1_33  0.900  20  0.918  20  0.964  13  0.939   0.929 Y  0.450      SignalP-noTM
5mSIPHEX2_16-scaffold_127_c1_34  0.201  24  0.397  24  0.872  17  0.785   0.607 Y  0.450      SignalP-noTM
5mSIPHEX2_16-scaffold_127_c1_34  0.523  24  0.614  24  0.888  20  0.760   0.683 Y  0.570      SignalP-noTM
5mSIPHEX2_16-scaffold_127_c1_43  0.567  26  0.556  26  0.713  19  0.463   0.520 Y  0.450      SignalP-TM
5mSIPHEX2_16-scaffold_127_c1_43  0.783  26  0.720  26  0.798  11  0.632   0.685 Y  0.500      SignalP-TM
5mSIPHEX2_16-scaffold_127_c1_51  0.205  21  0.421  21  0.941  17  0.855   0.625 Y  0.570      SignalP-noTM
5mSIPHEX2_16-scaffold_127_c1_51  0.328  25  0.487  25  0.842  18  0.735   0.584 Y  0.450      SignalP-TM
5mSIPHEX2_16-scaffold_127_c1_51  0.490  23  0.662  23  0.966   3  0.895   0.788 Y  0.450      SignalP-noTM
5mSIPHEX2_16-scaffold_127_c1_52  0.178  25  0.344  25  0.770  17  0.680   0.475 Y  0.450      SignalP-TM
5mSIPHEX2_16-scaffold_127_c1_52  0.350  19  0.550  19  0.909  12  0.860   0.717 Y  0.450      SignalP-noTM
5mSIPHEX2_16-scaffold_127_c1_53  0.475  20  0.567  20  0.841  12  0.639   0.601 Y  0.570      SignalP-noTM
5mSIPHEX2_16-scaffold_127_c1_53  0.782  20  0.815  20  0.933   2  0.840   0.829 Y  0.450      SignalP-noTM
5mSIPHEX2_16-scaffold_127_c1_6  0.566  19  0.721  19  0.957  11  0.921   0.829 Y  0.450      SignalP-noTM
5mSIPHEX2_16-scaffold_127_c1_6  0.652  19  0.751  19  0.915  13  0.850   0.797 Y  0.570      SignalP-noTM
5mSIPHEX2_16-scaffold_127_c1_8  0.156  26  0.341  18  0.928   9  0.893   0.556 Y  0.450      SignalP-TM
5mSIPHEX2_16-scaffold_127_c1_8  0.464  18  0.655  18  0.948  10  0.922   0.781 Y  0.570      SignalP-noTM
5mSIPHEX2_16-scaffold_127_c1_8  0.712  18  0.820  18  0.972  10  0.937   0.883 Y  0.450      SignalP-noTM
5mSIPHEX2_16-scaffold_1284_c1_1  0.170  25  0.381  25  0.922  23  0.784   0.538 Y  0.450      SignalP-TM
5mSIPHEX2_16-scaffold_1284_c1_1  0.245  25  0.422  25  0.896  15  0.767   0.585 Y  0.570      SignalP-noTM
5mSIPHEX2_16-scaffold_1284_c1_1  0.720  25  0.762  25  0.885  13  0.806   0.786 Y  0.450      SignalP-noTM
5mSIPHEX2_16-scaffold_1284_c1_7  0.596  18  0.669  18  0.803   7  0.735   0.705 Y  0.450      SignalP-noTM
5mSIPHEX2_16-scaffold_1284_c1_8  0.219  25  0.384  18  0.865   3  0.794   0.544 Y  0.450      SignalP-TM
5mSIPHEX2_16-scaffold_1284_c1_8  0.385  18  0.584  18  0.932  11  0.879   0.743 Y  0.450      SignalP-noTM
5mSIPHEX2_16-scaffold_1284_c1_8  0.660  18  0.754  18  0.920  17  0.866   0.807 Y  0.570      SignalP-noTM
5mSIPHEX2_16-scaffold_1326_c1_3  0.364  21  0.550  21  0.909   2  0.824   0.698 Y  0.450      SignalP-noTM
5mSIPHEX2_16-scaffold_1331_c1_10  0.225  17  0.398  17  0.796  15  0.720   0.572 Y  0.450      SignalP-noTM
5mSIPHEX2_16-scaffold_1331_c1_2  0.190  22  0.389  22  0.886  15  0.793   0.607 Y  0.450      SignalP-noTM
5mSIPHEX2_16-scaffold_1331_c1_2  0.493  21  0.584  21  0.864  20  0.683   0.631 Y  0.570      SignalP-noTM
5mSIPHEX2_16-scaffold_1331_c1_8  0.209  23  0.389  23  0.828  11  0.739   0.525 Y  0.450      SignalP-TM
5mSIPHEX2_16-scaffold_1331_c1_8  0.479  25  0.663  25  0.988  15  0.917   0.800 Y  0.450      SignalP-noTM
5mSIPHEX2_16-scaffold_1347_c1_1  0.161  20  0.361  20  0.913   2  0.799   0.598 Y  0.450      SignalP-noTM
5mSIPHEX2_16-scaffold_1348_c1_4  0.161  27  0.310  21  0.754   2  0.685   0.456 Y  0.450      SignalP-TM
5mSIPHEX2_16-scaffold_1348_c1_4  0.541  19  0.651  19  0.875  14  0.777   0.710 Y  0.570      SignalP-noTM
5mSIPHEX2_16-scaffold_1348_c1_4  0.765  19  0.840  19  0.946   3  0.918   0.882 Y  0.450      SignalP-noTM
5mSIPHEX2_16-scaffold_1348_c1_5  0.177  18  0.363  18  0.792  12  0.748   0.571 Y  0.450      SignalP-noTM
5mSIPHEX2_16-scaffold_1350_c1_4  0.185  24  0.340  21  0.819  17  0.736   0.494 Y  0.450      SignalP-TM
5mSIPHEX2_16-scaffold_1350_c1_4  0.257  20  0.458  20  0.927  14  0.810   0.648 Y  0.450      SignalP-noTM
5mSIPHEX2_16-scaffold_1350_c1_7  0.287  20  0.442  20  0.812   6  0.706   0.548 Y  0.500      SignalP-TM
5mSIPHEX2_16-scaffold_1363_c1_5  0.314  18  0.508  18  0.855   1  0.814   0.673 Y  0.450      SignalP-noTM
5mSIPHEX2_16-scaffold_1363_c1_7  0.222  21  0.434  21  0.934  17  0.845   0.594 Y  0.450      SignalP-TM
5mSIPHEX2_16-scaffold_1363_c1_7  0.702  21  0.780  21  0.930  13  0.864   0.825 Y  0.450      SignalP-noTM
5mSIPHEX2_16-scaffold_1363_c1_7  0.849  21  0.868  21  0.969  17  0.894   0.880 Y  0.570      SignalP-noTM
5mSIPHEX2_16-scaffold_1368_c1_3  0.350  22  0.452  22  0.698  17  0.574   0.501 Y  0.500      SignalP-TM
5mSIPHEX2_16-scaffold_1368_c1_5  0.192  22  0.351  22  0.787  18  0.616   0.454 Y  0.450      SignalP-TM
5mSIPHEX2_16-scaffold_1368_c1_5  0.672  20  0.727  20  0.858  14  0.795   0.764 Y  0.450      SignalP-noTM
5mSIPHEX2_16-scaffold_1368_c1_5  0.788  20  0.751  20  0.851   2  0.737   0.745 Y  0.570      SignalP-noTM
5mSIPHEX2_16-scaffold_1403_c1_4  0.166  21  0.374  18  0.909  10  0.849   0.631 Y  0.450      SignalP-noTM
5mSIPHEX2_16-scaffold_1435_c1_2  0.298  26  0.429  26  0.858  18  0.594   0.493 Y  0.450      SignalP-TM
5mSIPHEX2_16-scaffold_1435_c1_2  0.450  20  0.621  20  0.922  11  0.856   0.748 Y  0.450      SignalP-noTM
5mSIPHEX2_16-scaffold_1435_c1_2  0.802  20  0.777  20  0.888  18  0.732   0.756 Y  0.570      SignalP-noTM
5mSIPHEX2_16-scaffold_1435_c1_3  0.575  22  0.706  22  0.950  18  0.863   0.780 Y  0.570      SignalP-noTM
5mSIPHEX2_16-scaffold_1435_c1_3  0.778  22  0.844  22  0.976  11  0.914   0.882 Y  0.450      SignalP-noTM
5mSIPHEX2_16-scaffold_1443_c1_2  0.491  26  0.495  26  0.721  23  0.422   0.466 Y  0.450      SignalP-TM
5mSIPHEX2_16-scaffold_1443_c1_3  0.231  21  0.425  21  0.908  11  0.786   0.620 Y  0.450      SignalP-noTM
5mSIPHEX2_16-scaffold_1470_c1_4  0.634  21  0.712  21  0.882  15  0.798   0.758 Y  0.450      SignalP-noTM
5mSIPHEX2_16-scaffold_1478_c1_6  0.803  22  0.760  22  0.859   8  0.719   0.737 Y  0.450      SignalP-noTM
5mSIPHEX2_16-scaffold_147_c1_1  0.204  25  0.351  25  0.807  16  0.589   0.480 Y  0.450      SignalP-noTM
5mSIPHEX2_16-scaffold_147_c1_2  0.158  23  0.362  23  0.897  19  0.833   0.546 Y  0.450      SignalP-TM
5mSIPHEX2_16-scaffold_147_c1_2  0.194  22  0.391  22  0.896   1  0.817   0.592 Y  0.570      SignalP-noTM
5mSIPHEX2_16-scaffold_147_c1_2  0.302  22  0.504  22  0.940  10  0.839   0.685 Y  0.450      SignalP-noTM
5mSIPHEX2_16-scaffold_147_c2_1  0.270  21  0.459  21  0.910   1  0.812   0.625 Y  0.570      SignalP-noTM
5mSIPHEX2_16-scaffold_147_c2_1  0.335  26  0.415  26  0.684  18  0.545   0.466 Y  0.450      SignalP-TM
5mSIPHEX2_16-scaffold_147_c2_1  0.766  21  0.848  21  0.978  12  0.937   0.896 Y  0.450      SignalP-noTM
5mSIPHEX2_16-scaffold_147_c2_21  0.287  21  0.496  21  0.910  15  0.859   0.692 Y  0.450      SignalP-noTM
5mSIPHEX2_16-scaffold_147_c2_21  0.301  19  0.483  19  0.924  17  0.790   0.627 Y  0.570      SignalP-noTM
5mSIPHEX2_16-scaffold_147_c2_21  0.360  24  0.482  24  0.764  17  0.639   0.543 Y  0.450      SignalP-TM
5mSIPHEX2_16-scaffold_147_c2_24  0.440  19  0.621  19  0.917  12  0.877   0.759 Y  0.450      SignalP-noTM
5mSIPHEX2_16-scaffold_147_c2_24  0.773  19  0.729  19  0.809   1  0.695   0.713 Y  0.570      SignalP-noTM
5mSIPHEX2_16-scaffold_147_c2_26  0.672  19  0.709  19  0.836   8  0.755   0.734 Y  0.450      SignalP-noTM
5mSIPHEX2_16-scaffold_147_c2_27  0.190  66  0.327  26  0.920   8  0.777   0.503 Y  0.450      SignalP-TM
5mSIPHEX2_16-scaffold_147_c2_27  0.347  21  0.576  21  0.971  19  0.951   0.752 Y  0.570      SignalP-noTM
5mSIPHEX2_16-scaffold_147_c2_27  0.760  23  0.834  23  0.976  14  0.916   0.878 Y  0.450      SignalP-noTM
5mSIPHEX2_16-scaffold_147_c2_29  0.164  23  0.359  23  0.926   5  0.786   0.589 Y  0.450      SignalP-noTM
5mSIPHEX2_16-scaffold_147_c2_31  0.244  24  0.418  24  0.859  19  0.688   0.523 Y  0.450      SignalP-TM
5mSIPHEX2_16-scaffold_147_c2_31  0.374  22  0.544  22  0.876  15  0.790   0.677 Y  0.450      SignalP-noTM
5mSIPHEX2_16-scaffold_147_c2_38  0.270  25  0.467  25  0.941  17  0.829   0.608 Y  0.450      SignalP-TM
5mSIPHEX2_16-scaffold_147_c2_38  0.280  20  0.498  20  0.939  17  0.873   0.674 Y  0.570      SignalP-noTM
5mSIPHEX2_16-scaffold_147_c2_38  0.668  20  0.781  20  0.947  12  0.914   0.852 Y  0.450      SignalP-noTM
5mSIPHEX2_16-scaffold_147_c2_50  0.385  30  0.560  30  0.914  27  0.779   0.645 Y  0.450      SignalP-TM
5mSIPHEX2_16-scaffold_147_c2_50  0.423  30  0.542  30  0.815  28  0.613   0.580 Y  0.450      SignalP-noTM
5mSIPHEX2_16-scaffold_147_c2_50  0.810  30  0.828  30  0.932   9  0.834   0.831 Y  0.570      SignalP-noTM
5mSIPHEX2_16-scaffold_147_c2_51  0.182  23  0.344  23  0.810   9  0.679   0.475 Y  0.450      SignalP-TM
5mSIPHEX2_16-scaffold_147_c2_51  0.234  19  0.462  19  0.945   2  0.908   0.703 Y  0.450      SignalP-noTM
5mSIPHEX2_16-scaffold_147_c2_51  0.349  23  0.525  23  0.939  14  0.831   0.669 Y  0.570      SignalP-noTM
5mSIPHEX2_16-scaffold_147_c2_9  0.448  19  0.624  19  0.914   1  0.859   0.751 Y  0.450      SignalP-noTM
5mSIPHEX2_16-scaffold_1493_c1_1  0.317  27  0.485  21  0.947  10  0.892   0.677 Y  0.570      SignalP-noTM
5mSIPHEX2_16-scaffold_1493_c1_1  0.584  27  0.666  27  0.945  18  0.767   0.706 Y  0.450      SignalP-TM
5mSIPHEX2_16-scaffold_1493_c1_1  0.827  21  0.877  21  0.974  12  0.929   0.905 Y  0.450      SignalP-noTM
5mSIPHEX2_16-scaffold_1493_c1_2  0.331  28  0.448  28  0.780  17  0.641   0.523 Y  0.450      SignalP-TM
5mSIPHEX2_16-scaffold_1493_c1_2  0.341  23  0.543  23  0.927  19  0.877   0.700 Y  0.570      SignalP-noTM
5mSIPHEX2_16-scaffold_1493_c1_2  0.734  25  0.798  21  0.914  14  0.877   0.841 Y  0.450      SignalP-noTM
5mSIPHEX2_16-scaffold_1493_c1_5  0.227  23  0.396  23  0.809   9  0.692   0.556 Y  0.450      SignalP-noTM
5mSIPHEX2_16-scaffold_1531_c1_2  0.208  23  0.374  23  0.787  11  0.673   0.491 Y  0.450      SignalP-TM
5mSIPHEX2_16-scaffold_1531_c1_2  0.686  23  0.734  23  0.938   2  0.784   0.761 Y  0.450      SignalP-noTM
5mSIPHEX2_16-scaffold_1554_c1_3  0.170  24  0.314  24  0.827   6  0.581   0.458 Y  0.450      SignalP-noTM
5mSIPHEX2_16-scaffold_1562_c1_4  0.266  24  0.459  24  0.897   9  0.796   0.590 Y  0.450      SignalP-TM
5mSIPHEX2_16-scaffold_1562_c1_4  0.361  22  0.566  22  0.940  16  0.876   0.711 Y  0.570      SignalP-noTM
5mSIPHEX2_16-scaffold_1562_c1_4  0.472  21  0.654  21  0.968  12  0.905   0.789 Y  0.450      SignalP-noTM
5mSIPHEX2_16-scaffold_1562_c1_5  0.338  22  0.491  22  0.873  15  0.708   0.608 Y  0.450      SignalP-noTM
5mSIPHEX2_16-scaffold_1562_c1_6  0.366  19  0.553  19  0.873   9  0.831   0.703 Y  0.450      SignalP-noTM
5mSIPHEX2_16-scaffold_1562_c1_7  0.322  18  0.484  18  0.823  12  0.729   0.599 Y  0.570      SignalP-noTM
5mSIPHEX2_16-scaffold_1562_c1_7  0.325  18  0.540  18  0.922   2  0.895   0.732 Y  0.450      SignalP-noTM
5mSIPHEX2_16-scaffold_1566_c1_2  0.525  19  0.629  19  0.895  18  0.738   0.680 Y  0.570      SignalP-noTM
5mSIPHEX2_16-scaffold_1566_c1_2  0.794  19  0.824  19  0.894  15  0.863   0.845 Y  0.450      SignalP-noTM
5mSIPHEX2_16-scaffold_1566_c1_3  0.456  17  0.646  17  0.964  16  0.910   0.770 Y  0.570      SignalP-noTM
5mSIPHEX2_16-scaffold_1566_c1_3  0.649  24  0.624  24  0.866   8  0.687   0.649 Y  0.450      SignalP-TM
5mSIPHEX2_16-scaffold_1566_c1_3  0.678  17  0.787  17  0.941   2  0.908   0.852 Y  0.450      SignalP-noTM
5mSIPHEX2_16-scaffold_1577_c1_3  0.665  26  0.694  26  0.860  18  0.669   0.684 Y  0.450      SignalP-TM
5mSIPHEX2_16-scaffold_1577_c1_3  0.708  20  0.774  20  0.897  16  0.853   0.817 Y  0.450      SignalP-noTM
5mSIPHEX2_16-scaffold_1606_c1_6  0.489  22  0.599  22  0.873  17  0.747   0.669 Y  0.570      SignalP-noTM
5mSIPHEX2_16-scaffold_1606_c1_6  0.788  20  0.767  20  0.829  15  0.747   0.756 Y  0.450      SignalP-noTM
5mSIPHEX2_16-scaffold_1606_c1_8  0.256  18  0.476  18  0.935   1  0.870   0.689 Y  0.450      SignalP-noTM
5mSIPHEX2_16-scaffold_1614_c1_8  0.332  24  0.423  24  0.712  21  0.526   0.463 Y  0.450      SignalP-TM
5mSIPHEX2_16-scaffold_1614_c1_8  0.892  22  0.855  22  0.907  10  0.818   0.835 Y  0.450      SignalP-noTM
5mSIPHEX2_16-scaffold_1632_c2_2  0.196  22  0.401  22  0.935   1  0.845   0.609 Y  0.570      SignalP-noTM
5mSIPHEX2_16-scaffold_1632_c2_2  0.256  29  0.424  29  0.974   9  0.835   0.584 Y  0.450      SignalP-TM
5mSIPHEX2_16-scaffold_1632_c2_2  0.458  21  0.616  21  0.922  11  0.824   0.729 Y  0.450      SignalP-noTM
5mSIPHEX2_16-scaffold_1632_c2_3  0.368  21  0.486  21  0.720  16  0.624   0.540 Y  0.450      SignalP-TM
5mSIPHEX2_16-scaffold_1632_c2_3  0.633  21  0.706  21  0.877  16  0.783   0.742 Y  0.570      SignalP-noTM
5mSIPHEX2_16-scaffold_1632_c2_3  0.883  21  0.876  21  0.901   2  0.869   0.872 Y  0.450      SignalP-noTM
5mSIPHEX2_16-scaffold_1632_c2_4  0.310  22  0.526  22  0.959  13  0.895   0.725 Y  0.450      SignalP-noTM
5mSIPHEX2_16-scaffold_1648_c1_6  0.462  22  0.640  22  0.938  12  0.885   0.772 Y  0.450      SignalP-noTM
5mSIPHEX2_16-scaffold_1648_c1_6  0.551  22  0.705  22  0.952  18  0.905   0.799 Y  0.570      SignalP-noTM
5mSIPHEX2_16-scaffold_1648_c1_6  0.620  22  0.748  22  0.927  18  0.890   0.804 Y  0.450      SignalP-TM
5mSIPHEX2_16-scaffold_1650_c1_2  0.672  20  0.763  20  0.920  16  0.860   0.815 Y  0.450      SignalP-noTM
5mSIPHEX2_16-scaffold_1650_c1_2  0.759  20  0.753  20  0.900  16  0.733   0.743 Y  0.570      SignalP-noTM
5mSIPHEX2_16-scaffold_1650_c1_4  0.188  27  0.359  27  0.767  21  0.680   0.484 Y  0.450      SignalP-TM
5mSIPHEX2_16-scaffold_1650_c1_4  0.693  26  0.764  26  0.950  16  0.837   0.804 Y  0.450      SignalP-noTM
5mSIPHEX2_16-scaffold_1653_c1_2  0.200  25  0.386  25  0.830  19  0.721   0.517 Y  0.450      SignalP-TM
5mSIPHEX2_16-scaffold_1653_c1_2  0.291  27  0.486  25  0.923  15  0.859   0.688 Y  0.450      SignalP-noTM
5mSIPHEX2_16-scaffold_1653_c1_2  0.648  25  0.694  25  0.921   5  0.804   0.746 Y  0.570      SignalP-noTM
5mSIPHEX2_16-scaffold_1676_c1_4  0.364  17  0.495  17  0.751  10  0.682   0.596 Y  0.450      SignalP-noTM
5mSIPHEX2_16-scaffold_1682_c1_1  0.202  29  0.367  23  0.906   7  0.832   0.585 Y  0.570      SignalP-noTM
5mSIPHEX2_16-scaffold_1682_c1_1  0.265  29  0.405  29  0.815  14  0.613   0.518 Y  0.450      SignalP-noTM
5mSIPHEX2_16-scaffold_1691_c1_6  0.133  28  0.307  20  0.808  17  0.707   0.463 Y  0.450      SignalP-TM
5mSIPHEX2_16-scaffold_1691_c1_6  0.241  18  0.447  18  0.873   9  0.820   0.648 Y  0.450      SignalP-noTM
5mSIPHEX2_16-scaffold_1691_c1_7  0.478  22  0.621  22  0.886  11  0.826   0.717 Y  0.570      SignalP-noTM
5mSIPHEX2_16-scaffold_1691_c1_7  0.538  22  0.613  22  0.870  17  0.718   0.654 Y  0.450      SignalP-TM
5mSIPHEX2_16-scaffold_1691_c1_7  0.711  20  0.775  20  0.912   2  0.837   0.808 Y  0.450      SignalP-noTM
5mSIPHEX2_16-scaffold_1755_c1_6  0.209  20  0.425  20  0.913  10  0.855   0.657 Y  0.450      SignalP-noTM
5mSIPHEX2_16-scaffold_1755_c1_6  0.313  26  0.489  26  0.920  14  0.794   0.608 Y  0.450      SignalP-TM
5mSIPHEX2_16-scaffold_1755_c1_6  0.622  21  0.717  21  0.948  17  0.811   0.761 Y  0.570      SignalP-noTM
5mSIPHEX2_16-scaffold_1770_c1_5  0.363  22  0.437  22  0.749  17  0.542   0.478 Y  0.450      SignalP-TM
5mSIPHEX2_16-scaffold_1770_c1_5  0.706  20  0.721  20  0.871  17  0.714   0.718 Y  0.570      SignalP-noTM
5mSIPHEX2_16-scaffold_1770_c1_5  0.733  20  0.819  20  0.953   2  0.915   0.871 Y  0.450      SignalP-noTM
5mSIPHEX2_16-scaffold_1770_c1_7  0.506  25  0.598  25  0.911   4  0.720   0.664 Y  0.450      SignalP-noTM
5mSIPHEX2_16-scaffold_1799_c1_2  0.162  21  0.326  21  0.732   3  0.667   0.459 Y  0.450      SignalP-TM
5mSIPHEX2_16-scaffold_1799_c1_2  0.594  21  0.735  21  0.973  12  0.908   0.829 Y  0.450      SignalP-noTM
5mSIPHEX2_16-scaffold_1799_c1_2  0.769  19  0.828  19  0.947  17  0.888   0.856 Y  0.570      SignalP-noTM
5mSIPHEX2_16-scaffold_1806_c1_2  0.386  21  0.558  21  0.881  15  0.806   0.692 Y  0.450      SignalP-noTM
5mSIPHEX2_16-scaffold_1806_c1_2  0.402  26  0.514  26  0.817  18  0.539   0.524 Y  0.450      SignalP-TM
5mSIPHEX2_16-scaffold_1806_c1_8  0.385  19  0.544  19  0.838   6  0.763   0.662 Y  0.450      SignalP-noTM
5mSIPHEX2_16-scaffold_1807_c1_1  0.359  19  0.530  19  0.866   7  0.777   0.663 Y  0.450      SignalP-noTM
5mSIPHEX2_16-scaffold_1807_c1_4  0.687  17  0.765  17  0.902  10  0.863   0.818 Y  0.450      SignalP-noTM
5mSIPHEX2_16-scaffold_1807_c1_5  0.359  17  0.520  17  0.938  13  0.704   0.606 Y  0.570      SignalP-noTM
5mSIPHEX2_16-scaffold_1807_c1_5  0.369  17  0.562  17  0.920   8  0.847   0.716 Y  0.450      SignalP-noTM
5mSIPHEX2_16-scaffold_1887_c1_2  0.234  22  0.391  22  0.799  21  0.625   0.482 Y  0.450      SignalP-TM
5mSIPHEX2_16-scaffold_1887_c1_2  0.461  20  0.640  20  0.925   4  0.893   0.777 Y  0.450      SignalP-noTM
5mSIPHEX2_16-scaffold_1887_c1_2  0.609  20  0.716  20  0.929  18  0.838   0.773 Y  0.570      SignalP-noTM
5mSIPHEX2_16-scaffold_1887_c1_3  0.289  20  0.470  20  0.831  18  0.775   0.635 Y  0.450      SignalP-noTM
5mSIPHEX2_16-scaffold_1893_c1_4  0.237  22  0.435  22  0.924  17  0.814   0.613 Y  0.570      SignalP-noTM
5mSIPHEX2_16-scaffold_1893_c1_4  0.338  28  0.421  28  0.828   1  0.599   0.491 Y  0.450      SignalP-TM
5mSIPHEX2_16-scaffold_1893_c1_4  0.416  21  0.607  21  0.945  12  0.890   0.760 Y  0.450      SignalP-noTM
5mSIPHEX2_16-scaffold_1893_c1_5  0.285  25  0.396  25  0.664  21  0.567   0.463 Y  0.450      SignalP-TM
5mSIPHEX2_16-scaffold_1893_c1_5  0.485  23  0.604  23  0.872   3  0.778   0.686 Y  0.570      SignalP-noTM
5mSIPHEX2_16-scaffold_1893_c1_5  0.649  25  0.732  25  0.935  14  0.827   0.783 Y  0.450      SignalP-noTM
5mSIPHEX2_16-scaffold_1893_c1_6  0.194  23  0.379  23  0.845  19  0.706   0.506 Y  0.450      SignalP-TM
5mSIPHEX2_16-scaffold_1893_c1_6  0.279  23  0.456  23  0.888   3  0.745   0.612 Y  0.450      SignalP-noTM
5mSIPHEX2_16-scaffold_1896_c1_3  0.222  23  0.372  23  0.741   9  0.647   0.479 Y  0.450      SignalP-TM
5mSIPHEX2_16-scaffold_1896_c1_3  0.247  23  0.442  23  0.919   1  0.807   0.614 Y  0.570      SignalP-noTM
5mSIPHEX2_16-scaffold_1896_c1_3  0.644  23  0.741  23  0.939  11  0.853   0.801 Y  0.450      SignalP-noTM
5mSIPHEX2_16-scaffold_1896_c1_4  0.332  25  0.497  25  0.899  12  0.755   0.637 Y  0.450      SignalP-noTM
5mSIPHEX2_16-scaffold_1896_c1_7  0.261  23  0.459  23  0.903  15  0.808   0.648 Y  0.450      SignalP-noTM
5mSIPHEX2_16-scaffold_1896_c1_7  0.308  23  0.510  23  0.939  17  0.869   0.679 Y  0.570      SignalP-noTM
5mSIPHEX2_16-scaffold_1900_c1_2  0.169  26  0.358  26  0.890  13  0.771   0.519 Y  0.450      SignalP-TM
5mSIPHEX2_16-scaffold_1900_c1_2  0.835  20  0.835  20  0.917   1  0.821   0.827 Y  0.450      SignalP-noTM
5mSIPHEX2_16-scaffold_1900_c1_6  0.156  23  0.338  23  0.896   1  0.772   0.507 Y  0.450      SignalP-TM
5mSIPHEX2_16-scaffold_1900_c1_6  0.518  20  0.660  20  0.939  11  0.849   0.749 Y  0.570      SignalP-noTM
5mSIPHEX2_16-scaffold_1900_c1_6  0.781  23  0.786  23  0.959  12  0.792   0.789 Y  0.450      SignalP-noTM
5mSIPHEX2_16-scaffold_191_c1_1  0.368  24  0.444  24  0.714  21  0.570   0.493 Y  0.450      SignalP-TM
5mSIPHEX2_16-scaffold_191_c1_1  0.469  24  0.641  24  0.939  15  0.874   0.767 Y  0.450      SignalP-noTM
5mSIPHEX2_16-scaffold_191_c1_1  0.834  24  0.844  24  0.912  17  0.826   0.835 Y  0.570      SignalP-noTM
5mSIPHEX2_16-scaffold_191_c1_11  0.405  24  0.483  24  0.675  14  0.567   0.516 Y  0.450      SignalP-TM
5mSIPHEX2_16-scaffold_191_c1_11  0.620  23  0.744  23  0.947  14  0.892   0.824 Y  0.450      SignalP-noTM
5mSIPHEX2_16-scaffold_191_c1_17  0.236  22  0.421  22  0.920   1  0.762   0.581 Y  0.570      SignalP-noTM
5mSIPHEX2_16-scaffold_191_c1_17  0.249  23  0.389  23  0.770   1  0.634   0.484 Y  0.450      SignalP-TM
5mSIPHEX2_16-scaffold_191_c1_17  0.592  21  0.728  21  0.955  10  0.892   0.817 Y  0.450      SignalP-noTM
5mSIPHEX2_16-scaffold_191_c1_18  0.187  55  0.355  18  0.887  16  0.813   0.533 Y  0.450      SignalP-TM
5mSIPHEX2_16-scaffold_191_c1_18  0.777  18  0.839  18  0.955  12  0.907   0.876 Y  0.450      SignalP-noTM
5mSIPHEX2_16-scaffold_191_c1_18  0.784  18  0.837  18  0.958  16  0.887   0.860 Y  0.570      SignalP-noTM
5mSIPHEX2_16-scaffold_191_c1_23  0.396  20  0.581  20  0.894   4  0.859   0.731 Y  0.450      SignalP-noTM
5mSIPHEX2_16-scaffold_191_c1_23  0.399  22  0.559  22  0.876   4  0.803   0.654 Y  0.450      SignalP-TM
5mSIPHEX2_16-scaffold_191_c1_23  0.637  22  0.707  22  0.876   1  0.810   0.756 Y  0.570      SignalP-noTM
5mSIPHEX2_16-scaffold_191_c1_3  0.133  29  0.276  12  0.824   1  0.758   0.464 Y  0.450      SignalP-TM
5mSIPHEX2_16-scaffold_191_c1_4  0.303  26  0.427  26  0.826  16  0.650   0.514 Y  0.450      SignalP-TM
5mSIPHEX2_16-scaffold_191_c1_4  0.804  20  0.849  20  0.937  15  0.889   0.868 Y  0.570      SignalP-noTM
5mSIPHEX2_16-scaffold_191_c1_4  0.862  20  0.886  20  0.963  12  0.912   0.900 Y  0.450      SignalP-noTM
5mSIPHEX2_16-scaffold_191_c1_5  0.170  27  0.295  19  0.838   1  0.736   0.467 Y  0.450      SignalP-TM
5mSIPHEX2_16-scaffold_191_c1_5  0.840  19  0.893  19  0.977  11  0.945   0.921 Y  0.450      SignalP-noTM
5mSIPHEX2_16-scaffold_1930_c1_1  0.480  22  0.595  22  0.842  15  0.736   0.671 Y  0.450      SignalP-noTM
5mSIPHEX2_16-scaffold_1930_c1_2  0.172  34  0.347  28  0.938  12  0.761   0.508 Y  0.450      SignalP-TM
5mSIPHEX2_16-scaffold_1930_c1_2  0.480  20  0.657  20  0.946   4  0.896   0.786 Y  0.450      SignalP-noTM
5mSIPHEX2_16-scaffold_1930_c1_3  0.212  25  0.414  21  0.920  16  0.848   0.618 Y  0.570      SignalP-noTM
5mSIPHEX2_16-scaffold_1930_c1_3  0.462  25  0.572  25  0.822   1  0.705   0.624 Y  0.450      SignalP-TM
5mSIPHEX2_16-scaffold_1930_c1_3  0.714  25  0.769  25  0.954   4  0.835   0.805 Y  0.450      SignalP-noTM
5mSIPHEX2_16-scaffold_1935_c1_4  0.183  26  0.359  20  0.865  16  0.760   0.575 Y  0.450      SignalP-noTM
5mSIPHEX2_16-scaffold_1952_c1_1  0.497  21  0.658  21  0.953  12  0.870   0.772 Y  0.450      SignalP-noTM
5mSIPHEX2_16-scaffold_1952_c1_3  0.220  23  0.436  23  0.946  10  0.888   0.612 Y  0.450      SignalP-TM
5mSIPHEX2_16-scaffold_1952_c1_3  0.518  21  0.670  21  0.948   2  0.861   0.773 Y  0.450      SignalP-noTM
5mSIPHEX2_16-scaffold_1963_c1_5  0.317  17  0.521  17  0.882  14  0.856   0.702 Y  0.450      SignalP-noTM
5mSIPHEX2_16-scaffold_2019_c1_1  0.538  26  0.613  26  0.934  19  0.717   0.654 Y  0.450      SignalP-TM
5mSIPHEX2_16-scaffold_2019_c1_1  0.845  20  0.874  20  0.937  16  0.887   0.880 Y  0.570      SignalP-noTM
5mSIPHEX2_16-scaffold_2019_c1_1  0.857  20  0.857  20  0.900  10  0.856   0.857 Y  0.450      SignalP-noTM
5mSIPHEX2_16-scaffold_2019_c1_2  0.474  21  0.580  21  0.784   5  0.702   0.628 Y  0.450      SignalP-TM
5mSIPHEX2_16-scaffold_2019_c1_2  0.592  21  0.647  21  0.827  12  0.705   0.674 Y  0.570      SignalP-noTM
5mSIPHEX2_16-scaffold_2019_c1_2  0.818  21  0.774  21  0.864   1  0.718   0.744 Y  0.450      SignalP-noTM
5mSIPHEX2_16-scaffold_2019_c1_4  0.546  23  0.610  23  0.850  11  0.680   0.648 Y  0.450      SignalP-noTM
5mSIPHEX2_16-scaffold_2019_c1_5  0.486  25  0.514  25  0.714  21  0.560   0.532 Y  0.500      SignalP-TM
5mSIPHEX2_16-scaffold_2022_c1_2  0.271  19  0.477  19  0.882   1  0.833   0.669 Y  0.450      SignalP-noTM
5mSIPHEX2_16-scaffold_2033_c1_4  0.286  17  0.496  17  0.899  10  0.861   0.693 Y  0.450      SignalP-noTM
5mSIPHEX2_16-scaffold_2033_c1_6  0.323  18  0.485  18  0.822   1  0.720   0.595 Y  0.570      SignalP-noTM
5mSIPHEX2_16-scaffold_2033_c1_6  0.763  20  0.823  20  0.948  10  0.880   0.854 Y  0.450      SignalP-noTM
5mSIPHEX2_16-scaffold_2033_c1_7  0.679  17  0.804  17  0.973  12  0.949   0.882 Y  0.450      SignalP-noTM
5mSIPHEX2_16-scaffold_2037_c1_1  0.436  21  0.506  21  0.716  16  0.571   0.530 Y  0.510      SignalP-TM
5mSIPHEX2_16-scaffold_2037_c1_1  0.649  21  0.774  21  0.978  14  0.928   0.857 Y  0.450      SignalP-noTM
5mSIPHEX2_16-scaffold_2060_c1_2  0.214  16  0.412  16  0.842   1  0.770   0.606 Y  0.450      SignalP-noTM
5mSIPHEX2_16-scaffold_2068_c1_6  0.222  31  0.388  31  0.905  18  0.752   0.530 Y  0.450      SignalP-TM
5mSIPHEX2_16-scaffold_2068_c1_6  0.520  20  0.710  20  0.985  15  0.953   0.824 Y  0.570      SignalP-noTM
5mSIPHEX2_16-scaffold_2068_c1_6  0.822  20  0.883  20  0.983  13  0.953   0.921 Y  0.450      SignalP-noTM
5mSIPHEX2_16-scaffold_2072_c1_1  0.360  19  0.509  19  0.826   8  0.706   0.615 Y  0.450      SignalP-noTM
5mSIPHEX2_16-scaffold_2072_c1_6  0.279  18  0.411  18  0.823  17  0.564   0.471 Y  0.450      SignalP-TM
5mSIPHEX2_16-scaffold_2072_c1_6  0.811  18  0.843  18  0.925  16  0.873   0.859 Y  0.450      SignalP-noTM
5mSIPHEX2_16-scaffold_2075_c1_1  0.251  23  0.429  23  0.896  12  0.733   0.593 Y  0.450      SignalP-noTM
5mSIPHEX2_16-scaffold_2075_c1_2  0.367  22  0.518  22  0.919   4  0.789   0.624 Y  0.450      SignalP-TM
5mSIPHEX2_16-scaffold_2075_c1_2  0.430  24  0.530  22  0.886  20  0.693   0.607 Y  0.570      SignalP-noTM
5mSIPHEX2_16-scaffold_2075_c1_2  0.456  22  0.547  22  0.774   1  0.649   0.602 Y  0.450      SignalP-noTM
5mSIPHEX2_16-scaffold_2134_c1_2  0.590  21  0.703  21  0.918  13  0.832   0.773 Y  0.450      SignalP-noTM
5mSIPHEX2_16-scaffold_2134_c1_2  0.609  19  0.589  19  0.687   4  0.592   0.590 Y  0.450      SignalP-TM
5mSIPHEX2_16-scaffold_2134_c1_2  0.784  19  0.795  19  0.876   1  0.813   0.804 Y  0.570      SignalP-noTM
5mSIPHEX2_16-scaffold_2136_c1_2  0.856  20  0.794  20  0.809   6  0.728   0.758 Y  0.450      SignalP-noTM
5mSIPHEX2_16-scaffold_2151_c1_2  0.411  20  0.554  20  0.819   5  0.744   0.657 Y  0.450      SignalP-noTM
5mSIPHEX2_16-scaffold_2151_c1_5  0.255  24  0.424  24  0.865  16  0.718   0.539 Y  0.450      SignalP-TM
5mSIPHEX2_16-scaffold_2151_c1_5  0.310  20  0.520  20  0.949  11  0.867   0.707 Y  0.450      SignalP-noTM
5mSIPHEX2_16-scaffold_2151_c1_5  0.353  18  0.516  18  0.863   1  0.770   0.635 Y  0.570      SignalP-noTM
5mSIPHEX2_16-scaffold_2178_c1_4  0.360  18  0.580  18  0.966   2  0.927   0.767 Y  0.450      SignalP-noTM
5mSIPHEX2_16-scaffold_2205_c1_7  0.175  21  0.371  21  0.859  17  0.741   0.515 Y  0.450      SignalP-TM
5mSIPHEX2_16-scaffold_2205_c1_7  0.719  19  0.780  19  0.898   9  0.842   0.814 Y  0.450      SignalP-noTM
5mSIPHEX2_16-scaffold_2222_c1_6  0.233  19  0.426  19  0.844   7  0.778   0.616 Y  0.450      SignalP-noTM
5mSIPHEX2_16-scaffold_2232_c1_2  0.195  24  0.357  19  0.851   7  0.746   0.567 Y  0.450      SignalP-noTM
5mSIPHEX2_16-scaffold_2232_c1_2  0.443  24  0.474  24  0.733   1  0.548   0.503 Y  0.450      SignalP-TM
5mSIPHEX2_16-scaffold_2232_c1_3  0.310  20  0.504  20  0.905  10  0.816   0.673 Y  0.450      SignalP-noTM
5mSIPHEX2_16-scaffold_2232_c1_3  0.443  25  0.532  25  0.826  20  0.579   0.551 Y  0.450      SignalP-TM
5mSIPHEX2_16-scaffold_2232_c1_7  0.696  25  0.794  25  0.977  13  0.907   0.855 Y  0.450      SignalP-noTM
5mSIPHEX2_16-scaffold_2233_c1_1  0.352  30  0.447  30  0.750  19  0.531   0.492 Y  0.450      SignalP-noTM
5mSIPHEX2_16-scaffold_2233_c1_1  0.722  30  0.757  30  0.938  16  0.812   0.783 Y  0.570      SignalP-noTM
5mSIPHEX2_16-scaffold_2233_c1_3  0.675  24  0.656  24  0.809   6  0.697   0.672 Y  0.450      SignalP-TM
5mSIPHEX2_16-scaffold_2233_c1_3  0.749  24  0.830  24  0.958  13  0.924   0.874 Y  0.570      SignalP-noTM
5mSIPHEX2_16-scaffold_2233_c1_3  0.797  24  0.843  24  0.962   4  0.893   0.870 Y  0.450      SignalP-noTM
5mSIPHEX2_16-scaffold_2248_c1_1  0.192  22  0.397  22  0.900  10  0.781   0.547 Y  0.450      SignalP-TM
5mSIPHEX2_16-scaffold_2248_c1_1  0.390  22  0.576  22  0.939  11  0.848   0.723 Y  0.450      SignalP-noTM
5mSIPHEX2_16-scaffold_2248_c1_3  0.554  16  0.661  16  0.825   6  0.775   0.722 Y  0.450      SignalP-noTM
5mSIPHEX2_16-scaffold_2248_c1_4  0.323  24  0.459  24  0.795   9  0.676   0.544 Y  0.450      SignalP-TM
5mSIPHEX2_16-scaffold_2248_c1_4  0.723  24  0.794  24  0.954  16  0.893   0.840 Y  0.570      SignalP-noTM
5mSIPHEX2_16-scaffold_2248_c1_4  0.888  24  0.904  24  0.972  15  0.919   0.912 Y  0.450      SignalP-noTM
5mSIPHEX2_16-scaffold_2261_c1_6  0.265  24  0.444  24  0.840  19  0.721   0.552 Y  0.450      SignalP-TM
5mSIPHEX2_16-scaffold_2261_c1_6  0.394  24  0.576  24  0.962  11  0.846   0.722 Y  0.450      SignalP-noTM
5mSIPHEX2_16-scaffold_2261_c1_6  0.398  23  0.546  23  0.885   1  0.765   0.649 Y  0.570      SignalP-noTM
5mSIPHEX2_16-scaffold_2276_c1_5  0.236  24  0.378  24  0.762  15  0.609   0.468 Y  0.450      SignalP-TM
5mSIPHEX2_16-scaffold_2276_c1_5  0.488  19  0.658  19  0.948  17  0.880   0.762 Y  0.570      SignalP-noTM
5mSIPHEX2_16-scaffold_2276_c1_5  0.797  24  0.866  19  0.975  12  0.946   0.909 Y  0.450      SignalP-noTM
5mSIPHEX2_16-scaffold_2295_c1_2  0.157  33  0.341  21  0.906   6  0.871   0.548 Y  0.450      SignalP-TM
5mSIPHEX2_16-scaffold_2295_c1_2  0.223  25  0.453  23  0.969  15  0.925   0.708 Y  0.450      SignalP-noTM
5mSIPHEX2_16-scaffold_2295_c1_2  0.261  21  0.487  21  0.953  18  0.923   0.692 Y  0.570      SignalP-noTM
5mSIPHEX2_16-scaffold_2295_c1_4  0.221  21  0.435  21  0.912  14  0.809   0.581 Y  0.450      SignalP-TM
5mSIPHEX2_16-scaffold_2295_c1_4  0.285  21  0.484  21  0.880   6  0.821   0.666 Y  0.450      SignalP-noTM
5mSIPHEX2_16-scaffold_2295_c1_4  0.384  21  0.586  21  0.951  19  0.871   0.720 Y  0.570      SignalP-noTM
5mSIPHEX2_16-scaffold_2304_c1_4  0.557  22  0.722  22  0.970  14  0.938   0.839 Y  0.450      SignalP-noTM
5mSIPHEX2_16-scaffold_2306_c1_2  0.152  24  0.340  24  0.931  17  0.798   0.519 Y  0.450      SignalP-TM
5mSIPHEX2_16-scaffold_2306_c1_2  0.482  19  0.636  19  0.911   1  0.850   0.737 Y  0.570      SignalP-noTM
5mSIPHEX2_16-scaffold_2306_c1_2  0.808  19  0.869  19  0.963  11  0.931   0.903 Y  0.450      SignalP-noTM
5mSIPHEX2_16-scaffold_2339_c1_2  0.573  17  0.722  17  0.953  10  0.908   0.822 Y  0.450      SignalP-noTM
5mSIPHEX2_16-scaffold_2339_c1_2  0.681  17  0.702  17  0.860  15  0.707   0.705 Y  0.570      SignalP-noTM
5mSIPHEX2_16-scaffold_2371_c1_1  0.301  22  0.492  22  0.901   5  0.803   0.660 Y  0.450      SignalP-noTM
5mSIPHEX2_16-scaffold_2371_c1_1  0.665  22  0.741  22  0.879  18  0.827   0.781 Y  0.570      SignalP-noTM
5mSIPHEX2_16-scaffold_2382_c1_1  0.305  26  0.428  26  0.908   1  0.730   0.570 Y  0.570      SignalP-noTM
5mSIPHEX2_16-scaffold_2382_c1_1  0.343  28  0.494  28  0.855  20  0.743   0.591 Y  0.450      SignalP-TM
5mSIPHEX2_16-scaffold_2382_c1_1  0.497  21  0.671  21  0.956  14  0.907   0.798 Y  0.450      SignalP-noTM
5mSIPHEX2_16-scaffold_2464_c1_2  0.209  21  0.412  21  0.923  12  0.824   0.606 Y  0.570      SignalP-noTM
5mSIPHEX2_16-scaffold_2464_c1_2  0.249  26  0.453  26  0.927  13  0.835   0.602 Y  0.450      SignalP-TM
5mSIPHEX2_16-scaffold_2464_c1_2  0.644  20  0.767  20  0.972  10  0.906   0.842 Y  0.450      SignalP-noTM
5mSIPHEX2_16-scaffold_2483_c1_2  0.474  20  0.639  20  0.936   3  0.857   0.757 Y  0.450      SignalP-noTM
5mSIPHEX2_16-scaffold_2519_c1_2  0.506  19  0.616  19  0.867  17  0.745   0.677 Y  0.570      SignalP-noTM
5mSIPHEX2_16-scaffold_2519_c1_2  0.612  19  0.752  19  0.960  13  0.929   0.848 Y  0.450      SignalP-noTM
5mSIPHEX2_16-scaffold_2528_c1_2  0.189  26  0.341  26  0.887  19  0.668   0.469 Y  0.450      SignalP-TM
5mSIPHEX2_16-scaffold_2528_c1_2  0.629  21  0.744  21  0.927  14  0.885   0.820 Y  0.450      SignalP-noTM
5mSIPHEX2_16-scaffold_2528_c1_2  0.739  21  0.774  21  0.900   1  0.826   0.798 Y  0.570      SignalP-noTM
5mSIPHEX2_16-scaffold_2532_c1_2  0.666  17  0.701  17  0.868  15  0.732   0.718 Y  0.450      SignalP-noTM
5mSIPHEX2_16-scaffold_2556_c1_2  0.145  29  0.319  29  0.828  16  0.703   0.469 Y  0.450      SignalP-TM
5mSIPHEX2_16-scaffold_265_c1_10  0.156  21  0.351  21  0.941  10  0.775   0.580 Y  0.450      SignalP-noTM
5mSIPHEX2_16-scaffold_265_c1_11  0.130  19  0.341  19  0.961  11  0.898   0.641 Y  0.450      SignalP-noTM
5mSIPHEX2_16-scaffold_265_c1_11  0.132  34  0.276  18  0.824   1  0.751   0.461 Y  0.450      SignalP-TM
5mSIPHEX2_16-scaffold_265_c1_11  0.180  22  0.392  22  0.923   2  0.864   0.614 Y  0.570      SignalP-noTM
5mSIPHEX2_16-scaffold_265_c1_12  0.459  23  0.582  23  0.805  17  0.703   0.629 Y  0.450      SignalP-TM
5mSIPHEX2_16-scaffold_265_c1_12  0.685  23  0.781  23  0.948  14  0.890   0.840 Y  0.450      SignalP-noTM
5mSIPHEX2_16-scaffold_265_c1_12  0.746  23  0.820  23  0.950  16  0.900   0.858 Y  0.570      SignalP-noTM
5mSIPHEX2_16-scaffold_265_c1_8  0.229  28  0.384  28  0.888  17  0.694   0.505 Y  0.450      SignalP-TM
5mSIPHEX2_16-scaffold_265_c1_8  0.583  20  0.678  20  0.908   1  0.796   0.733 Y  0.570      SignalP-noTM
5mSIPHEX2_16-scaffold_265_c1_8  0.872  20  0.906  20  0.972  12  0.937   0.923 Y  0.450      SignalP-noTM
5mSIPHEX2_16-scaffold_265_c1_9  0.166  25  0.354  25  0.935   3  0.817   0.572 Y  0.570      SignalP-noTM
5mSIPHEX2_16-scaffold_265_c1_9  0.206  25  0.411  25  0.937  14  0.825   0.634 Y  0.450      SignalP-noTM
5mSIPHEX2_16-scaffold_265_c2_11  0.471  38  0.616  38  0.909  26  0.740   0.683 Y  0.450      SignalP-noTM
5mSIPHEX2_16-scaffold_265_c2_11  0.506  40  0.661  40  0.929  31  0.602   0.638 Y  0.450      SignalP-TM
5mSIPHEX2_16-scaffold_265_c2_12  0.190  31  0.371  19  0.964   5  0.930   0.673 Y  0.450      SignalP-noTM
5mSIPHEX2_16-scaffold_265_c2_12  0.240  31  0.379  31  0.924  14  0.734   0.517 Y  0.450      SignalP-TM
5mSIPHEX2_16-scaffold_265_c2_12  0.518  19  0.701  19  0.968  17  0.933   0.810 Y  0.570      SignalP-noTM
5mSIPHEX2_16-scaffold_265_c2_2  0.142  22  0.335  22  0.923   2  0.836   0.530 Y  0.450      SignalP-TM
5mSIPHEX2_16-scaffold_265_c2_2  0.237  22  0.458  22  0.955  16  0.890   0.661 Y  0.570      SignalP-noTM
5mSIPHEX2_16-scaffold_265_c2_2  0.371  22  0.579  22  0.967   4  0.903   0.754 Y  0.450      SignalP-noTM
5mSIPHEX2_16-scaffold_265_c2_4  0.258  26  0.374  26  0.825  18  0.599   0.462 Y  0.450      SignalP-TM
5mSIPHEX2_16-scaffold_265_c2_4  0.548  19  0.703  19  0.930  12  0.899   0.809 Y  0.450      SignalP-noTM
5mSIPHEX2_16-scaffold_265_c2_4  0.807  19  0.790  19  0.886  15  0.786   0.788 Y  0.570      SignalP-noTM
5mSIPHEX2_16-scaffold_265_c2_5  0.351  26  0.498  23  0.889  19  0.808   0.619 Y  0.450      SignalP-TM
5mSIPHEX2_16-scaffold_265_c2_5  0.796  21  0.838  21  0.922  17  0.881   0.859 Y  0.570      SignalP-noTM
5mSIPHEX2_16-scaffold_265_c2_5  0.833  21  0.879  21  0.960   3  0.927   0.905 Y  0.450      SignalP-noTM
5mSIPHEX2_16-scaffold_265_c2_7  0.181  42  0.336  20  0.953  12  0.901   0.557 Y  0.450      SignalP-TM
5mSIPHEX2_16-scaffold_265_c2_7  0.449  21  0.640  21  0.960  13  0.913   0.787 Y  0.450      SignalP-noTM
5mSIPHEX2_16-scaffold_265_c2_9  0.204  28  0.333  28  0.877   2  0.687   0.471 Y  0.450      SignalP-TM
5mSIPHEX2_16-scaffold_265_c2_9  0.223  21  0.452  21  0.953  11  0.922   0.673 Y  0.570      SignalP-noTM
5mSIPHEX2_16-scaffold_265_c2_9  0.505  21  0.662  21  0.947   4  0.862   0.770 Y  0.450      SignalP-noTM
5mSIPHEX2_16-scaffold_2713_c1_5  0.323  24  0.501  24  0.930  16  0.792   0.638 Y  0.570      SignalP-noTM
5mSIPHEX2_16-scaffold_2713_c1_5  0.362  24  0.445  24  0.700  11  0.544   0.484 Y  0.450      SignalP-TM
5mSIPHEX2_16-scaffold_2713_c1_5  0.701  24  0.760  24  0.929   5  0.826   0.795 Y  0.450      SignalP-noTM
5mSIPHEX2_16-scaffold_2730_c1_2  0.174  24  0.384  24  0.888  21  0.845   0.564 Y  0.450      SignalP-TM
5mSIPHEX2_16-scaffold_2730_c1_2  0.243  23  0.478  23  0.962  13  0.931   0.691 Y  0.570      SignalP-noTM
5mSIPHEX2_16-scaffold_2730_c1_2  0.520  24  0.695  24  0.985  17  0.929   0.821 Y  0.450      SignalP-noTM
5mSIPHEX2_16-scaffold_2730_c1_3  0.269  25  0.413  25  0.743  14  0.623   0.526 Y  0.450      SignalP-noTM
5mSIPHEX2_16-scaffold_2730_c1_4  0.249  28  0.454  28  0.921  16  0.820   0.596 Y  0.450      SignalP-TM
5mSIPHEX2_16-scaffold_2730_c1_4  0.284  28  0.451  21  0.929  17  0.884   0.654 Y  0.570      SignalP-noTM
5mSIPHEX2_16-scaffold_2730_c1_4  0.291  21  0.512  21  0.956  14  0.904   0.724 Y  0.450      SignalP-noTM
5mSIPHEX2_16-scaffold_2730_c1_5  0.759  19  0.835  19  0.967  17  0.908   0.870 Y  0.570      SignalP-noTM
5mSIPHEX2_16-scaffold_2730_c1_5  0.771  19  0.845  19  0.975  11  0.925   0.888 Y  0.450      SignalP-noTM
5mSIPHEX2_16-scaffold_2740_c1_3  0.449  20  0.589  20  0.897  18  0.758   0.655 Y  0.450      SignalP-TM
5mSIPHEX2_16-scaffold_2740_c1_3  0.851  20  0.852  20  0.928  18  0.837   0.845 Y  0.570      SignalP-noTM
5mSIPHEX2_16-scaffold_2740_c1_3  0.897  20  0.908  20  0.963  11  0.920   0.914 Y  0.450      SignalP-noTM
5mSIPHEX2_16-scaffold_2740_c1_5  0.355  29  0.474  29  0.821   2  0.700   0.562 Y  0.450      SignalP-TM
5mSIPHEX2_16-scaffold_2740_c1_5  0.496  29  0.549  21  0.970  14  0.922   0.725 Y  0.570      SignalP-noTM
5mSIPHEX2_16-scaffold_2740_c1_5  0.504  21  0.672  21  0.963  14  0.899   0.795 Y  0.450      SignalP-noTM
5mSIPHEX2_16-scaffold_274_c1_1  0.177  21  0.354  21  0.788  14  0.661   0.473 Y  0.450      SignalP-TM
5mSIPHEX2_16-scaffold_274_c1_1  0.299  19  0.486  19  0.873   1  0.792   0.630 Y  0.570      SignalP-noTM
5mSIPHEX2_16-scaffold_274_c1_1  0.400  19  0.595  19  0.928   5  0.892   0.755 Y  0.450      SignalP-noTM
5mSIPHEX2_16-scaffold_274_c1_12  0.264  28  0.448  28  0.812  23  0.704   0.548 Y  0.450      SignalP-TM
5mSIPHEX2_16-scaffold_274_c1_12  0.762  28  0.794  28  0.954  16  0.838   0.818 Y  0.450      SignalP-noTM
5mSIPHEX2_16-scaffold_274_c1_16  0.382  21  0.473  21  0.782  18  0.576   0.513 Y  0.450      SignalP-TM
5mSIPHEX2_16-scaffold_274_c1_16  0.798  19  0.706  19  0.777  18  0.587   0.650 Y  0.570      SignalP-noTM
5mSIPHEX2_16-scaffold_274_c1_16  0.831  19  0.835  19  0.871  17  0.837   0.836 Y  0.450      SignalP-noTM
5mSIPHEX2_16-scaffold_274_c1_17  0.286  28  0.390  28  0.769  18  0.549   0.452 Y  0.450      SignalP-TM
5mSIPHEX2_16-scaffold_274_c1_17  0.373  21  0.539  21  0.838  15  0.780   0.670 Y  0.450      SignalP-noTM
5mSIPHEX2_16-scaffold_274_c1_19  0.445  19  0.613  19  0.875   1  0.836   0.734 Y  0.450      SignalP-noTM
5mSIPHEX2_16-scaffold_274_c1_19  0.713  19  0.690  19  0.884  17  0.662   0.677 Y  0.570      SignalP-noTM
5mSIPHEX2_16-scaffold_274_c1_4  0.420  33  0.470  33  0.847  16  0.616   0.527 Y  0.450      SignalP-TM
5mSIPHEX2_16-scaffold_274_c1_5  0.761  22  0.777  22  0.858   2  0.792   0.785 Y  0.450      SignalP-noTM
5mSIPHEX2_16-scaffold_274_c1_5  0.767  22  0.755  22  0.886  18  0.742   0.750 Y  0.450      SignalP-TM
5mSIPHEX2_16-scaffold_274_c1_5  0.832  22  0.804  22  0.866  15  0.760   0.784 Y  0.570      SignalP-noTM
5mSIPHEX2_16-scaffold_274_c2_1  0.178  25  0.364  25  0.847  19  0.762   0.520 Y  0.450      SignalP-TM
5mSIPHEX2_16-scaffold_274_c2_1  0.196  21  0.423  21  0.980  12  0.913   0.688 Y  0.450      SignalP-noTM
5mSIPHEX2_16-scaffold_274_c2_3  0.410  20  0.477  20  0.670  15  0.550   0.506 Y  0.500      SignalP-TM
5mSIPHEX2_16-scaffold_274_c2_7  0.189  18  0.404  18  0.954  17  0.861   0.619 Y  0.570      SignalP-noTM
5mSIPHEX2_16-scaffold_274_c2_7  0.271  25  0.395  25  0.785  17  0.610   0.479 Y  0.450      SignalP-TM
5mSIPHEX2_16-scaffold_274_c2_7  0.355  20  0.545  20  0.941  11  0.847   0.708 Y  0.450      SignalP-noTM
5mSIPHEX2_16-scaffold_2751_c1_2  0.604  20  0.622  20  0.816   1  0.666   0.643 Y  0.570      SignalP-noTM
5mSIPHEX2_16-scaffold_2751_c1_2  0.738  20  0.787  20  0.910   3  0.833   0.812 Y  0.450      SignalP-noTM
5mSIPHEX2_16-scaffold_2751_c1_3  0.149  19  0.299  19  0.712  16  0.595   0.459 Y  0.450      SignalP-noTM
5mSIPHEX2_16-scaffold_2751_c1_4  0.272  22  0.478  22  0.926  19  0.805   0.606 Y  0.450      SignalP-TM
5mSIPHEX2_16-scaffold_2751_c1_4  0.673  22  0.746  22  0.926  20  0.816   0.779 Y  0.570      SignalP-noTM
5mSIPHEX2_16-scaffold_2751_c1_4  0.727  22  0.800  22  0.910  16  0.882   0.844 Y  0.450      SignalP-noTM
5mSIPHEX2_16-scaffold_2799_c1_2  0.356  19  0.524  19  0.843  16  0.770   0.640 Y  0.570      SignalP-noTM
5mSIPHEX2_16-scaffold_2799_c1_2  0.492  19  0.671  19  0.965  12  0.913   0.802 Y  0.450      SignalP-noTM
5mSIPHEX2_16-scaffold_2799_c1_5  0.271  24  0.485  24  0.931  16  0.869   0.692 Y  0.450      SignalP-noTM
5mSIPHEX2_16-scaffold_2803_c1_2  0.577  21  0.724  21  0.978  14  0.913   0.826 Y  0.450      SignalP-noTM
5mSIPHEX2_16-scaffold_2819_c1_3  0.144  53  0.286  12  0.859   6  0.827   0.497 Y  0.450      SignalP-TM
5mSIPHEX2_16-scaffold_2819_c1_3  0.479  23  0.666  23  0.982  15  0.926   0.806 Y  0.450      SignalP-noTM
5mSIPHEX2_16-scaffold_2827_c1_3  0.350  22  0.439  22  0.790   5  0.620   0.510 Y  0.450      SignalP-TM
5mSIPHEX2_16-scaffold_2827_c1_3  0.838  22  0.870  22  0.965  18  0.908   0.888 Y  0.570      SignalP-noTM
5mSIPHEX2_16-scaffold_2827_c1_3  0.857  22  0.888  22  0.957   4  0.920   0.905 Y  0.450      SignalP-noTM
5mSIPHEX2_16-scaffold_2827_c1_4  0.339  21  0.436  19  0.679  14  0.593   0.520 Y  0.450      SignalP-noTM
5mSIPHEX2_16-scaffold_2827_c1_5  0.258  24  0.431  24  0.903   2  0.786   0.598 Y  0.570      SignalP-noTM
5mSIPHEX2_16-scaffold_2827_c1_5  0.710  20  0.819  20  0.976  12  0.944   0.887 Y  0.450      SignalP-noTM
5mSIPHEX2_16-scaffold_2860_c1_1  0.165  29  0.312  29  0.837  14  0.678   0.454 Y  0.450      SignalP-TM
5mSIPHEX2_16-scaffold_2860_c1_1  0.728  29  0.825  29  0.979  27  0.914   0.867 Y  0.570      SignalP-noTM
5mSIPHEX2_16-scaffold_2860_c1_4  0.247  28  0.382  28  0.888  17  0.708   0.509 Y  0.450      SignalP-TM
5mSIPHEX2_16-scaffold_2860_c1_4  0.289  22  0.497  22  0.932  15  0.864   0.669 Y  0.570      SignalP-noTM
5mSIPHEX2_16-scaffold_2860_c1_4  0.487  20  0.648  20  0.932  11  0.867   0.766 Y  0.450      SignalP-noTM
5mSIPHEX2_16-scaffold_2860_c1_5  0.204  21  0.366  21  0.820   1  0.686   0.491 Y  0.450      SignalP-TM
5mSIPHEX2_16-scaffold_2860_c1_5  0.841  21  0.822  21  0.897  17  0.813   0.817 Y  0.570      SignalP-noTM
5mSIPHEX2_16-scaffold_2860_c1_5  0.862  21  0.869  21  0.937   4  0.875   0.872 Y  0.450      SignalP-noTM
5mSIPHEX2_16-scaffold_287_c1_13  0.629  20  0.643  20  0.830  17  0.660   0.651 Y  0.570      SignalP-noTM
5mSIPHEX2_16-scaffold_287_c1_13  0.757  20  0.783  20  0.893  16  0.820   0.803 Y  0.450      SignalP-noTM
5mSIPHEX2_16-scaffold_287_c1_14  0.222  24  0.433  24  0.942  13  0.850   0.595 Y  0.450      SignalP-TM
5mSIPHEX2_16-scaffold_287_c1_14  0.748  20  0.822  20  0.955  12  0.897   0.863 Y  0.450      SignalP-noTM
5mSIPHEX2_16-scaffold_287_c1_16  0.483  33  0.443  20  0.877  18  0.786   0.577 Y  0.450      SignalP-TM
5mSIPHEX2_16-scaffold_287_c1_16  0.580  20  0.721  20  0.952  13  0.895   0.815 Y  0.450      SignalP-noTM
5mSIPHEX2_16-scaffold_287_c1_16  0.713  20  0.784  20  0.913  15  0.850   0.815 Y  0.570      SignalP-noTM
5mSIPHEX2_16-scaffold_287_c1_19  0.168  21  0.348  21  0.812  17  0.710   0.489 Y  0.450      SignalP-TM
5mSIPHEX2_16-scaffold_287_c1_19  0.438  21  0.609  21  0.891   2  0.843   0.735 Y  0.450      SignalP-noTM
5mSIPHEX2_16-scaffold_287_c1_25  0.264  22  0.467  22  0.912   3  0.825   0.660 Y  0.450      SignalP-noTM
5mSIPHEX2_16-scaffold_287_c1_25  0.377  20  0.548  20  0.863  19  0.775   0.655 Y  0.570      SignalP-noTM
5mSIPHEX2_16-scaffold_287_c1_5  0.577  19  0.731  19  0.968  17  0.916   0.818 Y  0.570      SignalP-noTM
5mSIPHEX2_16-scaffold_287_c1_5  0.686  21  0.789  19  0.943   3  0.914   0.856 Y  0.450      SignalP-noTM
5mSIPHEX2_16-scaffold_287_c1_8  0.158  25  0.309  20  0.793   4  0.691   0.458 Y  0.450      SignalP-TM
5mSIPHEX2_16-scaffold_287_c1_8  0.226  19  0.438  19  0.885  10  0.853   0.662 Y  0.450      SignalP-noTM
5mSIPHEX2_16-scaffold_287_c1_8  0.696  20  0.678  20  0.837   2  0.710   0.693 Y  0.570      SignalP-noTM
5mSIPHEX2_16-scaffold_288_c1_1  0.336  19  0.488  19  0.807  15  0.684   0.580 Y  0.570      SignalP-noTM
5mSIPHEX2_16-scaffold_288_c1_1  0.766  21  0.768  21  0.886  12  0.771   0.770 Y  0.450      SignalP-noTM
5mSIPHEX2_16-scaffold_288_c1_12  0.196  23  0.382  23  0.880   2  0.772   0.534 Y  0.450      SignalP-TM
5mSIPHEX2_16-scaffold_288_c1_12  0.424  21  0.564  21  0.876   2  0.740   0.659 Y  0.450      SignalP-noTM
5mSIPHEX2_16-scaffold_288_c1_14  0.162  31  0.325  26  0.940  12  0.846   0.528 Y  0.450      SignalP-TM
5mSIPHEX2_16-scaffold_288_c1_14  0.211  19  0.443  19  0.976  11  0.932   0.707 Y  0.450      SignalP-noTM
5mSIPHEX2_16-scaffold_288_c1_14  0.514  19  0.696  19  0.976  12  0.925   0.803 Y  0.570      SignalP-noTM
5mSIPHEX2_16-scaffold_288_c1_16  0.359  19  0.552  19  0.909  15  0.850   0.713 Y  0.450      SignalP-noTM
5mSIPHEX2_16-scaffold_288_c1_16  0.359  25  0.505  25  0.821  17  0.677   0.572 Y  0.450      SignalP-TM
5mSIPHEX2_16-scaffold_288_c1_16  0.370  19  0.554  19  0.922  17  0.797   0.668 Y  0.570      SignalP-noTM
5mSIPHEX2_16-scaffold_288_c1_18  0.156  19  0.320  19  0.797   1  0.667   0.455 Y  0.450      SignalP-TM
5mSIPHEX2_16-scaffold_288_c1_18  0.365  19  0.522  19  0.858  17  0.757   0.633 Y  0.570      SignalP-noTM
5mSIPHEX2_16-scaffold_288_c1_18  0.670  19  0.778  19  0.944  11  0.904   0.846 Y  0.450      SignalP-noTM
5mSIPHEX2_16-scaffold_288_c1_23  0.206  22  0.396  22  0.820  17  0.756   0.536 Y  0.450      SignalP-TM
5mSIPHEX2_16-scaffold_288_c1_23  0.717  21  0.755  21  0.896  10  0.787   0.772 Y  0.450      SignalP-noTM
5mSIPHEX2_16-scaffold_288_c1_3  0.217  52  0.352  19  0.744   3  0.663   0.473 Y  0.450      SignalP-TM
5mSIPHEX2_16-scaffold_288_c1_3  0.455  21  0.617  21  0.921  11  0.834   0.734 Y  0.450      SignalP-noTM
5mSIPHEX2_16-scaffold_288_c1_3  0.847  19  0.840  19  0.891  15  0.837   0.839 Y  0.570      SignalP-noTM
5mSIPHEX2_16-scaffold_288_c1_31  0.873  29  0.640  29  0.764  27  0.413   0.549 Y  0.500      SignalP-TM
5mSIPHEX2_16-scaffold_2890_c1_1  0.231  22  0.448  20  0.947  12  0.901   0.693 Y  0.450      SignalP-noTM
5mSIPHEX2_16-scaffold_2948_c1_2  0.525  17  0.651  17  0.864   8  0.821   0.743 Y  0.450      SignalP-noTM
5mSIPHEX2_16-scaffold_2980_c1_2  0.144  25  0.325  20  0.877  18  0.697   0.470 Y  0.450      SignalP-TM
5mSIPHEX2_16-scaffold_2980_c1_2  0.468  21  0.574  21  0.811   8  0.701   0.642 Y  0.450      SignalP-noTM
5mSIPHEX2_16-scaffold_3019_c1_3  0.652  22  0.661  22  0.832  12  0.670   0.666 Y  0.450      SignalP-noTM
5mSIPHEX2_16-scaffold_3027_c1_2  0.140  23  0.343  23  0.922  18  0.827   0.570 Y  0.570      SignalP-noTM
5mSIPHEX2_16-scaffold_3027_c1_2  0.327  30  0.510  30  0.932  21  0.706   0.587 Y  0.450      SignalP-TM
5mSIPHEX2_16-scaffold_3027_c1_2  0.397  25  0.591  25  0.959  15  0.875   0.744 Y  0.450      SignalP-noTM
5mSIPHEX2_16-scaffold_3043_c1_2  0.369  30  0.570  20  0.950  18  0.871   0.687 Y  0.450      SignalP-TM
5mSIPHEX2_16-scaffold_3043_c1_2  0.774  20  0.819  20  0.962  18  0.866   0.841 Y  0.570      SignalP-noTM
5mSIPHEX2_16-scaffold_3043_c1_2  0.777  22  0.824  20  0.954  12  0.911   0.871 Y  0.450      SignalP-noTM
5mSIPHEX2_16-scaffold_3065_c1_1  0.663  22  0.743  22  0.918  12  0.834   0.792 Y  0.450      SignalP-noTM
5mSIPHEX2_16-scaffold_3065_c1_2  0.206  24  0.380  24  0.809  15  0.576   0.456 Y  0.450      SignalP-TM
5mSIPHEX2_16-scaffold_3065_c1_2  0.343  24  0.511  24  0.941  16  0.751   0.624 Y  0.570      SignalP-noTM
5mSIPHEX2_16-scaffold_3065_c1_2  0.584  20  0.701  20  0.897   4  0.845   0.778 Y  0.450      SignalP-noTM
5mSIPHEX2_16-scaffold_3065_c1_5  0.216  16  0.389  16  0.794   1  0.658   0.534 Y  0.450      SignalP-noTM
5mSIPHEX2_16-scaffold_3099_c1_3  0.316  23  0.485  23  0.861  15  0.744   0.625 Y  0.450      SignalP-noTM
5mSIPHEX2_16-scaffold_3099_c1_3  0.348  23  0.565  23  0.960  18  0.890   0.691 Y  0.450      SignalP-TM
5mSIPHEX2_16-scaffold_3099_c1_3  0.708  23  0.781  23  0.932  15  0.857   0.817 Y  0.570      SignalP-noTM
5mSIPHEX2_16-scaffold_3180_c1_2  0.435  20  0.597  20  0.867  16  0.821   0.685 Y  0.450      SignalP-TM
5mSIPHEX2_16-scaffold_3180_c1_2  0.677  20  0.754  20  0.932  16  0.848   0.805 Y  0.450      SignalP-noTM
5mSIPHEX2_16-scaffold_3180_c1_2  0.788  20  0.858  20  0.968  12  0.928   0.891 Y  0.570      SignalP-noTM
5mSIPHEX2_16-scaffold_3183_c1_2  0.220  18  0.400  18  0.828   7  0.716   0.571 Y  0.450      SignalP-noTM
5mSIPHEX2_16-scaffold_3183_c1_2  0.360  24  0.425  24  0.668   9  0.539   0.470 Y  0.450      SignalP-TM
5mSIPHEX2_16-scaffold_3279_c1_5  0.250  25  0.394  25  0.870  15  0.655   0.496 Y  0.450      SignalP-TM
5mSIPHEX2_16-scaffold_3279_c1_5  0.462  18  0.590  18  0.865  12  0.733   0.658 Y  0.570      SignalP-noTM
5mSIPHEX2_16-scaffold_3279_c1_5  0.718  18  0.791  18  0.914  14  0.863   0.830 Y  0.450      SignalP-noTM
5mSIPHEX2_16-scaffold_3285_c1_4  0.185  23  0.364  23  0.859   6  0.762   0.519 Y  0.450      SignalP-TM
5mSIPHEX2_16-scaffold_3285_c1_4  0.281  21  0.493  21  0.931   3  0.859   0.691 Y  0.450      SignalP-noTM
5mSIPHEX2_16-scaffold_3285_c1_4  0.438  23  0.555  23  0.889  15  0.732   0.638 Y  0.570      SignalP-noTM
5mSIPHEX2_16-scaffold_3360_c1_3  0.413  24  0.569  24  0.876   5  0.785   0.685 Y  0.450      SignalP-noTM
5mSIPHEX2_16-scaffold_3496_c1_1  0.451  19  0.621  19  0.896   2  0.852   0.745 Y  0.450      SignalP-noTM
5mSIPHEX2_16-scaffold_3496_c1_3  0.589  20  0.729  20  0.951  12  0.910   0.827 Y  0.450      SignalP-noTM
5mSIPHEX2_16-scaffold_3496_c1_3  0.641  20  0.744  20  0.969  18  0.851   0.794 Y  0.570      SignalP-noTM
5mSIPHEX2_16-scaffold_354_c1_12  0.228  21  0.376  21  0.790   1  0.634   0.477 Y  0.450      SignalP-TM
5mSIPHEX2_16-scaffold_354_c1_12  0.630  21  0.712  21  0.873  14  0.798   0.758 Y  0.450      SignalP-noTM
5mSIPHEX2_16-scaffold_354_c1_14  0.280  35  0.409  35  0.822  21  0.601   0.513 Y  0.450      SignalP-noTM
5mSIPHEX2_16-scaffold_354_c1_15  0.491  22  0.617  22  0.888  19  0.740   0.665 Y  0.450      SignalP-TM
5mSIPHEX2_16-scaffold_354_c1_15  0.848  22  0.883  22  0.967  15  0.920   0.903 Y  0.450      SignalP-noTM
5mSIPHEX2_16-scaffold_354_c1_15  0.871  22  0.903  22  0.964  19  0.924   0.913 Y  0.570      SignalP-noTM
5mSIPHEX2_16-scaffold_354_c1_2  0.781  20  0.773  20  0.825   9  0.761   0.766 Y  0.450      SignalP-noTM
5mSIPHEX2_16-scaffold_354_c1_25  0.287  20  0.487  20  0.876  12  0.826   0.670 Y  0.450      SignalP-noTM
5mSIPHEX2_16-scaffold_354_c1_5  0.334  21  0.482  21  0.833  20  0.641   0.546 Y  0.500      SignalP-TM
5mSIPHEX2_16-scaffold_354_c1_7  0.174  31  0.349  19  0.847  11  0.780   0.582 Y  0.450      SignalP-noTM
5mSIPHEX2_16-scaffold_354_c1_7  0.374  22  0.501  22  0.826  15  0.681   0.585 Y  0.570      SignalP-noTM
5mSIPHEX2_16-scaffold_355_c1_10  0.183  27  0.366  27  0.831   8  0.732   0.509 Y  0.450      SignalP-TM
5mSIPHEX2_16-scaffold_355_c1_10  0.280  25  0.495  25  0.951   5  0.875   0.700 Y  0.450      SignalP-noTM
5mSIPHEX2_16-scaffold_355_c1_1  0.371  20  0.457  20  0.677  16  0.522   0.482 Y  0.450      SignalP-TM
5mSIPHEX2_16-scaffold_355_c1_1  0.732  20  0.774  20  0.915  18  0.803   0.787 Y  0.570      SignalP-noTM
5mSIPHEX2_16-scaffold_355_c1_1  0.770  20  0.828  20  0.922  12  0.892   0.862 Y  0.450      SignalP-noTM
5mSIPHEX2_16-scaffold_355_c1_13  0.676  19  0.698  19  0.800  15  0.733   0.717 Y  0.450      SignalP-noTM
5mSIPHEX2_16-scaffold_355_c1_15  0.284  22  0.446  22  0.835   3  0.747   0.563 Y  0.450      SignalP-TM
5mSIPHEX2_16-scaffold_355_c1_15  0.620  22  0.744  22  0.936   5  0.894   0.825 Y  0.450      SignalP-noTM
5mSIPHEX2_16-scaffold_355_c1_15  0.764  22  0.843  22  0.970  18  0.927   0.882 Y  0.570      SignalP-noTM
5mSIPHEX2_16-scaffold_355_c1_26  0.171  28  0.349  17  0.861  15  0.747   0.504 Y  0.450      SignalP-TM
5mSIPHEX2_16-scaffold_355_c1_26  0.310  17  0.477  17  0.824  15  0.737   0.599 Y  0.570      SignalP-noTM
5mSIPHEX2_16-scaffold_355_c1_26  0.800  17  0.851  17  0.928  12  0.899   0.877 Y  0.450      SignalP-noTM
5mSIPHEX2_16-scaffold_355_c1_6  0.265  21  0.454  21  0.877   9  0.774   0.627 Y  0.450      SignalP-noTM
5mSIPHEX2_16-scaffold_355_c1_7  0.347  22  0.515  22  0.892   4  0.762   0.649 Y  0.450      SignalP-noTM
5mSIPHEX2_16-scaffold_3758_c1_2  0.221  31  0.345  22  0.784   8  0.711   0.488 Y  0.450      SignalP-TM
5mSIPHEX2_16-scaffold_3758_c1_2  0.516  22  0.646  22  0.896  11  0.833   0.734 Y  0.570      SignalP-noTM
5mSIPHEX2_16-scaffold_3758_c1_2  0.752  22  0.808  22  0.950  12  0.867   0.840 Y  0.450      SignalP-noTM
5mSIPHEX2_16-scaffold_375_c1_13  0.600  21  0.685  21  0.896   9  0.776   0.734 Y  0.450      SignalP-noTM
5mSIPHEX2_16-scaffold_375_c1_15  0.295  22  0.446  22  0.797  16  0.670   0.567 Y  0.450      SignalP-noTM
5mSIPHEX2_16-scaffold_375_c1_20  0.553  19  0.614  19  0.810  12  0.639   0.625 Y  0.570      SignalP-noTM
5mSIPHEX2_16-scaffold_375_c1_20  0.590  19  0.701  19  0.884   2  0.823   0.767 Y  0.450      SignalP-noTM
5mSIPHEX2_16-scaffold_375_c1_24  0.274  23  0.456  23  0.919   9  0.758   0.574 Y  0.450      SignalP-TM
5mSIPHEX2_16-scaffold_375_c1_24  0.444  17  0.618  17  0.889   3  0.854   0.746 Y  0.450      SignalP-noTM
5mSIPHEX2_16-scaffold_375_c1_26  0.239  21  0.432  21  0.848  16  0.730   0.548 Y  0.450      SignalP-TM
5mSIPHEX2_16-scaffold_375_c1_26  0.742  21  0.707  21  0.782  16  0.623   0.667 Y  0.570      SignalP-noTM
5mSIPHEX2_16-scaffold_375_c1_26  0.916  21  0.883  21  0.908   2  0.848   0.864 Y  0.450      SignalP-noTM
5mSIPHEX2_16-scaffold_375_c1_6  0.317  22  0.492  22  0.874   8  0.764   0.639 Y  0.450      SignalP-noTM
5mSIPHEX2_16-scaffold_384_c1_10  0.608  19  0.705  19  0.880  14  0.819   0.767 Y  0.450      SignalP-noTM
5mSIPHEX2_16-scaffold_384_c1_11  0.176  29  0.379  21  0.971  12  0.948   0.646 Y  0.570      SignalP-noTM
5mSIPHEX2_16-scaffold_384_c1_11  0.209  37  0.377  28  0.974  13  0.877   0.572 Y  0.450      SignalP-TM
5mSIPHEX2_16-scaffold_384_c1_11  0.367  25  0.567  25  0.977  14  0.873   0.732 Y  0.450      SignalP-noTM
5mSIPHEX2_16-scaffold_384_c1_21  0.268  22  0.412  22  0.737   1  0.628   0.529 Y  0.450      SignalP-noTM
5mSIPHEX2_16-scaffold_384_c1_5  0.334  25  0.521  25  0.873  18  0.818   0.637 Y  0.450      SignalP-TM
5mSIPHEX2_16-scaffold_384_c1_5  0.360  20  0.567  20  0.953  10  0.885   0.738 Y  0.450      SignalP-noTM
5mSIPHEX2_16-scaffold_384_c1_9  0.342  20  0.465  20  0.728   1  0.634   0.531 Y  0.450      SignalP-TM
5mSIPHEX2_16-scaffold_384_c1_9  0.764  20  0.798  20  0.885  13  0.831   0.816 Y  0.450      SignalP-noTM
5mSIPHEX2_16-scaffold_384_c1_9  0.766  20  0.775  20  0.861  13  0.749   0.762 Y  0.570      SignalP-noTM
5mSIPHEX2_16-scaffold_396_c1_10  0.282  27  0.507  27  0.969  20  0.890   0.714 Y  0.450      SignalP-noTM
5mSIPHEX2_16-scaffold_396_c1_10  0.355  33  0.543  33  0.880  23  0.819   0.651 Y  0.450      SignalP-TM
5mSIPHEX2_16-scaffold_396_c1_10  0.358  33  0.540  33  0.955  17  0.860   0.690 Y  0.570      SignalP-noTM
5mSIPHEX2_16-scaffold_396_c1_11  0.383  26  0.579  26  0.928  21  0.799   0.665 Y  0.450      SignalP-TM
5mSIPHEX2_16-scaffold_396_c1_11  0.700  26  0.787  26  0.946  17  0.885   0.833 Y  0.570      SignalP-noTM
5mSIPHEX2_16-scaffold_396_c1_11  0.899  26  0.910  26  0.974  15  0.918   0.914 Y  0.450      SignalP-noTM
5mSIPHEX2_16-scaffold_396_c1_12  0.536  27  0.507  27  0.786   6  0.556   0.526 Y  0.500      SignalP-TM
5mSIPHEX2_16-scaffold_396_c1_13  0.182  26  0.346  23  0.818  17  0.655   0.466 Y  0.450      SignalP-TM
5mSIPHEX2_16-scaffold_396_c1_13  0.586  21  0.665  21  0.868   9  0.749   0.711 Y  0.450      SignalP-noTM
5mSIPHEX2_16-scaffold_396_c1_14  0.291  19  0.501  19  0.930   3  0.867   0.699 Y  0.450      SignalP-noTM
5mSIPHEX2_16-scaffold_396_c1_14  0.555  19  0.637  19  0.897  17  0.746   0.688 Y  0.570      SignalP-noTM
5mSIPHEX2_16-scaffold_396_c1_4  0.320  19  0.446  19  0.836   1  0.647   0.527 Y  0.500      SignalP-TM
5mSIPHEX2_16-scaffold_396_c1_6  0.146  23  0.325  23  0.884  16  0.741   0.487 Y  0.450      SignalP-TM
5mSIPHEX2_16-scaffold_396_c1_6  0.240  23  0.413  23  0.922  17  0.751   0.572 Y  0.570      SignalP-noTM
5mSIPHEX2_16-scaffold_396_c1_6  0.328  21  0.523  21  0.902   9  0.829   0.688 Y  0.450      SignalP-noTM
5mSIPHEX2_16-scaffold_422_c1_13  0.224  22  0.426  22  0.918  12  0.807   0.632 Y  0.450      SignalP-noTM
5mSIPHEX2_16-scaffold_422_c1_15  0.396  21  0.552  21  0.884  11  0.764   0.666 Y  0.450      SignalP-noTM
5mSIPHEX2_16-scaffold_422_c1_7  0.144  19  0.314  19  0.785  15  0.701   0.465 Y  0.450      SignalP-TM
5mSIPHEX2_16-scaffold_422_c1_7  0.320  21  0.494  21  0.904  17  0.775   0.626 Y  0.570      SignalP-noTM
5mSIPHEX2_16-scaffold_422_c1_7  0.539  21  0.673  21  0.909   2  0.836   0.761 Y  0.450      SignalP-noTM
5mSIPHEX2_16-scaffold_422_c1_9  0.229  20  0.452  20  0.940  12  0.894   0.691 Y  0.450      SignalP-noTM
5mSIPHEX2_16-scaffold_422_c1_9  0.230  27  0.365  27  0.830   2  0.673   0.485 Y  0.450      SignalP-TM
5mSIPHEX2_16-scaffold_450_c1_19  0.178  22  0.366  22  0.806   4  0.750   0.516 Y  0.450      SignalP-TM
5mSIPHEX2_16-scaffold_450_c1_19  0.262  20  0.400  20  0.760   4  0.603   0.510 Y  0.450      SignalP-noTM
5mSIPHEX2_16-scaffold_450_c1_19  0.430  22  0.591  22  0.898   9  0.838   0.707 Y  0.570      SignalP-noTM
5mSIPHEX2_16-scaffold_450_c1_5  0.339  31  0.428  31  0.821  20  0.621   0.503 Y  0.450      SignalP-TM
5mSIPHEX2_16-scaffold_450_c1_5  0.731  21  0.805  21  0.960   2  0.881   0.846 Y  0.450      SignalP-noTM
5mSIPHEX2_16-scaffold_450_c1_6  0.292  25  0.486  25  0.851  16  0.649   0.549 Y  0.450      SignalP-TM
5mSIPHEX2_16-scaffold_450_c1_6  0.361  24  0.564  24  0.924  13  0.878   0.734 Y  0.450      SignalP-noTM
5mSIPHEX2_16-scaffold_463_c1_12  0.383  19  0.558  19  0.859  17  0.814   0.696 Y  0.450      SignalP-noTM
5mSIPHEX2_16-scaffold_463_c1_13  0.232  19  0.430  19  0.903  10  0.786   0.622 Y  0.450      SignalP-noTM
5mSIPHEX2_16-scaffold_463_c1_17  0.182  20  0.322  20  0.711   6  0.566   0.454 Y  0.450      SignalP-noTM
5mSIPHEX2_16-scaffold_463_c1_20  0.699  20  0.761  20  0.893  13  0.833   0.800 Y  0.450      SignalP-noTM
5mSIPHEX2_16-scaffold_463_c1_4  0.218  21  0.367  21  0.765   8  0.615   0.501 Y  0.450      SignalP-noTM
5mSIPHEX2_16-scaffold_463_c1_4  0.224  43  0.324  21  0.869  18  0.780   0.502 Y  0.450      SignalP-TM
5mSIPHEX2_16-scaffold_463_c1_5  0.141  21  0.332  21  0.822  17  0.773   0.504 Y  0.450      SignalP-TM
5mSIPHEX2_16-scaffold_463_c1_5  0.280  21  0.477  21  0.912  18  0.813   0.635 Y  0.570      SignalP-noTM
5mSIPHEX2_16-scaffold_463_c1_5  0.500  21  0.658  21  0.928  10  0.862   0.768 Y  0.450      SignalP-noTM
5mSIPHEX2_16-scaffold_467_c1_17  0.177  28  0.369  26  0.881  15  0.765   0.524 Y  0.450      SignalP-TM
5mSIPHEX2_16-scaffold_467_c1_17  0.316  32  0.508  26  0.935  14  0.858   0.697 Y  0.450      SignalP-noTM
5mSIPHEX2_16-scaffold_467_c1_17  0.473  26  0.559  26  0.900   5  0.761   0.654 Y  0.570      SignalP-noTM
5mSIPHEX2_16-scaffold_487_c1_3  0.120  19  0.296  19  0.839   7  0.740   0.536 Y  0.450      SignalP-noTM
5mSIPHEX2_16-scaffold_522_c1_16  0.197  19  0.335  19  0.779  14  0.578   0.466 Y  0.450      SignalP-noTM
5mSIPHEX2_16-scaffold_522_c1_18  0.247  22  0.461  22  0.933  18  0.868   0.652 Y  0.570      SignalP-noTM
5mSIPHEX2_16-scaffold_522_c1_18  0.351  27  0.543  27  0.917  18  0.796   0.641 Y  0.450      SignalP-TM
5mSIPHEX2_16-scaffold_522_c1_18  0.782  23  0.840  23  0.959  13  0.903   0.874 Y  0.450      SignalP-noTM
5mSIPHEX2_16-scaffold_522_c1_19  0.179  22  0.363  22  0.884  15  0.735   0.564 Y  0.450      SignalP-noTM
5mSIPHEX2_16-scaffold_522_c1_21  0.191  22  0.384  24  0.852  18  0.760   0.531 Y  0.450      SignalP-TM
5mSIPHEX2_16-scaffold_522_c1_21  0.196  21  0.411  21  0.945  11  0.861   0.654 Y  0.450      SignalP-noTM
5mSIPHEX2_16-scaffold_522_c1_3  0.190  21  0.386  21  0.899  13  0.780   0.599 Y  0.450      SignalP-noTM
5mSIPHEX2_16-scaffold_522_c1_3  0.321  19  0.520  19  0.922  18  0.836   0.669 Y  0.570      SignalP-noTM
5mSIPHEX2_16-scaffold_522_c1_8  0.684  20  0.739  20  0.837   1  0.791   0.767 Y  0.450      SignalP-noTM
5mSIPHEX2_16-scaffold_522_c1_9  0.157  20  0.300  20  0.722   5  0.579   0.451 Y  0.450      SignalP-noTM
5mSIPHEX2_16-scaffold_531_c1_13  0.205  34  0.384  34  0.924  10  0.770   0.535 Y  0.450      SignalP-TM
5mSIPHEX2_16-scaffold_531_c1_13  0.327  26  0.532  26  0.935  15  0.877   0.694 Y  0.570      SignalP-noTM
5mSIPHEX2_16-scaffold_531_c1_13  0.418  26  0.590  26  0.891  23  0.823   0.716 Y  0.450      SignalP-noTM
5mSIPHEX2_16-scaffold_531_c1_19  0.186  20  0.386  20  0.902   1  0.818   0.589 Y  0.570      SignalP-noTM
5mSIPHEX2_16-scaffold_531_c1_19  0.188  27  0.339  21  0.781  11  0.733   0.493 Y  0.450      SignalP-TM
5mSIPHEX2_16-scaffold_531_c1_19  0.318  20  0.529  20  0.925  10  0.880   0.719 Y  0.450      SignalP-noTM
5mSIPHEX2_16-scaffold_531_c1_20  0.428  24  0.578  24  0.927   2  0.788   0.691 Y  0.450      SignalP-noTM
5mSIPHEX2_16-scaffold_531_c1_6  0.157  21  0.323  19  0.817   7  0.679   0.515 Y  0.450      SignalP-noTM
5mSIPHEX2_16-scaffold_531_c1_9  0.357  26  0.531  26  0.937   7  0.800   0.677 Y  0.450      SignalP-noTM
5mSIPHEX2_16-scaffold_532_c1_2  0.416  22  0.571  22  0.871  13  0.789   0.689 Y  0.450      SignalP-noTM
5mSIPHEX2_16-scaffold_532_c1_2  0.538  22  0.699  22  0.960  19  0.903   0.795 Y  0.570      SignalP-noTM
5mSIPHEX2_16-scaffold_532_c1_3  0.211  22  0.374  22  0.735  18  0.628   0.473 Y  0.450      SignalP-TM
5mSIPHEX2_16-scaffold_532_c1_3  0.493  22  0.670  22  0.958  13  0.912   0.800 Y  0.450      SignalP-noTM
5mSIPHEX2_16-scaffold_532_c1_7  0.201  26  0.363  26  0.882   8  0.722   0.503 Y  0.450      SignalP-TM
5mSIPHEX2_16-scaffold_532_c1_7  0.375  21  0.581  21  0.952  11  0.902   0.754 Y  0.450      SignalP-noTM
5mSIPHEX2_16-scaffold_532_c1_8  0.268  38  0.389  22  0.933  15  0.846   0.567 Y  0.450      SignalP-TM
5mSIPHEX2_16-scaffold_532_c1_8  0.305  24  0.541  24  0.991  15  0.958   0.737 Y  0.570      SignalP-noTM
5mSIPHEX2_16-scaffold_532_c1_8  0.633  22  0.779  22  0.989  14  0.960   0.877 Y  0.450      SignalP-noTM
5mSIPHEX2_16-scaffold_543_c1_10  0.542  21  0.700  21  0.951   4  0.908   0.812 Y  0.450      SignalP-noTM
5mSIPHEX2_16-scaffold_543_c1_11  0.804  19  0.861  19  0.954   3  0.921   0.893 Y  0.450      SignalP-noTM
5mSIPHEX2_16-scaffold_543_c1_11  0.832  19  0.825  19  0.897   1  0.811   0.819 Y  0.570      SignalP-noTM
5mSIPHEX2_16-scaffold_543_c1_12  0.175  34  0.276  13  0.820   7  0.762   0.466 Y  0.450      SignalP-TM
5mSIPHEX2_16-scaffold_543_c1_13  0.126  23  0.307  23  0.869  15  0.748   0.479 Y  0.450      SignalP-TM
5mSIPHEX2_16-scaffold_543_c1_13  0.262  18  0.487  18  0.948  10  0.899   0.709 Y  0.450      SignalP-noTM
5mSIPHEX2_16-scaffold_543_c1_16  0.490  17  0.640  17  0.894  15  0.859   0.758 Y  0.450      SignalP-noTM
5mSIPHEX2_16-scaffold_543_c1_17  0.156  24  0.363  24  0.891  15  0.823   0.542 Y  0.450      SignalP-TM
5mSIPHEX2_16-scaffold_543_c1_17  0.198  24  0.427  24  0.969  16  0.928   0.663 Y  0.570      SignalP-noTM
5mSIPHEX2_16-scaffold_543_c1_17  0.331  23  0.536  23  0.938  13  0.869   0.716 Y  0.450      SignalP-noTM
5mSIPHEX2_16-scaffold_543_c1_3  0.449  21  0.623  21  0.923  11  0.867   0.721 Y  0.500      SignalP-TM
5mSIPHEX2_16-scaffold_543_c1_6  0.295  24  0.420  24  0.744  19  0.604   0.492 Y  0.450      SignalP-TM
5mSIPHEX2_16-scaffold_543_c1_6  0.309  20  0.493  20  0.852   4  0.799   0.658 Y  0.450      SignalP-noTM
5mSIPHEX2_16-scaffold_543_c1_7  0.441  23  0.570  23  0.815  17  0.699   0.620 Y  0.450      SignalP-TM
5mSIPHEX2_16-scaffold_543_c1_7  0.554  23  0.652  23  0.922   2  0.768   0.715 Y  0.450      SignalP-noTM
5mSIPHEX2_16-scaffold_543_c1_9  0.220  21  0.397  21  0.790  17  0.688   0.511 Y  0.450      SignalP-TM
5mSIPHEX2_16-scaffold_543_c1_9  0.817  21  0.802  21  0.871  16  0.786   0.793 Y  0.450      SignalP-noTM
5mSIPHEX2_16-scaffold_549_c1_14  0.302  18  0.430  18  0.787  16  0.630   0.538 Y  0.450      SignalP-noTM
5mSIPHEX2_16-scaffold_549_c1_3  0.350  22  0.436  22  0.781   4  0.603   0.503 Y  0.500      SignalP-TM
5mSIPHEX2_16-scaffold_549_c1_4  0.345  19  0.553  19  0.915  13  0.889   0.734 Y  0.450      SignalP-noTM
5mSIPHEX2_16-scaffold_549_c1_8  0.368  20  0.567  20  0.948   2  0.863   0.727 Y  0.450      SignalP-noTM
5mSIPHEX2_16-scaffold_549_c1_8  0.710  19  0.747  19  0.904  11  0.792   0.768 Y  0.570      SignalP-noTM
5mSIPHEX2_16-scaffold_592_c1_12  0.240  25  0.430  25  0.923  12  0.790   0.570 Y  0.450      SignalP-TM
5mSIPHEX2_16-scaffold_592_c1_12  0.656  20  0.766  20  0.939   3  0.893   0.834 Y  0.450      SignalP-noTM
5mSIPHEX2_16-scaffold_592_c1_18  0.220  22  0.395  22  0.864  12  0.690   0.511 Y  0.450      SignalP-TM
5mSIPHEX2_16-scaffold_592_c1_18  0.450  20  0.547  20  0.811   5  0.648   0.601 Y  0.450      SignalP-noTM
5mSIPHEX2_16-scaffold_592_c1_19  0.248  23  0.403  23  0.759   4  0.654   0.538 Y  0.450      SignalP-noTM
5mSIPHEX2_16-scaffold_592_c1_3  0.214  18  0.384  18  0.749   1  0.682   0.500 Y  0.450      SignalP-TM
5mSIPHEX2_16-scaffold_592_c1_3  0.614  18  0.664  18  0.828   1  0.727   0.694 Y  0.570      SignalP-noTM
5mSIPHEX2_16-scaffold_592_c1_3  0.746  18  0.826  18  0.959  11  0.911   0.872 Y  0.450      SignalP-noTM
5mSIPHEX2_16-scaffold_592_c1_6  0.228  26  0.342  21  0.811   9  0.686   0.476 Y  0.450      SignalP-TM
5mSIPHEX2_16-scaffold_592_c1_6  0.603  19  0.730  19  0.926   3  0.885   0.814 Y  0.450      SignalP-noTM
5mSIPHEX2_16-scaffold_592_c1_6  0.727  19  0.728  19  0.875  16  0.726   0.727 Y  0.570      SignalP-noTM
5mSIPHEX2_16-scaffold_592_c1_8  0.201  26  0.357  26  0.826  19  0.677   0.482 Y  0.450      SignalP-TM
5mSIPHEX2_16-scaffold_592_c1_8  0.650  26  0.688  26  0.952   3  0.751   0.722 Y  0.450      SignalP-noTM
5mSIPHEX2_16-scaffold_611_c1_14  0.189  19  0.354  19  0.701   7  0.655   0.471 Y  0.450      SignalP-TM
5mSIPHEX2_16-scaffold_611_c1_14  0.358  19  0.569  19  0.948  11  0.902   0.749 Y  0.450      SignalP-noTM
5mSIPHEX2_16-scaffold_611_c1_14  0.456  19  0.611  19  0.921  13  0.809   0.704 Y  0.570      SignalP-noTM
5mSIPHEX2_16-scaffold_611_c1_15  0.538  23  0.679  23  0.928  12  0.858   0.776 Y  0.450      SignalP-noTM
5mSIPHEX2_16-scaffold_611_c1_7  0.240  29  0.399  29  0.877  18  0.691   0.513 Y  0.450      SignalP-TM
5mSIPHEX2_16-scaffold_611_c1_7  0.522  25  0.658  25  0.958  15  0.834   0.753 Y  0.450      SignalP-noTM
5mSIPHEX2_16-scaffold_611_c1_7  0.595  23  0.684  23  0.924  17  0.793   0.735 Y  0.570      SignalP-noTM
5mSIPHEX2_16-scaffold_619_c1_10  0.407  24  0.616  24  0.972  17  0.929   0.785 Y  0.450      SignalP-noTM
5mSIPHEX2_16-scaffold_619_c1_1  0.139  26  0.345  26  0.955  18  0.861   0.624 Y  0.450      SignalP-noTM
5mSIPHEX2_16-scaffold_619_c1_12  0.328  19  0.538  19  0.933   1  0.869   0.717 Y  0.450      SignalP-noTM
5mSIPHEX2_16-scaffold_619_c1_5  0.245  24  0.417  24  0.886  14  0.712   0.576 Y  0.450      SignalP-noTM
5mSIPHEX2_16-scaffold_619_c1_9  0.218  25  0.435  25  0.923  20  0.865   0.603 Y  0.450      SignalP-TM
5mSIPHEX2_16-scaffold_619_c1_9  0.384  25  0.546  25  0.884   7  0.769   0.666 Y  0.450      SignalP-noTM
5mSIPHEX2_16-scaffold_619_c1_9  0.662  25  0.735  25  0.942  21  0.846   0.787 Y  0.570      SignalP-noTM
5mSIPHEX2_16-scaffold_634_c1_14  0.193  20  0.390  20  0.888  16  0.798   0.581 Y  0.570      SignalP-noTM
5mSIPHEX2_16-scaffold_634_c1_14  0.314  25  0.480  25  0.908  13  0.742   0.621 Y  0.450      SignalP-noTM
5mSIPHEX2_16-scaffold_634_c1_6  0.230  27  0.421  22  0.951  18  0.910   0.651 Y  0.570      SignalP-noTM
5mSIPHEX2_16-scaffold_634_c1_6  0.365  20  0.576  20  0.947  13  0.915   0.759 Y  0.450      SignalP-noTM
5mSIPHEX2_16-scaffold_634_c1_6  0.386  27  0.534  27  0.904  15  0.785   0.632 Y  0.450      SignalP-TM
5mSIPHEX2_16-scaffold_650_c1_1  0.328  23  0.485  23  0.873   8  0.718   0.611 Y  0.450      SignalP-noTM
5mSIPHEX2_16-scaffold_650_c1_14  0.338  20  0.472  20  0.806   2  0.648   0.567 Y  0.450      SignalP-noTM
5mSIPHEX2_16-scaffold_650_c1_4  0.233  18  0.416  18  0.823   7  0.752   0.597 Y  0.450      SignalP-noTM
5mSIPHEX2_16-scaffold_660_c1_10  0.139  24  0.346  24  0.937  16  0.781   0.516 Y  0.450      SignalP-TM
5mSIPHEX2_16-scaffold_660_c1_10  0.308  24  0.500  24  0.912  18  0.752   0.601 Y  0.500      SignalP-TM
5mSIPHEX2_16-scaffold_660_c1_10  0.337  24  0.501  24  0.833  20  0.627   0.547 Y  0.510      SignalP-TM
5mSIPHEX2_16-scaffold_660_c1_2  0.321  25  0.448  25  0.760  19  0.623   0.516 Y  0.450      SignalP-TM
5mSIPHEX2_16-scaffold_660_c1_2  0.802  20  0.849  20  0.932  14  0.902   0.878 Y  0.450      SignalP-noTM
5mSIPHEX2_16-scaffold_674_c1_10  0.531  23  0.666  23  0.910  18  0.834   0.757 Y  0.450      SignalP-noTM
5mSIPHEX2_16-scaffold_674_c1_11  0.393  24  0.531  24  0.844  12  0.719   0.633 Y  0.450      SignalP-noTM
5mSIPHEX2_16-scaffold_674_c1_11  0.619  24  0.641  24  0.751  14  0.639   0.640 Y  0.570      SignalP-noTM
5mSIPHEX2_16-scaffold_674_c1_2  0.202  23  0.358  23  0.847  10  0.674   0.481 Y  0.450      SignalP-TM
5mSIPHEX2_16-scaffold_674_c1_2  0.311  23  0.463  23  0.905  14  0.723   0.585 Y  0.570      SignalP-noTM
5mSIPHEX2_16-scaffold_674_c1_2  0.619  21  0.715  21  0.920   2  0.820   0.772 Y  0.450      SignalP-noTM
5mSIPHEX2_16-scaffold_674_c1_3  0.640  24  0.562  24  0.658  15  0.512   0.542 Y  0.500      SignalP-TM
5mSIPHEX2_16-scaffold_674_c1_4  0.502  24  0.546  24  0.718   8  0.607   0.571 Y  0.500      SignalP-TM
5mSIPHEX2_16-scaffold_674_c1_6  0.313  21  0.523  21  0.927  13  0.874   0.713 Y  0.450      SignalP-noTM
5mSIPHEX2_16-scaffold_674_c1_6  0.502  21  0.615  21  0.818   1  0.758   0.682 Y  0.570      SignalP-noTM
5mSIPHEX2_16-scaffold_674_c1_9  0.359  22  0.535  22  0.838  18  0.777   0.629 Y  0.450      SignalP-TM
5mSIPHEX2_16-scaffold_674_c1_9  0.427  22  0.590  22  0.900   3  0.814   0.711 Y  0.450      SignalP-noTM
5mSIPHEX2_16-scaffold_674_c1_9  0.699  22  0.763  22  0.908  18  0.819   0.789 Y  0.570      SignalP-noTM
5mSIPHEX2_16-scaffold_687_c1_3  0.291  20  0.430  20  0.757  18  0.654   0.517 Y  0.450      SignalP-TM
5mSIPHEX2_16-scaffold_687_c1_3  0.625  20  0.750  20  0.943  10  0.898   0.809 Y  0.500      SignalP-TM
5mSIPHEX2_16-scaffold_687_c1_3  0.791  20  0.791  20  0.870  18  0.789   0.790 Y  0.570      SignalP-noTM
5mSIPHEX2_16-scaffold_687_c1_6  0.194  25  0.395  25  0.871  23  0.762   0.538 Y  0.450      SignalP-TM
5mSIPHEX2_16-scaffold_687_c1_6  0.539  25  0.672  25  0.928  19  0.853   0.757 Y  0.570      SignalP-noTM
5mSIPHEX2_16-scaffold_687_c1_6  0.799  25  0.847  25  0.957  16  0.896   0.874 Y  0.450      SignalP-noTM
5mSIPHEX2_16-scaffold_687_c1_9  0.274  22  0.464  22  0.901   5  0.782   0.636 Y  0.450      SignalP-noTM
5mSIPHEX2_16-scaffold_709_c1_5  0.282  30  0.408  26  0.821   7  0.671   0.511 Y  0.450      SignalP-TM
5mSIPHEX2_16-scaffold_711_c1_11  0.520  18  0.627  18  0.830  15  0.755   0.696 Y  0.450      SignalP-noTM
5mSIPHEX2_16-scaffold_711_c1_6  0.304  21  0.418  21  0.716  15  0.588   0.484 Y  0.450      SignalP-TM
5mSIPHEX2_16-scaffold_711_c1_6  0.592  19  0.692  19  0.905  15  0.796   0.741 Y  0.570      SignalP-noTM
5mSIPHEX2_16-scaffold_711_c1_6  0.707  21  0.783  21  0.941  12  0.863   0.826 Y  0.450      SignalP-noTM
5mSIPHEX2_16-scaffold_713_c1_10  0.277  27  0.460  22  0.937  12  0.849   0.670 Y  0.450      SignalP-noTM
5mSIPHEX2_16-scaffold_713_c1_10  0.300  22  0.500  22  0.913  18  0.850   0.636 Y  0.450      SignalP-TM
5mSIPHEX2_16-scaffold_713_c1_10  0.690  22  0.748  22  0.908   1  0.843   0.793 Y  0.570      SignalP-noTM
5mSIPHEX2_16-scaffold_713_c1_14  0.206  21  0.378  21  0.823   8  0.687   0.545 Y  0.450      SignalP-noTM
5mSIPHEX2_16-scaffold_713_c1_7  0.318  22  0.497  19  0.867  15  0.806   0.663 Y  0.450      SignalP-noTM
5mSIPHEX2_16-scaffold_718_c1_1  0.532  24  0.680  24  0.947  12  0.868   0.782 Y  0.450      SignalP-noTM
5mSIPHEX2_16-scaffold_718_c1_1  0.670  24  0.722  24  0.816  19  0.714   0.719 Y  0.450      SignalP-TM
5mSIPHEX2_16-scaffold_718_c1_1  0.742  24  0.773  24  0.912  12  0.830   0.800 Y  0.570      SignalP-noTM
5mSIPHEX2_16-scaffold_718_c1_6  0.163  33  0.351  33  0.867  20  0.653   0.515 Y  0.450      SignalP-noTM
5mSIPHEX2_16-scaffold_734_c1_10  0.334  25  0.415  17  0.858   1  0.703   0.530 Y  0.500      SignalP-TM
5mSIPHEX2_16-scaffold_734_c1_16  0.618  20  0.728  20  0.907   3  0.866   0.803 Y  0.450      SignalP-noTM
5mSIPHEX2_16-scaffold_744_c1_4  0.360  24  0.529  24  0.875   3  0.783   0.666 Y  0.450      SignalP-noTM
5mSIPHEX2_16-scaffold_744_c1_8  0.307  19  0.497  19  0.850   1  0.796   0.659 Y  0.450      SignalP-noTM
5mSIPHEX2_16-scaffold_752_c1_3  0.469  25  0.488  25  0.706  17  0.501   0.495 Y  0.450      SignalP-noTM
5mSIPHEX2_16-scaffold_752_c1_4  0.193  24  0.361  24  0.768  15  0.607   0.457 Y  0.450      SignalP-TM
5mSIPHEX2_16-scaffold_752_c1_4  0.235  23  0.420  23  0.872  17  0.760   0.580 Y  0.570      SignalP-noTM
5mSIPHEX2_16-scaffold_752_c1_4  0.534  24  0.661  24  0.918   4  0.820   0.747 Y  0.450      SignalP-noTM
5mSIPHEX2_16-scaffold_752_c1_5  0.230  27  0.373  27  0.842  16  0.633   0.474 Y  0.450      SignalP-TM
5mSIPHEX2_16-scaffold_752_c1_5  0.243  20  0.458  20  0.928  16  0.858   0.646 Y  0.570      SignalP-noTM
5mSIPHEX2_16-scaffold_752_c1_5  0.621  24  0.697  24  0.917  13  0.783   0.743 Y  0.450      SignalP-noTM
5mSIPHEX2_16-scaffold_778_c1_11  0.400  21  0.566  21  0.889   1  0.792   0.688 Y  0.450      SignalP-noTM
5mSIPHEX2_16-scaffold_778_c1_12  0.249  26  0.384  26  0.810  12  0.593   0.466 Y  0.450      SignalP-TM
5mSIPHEX2_16-scaffold_778_c1_12  0.447  19  0.606  19  0.934  18  0.813   0.703 Y  0.570      SignalP-noTM
5mSIPHEX2_16-scaffold_778_c1_12  0.774  21  0.821  21  0.925  13  0.870   0.848 Y  0.450      SignalP-noTM
5mSIPHEX2_16-scaffold_785_c1_10  0.773  22  0.739  22  0.841   3  0.702   0.719 Y  0.450      SignalP-noTM
5mSIPHEX2_16-scaffold_785_c1_11  0.381  20  0.553  20  0.878  18  0.779   0.641 Y  0.450      SignalP-TM
5mSIPHEX2_16-scaffold_785_c1_11  0.650  20  0.761  20  0.955  12  0.889   0.830 Y  0.450      SignalP-noTM
5mSIPHEX2_16-scaffold_785_c1_11  0.708  20  0.758  20  0.882  11  0.815   0.785 Y  0.570      SignalP-noTM
5mSIPHEX2_16-scaffold_785_c1_12  0.172  26  0.346  22  0.909   6  0.809   0.526 Y  0.450      SignalP-TM
5mSIPHEX2_16-scaffold_785_c1_12  0.280  26  0.459  26  0.930   5  0.820   0.629 Y  0.570      SignalP-noTM
5mSIPHEX2_16-scaffold_785_c1_12  0.504  22  0.673  22  0.950   5  0.900   0.796 Y  0.450      SignalP-noTM
5mSIPHEX2_16-scaffold_785_c1_13  0.148  27  0.329  23  0.847   2  0.782   0.506 Y  0.450      SignalP-TM
5mSIPHEX2_16-scaffold_785_c1_13  0.532  23  0.646  23  0.910   9  0.785   0.721 Y  0.450      SignalP-noTM
5mSIPHEX2_16-scaffold_785_c1_2  0.280  23  0.449  23  0.894  14  0.719   0.595 Y  0.450      SignalP-noTM
5mSIPHEX2_16-scaffold_785_c1_3  0.157  22  0.363  22  0.922  17  0.853   0.593 Y  0.570      SignalP-noTM
5mSIPHEX2_16-scaffold_785_c1_3  0.201  26  0.398  26  0.923  17  0.810   0.559 Y  0.450      SignalP-TM
5mSIPHEX2_16-scaffold_785_c1_3  0.439  23  0.619  23  0.962   5  0.872   0.756 Y  0.450      SignalP-noTM
5mSIPHEX2_16-scaffold_785_c1_4  0.192  31  0.319  27  0.893  18  0.765   0.493 Y  0.450      SignalP-TM
5mSIPHEX2_16-scaffold_785_c1_4  0.211  22  0.430  22  0.925  15  0.884   0.644 Y  0.570      SignalP-noTM
5mSIPHEX2_16-scaffold_785_c1_4  0.444  21  0.642  21  0.971   5  0.928   0.797 Y  0.450      SignalP-noTM
5mSIPHEX2_16-scaffold_785_c1_6  0.211  18  0.366  18  0.703   1  0.633   0.470 Y  0.450      SignalP-TM
5mSIPHEX2_16-scaffold_785_c1_6  0.684  18  0.736  18  0.858   1  0.798   0.765 Y  0.570      SignalP-noTM
5mSIPHEX2_16-scaffold_785_c1_6  0.806  18  0.848  18  0.951   2  0.878   0.864 Y  0.450      SignalP-noTM
5mSIPHEX2_16-scaffold_792_c1_5  0.580  22  0.606  22  0.809   1  0.651   0.627 Y  0.570      SignalP-noTM
5mSIPHEX2_16-scaffold_792_c1_5  0.603  22  0.610  22  0.792  19  0.553   0.588 Y  0.450      SignalP-TM
5mSIPHEX2_16-scaffold_792_c1_5  0.698  22  0.722  22  0.852   3  0.745   0.735 Y  0.450      SignalP-noTM
5mSIPHEX2_16-scaffold_792_c1_7  0.219  20  0.414  20  0.908   2  0.765   0.604 Y  0.450      SignalP-noTM
5mSIPHEX2_16-scaffold_809_c1_2  0.188  17  0.374  17  0.837  15  0.770   0.588 Y  0.450      SignalP-noTM
5mSIPHEX2_16-scaffold_809_c1_4  0.161  25  0.350  25  0.902  13  0.765   0.574 Y  0.450      SignalP-noTM
5mSIPHEX2_16-scaffold_834_c1_10  0.200  21  0.385  21  0.828  10  0.735   0.574 Y  0.450      SignalP-noTM
5mSIPHEX2_16-scaffold_834_c1_2  0.380  17  0.583  17  0.923   2  0.891   0.749 Y  0.450      SignalP-noTM
5mSIPHEX2_16-scaffold_834_c1_4  0.180  20  0.342  20  0.779   6  0.661   0.515 Y  0.450      SignalP-noTM
5mSIPHEX2_16-scaffold_834_c1_7  0.238  24  0.427  24  0.914  12  0.768   0.611 Y  0.450      SignalP-noTM
5mSIPHEX2_16-scaffold_836_c1_10  0.337  21  0.417  21  0.677   9  0.523   0.474 Y  0.450      SignalP-noTM
5mSIPHEX2_16-scaffold_836_c1_11  0.635  20  0.745  20  0.938   1  0.864   0.809 Y  0.450      SignalP-noTM
5mSIPHEX2_16-scaffold_836_c1_12  0.130  24  0.307  24  0.865   8  0.751   0.480 Y  0.450      SignalP-TM
5mSIPHEX2_16-scaffold_836_c1_12  0.382  24  0.549  24  0.917   2  0.840   0.686 Y  0.570      SignalP-noTM
5mSIPHEX2_16-scaffold_836_c1_12  0.704  20  0.794  20  0.938  12  0.898   0.850 Y  0.450      SignalP-noTM
5mSIPHEX2_16-scaffold_864_c1_6  0.423  21  0.458  21  0.643  19  0.460   0.459 Y  0.450      SignalP-TM
5mSIPHEX2_16-scaffold_864_c1_6  0.788  21  0.843  21  0.952  12  0.902   0.875 Y  0.450      SignalP-noTM
5mSIPHEX2_16-scaffold_864_c1_7  0.332  22  0.490  22  0.796  19  0.695   0.570 Y  0.450      SignalP-TM
5mSIPHEX2_16-scaffold_864_c1_7  0.613  22  0.744  22  0.951  12  0.903   0.830 Y  0.450      SignalP-noTM
5mSIPHEX2_16-scaffold_864_c1_7  0.792  22  0.812  22  0.909  11  0.836   0.824 Y  0.570      SignalP-noTM
5mSIPHEX2_16-scaffold_893_c1_10  0.180  29  0.378  29  0.903  19  0.728   0.567 Y  0.450      SignalP-noTM
5mSIPHEX2_16-scaffold_893_c1_11  0.311  24  0.434  24  0.785  13  0.605   0.526 Y  0.450      SignalP-noTM
5mSIPHEX2_16-scaffold_893_c1_4  0.285  25  0.441  25  0.763  20  0.592   0.500 Y  0.450      SignalP-TM
5mSIPHEX2_16-scaffold_893_c1_4  0.414  22  0.596  22  0.921   4  0.858   0.738 Y  0.450      SignalP-noTM
5mSIPHEX2_16-scaffold_893_c1_5  0.263  19  0.464  19  0.912   8  0.803   0.647 Y  0.450      SignalP-noTM
5mSIPHEX2_16-scaffold_920_c1_8  0.322  30  0.517  30  0.919  18  0.831   0.686 Y  0.450      SignalP-noTM
5mSIPHEX2_16-scaffold_920_c1_8  0.326  30  0.445  30  0.735  21  0.590   0.502 Y  0.450      SignalP-TM
5mSIPHEX2_16-scaffold_922_c1_11  0.436  37  0.532  37  0.853  33  0.466   0.506 Y  0.450      SignalP-TM
5mSIPHEX2_16-scaffold_922_c1_12  0.639  29  0.624  29  0.843  20  0.649   0.638 Y  0.450      SignalP-noTM
5mSIPHEX2_16-scaffold_922_c1_3  0.193  25  0.369  25  0.800  19  0.647   0.477 Y  0.450      SignalP-TM
5mSIPHEX2_16-scaffold_922_c1_3  0.417  24  0.530  24  0.821  14  0.675   0.609 Y  0.450      SignalP-noTM
5mSIPHEX2_16-scaffold_922_c1_3  0.469  20  0.625  20  0.921  18  0.823   0.718 Y  0.570      SignalP-noTM
5mSIPHEX2_16-scaffold_922_c1_8  0.435  25  0.436  25  0.773  11  0.502   0.462 Y  0.450      SignalP-TM
5mSIPHEX2_16-scaffold_924_c1_5  0.372  23  0.547  23  0.894  10  0.802   0.647 Y  0.450      SignalP-TM
5mSIPHEX2_16-scaffold_924_c1_5  0.377  20  0.567  20  0.915   4  0.850   0.720 Y  0.450      SignalP-noTM
5mSIPHEX2_16-scaffold_924_c1_5  0.409  23  0.552  23  0.882  19  0.796   0.667 Y  0.570      SignalP-noTM
5mSIPHEX2_16-scaffold_924_c1_7  0.198  18  0.367  18  0.772   5  0.669   0.530 Y  0.450      SignalP-noTM
5mSIPHEX2_16-scaffold_925_c1_1  0.536  21  0.677  21  0.923  18  0.867   0.751 Y  0.450      SignalP-TM
5mSIPHEX2_16-scaffold_925_c1_1  0.604  21  0.696  21  0.871  10  0.800   0.752 Y  0.450      SignalP-noTM
5mSIPHEX2_16-scaffold_925_c1_1  0.791  21  0.787  21  0.899   1  0.808   0.797 Y  0.570      SignalP-noTM
5mSIPHEX2_16-scaffold_925_c1_4  0.358  31  0.486  31  0.906  14  0.721   0.578 Y  0.450      SignalP-TM
5mSIPHEX2_16-scaffold_925_c1_4  0.495  24  0.659  24  0.918  15  0.788   0.707 Y  0.510      SignalP-TM
5mSIPHEX2_16-scaffold_925_c1_4  0.578  26  0.666  26  0.917  14  0.730   0.692 Y  0.500      SignalP-TM
5mSIPHEX2_16-scaffold_925_c1_6  0.825  20  0.714  20  0.704  16  0.617   0.661 Y  0.450      SignalP-noTM
5mSIPHEX2_16-scaffold_925_c1_7  0.188  20  0.400  20  0.901  10  0.850   0.643 Y  0.450      SignalP-noTM
5mSIPHEX2_16-scaffold_925_c1_8  0.343  32  0.523  32  0.914  19  0.792   0.668 Y  0.450      SignalP-noTM
5mSIPHEX2_16-scaffold_925_c1_8  0.370  30  0.519  30  0.929  12  0.801   0.652 Y  0.570      SignalP-noTM
5mSIPHEX2_16-scaffold_940_c1_2  0.173  29  0.338  29  0.798  15  0.708   0.482 Y  0.450      SignalP-TM
5mSIPHEX2_16-scaffold_940_c1_2  0.562  24  0.724  24  0.962  18  0.930   0.820 Y  0.570      SignalP-noTM
5mSIPHEX2_16-scaffold_940_c1_2  0.713  26  0.791  26  0.957  16  0.871   0.834 Y  0.450      SignalP-noTM
5mSIPHEX2_16-scaffold_940_c1_3  0.229  18  0.443  18  0.895   9  0.856   0.666 Y  0.450      SignalP-noTM
5mSIPHEX2_16-scaffold_940_c1_3  0.304  26  0.438  26  0.810  17  0.585   0.495 Y  0.450      SignalP-TM
5mSIPHEX2_16-scaffold_940_c1_5  0.159  21  0.323  21  0.770   1  0.664   0.456 Y  0.450      SignalP-TM
5mSIPHEX2_16-scaffold_940_c1_5  0.185  42  0.362  19  0.827   8  0.743   0.568 Y  0.450      SignalP-noTM
5mSIPHEX2_16-scaffold_940_c1_5  0.477  19  0.548  19  0.749   1  0.613   0.579 Y  0.570      SignalP-noTM
5mSIPHEX2_16-scaffold_940_c1_6  0.491  27  0.590  27  0.948  12  0.740   0.671 Y  0.450      SignalP-noTM
5mSIPHEX2_16-scaffold_943_c1_13  0.204  28  0.335  28  0.826  15  0.640   0.454 Y  0.450      SignalP-TM
5mSIPHEX2_16-scaffold_943_c1_13  0.310  20  0.525  20  0.937   2  0.887   0.721 Y  0.450      SignalP-noTM
5mSIPHEX2_16-scaffold_943_c1_9  0.372  21  0.556  21  0.891  18  0.830   0.685 Y  0.570      SignalP-noTM
5mSIPHEX2_16-scaffold_943_c1_9  0.461  21  0.608  21  0.913  18  0.799   0.683 Y  0.450      SignalP-TM
5mSIPHEX2_16-scaffold_943_c1_9  0.747  21  0.804  21  0.926   3  0.865   0.837 Y  0.450      SignalP-noTM
5mSIPHEX2_16-scaffold_947_c1_3  0.144  29  0.329  21  0.908   1  0.855   0.576 Y  0.570      SignalP-noTM
5mSIPHEX2_16-scaffold_947_c1_3  0.155  30  0.323  24  0.886   4  0.738   0.547 Y  0.450      SignalP-noTM
5mSIPHEX2_16-scaffold_947_c1_3  0.548  29  0.509  29  0.854  10  0.656   0.566 Y  0.450      SignalP-TM
5mSIPHEX2_16-scaffold_947_c1_4  0.205  24  0.419  21  0.963  12  0.861   0.658 Y  0.450      SignalP-noTM
5mSIPHEX2_16-scaffold_947_c1_4  0.273  28  0.375  28  0.822  16  0.594   0.461 Y  0.450      SignalP-TM
5mSIPHEX2_16-scaffold_947_c1_5  0.212  29  0.431  29  0.975  11  0.916   0.620 Y  0.450      SignalP-TM
5mSIPHEX2_16-scaffold_947_c1_5  0.301  26  0.534  26  0.967  14  0.947   0.728 Y  0.570      SignalP-noTM
5mSIPHEX2_16-scaffold_947_c1_5  0.456  26  0.641  26  0.961   6  0.899   0.781 Y  0.450      SignalP-noTM
5mSIPHEX2_16-scaffold_947_c1_8  0.176  25  0.345  21  0.840   2  0.744   0.501 Y  0.450      SignalP-TM
5mSIPHEX2_16-scaffold_947_c1_8  0.198  21  0.380  21  0.842   2  0.720   0.564 Y  0.450      SignalP-noTM
5mSIPHEX2_16-scaffold_962_c1_8  0.219  25  0.397  25  0.879   7  0.707   0.564 Y  0.450      SignalP-noTM
5mSIPHEX2_16-scaffold_970_c1_1  0.233  26  0.368  26  0.902  18  0.664   0.483 Y  0.450      SignalP-TM
5mSIPHEX2_16-scaffold_970_c1_1  0.724  21  0.774  21  0.927   1  0.842   0.806 Y  0.570      SignalP-noTM
5mSIPHEX2_16-scaffold_970_c1_1  0.792  21  0.733  21  0.794  16  0.676   0.702 Y  0.450      SignalP-noTM
5mSIPHEX2_16-scaffold_970_c1_2  0.325  20  0.508  20  0.884  16  0.792   0.661 Y  0.450      SignalP-noTM
5mSIPHEX2_16-scaffold_970_c1_2  0.378  20  0.541  20  0.927  18  0.761   0.645 Y  0.570      SignalP-noTM
5mSIPHEX2_16-scaffold_970_c1_4  0.135  25  0.327  19  0.932  18  0.875   0.584 Y  0.570      SignalP-noTM
5mSIPHEX2_16-scaffold_970_c1_4  0.167  27  0.361  27  0.936  14  0.805   0.534 Y  0.450      SignalP-TM
5mSIPHEX2_16-scaffold_970_c1_4  0.304  21  0.528  21  0.972  12  0.918   0.739 Y  0.450      SignalP-noTM
5mSIPHEX2_16-scaffold_970_c1_5  0.699  24  0.763  24  0.937  14  0.832   0.800 Y  0.450      SignalP-noTM
5mSIPHEX2_16-scaffold_983_c1_4  0.184  31  0.375  24  0.873  18  0.704   0.503 Y  0.450      SignalP-TM
5mSIPHEX2_16-scaffold_983_c1_4  0.290  24  0.453  24  0.916  12  0.707   0.590 Y  0.450      SignalP-noTM
5mSIPHEX2_16-scaffold_996_c1_4  0.369  19  0.537  19  0.876   2  0.770   0.663 Y  0.450      SignalP-noTM
5mSIPHEX2_16-scaffold_996_c1_4  0.399  21  0.505  21  0.836   1  0.669   0.569 Y  0.450      SignalP-TM
5mSIPHEX2_16-scaffold_996_c1_4  0.454  21  0.535  21  0.839  17  0.631   0.580 Y  0.570      SignalP-noTM
5mSIPHEX2_16-scaffold_996_c1_6  0.195  35  0.329  35  0.903  17  0.695   0.472 Y  0.450      SignalP-TM
