GH23_e953.hmm|GH23:1237	128	5mSIPHEX1_25-scaffold_188_c1_40	648	9e-53	2	127	487	613	0.9765625
GH114_e28.hmm|GH114:31	190	5mSIPHEX1_25-scaffold_239_c1_43	263	1.7e-93	1	189	35	223	0.9894736842105263
GT2_e3652.hmm|GT2:28	211	5mSIPHEX1_25-scaffold_286_c1_15	229	1.3e-80	1	211	6	214	0.995260663507109
GT51_e28.hmm|GT51:6681|2.4.1.129:11	172	5mSIPHEX1_25-scaffold_354_c1_16	814	2.5e-77	2	170	207	375	0.9767441860465116
AA3_e57.hmm|AA3_2:11	532	5mSIPHEX1_25-scaffold_42_c1_10	532	6e-203	1	531	3	529	0.9962406015037594
GT4_e2988.hmm|GT4:5	130	5mSIPHEX1_25-scaffold_42_c1_220	393	1.5e-62	1	127	198	325	0.9692307692307692
AA3_e57.hmm|AA3_2:11	532	5mSIPHEX1_25-scaffold_530_c3_8	534	1.5e-185	1	531	4	529	0.9962406015037594
GT9_e71.hmm|GT9:5354|2.4.99.-:11	224	5mSIPHEX1_25-scaffold_56_c1_191	342	2.2e-83	1	223	78	298	0.9910714285714286
CE11_e22.hmm|CE11:9240|3.5.1.108:18	272	5mSIPHEX1_25-scaffold_57_c1_120	305	1.2e-130	1	271	5	275	0.9926470588235294
AA3_e57.hmm|AA3_2:11	532	5mSIPHEX1_25-scaffold_5_c1_13	553	4.6e-190	1	531	13	544	0.9962406015037594
GT51_e13.hmm|GT51:429	160	5mSIPHEX1_25-scaffold_5_c1_131	779	6.7e-70	3	159	65	221	0.975
GT4_e1226.hmm|GT4:10	139	5mSIPHEX1_25-scaffold_5_c1_148	361	1.7e-43	1	136	184	319	0.9712230215827338
GT4_e2393.hmm|GT4:10	139	5mSIPHEX1_25-scaffold_5_c1_151	360	1.1e-50	1	138	188	328	0.9856115107913669
GT4_e1410.hmm|GT4:111|GT2:1	152	5mSIPHEX1_25-scaffold_5_c1_153	376	3.1e-74	2	151	200	349	0.9802631578947368
GT2_e916.hmm|GT2:24	160	5mSIPHEX1_25-scaffold_5_c1_175	266	4.9e-49	1	159	8	165	0.9875
CBM50_e690.hmm|CBM50:6	42	5mSIPHEX1_25-scaffold_5_c1_393	254	5.7e-29	1	41	43	83	0.9523809523809523
GH23_e756.hmm|CBM50:8|GH23:8	149	5mSIPHEX1_25-scaffold_5_c1_522	537	6.9e-68	1	147	110	256	0.9798657718120806
CBM50_e496.hmm|CBM50:345|GH23:335	43	5mSIPHEX1_25-scaffold_5_c1_522	537	2.6e-18	1	43	417	459	0.9767441860465116
CBM50_e496.hmm|CBM50:345|GH23:335	43	5mSIPHEX1_25-scaffold_5_c1_522	537	1.8e-16	2	43	487	529	0.9534883720930233
AA1_e46.hmm|AA1_3:109|CBM20:5|1.10.3.2:4|AA1:3|1.10.3.-:1	474	5mSIPHEX1_25-scaffold_615_c1_1	608	4.3e-46	13	259	48	328	0.5189873417721519
CBM50_e126.hmm|CBM50:2944|GH24:1	43	5mSIPHEX1_25-scaffold_74_c1_54	456	5.1e-17	1	42	412	453	0.9534883720930233
GT9_e234.hmm|GT9:8|GT4:1	228	5mSIPHEX1_25-scaffold_74_c1_63	348	4e-96	1	228	80	308	0.9956140350877193
GT51_e153.hmm|GT51:4623	175	5mSIPHEX1_25-scaffold_74_c1_87	856	3.4e-80	1	175	59	233	0.9942857142857143
GT51_e98.hmm|GT51:1363|2.4.-.-:2	167	5mSIPHEX1_25-scaffold_76_c1_6	246	1.3e-72	2	166	55	217	0.9820359281437125
AA3_e57.hmm|AA3_2:11	532	5mSIPHEX1_25-scaffold_1048_c1_2	538	7.2e-187	1	530	4	528	0.9943609022556391
GH23_e170.hmm|GH23:561	152	5mSIPHEX1_25-scaffold_115_c1_82	468	3e-72	1	152	301	452	0.993421052631579
CBM50_e855.hmm|CBM50:8	47	5mSIPHEX1_25-scaffold_13_c1_297	357	5e-31	1	47	36	82	0.9787234042553191
AA1_e13.hmm|AA1:55	497	5mSIPHEX1_25-scaffold_211_c1_56	613	4.9e-47	3	254	74	342	0.5050301810865191
GH103_e12.hmm|GH103:1128	288	5mSIPHEX1_25-scaffold_239_c1_19	362	2.7e-110	6	287	60	353	0.9756944444444444
AA1_e1.hmm|AA1:57|AA1_3:53|1.10.3.2:1	342	5mSIPHEX1_25-scaffold_253_c1_47	593	3.2e-49	15	340	52	585	0.9502923976608187
GT2_e4333.hmm|GT2:49|2.4.1.33:1	257	5mSIPHEX1_25-scaffold_318_c1_20	489	5.7e-131	1	257	80	336	0.9961089494163424
PL5_e2.hmm|PL5:57	320	5mSIPHEX1_25-scaffold_318_c1_28	357	3.2e-64	21	311	44	327	0.90625
GH166_e1.hmm|GH166:365	222	5mSIPHEX1_25-scaffold_42_c1_13	915	8.5e-85	2	222	37	256	0.990990990990991
GH3_e78.hmm|GH3:1653|3.2.1.52:1	228	5mSIPHEX1_25-scaffold_42_c1_186	338	3.7e-100	2	227	58	282	0.9868421052631579
GT4_e324.hmm|GT4:176	159	5mSIPHEX1_25-scaffold_42_c1_19	519	8.2e-71	2	158	316	472	0.9811320754716981
GH33_e21.hmm|GH33:93	281	5mSIPHEX1_25-scaffold_42_c1_93	434	2.3e-118	2	280	56	334	0.9893238434163701
GH23_e770.hmm|GH23:16	149	5mSIPHEX1_25-scaffold_46_c1_169	698	3.7e-82	1	149	536	684	0.9932885906040269
AA6_e2.hmm|AA6:22	195	5mSIPHEX1_25-scaffold_46_c1_192	198	1.8e-49	2	190	6	189	0.9641025641025641
GH23_e799.hmm|GH23:7	105	5mSIPHEX1_25-scaffold_46_c1_49	217	3.3e-62	1	105	92	196	0.9904761904761905
AA1_e13.hmm|AA1:55	497	5mSIPHEX1_25-scaffold_56_c1_130	636	5.7e-44	3	249	68	331	0.4949698189134809
GT9_e84.hmm|GT9:7143|2.4.99.-:11|GT2:1	263	5mSIPHEX1_25-scaffold_56_c1_190	353	5.6e-116	6	261	76	332	0.9695817490494296
GT4_e1251.hmm|GT4:177|2.4.1.-:2	150	5mSIPHEX1_25-scaffold_56_c1_192	362	6.3e-48	3	146	190	328	0.9533333333333334
GT2_e4214.hmm|GT2:54	165	5mSIPHEX1_25-scaffold_56_c1_194	298	6.6e-52	1	164	7	167	0.9878787878787879
GH103_e38.hmm|GH103:605	294	5mSIPHEX1_25-scaffold_56_c1_57	400	5.6e-128	1	294	28	321	0.9965986394557823
GT28_e46.hmm|GT28:8561|2.4.1.227:11	160	5mSIPHEX1_25-scaffold_57_c1_114	358	1.3e-57	1	159	184	342	0.9875
GT2_e3201.hmm|GT2:56	152	5mSIPHEX1_25-scaffold_5_c1_147	348	4.9e-48	1	125	28	152	0.8157894736842105
GT4_e3420.hmm|GT4:16	149	5mSIPHEX1_25-scaffold_5_c1_150	407	4.5e-25	4	143	224	361	0.9328859060402684
GT4_e2393.hmm|GT4:10	139	5mSIPHEX1_25-scaffold_5_c1_156	340	3.1e-51	1	138	169	309	0.9856115107913669
GT4_e600.hmm|GT4:20	145	5mSIPHEX1_25-scaffold_5_c1_158	368	2.8e-68	1	144	191	334	0.9862068965517241
GT2_e4102.hmm|GT2:12	219	5mSIPHEX1_25-scaffold_5_c1_176	293	4.6e-74	1	216	10	229	0.9817351598173516
GH23_e913.hmm|GH23:441	121	5mSIPHEX1_25-scaffold_5_c1_185	194	2.2e-60	1	120	57	176	0.9834710743801653
GT19_e17.hmm|GT19:7713|2.4.1.182:13	358	5mSIPHEX1_25-scaffold_5_c1_378	384	2.3e-155	1	357	11	366	0.994413407821229
AA3_e4.hmm|AA3_2:57|AA3:5	517	5mSIPHEX1_25-scaffold_5_c1_396	522	7.3e-19	2	269	38	290	0.5164410058027079
GT30_e0.hmm|GT30:6984|2.4.99.-:25|GT2:1	177	5mSIPHEX1_25-scaffold_76_c1_60	419	1.4e-69	1	176	34	211	0.9887005649717514
