CE9_e55.hmm|CE9:650	372	700mSIPHEX1_8-scaffold_101_c1_98	388	4.3e-142	3	366	13	380	0.9758064516129032
GT2_e285.hmm|GT2:630	347	700mSIPHEX1_8-scaffold_110_c1_50	634	4.3e-130	3	341	128	467	0.9740634005763689
GH3_e228.hmm|GH3:993	222	700mSIPHEX1_8-scaffold_147_c2_21	336	8.3e-93	2	221	62	276	0.9864864864864865
GT2_e2050.hmm|GT2:14	230	700mSIPHEX1_8-scaffold_149_c1_12	345	7.3e-104	1	227	26	252	0.9826086956521739
GT4_e711.hmm|GT4:22	164	700mSIPHEX1_8-scaffold_149_c1_16	415	1.1e-88	1	164	213	376	0.9939024390243902
GH24_e197.hmm|GH24:9	132	700mSIPHEX1_8-scaffold_1501_c1_6	242	2e-66	2	132	102	230	0.9848484848484849
GH24_e197.hmm|GH24:9	132	700mSIPHEX1_8-scaffold_157_c1_66	242	1.1e-58	2	131	102	229	0.9772727272727273
GH25_e187.hmm|GH25:368	179	700mSIPHEX1_8-scaffold_23_c1_205	272	3e-89	1	178	71	248	0.9888268156424581
GT41_e8.hmm|GT41:232	586	700mSIPHEX1_8-scaffold_23_c1_85	742	1.4e-209	37	585	164	715	0.9351535836177475
GT14_e83.hmm|GT14:173	242	700mSIPHEX1_8-scaffold_26_c1_163	568	8e-128	1	242	8	249	0.9958677685950413
GT2_e3557.hmm|GT2:8	98	700mSIPHEX1_8-scaffold_26_c1_165	347	4.4e-28	1	97	61	156	0.9795918367346939
GH102_e29.hmm|GH102:152	134	700mSIPHEX1_8-scaffold_26_c1_242	359	1e-68	1	134	119	252	0.9925373134328358
GT30_e45.hmm|GT30:53	167	700mSIPHEX1_8-scaffold_26_c1_343	395	3.1e-62	3	167	11	176	0.9820359281437125
GH23_e571.hmm|GH23:204	118	700mSIPHEX1_8-scaffold_26_c1_370	196	4.2e-63	1	117	55	171	0.9830508474576272
GT11_e1.hmm|GT11:72	276	700mSIPHEX1_8-scaffold_26_c1_52	283	2e-124	2	276	5	280	0.9927536231884058
GT4_e3724.hmm|GT4:8	86	700mSIPHEX1_8-scaffold_294_c1_5	136	1.1e-24	1	85	8	92	0.9767441860465116
GH13_e237.hmm|GH13_18:242	341	700mSIPHEX1_8-scaffold_38_c1_29	583	1.2e-171	1	341	95	435	0.9970674486803519
GT81_e1.hmm|GT81:626	206	700mSIPHEX1_8-scaffold_38_c1_30	407	4.3e-103	2	206	117	321	0.9902912621359223
CBM50_e1000.hmm|CBM50:157	42	700mSIPHEX1_8-scaffold_38_c2_128	409	9e-18	1	42	81	122	0.9761904761904762
CBM50_e405.hmm|CBM50:10	44	700mSIPHEX1_8-scaffold_38_c2_128	409	2.5e-19	2	43	190	231	0.9318181818181818
GT28_e3.hmm|GT28:199	163	700mSIPHEX1_8-scaffold_38_c2_13	365	2.1e-81	1	163	187	349	0.9938650306748467
GT92_e3.hmm|GT92:11	207	700mSIPHEX1_8-scaffold_38_c2_151	353	1.5e-21	1	146	11	163	0.7004830917874396
CE11_e5.hmm|CE11:202	272	700mSIPHEX1_8-scaffold_38_c2_23	347	1.4e-133	1	272	38	310	0.9963235294117647
GT30_e43.hmm|GT30:111	177	700mSIPHEX1_8-scaffold_38_c2_69	445	8.5e-67	2	176	47	225	0.9830508474576272
GH23_e847.hmm|GH23:180	130	700mSIPHEX1_8-scaffold_48_c1_133	656	8.2e-60	2	130	491	621	0.9846153846153847
GT14_e60.hmm|GT14:175	243	700mSIPHEX1_8-scaffold_48_c1_86	546	6.7e-137	1	243	25	267	0.9958847736625515
GT51_e144.hmm|GT51:1920|2.4.1.129:1	168	700mSIPHEX1_8-scaffold_48_c1_97	751	2.7e-63	3	168	151	337	0.9821428571428571
GT4_e3096.hmm|GT4:29|GT94:1	142	700mSIPHEX1_8-scaffold_51_c1_50	410	4.4e-63	2	141	226	365	0.9788732394366197
GT2_e2280.hmm|GT2:65	232	700mSIPHEX1_8-scaffold_51_c1_56	341	6.3e-107	1	232	11	244	0.9956896551724138
CE4_e177.hmm|CE4:5337|3.5.1.41:1	100	700mSIPHEX1_8-scaffold_51_c1_67	533	2.9e-44	1	100	141	240	0.99
GT2_e2579.hmm|GT2:125	227	700mSIPHEX1_8-scaffold_51_c2_75	689	5.8e-114	2	227	308	534	0.9911894273127754
GT2_e2790.hmm|GT2:6	146	700mSIPHEX1_8-scaffold_566_c1_7	389	2.7e-40	1	132	5	133	0.8972602739726028
GT19_e34.hmm|GT19:469	357	700mSIPHEX1_8-scaffold_62_c1_193	387	2.9e-153	1	356	6	364	0.9943977591036415
CE4_e221.hmm|CE4:17	123	700mSIPHEX1_8-scaffold_69_c1_134	300	1.5e-17	21	120	55	154	0.8048780487804879
GT2_e2035.hmm|GT2:6|GT41:2	128	700mSIPHEX1_8-scaffold_78_c1_144	413	1.1e-49	1	127	5	132	0.984375
GT1_e452.hmm|GT1:446	276	700mSIPHEX1_8-scaffold_78_c1_95	409	1.7e-112	2	273	106	374	0.9818840579710145
GT4_e164.hmm|GT4:47	122	700mSIPHEX1_8-scaffold_78_c1_97	367	3.1e-50	2	121	207	331	0.9754098360655737
GT1_e139.hmm|GT1:85	350	700mSIPHEX1_8-scaffold_78_c1_99	379	3.7e-170	1	347	4	349	0.9885714285714285
AA3_e57.hmm|AA3_2:11	532	700mSIPHEX1_8-scaffold_79_c1_121	552	5.1e-199	2	531	4	529	0.9943609022556391
GH24_e197.hmm|GH24:9	132	700mSIPHEX1_8-scaffold_79_c1_3	242	6.3e-68	2	132	102	230	0.9848484848484849
GH23_e673.hmm|GH23:175|CBM50:1	103	700mSIPHEX1_8-scaffold_815_c1_2	202	1.6e-51	2	101	101	200	0.9611650485436893
AA4_e1.hmm|AA4:19	525	700mSIPHEX1_8-scaffold_82_c1_97	470	6.4e-18	48	255	47	245	0.3942857142857143
GT2_e1105.hmm|GT2:53	102	700mSIPHEX1_8-scaffold_132_c1_52	230	3.6e-47	1	99	7	105	0.9607843137254902
GT51_e71.hmm|GT51:5520	166	700mSIPHEX1_8-scaffold_135_c1_52	716	1.1e-72	1	165	93	257	0.9879518072289156
GT4_e2767.hmm|GT4:6|GT2:5	138	700mSIPHEX1_8-scaffold_149_c1_1	1296	6.2e-50	2	138	457	597	0.9855072463768116
GT2_e2787.hmm|GT2:10|GT4:5	128	700mSIPHEX1_8-scaffold_149_c1_1	1296	1.3e-53	1	128	641	768	0.9921875
GT4_e2767.hmm|GT4:6|GT2:5	138	700mSIPHEX1_8-scaffold_149_c1_1	1296	2.3e-51	2	135	1115	1247	0.9637681159420289
GT2_e2811.hmm|GT2:28	196	700mSIPHEX1_8-scaffold_149_c1_8	617	1.2e-80	2	196	172	368	0.9897959183673469
GH23_e800.hmm|GH23:105	83	700mSIPHEX1_8-scaffold_157_c1_58	177	2.2e-46	1	83	80	162	0.9879518072289156
AA3_e57.hmm|AA3_2:11	532	700mSIPHEX1_8-scaffold_23_c1_149	530	6.1e-155	1	531	3	524	0.9962406015037594
GH103_e30.hmm|GH103:437	293	700mSIPHEX1_8-scaffold_23_c1_27	390	2e-152	2	293	27	318	0.9931740614334471
GT51_e37.hmm|GT51:209	156	700mSIPHEX1_8-scaffold_26_c1_144	247	3e-79	1	155	74	228	0.9871794871794872
GT2_e3557.hmm|GT2:8	98	700mSIPHEX1_8-scaffold_26_c1_164	337	3.9e-24	1	94	50	142	0.9489795918367347
AA3_e57.hmm|AA3_2:11	532	700mSIPHEX1_8-scaffold_26_c1_274	541	1.2e-181	1	532	3	533	0.9981203007518797
GT25_e67.hmm|GT25:17	174	700mSIPHEX1_8-scaffold_26_c1_46	238	1e-79	1	174	5	178	0.9942528735632183
CBM50_e489.hmm|CBM50:53	48	700mSIPHEX1_8-scaffold_283_c1_18	614	3.4e-31	1	48	566	613	0.9791666666666666
AA3_e57.hmm|AA3_2:11	532	700mSIPHEX1_8-scaffold_324_c1_8	541	6e-159	1	527	14	535	0.9887218045112782
GT92_e3.hmm|GT92:11	207	700mSIPHEX1_8-scaffold_38_c2_149	788	6e-26	1	207	459	687	0.9951690821256038
GT4_e3257.hmm|GT4:31	152	700mSIPHEX1_8-scaffold_38_c2_68	348	3.2e-67	1	151	165	315	0.9868421052631579
GH103_e15.hmm|GH103:123	202	700mSIPHEX1_8-scaffold_412_c1_14	269	8.6e-110	1	202	35	236	0.995049504950495
AA2_e1.hmm|AA2:59	252	700mSIPHEX1_8-scaffold_48_c1_150	739	1.3e-21	14	109	88	184	0.376984126984127
GH24_e197.hmm|GH24:9	132	700mSIPHEX1_8-scaffold_48_c1_41	273	3.5e-65	2	132	126	254	0.9848484848484849
GT2_e2029.hmm|GT2:23	131	700mSIPHEX1_8-scaffold_51_c1_51	306	7.5e-46	1	131	25	166	0.9923664122137404
GT26_e144.hmm|GT26:49	172	700mSIPHEX1_8-scaffold_51_c1_59	252	4.2e-94	2	172	59	229	0.9883720930232558
GT2_e1993.hmm|GT2:174|GT4:2	275	700mSIPHEX1_8-scaffold_51_c1_60	324	1.1e-130	2	274	12	281	0.9890909090909091
GH23_e757.hmm|GH23:106	111	700mSIPHEX1_8-scaffold_51_c2_29	289	2.4e-56	1	111	157	267	0.990990990990991
GT2_e3391.hmm|GT2:6|GT4:4	124	700mSIPHEX1_8-scaffold_566_c1_4	984	1.3e-17	9	114	446	556	0.8467741935483871
GT2_e3387.hmm|GT2:6	111	700mSIPHEX1_8-scaffold_566_c1_6	322	1.1e-40	1	111	5	112	0.990990990990991
GT4_e800.hmm|GT4:151|GT2:1	153	700mSIPHEX1_8-scaffold_78_c1_96	415	1.2e-65	1	152	232	382	0.9869281045751634
GT51_e77.hmm|GT51:1530	178	700mSIPHEX1_8-scaffold_79_c1_34	835	4.6e-77	2	177	62	235	0.9831460674157303
GT4_e1969.hmm|GT4:11	141	700mSIPHEX1_8-scaffold_82_c1_107	442	5.6e-64	1	141	243	383	0.9929078014184397
GH104_e12.hmm|GH104:10	134	700mSIPHEX1_8-scaffold_82_c1_134	257	5.9e-20	2	134	104	227	0.9850746268656716
GT107_e0.hmm|GT107:1594|2.4.99.-:2	525	700mSIPHEX1_8-scaffold_84_c1_11	679	1.2e-124	212	490	45	328	0.5295238095238095
GT107_e0.hmm|GT107:1594|2.4.99.-:2	525	700mSIPHEX1_8-scaffold_84_c1_11	679	1.7e-140	164	524	326	677	0.6857142857142857
GH24_e197.hmm|GH24:9	132	700mSIPHEX1_8-scaffold_964_c1_1	242	3.3e-66	2	132	102	230	0.9848484848484849
