HMM Profile	Profile Length	Gene ID	Gene Length	E Value	Profile Start	Profile End	Gene Start	Gene End	Coverage
CE9.hmm	373	700mSIPHEX1_8-scaffold_101_c1_98	388	6.6e-102	6	366	13	378	0.9651474530831099
CE1.hmm	227	700mSIPHEX1_8-scaffold_110_c1_51	311	3.6e-21	10	143	62	244	0.5859030837004405
GT2.hmm	170	700mSIPHEX1_8-scaffold_132_c1_52	230	4.9e-16	1	113	6	111	0.6588235294117647
GT51.hmm	177	700mSIPHEX1_8-scaffold_135_c1_52	716	1.7e-46	16	176	97	257	0.903954802259887
GH3.hmm	216	700mSIPHEX1_8-scaffold_147_c2_21	336	1.6e-35	6	215	55	276	0.9675925925925926
GT4.hmm	160	700mSIPHEX1_8-scaffold_149_c1_1	1296	2.6e-21	7	155	455	601	0.925
GT2.hmm	170	700mSIPHEX1_8-scaffold_149_c1_1	1296	6.1e-21	1	109	640	748	0.6352941176470588
GT4.hmm	160	700mSIPHEX1_8-scaffold_149_c1_1	1296	2e-21	12	150	1114	1253	0.8625
GT2.hmm	170	700mSIPHEX1_8-scaffold_149_c1_12	345	3.1e-19	2	97	27	124	0.5588235294117647
GT4.hmm	160	700mSIPHEX1_8-scaffold_149_c1_16	415	1.5e-19	8	156	213	374	0.925
GH24.hmm	137	700mSIPHEX1_8-scaffold_1501_c1_6	242	6.2e-47	5	137	101	229	0.9635036496350365
GH24.hmm	137	700mSIPHEX1_8-scaffold_157_c1_66	242	6.2e-47	4	136	100	228	0.9635036496350365
AA3_2.hmm	568	700mSIPHEX1_8-scaffold_23_c1_149	530	2.1e-156	2	567	2	525	0.9947183098591549
GH25.hmm	177	700mSIPHEX1_8-scaffold_23_c1_205	272	2.7e-52	1	177	70	248	0.9943502824858758
GH103.hmm	295	700mSIPHEX1_8-scaffold_23_c1_27	390	1.1e-91	1	294	25	317	0.9932203389830508
GT41.hmm	705	700mSIPHEX1_8-scaffold_23_c1_85	742	1.9e-130	117	525	181	708	0.5787234042553191
GT51.hmm	177	700mSIPHEX1_8-scaffold_26_c1_144	247	6.3e-51	10	171	71	227	0.9096045197740112
GT14.hmm	250	700mSIPHEX1_8-scaffold_26_c1_163	568	2.1e-46	4	240	7	248	0.944
GT2.hmm	96	700mSIPHEX1_8-scaffold_26_c1_164	337	2.1e-26	1	95	49	145	0.9791666666666666
GT2.hmm	96	700mSIPHEX1_8-scaffold_26_c1_165	347	1.9e-25	1	88	60	147	0.90625
GH102.hmm	157	700mSIPHEX1_8-scaffold_26_c1_242	359	2e-44	1	157	117	251	0.9936305732484076
AA3_2.hmm	568	700mSIPHEX1_8-scaffold_26_c1_274	541	1.2e-172	2	566	2	532	0.9929577464788732
GT30.hmm	177	700mSIPHEX1_8-scaffold_26_c1_343	395	9.5e-20	9	173	9	174	0.9265536723163842
GT25.hmm	181	700mSIPHEX1_8-scaffold_26_c1_46	238	8.3e-28	5	180	4	177	0.9668508287292817
GT11.hmm	276	700mSIPHEX1_8-scaffold_26_c1_52	283	1.6e-71	1	276	1	280	0.9963768115942029
AA3_2.hmm	568	700mSIPHEX1_8-scaffold_324_c1_8	541	1.3e-151	2	565	13	538	0.9911971830985915
GH13_18.hmm	343	700mSIPHEX1_8-scaffold_38_c1_29	583	3.2e-140	2	343	94	434	0.9941690962099126
GT81.hmm	293	700mSIPHEX1_8-scaffold_38_c1_30	407	1.2e-63	82	271	111	318	0.6450511945392492
GT2.hmm	96	700mSIPHEX1_8-scaffold_38_c2_113	324	1.1e-18	5	91	19	116	0.8958333333333334
GT28.hmm	157	700mSIPHEX1_8-scaffold_38_c2_13	365	4.2e-44	2	157	186	348	0.9872611464968153
GT2.hmm	96	700mSIPHEX1_8-scaffold_38_c2_147	363	2.6e-25	1	96	10	111	0.9895833333333334
GT2.hmm	96	700mSIPHEX1_8-scaffold_38_c2_149	788	1.7e-25	1	95	458	557	0.9791666666666666
GT2.hmm	96	700mSIPHEX1_8-scaffold_38_c2_151	353	1.8e-21	1	95	10	108	0.9791666666666666
GH109.hmm	399	700mSIPHEX1_8-scaffold_38_c2_187	379	4.2e-16	4	188	2	186	0.46115288220551376
CE11.hmm	271	700mSIPHEX1_8-scaffold_38_c2_23	347	1.1e-93	1	270	37	309	0.992619926199262
GT4.hmm	160	700mSIPHEX1_8-scaffold_38_c2_68	348	3.7e-28	12	158	164	315	0.9125
GT30.hmm	177	700mSIPHEX1_8-scaffold_38_c2_69	445	2e-55	2	174	45	225	0.9717514124293786
GH103.hmm	295	700mSIPHEX1_8-scaffold_412_c1_14	269	7.3e-60	1	205	34	235	0.6915254237288135
GH23.hmm	135	700mSIPHEX1_8-scaffold_48_c1_133	656	2.2e-22	17	119	491	620	0.7555555555555555
AA2.hmm	255	700mSIPHEX1_8-scaffold_48_c1_150	739	3.3e-16	15	117	86	189	0.4
GH24.hmm	137	700mSIPHEX1_8-scaffold_48_c1_41	273	9.4e-43	5	137	125	253	0.9635036496350365
AA7.hmm	458	700mSIPHEX1_8-scaffold_48_c1_71	483	3.5e-16	15	191	52	235	0.38427947598253276
GT14.hmm	250	700mSIPHEX1_8-scaffold_48_c1_86	546	2e-55	1	235	24	266	0.936
GT51.hmm	177	700mSIPHEX1_8-scaffold_48_c1_97	751	1.4e-55	10	177	149	337	0.943502824858757
GT4.hmm	160	700mSIPHEX1_8-scaffold_51_c1_50	410	1.1e-36	12	153	224	365	0.88125
GT2.hmm	170	700mSIPHEX1_8-scaffold_51_c1_51	306	6e-17	1	104	24	129	0.6058823529411764
GT26.hmm	171	700mSIPHEX1_8-scaffold_51_c1_59	252	4.2e-44	2	171	57	229	0.9883040935672515
GT2.hmm	170	700mSIPHEX1_8-scaffold_51_c1_60	324	5.5e-17	1	125	13	133	0.7294117647058823
GH23.hmm	135	700mSIPHEX1_8-scaffold_51_c2_29	289	1.1e-28	11	124	155	267	0.837037037037037
GT2.hmm	230	700mSIPHEX1_8-scaffold_51_c2_75	689	1.1e-33	1	228	306	533	0.9869565217391304
GT2.hmm	170	700mSIPHEX1_8-scaffold_566_c1_7	389	5.9e-17	1	166	4	176	0.9705882352941176
GT19.hmm	354	700mSIPHEX1_8-scaffold_62_c1_193	387	2e-112	1	341	5	358	0.96045197740113
CE4.hmm	130	700mSIPHEX1_8-scaffold_69_c1_134	300	1.2e-23	10	128	15	160	0.9076923076923077
CE1.hmm	227	700mSIPHEX1_8-scaffold_69_c1_15	278	7.2e-50	1	225	21	272	0.986784140969163
GT2.hmm	170	700mSIPHEX1_8-scaffold_78_c1_144	413	2.3e-18	1	112	4	112	0.6529411764705882
GT4.hmm	160	700mSIPHEX1_8-scaffold_78_c1_96	415	6.5e-28	12	159	232	383	0.91875
GT4.hmm	160	700mSIPHEX1_8-scaffold_78_c1_97	367	1.9e-21	32	157	207	332	0.78125
GT1.hmm	382	700mSIPHEX1_8-scaffold_78_c1_99	379	4.9e-16	27	381	3	374	0.9267015706806283
AA3_2.hmm	568	700mSIPHEX1_8-scaffold_79_c1_121	552	7.8e-162	3	566	3	529	0.9911971830985915
GH24.hmm	137	700mSIPHEX1_8-scaffold_79_c1_3	242	3.2e-48	4	137	100	229	0.9708029197080292
GT51.hmm	177	700mSIPHEX1_8-scaffold_79_c1_34	835	1.2e-62	2	176	60	235	0.9830508474576272
GH23.hmm	135	700mSIPHEX1_8-scaffold_815_c1_2	202	4.7e-30	16	118	100	199	0.7555555555555555
GT4.hmm	160	700mSIPHEX1_8-scaffold_82_c1_107	442	2.3e-18	12	153	242	384	0.88125
AA4.hmm	522	700mSIPHEX1_8-scaffold_82_c1_97	470	2.2e-26	14	254	14	242	0.45977011494252873
GT107.hmm	532	700mSIPHEX1_8-scaffold_84_c1_11	679	5.4e-91	216	497	47	328	0.5281954887218046
GT107.hmm	532	700mSIPHEX1_8-scaffold_84_c1_11	679	3.2e-126	146	529	308	676	0.7199248120300752
GH24.hmm	137	700mSIPHEX1_8-scaffold_964_c1_1	242	1.1e-47	4	137	100	229	0.9708029197080292
