5mSIPHEX1_0-scaffold_1104_c1_9  0.296  31  0.470  31  0.876  16  0.763   0.628 Y  0.450      SignalP-noTM
5mSIPHEX1_0-scaffold_1104_c1_9  0.464  31  0.544  31  0.839  12  0.684   0.599 Y  0.450      SignalP-TM
5mSIPHEX1_0-scaffold_1104_c1_9  0.491  31  0.587  31  0.948  24  0.780   0.678 Y  0.570      SignalP-noTM
5mSIPHEX1_0-scaffold_12_c2_100  0.338  33  0.479  33  0.945   9  0.816   0.610 Y  0.450      SignalP-TM
5mSIPHEX1_0-scaffold_12_c2_100  0.422  26  0.607  26  0.960  16  0.874   0.751 Y  0.450      SignalP-noTM
5mSIPHEX1_0-scaffold_12_c2_100  0.595  33  0.569  25  0.969  16  0.936   0.741 Y  0.570      SignalP-noTM
5mSIPHEX1_0-scaffold_12_c2_106  0.277  29  0.499  29  0.987  11  0.925   0.699 Y  0.570      SignalP-noTM
5mSIPHEX1_0-scaffold_12_c2_106  0.360  31  0.541  31  0.921  27  0.841   0.658 Y  0.450      SignalP-TM
5mSIPHEX1_0-scaffold_12_c2_106  0.458  21  0.634  21  0.909   8  0.879   0.766 Y  0.450      SignalP-noTM
5mSIPHEX1_0-scaffold_12_c2_109  0.469  39  0.611  39  0.964  27  0.794   0.710 Y  0.450      SignalP-noTM
5mSIPHEX1_0-scaffold_12_c2_109  0.514  39  0.678  39  0.935  27  0.852   0.746 Y  0.450      SignalP-TM
5mSIPHEX1_0-scaffold_12_c2_109  0.591  39  0.729  39  0.977  27  0.892   0.805 Y  0.570      SignalP-noTM
5mSIPHEX1_0-scaffold_12_c2_122  0.246  22  0.446  22  0.934   5  0.848   0.602 Y  0.450      SignalP-TM
5mSIPHEX1_0-scaffold_12_c2_122  0.413  22  0.590  22  0.923   3  0.839   0.724 Y  0.450      SignalP-noTM
5mSIPHEX1_0-scaffold_12_c2_122  0.690  22  0.766  22  0.949   6  0.886   0.822 Y  0.570      SignalP-noTM
5mSIPHEX1_0-scaffold_12_c2_132  0.767  32  0.861  32  0.996  20  0.964   0.917 Y  0.450      SignalP-noTM
5mSIPHEX1_0-scaffold_12_c2_133  0.450  22  0.560  22  0.835   3  0.728   0.626 Y  0.450      SignalP-TM
5mSIPHEX1_0-scaffold_12_c2_133  0.662  22  0.696  22  0.836  15  0.729   0.714 Y  0.450      SignalP-noTM
5mSIPHEX1_0-scaffold_12_c2_133  0.709  22  0.754  22  0.903  18  0.824   0.787 Y  0.570      SignalP-noTM
5mSIPHEX1_0-scaffold_12_c2_136  0.354  27  0.539  27  0.883  20  0.810   0.644 Y  0.450      SignalP-TM
5mSIPHEX1_0-scaffold_12_c2_136  0.526  27  0.638  27  0.929   1  0.832   0.730 Y  0.570      SignalP-noTM
5mSIPHEX1_0-scaffold_12_c2_136  0.641  27  0.642  27  0.848  15  0.657   0.650 Y  0.450      SignalP-noTM
5mSIPHEX1_0-scaffold_12_c2_166  0.413  23  0.471  23  0.707  16  0.549   0.502 Y  0.500      SignalP-TM
5mSIPHEX1_0-scaffold_12_c2_166  0.456  23  0.576  23  0.879  16  0.703   0.625 Y  0.450      SignalP-TM
5mSIPHEX1_0-scaffold_12_c2_166  0.626  23  0.664  23  0.824  17  0.693   0.675 Y  0.510      SignalP-TM
5mSIPHEX1_0-scaffold_12_c2_182  0.483  22  0.557  22  0.885   4  0.704   0.614 Y  0.450      SignalP-TM
5mSIPHEX1_0-scaffold_12_c2_182  0.662  22  0.760  22  0.939   8  0.892   0.822 Y  0.570      SignalP-noTM
5mSIPHEX1_0-scaffold_12_c2_182  0.673  22  0.697  22  0.900   3  0.715   0.707 Y  0.450      SignalP-noTM
5mSIPHEX1_0-scaffold_12_c2_197  0.359  23  0.560  23  0.940  19  0.864   0.679 Y  0.450      SignalP-TM
5mSIPHEX1_0-scaffold_12_c2_197  0.613  24  0.722  24  0.947   5  0.853   0.793 Y  0.450      SignalP-noTM
5mSIPHEX1_0-scaffold_12_c2_197  0.652  24  0.734  24  0.935   6  0.870   0.798 Y  0.570      SignalP-noTM
5mSIPHEX1_0-scaffold_12_c2_206  0.348  29  0.526  29  0.955   6  0.820   0.685 Y  0.450      SignalP-noTM
5mSIPHEX1_0-scaffold_12_c2_206  0.362  29  0.549  29  0.967  13  0.875   0.676 Y  0.450      SignalP-TM
5mSIPHEX1_0-scaffold_12_c2_206  0.605  29  0.695  29  0.988  11  0.888   0.785 Y  0.570      SignalP-noTM
5mSIPHEX1_0-scaffold_12_c2_211  0.477  43  0.645  43  0.930  34  0.550   0.608 Y  0.450      SignalP-TM
5mSIPHEX1_0-scaffold_12_c2_220  0.233  47  0.334  22  0.843   8  0.733   0.490 Y  0.450      SignalP-TM
5mSIPHEX1_0-scaffold_12_c2_233  0.173  24  0.373  24  0.911   4  0.844   0.557 Y  0.450      SignalP-TM
5mSIPHEX1_0-scaffold_12_c2_233  0.547  21  0.712  21  0.949  10  0.927   0.813 Y  0.570      SignalP-noTM
5mSIPHEX1_0-scaffold_12_c2_233  0.603  21  0.754  21  0.980  11  0.944   0.857 Y  0.450      SignalP-noTM
5mSIPHEX1_0-scaffold_12_c2_247  0.260  26  0.404  26  0.775  13  0.659   0.504 Y  0.450      SignalP-TM
5mSIPHEX1_0-scaffold_12_c2_247  0.658  19  0.764  19  0.921   5  0.886   0.830 Y  0.450      SignalP-noTM
5mSIPHEX1_0-scaffold_12_c2_250  0.483  22  0.524  22  0.840   3  0.651   0.573 Y  0.450      SignalP-TM
5mSIPHEX1_0-scaffold_12_c2_250  0.578  22  0.688  22  0.901   6  0.845   0.762 Y  0.570      SignalP-noTM
5mSIPHEX1_0-scaffold_12_c2_250  0.814  22  0.773  22  0.884   1  0.726   0.748 Y  0.450      SignalP-noTM
5mSIPHEX1_0-scaffold_12_c2_251  0.610  34  0.621  34  0.788  30  0.626   0.623 Y  0.450      SignalP-TM
5mSIPHEX1_0-scaffold_12_c2_251  0.793  34  0.707  34  0.905  30  0.660   0.685 Y  0.570      SignalP-noTM
5mSIPHEX1_0-scaffold_12_c2_266  0.580  37  0.569  37  0.960  25  0.733   0.646 Y  0.570      SignalP-noTM
5mSIPHEX1_0-scaffold_12_c2_266  0.640  37  0.627  37  0.787  21  0.618   0.624 Y  0.450      SignalP-TM
5mSIPHEX1_0-scaffold_12_c2_266  0.688  37  0.655  37  0.878  21  0.689   0.673 Y  0.450      SignalP-noTM
5mSIPHEX1_0-scaffold_12_c2_270  0.178  35  0.322  34  0.926  21  0.784   0.502 Y  0.450      SignalP-TM
5mSIPHEX1_0-scaffold_12_c2_270  0.370  27  0.596  27  0.982  18  0.933   0.754 Y  0.570      SignalP-noTM
5mSIPHEX1_0-scaffold_12_c2_270  0.449  29  0.562  29  0.854  12  0.676   0.624 Y  0.450      SignalP-noTM
5mSIPHEX1_0-scaffold_12_c2_29  0.632  20  0.734  20  0.891   9  0.851   0.780 Y  0.500      SignalP-TM
5mSIPHEX1_0-scaffold_12_c2_29  0.650  22  0.609  22  0.783  18  0.600   0.605 Y  0.450      SignalP-TM
5mSIPHEX1_0-scaffold_12_c2_29  0.728  22  0.731  22  0.842  18  0.736   0.733 Y  0.510      SignalP-TM
5mSIPHEX1_0-scaffold_12_c2_307  0.240  22  0.398  22  0.739  10  0.652   0.497 Y  0.450      SignalP-TM
5mSIPHEX1_0-scaffold_12_c2_307  0.711  22  0.814  22  0.970  19  0.917   0.863 Y  0.570      SignalP-noTM
5mSIPHEX1_0-scaffold_12_c2_307  0.817  22  0.879  22  0.979   6  0.947   0.916 Y  0.450      SignalP-noTM
5mSIPHEX1_0-scaffold_12_c2_312  0.211  23  0.361  23  0.844   5  0.699   0.493 Y  0.450      SignalP-TM
5mSIPHEX1_0-scaffold_12_c2_312  0.576  23  0.693  23  0.933   9  0.857   0.770 Y  0.570      SignalP-noTM
5mSIPHEX1_0-scaffold_12_c2_312  0.730  23  0.769  23  0.903   6  0.809   0.791 Y  0.450      SignalP-noTM
5mSIPHEX1_0-scaffold_12_c2_319  0.308  34  0.392  34  0.877   9  0.683   0.505 Y  0.450      SignalP-TM
5mSIPHEX1_0-scaffold_12_c2_319  0.618  34  0.708  29  0.964  18  0.925   0.810 Y  0.570      SignalP-noTM
5mSIPHEX1_0-scaffold_12_c2_319  0.693  34  0.729  34  0.934  11  0.809   0.772 Y  0.450      SignalP-noTM
5mSIPHEX1_0-scaffold_12_c2_320  0.650  26  0.584  26  0.750  17  0.552   0.571 Y  0.500      SignalP-TM
5mSIPHEX1_0-scaffold_12_c2_33  0.213  26  0.446  26  0.977  14  0.925   0.671 Y  0.570      SignalP-noTM
5mSIPHEX1_0-scaffold_12_c2_33  0.365  26  0.566  26  0.936  18  0.841   0.674 Y  0.450      SignalP-TM
5mSIPHEX1_0-scaffold_12_c2_33  0.506  26  0.652  26  0.908  23  0.827   0.746 Y  0.450      SignalP-noTM
5mSIPHEX1_0-scaffold_12_c2_337  0.277  29  0.490  29  0.939  14  0.850   0.631 Y  0.450      SignalP-TM
5mSIPHEX1_0-scaffold_12_c2_337  0.482  29  0.635  29  0.977  10  0.902   0.760 Y  0.570      SignalP-noTM
5mSIPHEX1_0-scaffold_12_c2_337  0.517  29  0.675  29  0.976  16  0.889   0.790 Y  0.450      SignalP-noTM
5mSIPHEX1_0-scaffold_12_c2_351  0.304  37  0.450  26  0.981  12  0.942   0.681 Y  0.570      SignalP-noTM
5mSIPHEX1_0-scaffold_12_c2_351  0.353  37  0.472  37  0.901  13  0.770   0.588 Y  0.450      SignalP-TM
5mSIPHEX1_0-scaffold_12_c2_351  0.414  26  0.516  26  0.794   2  0.660   0.594 Y  0.450      SignalP-noTM
5mSIPHEX1_0-scaffold_12_c2_353  0.351  22  0.429  22  0.842   1  0.603   0.497 Y  0.450      SignalP-TM
5mSIPHEX1_0-scaffold_12_c2_353  0.362  22  0.504  22  0.915   2  0.767   0.628 Y  0.570      SignalP-noTM
5mSIPHEX1_0-scaffold_12_c2_353  0.378  22  0.573  22  0.973   3  0.864   0.730 Y  0.450      SignalP-noTM
5mSIPHEX1_0-scaffold_12_c2_355  0.441  27  0.530  27  0.873  11  0.654   0.597 Y  0.450      SignalP-noTM
5mSIPHEX1_0-scaffold_12_c2_355  0.585  27  0.587  27  0.774  18  0.619   0.600 Y  0.450      SignalP-TM
5mSIPHEX1_0-scaffold_12_c2_355  0.669  27  0.647  27  0.954  16  0.771   0.705 Y  0.570      SignalP-noTM
5mSIPHEX1_0-scaffold_12_c2_368  0.306  26  0.477  26  0.945  16  0.828   0.642 Y  0.570      SignalP-noTM
5mSIPHEX1_0-scaffold_12_c2_368  0.469  26  0.609  26  0.962  13  0.808   0.716 Y  0.450      SignalP-noTM
5mSIPHEX1_0-scaffold_12_c2_368  0.487  26  0.632  26  0.942  17  0.845   0.715 Y  0.450      SignalP-TM
5mSIPHEX1_0-scaffold_12_c2_370  0.190  29  0.356  23  0.917  17  0.807   0.532 Y  0.450      SignalP-TM
5mSIPHEX1_0-scaffold_12_c2_370  0.205  29  0.407  23  0.941   5  0.906   0.642 Y  0.570      SignalP-noTM
5mSIPHEX1_0-scaffold_12_c2_370  0.326  24  0.541  24  0.950  15  0.897   0.734 Y  0.450      SignalP-noTM
5mSIPHEX1_0-scaffold_12_c2_39  0.344  32  0.514  32  0.875  24  0.757   0.609 Y  0.450      SignalP-TM
5mSIPHEX1_0-scaffold_12_c2_39  0.476  32  0.600  32  0.976  17  0.845   0.715 Y  0.570      SignalP-noTM
5mSIPHEX1_0-scaffold_12_c2_41  0.334  29  0.458  29  0.839  23  0.556   0.496 Y  0.450      SignalP-TM
5mSIPHEX1_0-scaffold_12_c2_41  0.463  24  0.572  24  0.864  21  0.628   0.598 Y  0.570      SignalP-noTM
5mSIPHEX1_0-scaffold_12_c2_41  0.621  24  0.579  24  0.684  15  0.546   0.561 Y  0.450      SignalP-noTM
5mSIPHEX1_0-scaffold_12_c2_52  0.142  29  0.279  20  0.723   3  0.610   0.458 Y  0.450      SignalP-noTM
5mSIPHEX1_0-scaffold_12_c2_53  0.369  23  0.568  23  0.907  16  0.874   0.687 Y  0.450      SignalP-TM
5mSIPHEX1_0-scaffold_12_c2_53  0.742  23  0.833  23  0.968  15  0.933   0.880 Y  0.570      SignalP-noTM
5mSIPHEX1_0-scaffold_12_c2_53  0.821  23  0.882  23  0.986  12  0.947   0.917 Y  0.450      SignalP-noTM
5mSIPHEX1_0-scaffold_12_c2_67  0.216  22  0.414  22  0.866  14  0.750   0.545 Y  0.450      SignalP-TM
5mSIPHEX1_0-scaffold_12_c2_67  0.652  22  0.781  22  0.988  14  0.936   0.865 Y  0.450      SignalP-noTM
5mSIPHEX1_0-scaffold_12_c2_68  0.500  27  0.625  27  0.894  15  0.783   0.710 Y  0.450      SignalP-noTM
5mSIPHEX1_0-scaffold_12_c2_68  0.546  27  0.612  27  0.843  10  0.699   0.646 Y  0.450      SignalP-TM
5mSIPHEX1_0-scaffold_12_c2_68  0.835  27  0.847  27  0.942  24  0.854   0.850 Y  0.570      SignalP-noTM
5mSIPHEX1_0-scaffold_12_c2_69  0.242  25  0.437  24  0.892  16  0.819   0.586 Y  0.450      SignalP-TM
5mSIPHEX1_0-scaffold_12_c2_69  0.385  25  0.549  25  0.912   9  0.789   0.679 Y  0.450      SignalP-noTM
5mSIPHEX1_0-scaffold_12_c2_69  0.486  25  0.629  25  0.982  12  0.878   0.746 Y  0.570      SignalP-noTM
5mSIPHEX1_0-scaffold_12_c2_70  0.364  27  0.519  27  0.846  12  0.737   0.604 Y  0.450      SignalP-TM
5mSIPHEX1_0-scaffold_12_c2_70  0.582  27  0.592  27  0.749  11  0.604   0.598 Y  0.450      SignalP-noTM
5mSIPHEX1_0-scaffold_12_c2_70  0.673  27  0.763  27  0.974  23  0.864   0.810 Y  0.570      SignalP-noTM
5mSIPHEX1_0-scaffold_12_c2_81  0.264  22  0.445  22  0.871   3  0.745   0.607 Y  0.450      SignalP-noTM
5mSIPHEX1_0-scaffold_12_c2_81  0.369  22  0.537  22  0.933   3  0.819   0.670 Y  0.570      SignalP-noTM
5mSIPHEX1_0-scaffold_12_c2_97  0.184  27  0.352  27  0.805   4  0.718   0.494 Y  0.450      SignalP-TM
5mSIPHEX1_0-scaffold_12_c2_97  0.203  21  0.432  21  0.939  17  0.895   0.650 Y  0.570      SignalP-noTM
5mSIPHEX1_0-scaffold_12_c2_97  0.242  25  0.421  25  0.844   8  0.733   0.589 Y  0.450      SignalP-noTM
5mSIPHEX1_0-scaffold_12_c2_98  0.351  29  0.493  29  0.976  13  0.838   0.655 Y  0.570      SignalP-noTM
5mSIPHEX1_0-scaffold_12_c2_98  0.602  29  0.710  29  0.968  13  0.899   0.784 Y  0.450      SignalP-TM
5mSIPHEX1_0-scaffold_12_c2_98  0.657  24  0.701  24  0.918   8  0.754   0.729 Y  0.450      SignalP-noTM
5mSIPHEX1_0-scaffold_12_c2_99  0.691  26  0.747  26  0.862  16  0.771   0.756 Y  0.450      SignalP-TM
5mSIPHEX1_0-scaffold_12_c2_99  0.817  26  0.849  26  0.968  14  0.883   0.867 Y  0.450      SignalP-noTM
5mSIPHEX1_0-scaffold_12_c2_99  0.832  26  0.842  26  0.939  13  0.874   0.857 Y  0.570      SignalP-noTM
5mSIPHEX1_0-scaffold_190_c1_17  0.535  19  0.693  19  0.930  15  0.897   0.775 Y  0.500      SignalP-TM
5mSIPHEX1_0-scaffold_190_c1_24  0.637  29  0.709  29  0.929   8  0.813   0.765 Y  0.450      SignalP-noTM
5mSIPHEX1_0-scaffold_190_c1_33  0.421  21  0.451  21  0.681   2  0.531   0.482 Y  0.450      SignalP-TM
5mSIPHEX1_0-scaffold_190_c1_33  0.746  21  0.725  21  0.892  17  0.731   0.728 Y  0.570      SignalP-noTM
5mSIPHEX1_0-scaffold_190_c1_33  0.820  21  0.815  21  0.921   4  0.805   0.810 Y  0.450      SignalP-noTM
5mSIPHEX1_0-scaffold_190_c1_52  0.614  21  0.640  21  0.875   2  0.728   0.674 Y  0.450      SignalP-TM
5mSIPHEX1_0-scaffold_190_c1_52  0.796  21  0.813  21  0.880   5  0.828   0.821 Y  0.450      SignalP-noTM
5mSIPHEX1_0-scaffold_190_c1_52  0.853  21  0.859  21  0.923  17  0.869   0.864 Y  0.570      SignalP-noTM
5mSIPHEX1_0-scaffold_190_c1_64  0.748  26  0.721  26  0.892   5  0.760   0.737 Y  0.500      SignalP-TM
5mSIPHEX1_0-scaffold_23_c1_100  0.236  29  0.453  29  0.923  17  0.859   0.611 Y  0.450      SignalP-TM
5mSIPHEX1_0-scaffold_23_c1_100  0.262  29  0.454  29  0.924   9  0.789   0.635 Y  0.450      SignalP-noTM
5mSIPHEX1_0-scaffold_23_c1_100  0.666  29  0.789  29  0.986  12  0.925   0.853 Y  0.570      SignalP-noTM
5mSIPHEX1_0-scaffold_23_c1_101  0.573  24  0.702  24  0.941   9  0.865   0.766 Y  0.450      SignalP-TM
5mSIPHEX1_0-scaffold_23_c1_101  0.758  24  0.844  24  0.996  11  0.952   0.895 Y  0.570      SignalP-noTM
5mSIPHEX1_0-scaffold_23_c1_101  0.776  24  0.850  24  0.986  13  0.930   0.893 Y  0.450      SignalP-noTM
5mSIPHEX1_0-scaffold_23_c1_108  0.336  21  0.481  21  0.831   1  0.674   0.585 Y  0.450      SignalP-noTM
5mSIPHEX1_0-scaffold_23_c1_108  0.347  26  0.484  26  0.886   5  0.760   0.592 Y  0.450      SignalP-TM
5mSIPHEX1_0-scaffold_23_c1_108  0.462  26  0.556  26  0.968  18  0.784   0.663 Y  0.570      SignalP-noTM
5mSIPHEX1_0-scaffold_23_c1_11  0.293  32  0.430  32  0.712  28  0.563   0.482 Y  0.450      SignalP-TM
5mSIPHEX1_0-scaffold_23_c1_11  0.320  32  0.528  32  0.957  14  0.857   0.706 Y  0.450      SignalP-noTM
5mSIPHEX1_0-scaffold_23_c1_11  0.658  32  0.731  32  0.919  27  0.772   0.750 Y  0.570      SignalP-noTM
5mSIPHEX1_0-scaffold_23_c1_111  0.394  24  0.553  24  0.892  18  0.788   0.645 Y  0.450      SignalP-TM
5mSIPHEX1_0-scaffold_23_c1_111  0.515  24  0.659  24  0.959   4  0.846   0.760 Y  0.450      SignalP-noTM
5mSIPHEX1_0-scaffold_23_c1_111  0.613  24  0.732  24  0.953   7  0.900   0.811 Y  0.570      SignalP-noTM
5mSIPHEX1_0-scaffold_23_c1_114  0.410  39  0.428  39  0.844  10  0.574   0.485 Y  0.450      SignalP-TM
5mSIPHEX1_0-scaffold_23_c1_114  0.749  39  0.657  39  0.818  11  0.618   0.639 Y  0.570      SignalP-noTM
5mSIPHEX1_0-scaffold_23_c1_115  0.723  32  0.800  32  0.939  24  0.843   0.817 Y  0.450      SignalP-TM
5mSIPHEX1_0-scaffold_23_c1_115  0.792  32  0.814  32  0.940  10  0.845   0.831 Y  0.450      SignalP-noTM
5mSIPHEX1_0-scaffold_23_c1_115  0.831  32  0.851  32  0.982  23  0.899   0.873 Y  0.570      SignalP-noTM
5mSIPHEX1_0-scaffold_23_c1_132  0.317  23  0.509  23  0.882  16  0.816   0.674 Y  0.450      SignalP-noTM
5mSIPHEX1_0-scaffold_23_c1_132  0.643  23  0.760  23  0.937  17  0.904   0.816 Y  0.450      SignalP-TM
5mSIPHEX1_0-scaffold_23_c1_132  0.878  23  0.903  23  0.975  18  0.934   0.918 Y  0.570      SignalP-noTM
5mSIPHEX1_0-scaffold_23_c1_134  0.432  20  0.537  20  0.861  18  0.678   0.603 Y  0.570      SignalP-noTM
5mSIPHEX1_0-scaffold_23_c1_134  0.874  20  0.856  20  0.906  13  0.845   0.850 Y  0.450      SignalP-noTM
5mSIPHEX1_0-scaffold_23_c1_135  0.534  22  0.606  22  0.781  19  0.612   0.608 Y  0.450      SignalP-TM
5mSIPHEX1_0-scaffold_23_c1_135  0.731  23  0.743  23  0.899  19  0.755   0.750 Y  0.450      SignalP-noTM
5mSIPHEX1_0-scaffold_23_c1_135  0.794  22  0.789  22  0.924  20  0.764   0.777 Y  0.570      SignalP-noTM
5mSIPHEX1_0-scaffold_23_c1_142  0.187  23  0.382  23  0.949  10  0.824   0.590 Y  0.570      SignalP-noTM
5mSIPHEX1_0-scaffold_23_c1_142  0.229  22  0.445  22  0.957   1  0.860   0.669 Y  0.450      SignalP-noTM
5mSIPHEX1_0-scaffold_23_c1_142  0.299  23  0.456  23  0.776   6  0.703   0.553 Y  0.450      SignalP-TM
5mSIPHEX1_0-scaffold_23_c1_143  0.814  22  0.801  22  0.926   1  0.782   0.791 Y  0.450      SignalP-noTM
5mSIPHEX1_0-scaffold_23_c1_143  0.853  22  0.868  22  0.932  19  0.863   0.866 Y  0.450      SignalP-TM
5mSIPHEX1_0-scaffold_23_c1_143  0.894  22  0.886  22  0.927  12  0.880   0.883 Y  0.570      SignalP-noTM
5mSIPHEX1_0-scaffold_23_c1_160  0.315  26  0.508  26  0.928  14  0.831   0.682 Y  0.450      SignalP-noTM
5mSIPHEX1_0-scaffold_23_c1_160  0.344  26  0.546  20  0.933  16  0.911   0.718 Y  0.570      SignalP-noTM
5mSIPHEX1_0-scaffold_23_c1_160  0.547  26  0.681  26  0.925  19  0.854   0.748 Y  0.450      SignalP-TM
5mSIPHEX1_0-scaffold_23_c1_16  0.549  29  0.620  29  0.912  12  0.782   0.696 Y  0.570      SignalP-noTM
5mSIPHEX1_0-scaffold_23_c1_16  0.613  29  0.708  29  0.896  26  0.800   0.744 Y  0.450      SignalP-TM
5mSIPHEX1_0-scaffold_23_c1_16  0.837  29  0.730  29  0.829   8  0.665   0.695 Y  0.450      SignalP-noTM
5mSIPHEX1_0-scaffold_23_c1_162  0.235  19  0.394  19  0.826  12  0.684   0.510 Y  0.500      SignalP-TM
5mSIPHEX1_0-scaffold_23_c1_202  0.479  16  0.654  16  0.913   1  0.882   0.777 Y  0.450      SignalP-noTM
5mSIPHEX1_0-scaffold_23_c1_206  0.415  21  0.569  21  0.848   2  0.776   0.680 Y  0.450      SignalP-noTM
5mSIPHEX1_0-scaffold_23_c1_206  0.466  21  0.646  21  0.940  17  0.882   0.738 Y  0.450      SignalP-TM
5mSIPHEX1_0-scaffold_23_c1_206  0.742  21  0.847  21  0.980  11  0.963   0.902 Y  0.570      SignalP-noTM
5mSIPHEX1_0-scaffold_23_c1_23  0.875  20  0.732  20  0.823  19  0.572   0.657 Y  0.570      SignalP-noTM
5mSIPHEX1_0-scaffold_23_c1_23  0.891  20  0.673  20  0.650  16  0.513   0.587 Y  0.450      SignalP-noTM
5mSIPHEX1_0-scaffold_23_c1_231  0.389  27  0.563  25  0.947  24  0.868   0.706 Y  0.570      SignalP-noTM
5mSIPHEX1_0-scaffold_23_c1_231  0.431  27  0.521  26  0.839  12  0.691   0.588 Y  0.450      SignalP-TM
5mSIPHEX1_0-scaffold_23_c1_231  0.565  26  0.654  26  0.908   6  0.751   0.706 Y  0.450      SignalP-noTM
5mSIPHEX1_0-scaffold_23_c1_24  0.308  32  0.479  32  0.914  15  0.823   0.613 Y  0.450      SignalP-TM
5mSIPHEX1_0-scaffold_23_c1_24  0.516  32  0.683  32  0.990  14  0.940   0.804 Y  0.570      SignalP-noTM
5mSIPHEX1_0-scaffold_23_c1_24  0.573  32  0.719  32  0.987  11  0.908   0.821 Y  0.450      SignalP-noTM
5mSIPHEX1_0-scaffold_23_c1_254  0.221  24  0.404  24  0.816  17  0.633   0.494 Y  0.450      SignalP-TM
5mSIPHEX1_0-scaffold_23_c1_254  0.759  32  0.704  32  0.806  22  0.645   0.676 Y  0.570      SignalP-noTM
5mSIPHEX1_0-scaffold_23_c1_263  0.269  25  0.433  25  0.847  18  0.713   0.542 Y  0.450      SignalP-TM
5mSIPHEX1_0-scaffold_23_c1_263  0.349  25  0.556  25  0.958   9  0.883   0.733 Y  0.450      SignalP-noTM
5mSIPHEX1_0-scaffold_23_c1_263  0.706  25  0.766  25  0.961  20  0.859   0.810 Y  0.570      SignalP-noTM
5mSIPHEX1_0-scaffold_23_c1_281  0.173  32  0.353  32  0.982  17  0.842   0.583 Y  0.570      SignalP-noTM
5mSIPHEX1_0-scaffold_23_c1_281  0.182  30  0.382  20  0.981  17  0.926   0.594 Y  0.450      SignalP-TM
5mSIPHEX1_0-scaffold_23_c1_285  0.177  20  0.377  20  0.887   8  0.810   0.581 Y  0.570      SignalP-noTM
5mSIPHEX1_0-scaffold_23_c1_285  0.210  26  0.362  26  0.790   2  0.652   0.475 Y  0.450      SignalP-TM
5mSIPHEX1_0-scaffold_23_c1_285  0.244  19  0.479  19  0.981   4  0.933   0.724 Y  0.450      SignalP-noTM
5mSIPHEX1_0-scaffold_23_c1_288  0.228  22  0.446  22  0.946  12  0.872   0.676 Y  0.450      SignalP-noTM
5mSIPHEX1_0-scaffold_23_c1_296  0.259  21  0.460  21  0.884   2  0.814   0.651 Y  0.450      SignalP-noTM
5mSIPHEX1_0-scaffold_23_c1_31  0.349  24  0.529  24  0.909  19  0.796   0.633 Y  0.450      SignalP-TM
5mSIPHEX1_0-scaffold_23_c1_31  0.560  24  0.681  24  0.965  12  0.833   0.763 Y  0.450      SignalP-noTM
5mSIPHEX1_0-scaffold_23_c1_31  0.572  24  0.668  24  0.887   1  0.814   0.736 Y  0.570      SignalP-noTM
5mSIPHEX1_0-scaffold_23_c1_34  0.139  22  0.295  18  0.856   1  0.653   0.488 Y  0.450      SignalP-noTM
5mSIPHEX1_0-scaffold_23_c1_44  0.166  23  0.363  23  0.911  11  0.795   0.596 Y  0.450      SignalP-noTM
5mSIPHEX1_0-scaffold_23_c1_44  0.476  26  0.592  26  0.961   7  0.841   0.709 Y  0.570      SignalP-noTM
5mSIPHEX1_0-scaffold_23_c1_44  0.519  26  0.636  26  0.944   9  0.833   0.713 Y  0.450      SignalP-TM
5mSIPHEX1_0-scaffold_23_c1_48  0.163  27  0.341  22  0.955  16  0.885   0.554 Y  0.450      SignalP-TM
5mSIPHEX1_0-scaffold_23_c1_48  0.211  22  0.430  22  0.947   8  0.899   0.650 Y  0.570      SignalP-noTM
5mSIPHEX1_0-scaffold_23_c1_48  0.368  17  0.592  17  0.975  10  0.953   0.787 Y  0.450      SignalP-noTM
5mSIPHEX1_0-scaffold_23_c1_49  0.768  20  0.658  20  0.851   1  0.612   0.641 Y  0.510      SignalP-TM
5mSIPHEX1_0-scaffold_23_c1_61  0.398  21  0.609  21  0.946  16  0.914   0.728 Y  0.450      SignalP-TM
5mSIPHEX1_0-scaffold_23_c1_61  0.494  21  0.690  21  0.984  14  0.966   0.839 Y  0.450      SignalP-noTM
5mSIPHEX1_0-scaffold_23_c1_61  0.778  21  0.870  21  0.982  18  0.963   0.914 Y  0.570      SignalP-noTM
5mSIPHEX1_0-scaffold_23_c1_72  0.487  27  0.545  27  0.883  14  0.640   0.596 Y  0.450      SignalP-noTM
5mSIPHEX1_0-scaffold_23_c1_72  0.651  25  0.629  25  0.789   8  0.676   0.647 Y  0.450      SignalP-TM
5mSIPHEX1_0-scaffold_23_c1_72  0.721  25  0.708  25  0.892  14  0.778   0.741 Y  0.570      SignalP-noTM
5mSIPHEX1_0-scaffold_23_c1_94  0.356  26  0.574  26  0.961  22  0.910   0.705 Y  0.450      SignalP-TM
5mSIPHEX1_0-scaffold_23_c1_94  0.618  24  0.708  24  0.874  16  0.813   0.765 Y  0.450      SignalP-noTM
5mSIPHEX1_0-scaffold_23_c1_94  0.723  24  0.823  24  0.965  14  0.931   0.874 Y  0.570      SignalP-noTM
5mSIPHEX1_0-scaffold_23_c1_96  0.309  54  0.346  17  0.760   8  0.632   0.500 Y  0.450      SignalP-noTM
5mSIPHEX1_0-scaffold_256_c1_11  0.172  19  0.371  19  0.905  17  0.807   0.576 Y  0.570      SignalP-noTM
5mSIPHEX1_0-scaffold_256_c1_11  0.185  27  0.337  27  0.903  17  0.665   0.464 Y  0.450      SignalP-TM
5mSIPHEX1_0-scaffold_256_c1_11  0.401  19  0.585  19  0.897  11  0.862   0.735 Y  0.450      SignalP-noTM
5mSIPHEX1_0-scaffold_256_c1_13  0.309  25  0.488  25  0.856  14  0.798   0.609 Y  0.450      SignalP-TM
5mSIPHEX1_0-scaffold_256_c1_13  0.355  20  0.568  20  0.966   4  0.904   0.749 Y  0.450      SignalP-noTM
5mSIPHEX1_0-scaffold_256_c1_13  0.391  21  0.603  21  0.974   8  0.936   0.760 Y  0.570      SignalP-noTM
5mSIPHEX1_0-scaffold_256_c1_14  0.585  22  0.708  22  0.935   4  0.880   0.775 Y  0.450      SignalP-TM
5mSIPHEX1_0-scaffold_256_c1_14  0.785  22  0.813  22  0.936   4  0.840   0.828 Y  0.450      SignalP-noTM
5mSIPHEX1_0-scaffold_256_c1_14  0.824  22  0.873  22  0.969  10  0.935   0.902 Y  0.570      SignalP-noTM
5mSIPHEX1_0-scaffold_256_c1_15  0.362  30  0.490  30  0.873  17  0.727   0.583 Y  0.450      SignalP-TM
5mSIPHEX1_0-scaffold_256_c1_15  0.514  30  0.549  30  0.946  20  0.742   0.640 Y  0.570      SignalP-noTM
5mSIPHEX1_0-scaffold_256_c1_25  0.283  21  0.505  21  0.956  13  0.900   0.718 Y  0.450      SignalP-noTM
5mSIPHEX1_0-scaffold_256_c1_25  0.326  38  0.493  21  0.976  14  0.941   0.668 Y  0.450      SignalP-TM
5mSIPHEX1_0-scaffold_256_c1_25  0.792  21  0.877  21  0.987  11  0.961   0.917 Y  0.570      SignalP-noTM
5mSIPHEX1_0-scaffold_256_c1_27  0.187  22  0.414  22  0.955   9  0.917   0.610 Y  0.450      SignalP-TM
5mSIPHEX1_0-scaffold_256_c1_27  0.252  20  0.473  20  0.939   4  0.891   0.699 Y  0.450      SignalP-noTM
5mSIPHEX1_0-scaffold_256_c1_27  0.279  25  0.487  25  0.980  18  0.890   0.677 Y  0.570      SignalP-noTM
5mSIPHEX1_0-scaffold_256_c1_28  0.208  24  0.415  24  0.925  14  0.824   0.574 Y  0.450      SignalP-TM
5mSIPHEX1_0-scaffold_256_c1_28  0.379  26  0.568  26  0.949  22  0.888   0.719 Y  0.570      SignalP-noTM
5mSIPHEX1_0-scaffold_256_c1_28  0.459  24  0.648  24  0.959  14  0.914   0.792 Y  0.450      SignalP-noTM
5mSIPHEX1_0-scaffold_256_c1_29  0.197  33  0.430  33  0.974  29  0.856   0.631 Y  0.570      SignalP-noTM
5mSIPHEX1_0-scaffold_256_c1_5  0.287  49  0.371  49  0.888  15  0.634   0.474 Y  0.450      SignalP-TM
5mSIPHEX1_0-scaffold_256_c1_6  0.162  42  0.372  27  0.934  22  0.869   0.566 Y  0.450      SignalP-TM
5mSIPHEX1_0-scaffold_256_c1_6  0.268  27  0.463  27  0.884   6  0.803   0.647 Y  0.450      SignalP-noTM
5mSIPHEX1_0-scaffold_256_c1_6  0.314  27  0.545  27  0.974  22  0.937   0.729 Y  0.570      SignalP-noTM
5mSIPHEX1_0-scaffold_256_c1_7  0.286  36  0.505  32  0.976  16  0.903   0.692 Y  0.570      SignalP-noTM
5mSIPHEX1_0-scaffold_256_c1_7  0.307  32  0.523  32  0.946  12  0.872   0.711 Y  0.450      SignalP-noTM
5mSIPHEX1_0-scaffold_256_c1_7  0.523  32  0.677  32  0.934  27  0.791   0.721 Y  0.450      SignalP-TM
5mSIPHEX1_0-scaffold_256_c1_9  0.594  34  0.689  34  0.904  23  0.804   0.734 Y  0.450      SignalP-TM
5mSIPHEX1_0-scaffold_256_c1_9  0.658  34  0.580  34  0.976  13  0.779   0.673 Y  0.570      SignalP-noTM
5mSIPHEX1_0-scaffold_2702_c1_5  0.506  34  0.565  34  0.743  30  0.449   0.520 Y  0.450      SignalP-TM
5mSIPHEX1_0-scaffold_2702_c1_5  0.648  34  0.607  34  0.790  30  0.477   0.537 Y  0.450      SignalP-noTM
5mSIPHEX1_0-scaffold_2702_c1_5  0.839  34  0.810  34  0.946  30  0.611   0.716 Y  0.570      SignalP-noTM
5mSIPHEX1_0-scaffold_3031_c1_3  0.250  33  0.466  33  0.920  23  0.791   0.593 Y  0.450      SignalP-TM
5mSIPHEX1_0-scaffold_3031_c1_3  0.459  33  0.553  33  0.862  29  0.552   0.552 Y  0.450      SignalP-noTM
5mSIPHEX1_0-scaffold_3031_c1_3  0.460  33  0.639  33  0.952  28  0.731   0.682 Y  0.570      SignalP-noTM
5mSIPHEX1_0-scaffold_3216_c1_2  0.351  26  0.405  26  0.784   9  0.551   0.462 Y  0.450      SignalP-TM
5mSIPHEX1_0-scaffold_3216_c1_2  0.581  26  0.675  26  0.932  11  0.814   0.730 Y  0.500      SignalP-TM
5mSIPHEX1_0-scaffold_3216_c1_2  0.643  26  0.604  26  0.717  21  0.553   0.585 Y  0.510      SignalP-TM
5mSIPHEX1_0-scaffold_3216_c1_3  0.284  26  0.428  26  0.749   9  0.665   0.521 Y  0.450      SignalP-TM
5mSIPHEX1_0-scaffold_3216_c1_3  0.806  26  0.851  26  0.936  22  0.880   0.864 Y  0.570      SignalP-noTM
5mSIPHEX1_0-scaffold_3216_c1_3  0.854  26  0.802  26  0.840   8  0.738   0.767 Y  0.450      SignalP-noTM
5mSIPHEX1_0-scaffold_3216_c1_4  0.366  22  0.498  22  0.873  18  0.703   0.594 Y  0.570      SignalP-noTM
5mSIPHEX1_0-scaffold_3216_c1_4  0.406  22  0.541  22  0.823  18  0.729   0.614 Y  0.450      SignalP-TM
5mSIPHEX1_0-scaffold_3216_c1_4  0.434  21  0.618  21  0.918  12  0.877   0.757 Y  0.450      SignalP-noTM
5mSIPHEX1_0-scaffold_3573_c1_1  0.343  59  0.508  50  0.862  47  0.457   0.488 Y  0.450      SignalP-TM
5mSIPHEX1_0-scaffold_3573_c1_1  0.539  50  0.589  50  0.747  45  0.383   0.513 Y  0.510      SignalP-TM
5mSIPHEX1_0-scaffold_3573_c1_2  0.501  25  0.496  25  0.701  23  0.438   0.474 Y  0.450      SignalP-TM
5mSIPHEX1_0-scaffold_3573_c1_2  0.596  25  0.650  25  0.876  21  0.688   0.668 Y  0.570      SignalP-noTM
5mSIPHEX1_0-scaffold_3573_c1_2  0.886  25  0.777  25  0.817   2  0.690   0.730 Y  0.450      SignalP-noTM
5mSIPHEX1_0-scaffold_3_c1_106  0.575  17  0.636  17  0.876  11  0.730   0.687 Y  0.450      SignalP-noTM
5mSIPHEX1_0-scaffold_3_c1_112  0.250  28  0.470  26  0.947  21  0.869   0.626 Y  0.450      SignalP-TM
5mSIPHEX1_0-scaffold_3_c1_112  0.331  28  0.525  28  0.981   5  0.856   0.704 Y  0.450      SignalP-noTM
5mSIPHEX1_0-scaffold_3_c1_112  0.525  28  0.655  28  0.972  11  0.891   0.766 Y  0.570      SignalP-noTM
5mSIPHEX1_0-scaffold_3_c1_113  0.369  43  0.410  43  0.776  15  0.527   0.456 Y  0.450      SignalP-TM
5mSIPHEX1_0-scaffold_3_c1_120  0.634  33  0.677  33  0.893  16  0.653   0.668 Y  0.450      SignalP-TM
5mSIPHEX1_0-scaffold_3_c1_120  0.798  33  0.772  33  0.928  29  0.680   0.729 Y  0.570      SignalP-noTM
5mSIPHEX1_0-scaffold_3_c1_124  0.469  25  0.561  25  0.783   5  0.695   0.614 Y  0.500      SignalP-TM
5mSIPHEX1_0-scaffold_3_c1_125  0.295  35  0.426  24  0.846  13  0.764   0.558 Y  0.450      SignalP-TM
5mSIPHEX1_0-scaffold_3_c1_125  0.318  23  0.540  23  0.973  15  0.916   0.743 Y  0.450      SignalP-noTM
5mSIPHEX1_0-scaffold_3_c1_125  0.540  24  0.697  24  0.963  19  0.912   0.798 Y  0.570      SignalP-noTM
5mSIPHEX1_0-scaffold_3_c1_126  0.256  27  0.433  27  0.787  17  0.683   0.530 Y  0.450      SignalP-TM
5mSIPHEX1_0-scaffold_3_c1_126  0.506  30  0.561  30  0.849  14  0.673   0.606 Y  0.500      SignalP-TM
5mSIPHEX1_0-scaffold_3_c1_13  0.310  25  0.449  25  0.819   7  0.651   0.558 Y  0.450      SignalP-noTM
5mSIPHEX1_0-scaffold_3_c1_13  0.341  25  0.516  25  0.897  22  0.793   0.646 Y  0.570      SignalP-noTM
5mSIPHEX1_0-scaffold_3_c1_13  0.503  25  0.605  25  0.854  22  0.682   0.635 Y  0.450      SignalP-TM
5mSIPHEX1_0-scaffold_3_c1_134  0.358  23  0.558  23  0.957  12  0.868   0.725 Y  0.450      SignalP-noTM
5mSIPHEX1_0-scaffold_3_c1_134  0.419  23  0.589  23  0.959   6  0.869   0.698 Y  0.450      SignalP-TM
5mSIPHEX1_0-scaffold_3_c1_134  0.637  23  0.770  23  0.962  18  0.938   0.849 Y  0.570      SignalP-noTM
5mSIPHEX1_0-scaffold_3_c1_144  0.175  28  0.322  28  0.887   9  0.701   0.470 Y  0.450      SignalP-TM
5mSIPHEX1_0-scaffold_3_c1_144  0.278  27  0.479  27  0.948  11  0.879   0.667 Y  0.570      SignalP-noTM
5mSIPHEX1_0-scaffold_3_c1_144  0.553  27  0.711  27  0.977  15  0.915   0.821 Y  0.450      SignalP-noTM
5mSIPHEX1_0-scaffold_3_c1_158  0.392  27  0.549  27  0.919  19  0.791   0.663 Y  0.570      SignalP-noTM
5mSIPHEX1_0-scaffold_3_c1_158  0.464  27  0.576  27  0.888  20  0.714   0.630 Y  0.450      SignalP-TM
5mSIPHEX1_0-scaffold_3_c1_158  0.477  27  0.598  27  0.890  15  0.755   0.683 Y  0.450      SignalP-noTM
5mSIPHEX1_0-scaffold_3_c1_166  0.385  21  0.474  21  0.818  17  0.626   0.533 Y  0.450      SignalP-TM
5mSIPHEX1_0-scaffold_3_c1_166  0.575  21  0.693  21  0.940  17  0.829   0.757 Y  0.570      SignalP-noTM
5mSIPHEX1_0-scaffold_3_c1_166  0.673  21  0.592  21  0.709   2  0.505   0.545 Y  0.450      SignalP-noTM
5mSIPHEX1_0-scaffold_3_c1_168  0.227  29  0.400  17  0.788   7  0.745   0.535 Y  0.450      SignalP-TM
5mSIPHEX1_0-scaffold_3_c1_168  0.317  17  0.532  17  0.938  14  0.900   0.731 Y  0.450      SignalP-noTM
5mSIPHEX1_0-scaffold_3_c1_168  0.473  17  0.655  17  0.942  12  0.909   0.775 Y  0.570      SignalP-noTM
5mSIPHEX1_0-scaffold_3_c1_173  0.631  30  0.751  30  0.966  18  0.899   0.831 Y  0.450      SignalP-noTM
5mSIPHEX1_0-scaffold_3_c1_175  0.244  27  0.418  27  0.928  13  0.734   0.589 Y  0.450      SignalP-noTM
5mSIPHEX1_0-scaffold_3_c1_175  0.421  22  0.611  22  0.937   4  0.896   0.745 Y  0.570      SignalP-noTM
5mSIPHEX1_0-scaffold_3_c1_186  0.311  28  0.503  28  0.920  17  0.825   0.654 Y  0.570      SignalP-noTM
5mSIPHEX1_0-scaffold_3_c1_186  0.483  30  0.598  30  0.944   7  0.777   0.694 Y  0.450      SignalP-noTM
5mSIPHEX1_0-scaffold_3_c1_186  0.532  30  0.664  30  0.919  26  0.675   0.668 Y  0.450      SignalP-TM
5mSIPHEX1_0-scaffold_3_c1_190  0.309  35  0.395  35  0.730  14  0.589   0.471 Y  0.450      SignalP-TM
5mSIPHEX1_0-scaffold_3_c1_190  0.540  35  0.501  35  0.726  12  0.565   0.527 Y  0.500      SignalP-TM
5mSIPHEX1_0-scaffold_3_c1_190  0.712  35  0.556  35  0.580  34  0.438   0.512 Y  0.510      SignalP-TM
5mSIPHEX1_0-scaffold_3_c1_191  0.498  24  0.531  24  0.832   1  0.637   0.573 Y  0.450      SignalP-TM
5mSIPHEX1_0-scaffold_3_c1_191  0.570  24  0.618  24  0.917  10  0.776   0.693 Y  0.570      SignalP-noTM
5mSIPHEX1_0-scaffold_3_c1_191  0.652  24  0.655  24  0.853   4  0.663   0.659 Y  0.450      SignalP-noTM
5mSIPHEX1_0-scaffold_3_c1_194  0.252  22  0.373  22  0.770   5  0.613   0.466 Y  0.450      SignalP-TM
5mSIPHEX1_0-scaffold_3_c1_194  0.604  22  0.521  22  0.713   3  0.443   0.479 Y  0.450      SignalP-noTM
5mSIPHEX1_0-scaffold_3_c1_194  0.655  22  0.653  22  0.823  19  0.683   0.667 Y  0.570      SignalP-noTM
5mSIPHEX1_0-scaffold_3_c1_195  0.430  25  0.606  25  0.906  22  0.829   0.693 Y  0.450      SignalP-TM
5mSIPHEX1_0-scaffold_3_c1_195  0.619  25  0.763  25  0.972  15  0.937   0.845 Y  0.570      SignalP-noTM
5mSIPHEX1_0-scaffold_3_c1_195  0.793  25  0.868  25  0.984  15  0.948   0.911 Y  0.450      SignalP-noTM
5mSIPHEX1_0-scaffold_3_c1_219  0.257  28  0.398  28  0.786  17  0.621   0.485 Y  0.450      SignalP-TM
5mSIPHEX1_0-scaffold_3_c1_219  0.399  30  0.482  22  0.880   1  0.723   0.579 Y  0.500      SignalP-TM
5mSIPHEX1_0-scaffold_3_c1_220  0.357  31  0.521  31  0.911  27  0.710   0.595 Y  0.450      SignalP-TM
5mSIPHEX1_0-scaffold_3_c1_220  0.386  31  0.537  31  0.867   3  0.765   0.660 Y  0.450      SignalP-noTM
5mSIPHEX1_0-scaffold_3_c1_220  0.724  31  0.757  31  0.908  27  0.815   0.784 Y  0.570      SignalP-noTM
5mSIPHEX1_0-scaffold_3_c1_221  0.341  44  0.430  44  0.790  27  0.561   0.481 Y  0.450      SignalP-TM
5mSIPHEX1_0-scaffold_3_c1_224  0.643  30  0.570  30  0.619  23  0.447   0.521 Y  0.500      SignalP-TM
5mSIPHEX1_0-scaffold_3_c1_227  0.377  19  0.582  19  0.932   1  0.891   0.749 Y  0.450      SignalP-noTM
5mSIPHEX1_0-scaffold_3_c1_236  0.435  31  0.453  31  0.850   8  0.648   0.529 Y  0.450      SignalP-TM
5mSIPHEX1_0-scaffold_3_c1_242  0.624  23  0.735  23  0.947   3  0.890   0.795 Y  0.450      SignalP-TM
5mSIPHEX1_0-scaffold_3_c1_242  0.640  23  0.751  23  0.943  21  0.896   0.819 Y  0.570      SignalP-noTM
5mSIPHEX1_0-scaffold_3_c1_242  0.645  23  0.704  23  0.865   2  0.769   0.739 Y  0.450      SignalP-noTM
5mSIPHEX1_0-scaffold_3_c1_250  0.435  29  0.584  29  0.867  24  0.781   0.661 Y  0.450      SignalP-TM
5mSIPHEX1_0-scaffold_3_c1_250  0.710  29  0.819  29  0.981  11  0.942   0.877 Y  0.570      SignalP-noTM
5mSIPHEX1_0-scaffold_3_c1_250  0.855  29  0.904  29  0.985  12  0.954   0.931 Y  0.450      SignalP-noTM
5mSIPHEX1_0-scaffold_3_c1_251  0.479  42  0.558  42  0.916  25  0.610   0.586 Y  0.450      SignalP-noTM
5mSIPHEX1_0-scaffold_3_c1_256  0.306  24  0.484  24  0.923   2  0.777   0.622 Y  0.570      SignalP-noTM
5mSIPHEX1_0-scaffold_3_c1_256  0.329  21  0.537  21  0.941  15  0.880   0.722 Y  0.450      SignalP-noTM
5mSIPHEX1_0-scaffold_3_c1_256  0.377  24  0.487  24  0.747  19  0.555   0.513 Y  0.450      SignalP-TM
5mSIPHEX1_0-scaffold_3_c1_26  0.560  21  0.602  21  0.915   2  0.708   0.643 Y  0.450      SignalP-TM
5mSIPHEX1_0-scaffold_3_c1_26  0.750  21  0.766  21  0.902   1  0.781   0.773 Y  0.570      SignalP-noTM
5mSIPHEX1_0-scaffold_3_c1_26  0.833  21  0.781  21  0.794  10  0.727   0.752 Y  0.450      SignalP-noTM
5mSIPHEX1_0-scaffold_3_c1_265  0.299  21  0.482  21  0.903   4  0.810   0.610 Y  0.450      SignalP-TM
5mSIPHEX1_0-scaffold_3_c1_265  0.673  22  0.786  22  0.983  19  0.926   0.852 Y  0.570      SignalP-noTM
5mSIPHEX1_0-scaffold_3_c1_265  0.727  22  0.794  22  0.925   3  0.864   0.832 Y  0.450      SignalP-noTM
5mSIPHEX1_0-scaffold_3_c1_270  0.361  26  0.428  26  0.804  12  0.609   0.500 Y  0.500      SignalP-TM
5mSIPHEX1_0-scaffold_3_c1_276  0.308  23  0.416  23  0.733   2  0.607   0.491 Y  0.450      SignalP-TM
5mSIPHEX1_0-scaffold_3_c1_276  0.503  23  0.532  23  0.739  15  0.562   0.548 Y  0.450      SignalP-noTM
5mSIPHEX1_0-scaffold_3_c1_276  0.666  23  0.716  23  0.872  14  0.798   0.755 Y  0.570      SignalP-noTM
5mSIPHEX1_0-scaffold_3_c1_289  0.537  36  0.490  36  0.724  13  0.557   0.516 Y  0.450      SignalP-TM
5mSIPHEX1_0-scaffold_3_c1_289  0.719  29  0.672  29  0.765  28  0.626   0.650 Y  0.570      SignalP-noTM
5mSIPHEX1_0-scaffold_3_c1_291  0.303  32  0.437  32  0.781  27  0.638   0.515 Y  0.450      SignalP-TM
5mSIPHEX1_0-scaffold_3_c1_299  0.204  23  0.368  23  0.800   2  0.665   0.528 Y  0.450      SignalP-noTM
5mSIPHEX1_0-scaffold_3_c1_299  0.326  22  0.443  22  0.795   5  0.664   0.529 Y  0.450      SignalP-TM
5mSIPHEX1_0-scaffold_3_c1_299  0.740  22  0.798  22  0.963   9  0.886   0.840 Y  0.570      SignalP-noTM
5mSIPHEX1_0-scaffold_3_c1_312  0.220  35  0.374  35  0.744  23  0.579   0.454 Y  0.450      SignalP-TM
5mSIPHEX1_0-scaffold_3_c1_312  0.450  35  0.528  35  0.823  26  0.499   0.517 Y  0.500      SignalP-TM
5mSIPHEX1_0-scaffold_3_c1_313  0.527  36  0.492  36  0.644   3  0.489   0.491 Y  0.450      SignalP-TM
5mSIPHEX1_0-scaffold_3_c1_314  0.416  33  0.522  33  0.785  21  0.672   0.593 Y  0.570      SignalP-noTM
5mSIPHEX1_0-scaffold_3_c1_314  0.559  33  0.567  33  0.753   7  0.638   0.594 Y  0.450      SignalP-TM
5mSIPHEX1_0-scaffold_3_c1_319  0.532  23  0.580  23  0.843   5  0.704   0.628 Y  0.450      SignalP-TM
5mSIPHEX1_0-scaffold_3_c1_319  0.620  23  0.677  23  0.889   1  0.796   0.733 Y  0.570      SignalP-noTM
5mSIPHEX1_0-scaffold_3_c1_319  0.748  23  0.787  23  0.947   3  0.829   0.810 Y  0.450      SignalP-noTM
5mSIPHEX1_0-scaffold_3_c1_331  0.380  27  0.544  27  0.936  24  0.793   0.661 Y  0.570      SignalP-noTM
5mSIPHEX1_0-scaffold_3_c1_331  0.419  27  0.509  27  0.774   9  0.632   0.557 Y  0.450      SignalP-TM
5mSIPHEX1_0-scaffold_3_c1_331  0.424  26  0.521  26  0.849  23  0.622   0.576 Y  0.450      SignalP-noTM
5mSIPHEX1_0-scaffold_3_c1_332  0.491  26  0.651  26  0.988  12  0.878   0.774 Y  0.450      SignalP-noTM
5mSIPHEX1_0-scaffold_3_c1_332  0.547  26  0.665  26  0.958  12  0.874   0.763 Y  0.570      SignalP-noTM
5mSIPHEX1_0-scaffold_3_c1_332  0.641  28  0.692  28  0.902  10  0.801   0.734 Y  0.450      SignalP-TM
5mSIPHEX1_0-scaffold_3_c1_339  0.465  30  0.595  12  0.983   8  0.941   0.758 Y  0.570      SignalP-noTM
5mSIPHEX1_0-scaffold_3_c1_339  0.549  30  0.605  30  0.920  13  0.795   0.680 Y  0.450      SignalP-TM
5mSIPHEX1_0-scaffold_3_c1_339  0.698  25  0.775  25  0.952   4  0.864   0.823 Y  0.450      SignalP-noTM
5mSIPHEX1_0-scaffold_3_c1_342  0.588  21  0.676  21  0.910   4  0.817   0.731 Y  0.450      SignalP-TM
5mSIPHEX1_0-scaffold_3_c1_342  0.758  21  0.742  21  0.844  16  0.719   0.730 Y  0.450      SignalP-noTM
5mSIPHEX1_0-scaffold_3_c1_342  0.859  21  0.874  21  0.934  17  0.896   0.884 Y  0.570      SignalP-noTM
5mSIPHEX1_0-scaffold_3_c1_349  0.583  29  0.547  29  0.783   1  0.600   0.568 Y  0.450      SignalP-TM
5mSIPHEX1_0-scaffold_3_c1_349  0.772  29  0.645  29  0.654  23  0.552   0.595 Y  0.450      SignalP-noTM
5mSIPHEX1_0-scaffold_3_c1_349  0.802  29  0.775  29  0.924  22  0.801   0.787 Y  0.570      SignalP-noTM
5mSIPHEX1_0-scaffold_3_c1_352  0.672  26  0.580  26  0.767  10  0.569   0.576 Y  0.450      SignalP-TM
5mSIPHEX1_0-scaffold_3_c1_361  0.107  11  0.306  11  0.901   2  0.875   0.528 Y  0.450      SignalP-TM
5mSIPHEX1_0-scaffold_3_c1_387  0.241  34  0.381  26  0.794  19  0.618   0.509 Y  0.450      SignalP-noTM
5mSIPHEX1_0-scaffold_3_c1_387  0.436  34  0.590  34  0.926  20  0.799   0.672 Y  0.450      SignalP-TM
5mSIPHEX1_0-scaffold_3_c1_387  0.629  34  0.613  34  0.953  19  0.791   0.696 Y  0.570      SignalP-noTM
5mSIPHEX1_0-scaffold_3_c1_392  0.335  26  0.442  26  0.850   7  0.673   0.532 Y  0.450      SignalP-TM
5mSIPHEX1_0-scaffold_3_c1_392  0.662  26  0.744  25  0.954   7  0.855   0.804 Y  0.450      SignalP-noTM
5mSIPHEX1_0-scaffold_3_c1_392  0.673  26  0.732  26  0.943   8  0.860   0.792 Y  0.570      SignalP-noTM
5mSIPHEX1_0-scaffold_3_c1_397  0.350  29  0.518  29  0.925  16  0.770   0.654 Y  0.450      SignalP-noTM
5mSIPHEX1_0-scaffold_3_c1_397  0.381  29  0.553  29  0.951  15  0.857   0.672 Y  0.450      SignalP-TM
5mSIPHEX1_0-scaffold_3_c1_397  0.463  29  0.642  29  0.982  13  0.927   0.776 Y  0.570      SignalP-noTM
5mSIPHEX1_0-scaffold_3_c1_40  0.248  22  0.375  22  0.723   5  0.597   0.462 Y  0.450      SignalP-TM
5mSIPHEX1_0-scaffold_3_c1_408  0.213  43  0.348  27  0.894  18  0.799   0.524 Y  0.450      SignalP-TM
5mSIPHEX1_0-scaffold_3_c1_408  0.639  27  0.770  27  0.960  20  0.894   0.828 Y  0.570      SignalP-noTM
5mSIPHEX1_0-scaffold_3_c1_412  0.288  24  0.460  24  0.875   6  0.735   0.609 Y  0.450      SignalP-noTM
5mSIPHEX1_0-scaffold_3_c1_412  0.379  29  0.479  26  0.784  20  0.655   0.548 Y  0.450      SignalP-TM
5mSIPHEX1_0-scaffold_3_c1_412  0.593  26  0.648  24  0.862   9  0.788   0.713 Y  0.570      SignalP-noTM
5mSIPHEX1_0-scaffold_3_c1_441  0.444  33  0.569  33  0.887  23  0.777   0.650 Y  0.450      SignalP-TM
5mSIPHEX1_0-scaffold_3_c1_441  0.687  33  0.765  33  0.970  17  0.882   0.820 Y  0.570      SignalP-noTM
5mSIPHEX1_0-scaffold_3_c1_441  0.768  33  0.798  33  0.923  13  0.828   0.814 Y  0.450      SignalP-noTM
5mSIPHEX1_0-scaffold_3_c1_442  0.258  25  0.449  25  0.869  16  0.796   0.584 Y  0.450      SignalP-TM
5mSIPHEX1_0-scaffold_3_c1_442  0.493  23  0.670  23  0.953  10  0.911   0.783 Y  0.570      SignalP-noTM
5mSIPHEX1_0-scaffold_3_c1_442  0.645  25  0.724  25  0.940  15  0.818   0.775 Y  0.450      SignalP-noTM
5mSIPHEX1_0-scaffold_3_c1_443  0.422  21  0.561  21  0.840  11  0.750   0.636 Y  0.500      SignalP-TM
5mSIPHEX1_0-scaffold_3_c1_443  0.463  31  0.492  31  0.850  14  0.647   0.552 Y  0.450      SignalP-TM
5mSIPHEX1_0-scaffold_3_c1_451  0.509  22  0.604  22  0.892  18  0.677   0.632 Y  0.450      SignalP-TM
5mSIPHEX1_0-scaffold_3_c1_451  0.545  22  0.698  22  0.977  17  0.897   0.791 Y  0.570      SignalP-noTM
5mSIPHEX1_0-scaffold_3_c1_451  0.590  22  0.721  22  0.961   4  0.880   0.807 Y  0.450      SignalP-noTM
5mSIPHEX1_0-scaffold_3_c1_455  0.439  28  0.631  28  0.980  18  0.921   0.767 Y  0.570      SignalP-noTM
5mSIPHEX1_0-scaffold_3_c1_455  0.677  28  0.766  28  0.932  21  0.861   0.803 Y  0.450      SignalP-TM
5mSIPHEX1_0-scaffold_3_c1_455  0.689  28  0.669  28  0.768   5  0.643   0.655 Y  0.450      SignalP-noTM
5mSIPHEX1_0-scaffold_3_c1_465  0.804  26  0.512  26  0.760  10  0.484   0.501 Y  0.500      SignalP-TM
5mSIPHEX1_0-scaffold_3_c1_470  0.138  65  0.293  14  0.917  10  0.859   0.514 Y  0.450      SignalP-TM
5mSIPHEX1_0-scaffold_3_c1_47  0.138  20  0.355  20  0.948  18  0.897   0.566 Y  0.450      SignalP-TM
5mSIPHEX1_0-scaffold_3_c1_47  0.210  25  0.416  25  0.933  14  0.828   0.638 Y  0.450      SignalP-noTM
5mSIPHEX1_0-scaffold_3_c1_47  0.362  20  0.586  20  0.962  18  0.933   0.749 Y  0.570      SignalP-noTM
5mSIPHEX1_0-scaffold_3_c1_473  0.280  49  0.440  49  0.902  11  0.728   0.552 Y  0.450      SignalP-TM
5mSIPHEX1_0-scaffold_3_c1_473  0.363  49  0.565  49  0.959  28  0.759   0.656 Y  0.570      SignalP-noTM
5mSIPHEX1_0-scaffold_3_c1_479  0.211  37  0.337  28  0.866  16  0.681   0.472 Y  0.450      SignalP-TM
5mSIPHEX1_0-scaffold_3_c1_479  0.253  28  0.486  19  0.953  17  0.924   0.692 Y  0.570      SignalP-noTM
5mSIPHEX1_0-scaffold_3_c1_479  0.582  19  0.735  19  0.959  15  0.932   0.841 Y  0.450      SignalP-noTM
5mSIPHEX1_0-scaffold_3_c1_483  0.292  27  0.451  22  0.831   5  0.730   0.560 Y  0.450      SignalP-TM
5mSIPHEX1_0-scaffold_3_c1_483  0.493  22  0.519  22  0.699  18  0.543   0.532 Y  0.450      SignalP-noTM
5mSIPHEX1_0-scaffold_3_c1_483  0.669  22  0.790  22  0.980  18  0.928   0.855 Y  0.570      SignalP-noTM
5mSIPHEX1_0-scaffold_3_c1_490  0.190  21  0.396  21  0.894  12  0.806   0.556 Y  0.450      SignalP-TM
5mSIPHEX1_0-scaffold_3_c1_490  0.334  21  0.547  21  0.967  17  0.909   0.717 Y  0.570      SignalP-noTM
5mSIPHEX1_0-scaffold_3_c1_490  0.543  19  0.717  19  0.977   5  0.949   0.842 Y  0.450      SignalP-noTM
5mSIPHEX1_0-scaffold_3_c1_498  0.752  28  0.819  28  0.975  16  0.899   0.862 Y  0.450      SignalP-noTM
5mSIPHEX1_0-scaffold_3_c1_51  0.244  23  0.457  23  0.939   4  0.858   0.674 Y  0.450      SignalP-noTM
5mSIPHEX1_0-scaffold_3_c1_51  0.316  23  0.498  23  0.921   6  0.818   0.623 Y  0.450      SignalP-TM
5mSIPHEX1_0-scaffold_3_c1_51  0.551  23  0.717  23  0.969  17  0.934   0.819 Y  0.570      SignalP-noTM
5mSIPHEX1_0-scaffold_3_c1_513  0.531  19  0.661  19  0.903  17  0.803   0.728 Y  0.570      SignalP-noTM
5mSIPHEX1_0-scaffold_3_c1_513  0.706  21  0.708  21  0.908  18  0.709   0.709 Y  0.450      SignalP-TM
5mSIPHEX1_0-scaffold_3_c1_513  0.815  21  0.843  21  0.937  12  0.868   0.857 Y  0.450      SignalP-noTM
5mSIPHEX1_0-scaffold_3_c1_518  0.737  28  0.707  28  0.805  16  0.701   0.705 Y  0.450      SignalP-TM
5mSIPHEX1_0-scaffold_3_c1_518  0.760  28  0.750  28  0.947   5  0.771   0.761 Y  0.450      SignalP-noTM
5mSIPHEX1_0-scaffold_3_c1_518  0.779  28  0.707  28  0.911  17  0.761   0.732 Y  0.570      SignalP-noTM
5mSIPHEX1_0-scaffold_3_c1_548  0.197  20  0.431  20  0.977  13  0.948   0.710 Y  0.450      SignalP-noTM
5mSIPHEX1_0-scaffold_3_c1_555  0.166  31  0.297  21  0.833  14  0.740   0.470 Y  0.450      SignalP-TM
5mSIPHEX1_0-scaffold_3_c1_555  0.728  22  0.768  22  0.942   2  0.805   0.788 Y  0.450      SignalP-noTM
5mSIPHEX1_0-scaffold_3_c1_556  0.399  23  0.459  23  0.780   6  0.603   0.515 Y  0.450      SignalP-TM
5mSIPHEX1_0-scaffold_3_c1_556  0.815  23  0.881  23  0.986  13  0.953   0.920 Y  0.450      SignalP-noTM
5mSIPHEX1_0-scaffold_3_c1_556  0.863  23  0.666  23  0.637  22  0.521   0.613 Y  0.510      SignalP-TM
5mSIPHEX1_0-scaffold_3_c1_561  0.232  28  0.446  28  0.957  16  0.859   0.669 Y  0.450      SignalP-noTM
5mSIPHEX1_0-scaffold_3_c1_561  0.656  28  0.770  28  0.962  10  0.921   0.829 Y  0.450      SignalP-TM
5mSIPHEX1_0-scaffold_3_c1_561  0.729  28  0.779  28  0.970  10  0.898   0.835 Y  0.570      SignalP-noTM
5mSIPHEX1_0-scaffold_3_c1_568  0.209  31  0.393  31  0.882  10  0.746   0.584 Y  0.450      SignalP-noTM
5mSIPHEX1_0-scaffold_3_c1_568  0.275  33  0.437  33  0.981  13  0.834   0.624 Y  0.570      SignalP-noTM
5mSIPHEX1_0-scaffold_3_c1_568  0.360  33  0.511  33  0.943  12  0.826   0.634 Y  0.450      SignalP-TM
5mSIPHEX1_0-scaffold_3_c1_569  0.194  19  0.392  19  0.871   1  0.800   0.584 Y  0.570      SignalP-noTM
5mSIPHEX1_0-scaffold_3_c1_569  0.220  21  0.400  21  0.891  17  0.699   0.517 Y  0.450      SignalP-TM
5mSIPHEX1_0-scaffold_3_c1_569  0.558  19  0.710  19  0.946   2  0.894   0.810 Y  0.450      SignalP-noTM
5mSIPHEX1_0-scaffold_3_c1_573  0.412  36  0.500  36  0.794  12  0.592   0.537 Y  0.500      SignalP-TM
5mSIPHEX1_0-scaffold_3_c1_594  0.315  22  0.505  22  0.853  12  0.789   0.615 Y  0.450      SignalP-TM
5mSIPHEX1_0-scaffold_3_c1_594  0.386  22  0.544  22  0.861  14  0.764   0.663 Y  0.450      SignalP-noTM
5mSIPHEX1_0-scaffold_3_c1_594  0.745  22  0.817  22  0.971  20  0.872   0.843 Y  0.570      SignalP-noTM
5mSIPHEX1_0-scaffold_3_c1_62  0.273  31  0.410  31  0.798  19  0.624   0.525 Y  0.450      SignalP-noTM
5mSIPHEX1_0-scaffold_3_c1_62  0.278  34  0.486  22  0.958  21  0.884   0.673 Y  0.570      SignalP-noTM
5mSIPHEX1_0-scaffold_3_c1_62  0.432  34  0.542  34  0.927  17  0.750   0.623 Y  0.450      SignalP-TM
5mSIPHEX1_0-scaffold_3_c1_628  0.374  20  0.546  20  0.940  13  0.780   0.672 Y  0.450      SignalP-noTM
5mSIPHEX1_0-scaffold_3_c1_630  0.207  20  0.377  20  0.836  15  0.706   0.555 Y  0.450      SignalP-noTM
5mSIPHEX1_0-scaffold_3_c1_631  0.634  30  0.766  30  0.994  17  0.932   0.856 Y  0.450      SignalP-noTM
5mSIPHEX1_0-scaffold_3_c1_633  0.343  28  0.527  26  0.976  11  0.853   0.703 Y  0.450      SignalP-noTM
5mSIPHEX1_0-scaffold_3_c1_633  0.452  28  0.598  28  0.963  19  0.828   0.688 Y  0.450      SignalP-TM
5mSIPHEX1_0-scaffold_3_c1_633  0.598  28  0.648  28  0.966  19  0.831   0.734 Y  0.570      SignalP-noTM
5mSIPHEX1_0-scaffold_3_c1_634  0.233  35  0.419  28  0.891  16  0.795   0.566 Y  0.450      SignalP-TM
5mSIPHEX1_0-scaffold_3_c1_634  0.354  29  0.498  29  0.847  24  0.670   0.591 Y  0.450      SignalP-noTM
5mSIPHEX1_0-scaffold_3_c1_635  0.218  20  0.419  20  0.938   2  0.844   0.619 Y  0.570      SignalP-noTM
5mSIPHEX1_0-scaffold_3_c1_635  0.499  21  0.669  21  0.949   6  0.899   0.793 Y  0.450      SignalP-noTM
5mSIPHEX1_0-scaffold_3_c1_636  0.374  43  0.461  43  0.730  37  0.563   0.501 Y  0.450      SignalP-TM
5mSIPHEX1_0-scaffold_3_c1_636  0.733  43  0.599  43  0.689  38  0.404   0.527 Y  0.510      SignalP-TM
5mSIPHEX1_0-scaffold_3_c1_637  0.361  27  0.554  27  0.933  18  0.857   0.717 Y  0.450      SignalP-noTM
5mSIPHEX1_0-scaffold_3_c1_76  0.190  32  0.358  29  0.823  23  0.663   0.477 Y  0.450      SignalP-TM
5mSIPHEX1_0-scaffold_3_c1_76  0.258  26  0.452  26  0.835  19  0.719   0.551 Y  0.510      SignalP-TM
5mSIPHEX1_0-scaffold_3_c1_76  0.389  26  0.505  26  0.846  11  0.667   0.570 Y  0.500      SignalP-TM
5mSIPHEX1_0-scaffold_3_c1_80  0.285  24  0.480  24  0.891  10  0.772   0.594 Y  0.450      SignalP-TM
5mSIPHEX1_0-scaffold_3_c1_80  0.680  27  0.661  27  0.848  12  0.690   0.672 Y  0.510      SignalP-TM
5mSIPHEX1_0-scaffold_3_c1_83  0.448  26  0.609  26  0.954  11  0.838   0.733 Y  0.450      SignalP-noTM
5mSIPHEX1_0-scaffold_3_c1_83  0.756  26  0.746  26  0.963  11  0.844   0.792 Y  0.570      SignalP-noTM
5mSIPHEX1_0-scaffold_3_c1_83  0.817  26  0.825  26  0.937  10  0.870   0.843 Y  0.450      SignalP-TM
5mSIPHEX1_0-scaffold_3_c1_87  0.166  29  0.295  21  0.820   3  0.750   0.473 Y  0.450      SignalP-TM
5mSIPHEX1_0-scaffold_3_c1_87  0.168  22  0.371  22  0.896   7  0.820   0.614 Y  0.450      SignalP-noTM
5mSIPHEX1_0-scaffold_3_c1_88  0.208  21  0.394  21  0.824  16  0.764   0.538 Y  0.450      SignalP-TM
5mSIPHEX1_0-scaffold_3_c1_88  0.379  21  0.586  20  0.946   8  0.911   0.738 Y  0.570      SignalP-noTM
5mSIPHEX1_0-scaffold_3_c1_88  0.673  21  0.731  21  0.900  14  0.794   0.765 Y  0.450      SignalP-noTM
5mSIPHEX1_0-scaffold_3_c1_91  0.277  26  0.476  26  0.918   8  0.820   0.661 Y  0.450      SignalP-noTM
5mSIPHEX1_0-scaffold_3_c1_91  0.291  34  0.420  27  0.869  23  0.770   0.556 Y  0.450      SignalP-TM
5mSIPHEX1_0-scaffold_3_c1_91  0.638  25  0.760  25  0.951  17  0.904   0.828 Y  0.570      SignalP-noTM
5mSIPHEX1_0-scaffold_3_c1_98  0.701  19  0.784  19  0.921  17  0.882   0.830 Y  0.570      SignalP-noTM
5mSIPHEX1_0-scaffold_3_c1_98  0.790  20  0.836  20  0.932  17  0.887   0.863 Y  0.450      SignalP-noTM
5mSIPHEX1_0-scaffold_41_c1_10  0.233  23  0.415  23  0.891   3  0.794   0.594 Y  0.570      SignalP-noTM
5mSIPHEX1_0-scaffold_41_c1_10  0.256  25  0.454  25  0.945  15  0.810   0.646 Y  0.450      SignalP-noTM
5mSIPHEX1_0-scaffold_41_c1_11  0.176  28  0.327  28  0.898   4  0.736   0.487 Y  0.450      SignalP-TM
5mSIPHEX1_0-scaffold_41_c1_11  0.373  21  0.584  21  0.966   6  0.913   0.762 Y  0.450      SignalP-noTM
5mSIPHEX1_0-scaffold_41_c1_11  0.381  22  0.573  22  0.964  17  0.895   0.725 Y  0.570      SignalP-noTM
5mSIPHEX1_0-scaffold_41_c1_113  0.252  24  0.404  24  0.821  19  0.671   0.508 Y  0.450      SignalP-TM
5mSIPHEX1_0-scaffold_41_c1_113  0.330  24  0.515  24  0.908  11  0.840   0.667 Y  0.570      SignalP-noTM
5mSIPHEX1_0-scaffold_41_c1_113  0.402  26  0.494  26  0.824   3  0.629   0.567 Y  0.450      SignalP-noTM
5mSIPHEX1_0-scaffold_41_c1_115  0.568  26  0.633  26  0.872  13  0.767   0.685 Y  0.450      SignalP-TM
5mSIPHEX1_0-scaffold_41_c1_115  0.691  26  0.750  26  0.963  14  0.826   0.791 Y  0.450      SignalP-noTM
5mSIPHEX1_0-scaffold_41_c1_115  0.783  26  0.809  26  0.965  19  0.877   0.841 Y  0.570      SignalP-noTM
5mSIPHEX1_0-scaffold_41_c1_124  0.265  39  0.318  20  0.848  10  0.716   0.473 Y  0.450      SignalP-TM
5mSIPHEX1_0-scaffold_41_c1_13  0.412  34  0.483  34  0.788  32  0.558   0.511 Y  0.510      SignalP-TM
5mSIPHEX1_0-scaffold_41_c1_13  0.483  41  0.629  41  0.938  32  0.781   0.688 Y  0.450      SignalP-TM
5mSIPHEX1_0-scaffold_41_c1_131  0.412  34  0.531  34  0.785  32  0.573   0.547 Y  0.450      SignalP-TM
5mSIPHEX1_0-scaffold_41_c1_131  0.453  34  0.602  34  0.873  32  0.643   0.621 Y  0.570      SignalP-noTM
5mSIPHEX1_0-scaffold_41_c1_137  0.691  36  0.552  36  0.901  13  0.679   0.602 Y  0.450      SignalP-TM
5mSIPHEX1_0-scaffold_41_c1_137  0.793  36  0.770  36  0.941  17  0.833   0.799 Y  0.570      SignalP-noTM
5mSIPHEX1_0-scaffold_41_c1_148  0.240  21  0.386  21  0.783   3  0.671   0.497 Y  0.450      SignalP-TM
5mSIPHEX1_0-scaffold_41_c1_148  0.377  19  0.564  19  0.895  13  0.844   0.696 Y  0.570      SignalP-noTM
5mSIPHEX1_0-scaffold_41_c1_148  0.417  21  0.547  21  0.883   3  0.705   0.632 Y  0.450      SignalP-noTM
5mSIPHEX1_0-scaffold_41_c1_152  0.327  46  0.473  46  0.822  37  0.580   0.515 Y  0.450      SignalP-TM
5mSIPHEX1_0-scaffold_41_c1_161  0.415  24  0.605  24  0.939  21  0.885   0.715 Y  0.450      SignalP-TM
5mSIPHEX1_0-scaffold_41_c1_161  0.596  24  0.697  24  0.923  12  0.814   0.760 Y  0.450      SignalP-noTM
5mSIPHEX1_0-scaffold_41_c1_161  0.775  24  0.845  24  0.975   9  0.937   0.888 Y  0.570      SignalP-noTM
5mSIPHEX1_0-scaffold_41_c1_167  0.622  37  0.566  37  0.830  11  0.672   0.607 Y  0.450      SignalP-TM
5mSIPHEX1_0-scaffold_41_c1_177  0.171  30  0.370  30  0.936  12  0.775   0.589 Y  0.450      SignalP-noTM
5mSIPHEX1_0-scaffold_41_c1_177  0.252  29  0.451  29  0.935  13  0.825   0.627 Y  0.570      SignalP-noTM
5mSIPHEX1_0-scaffold_41_c1_184  0.324  27  0.458  21  0.920   2  0.738   0.609 Y  0.450      SignalP-noTM
5mSIPHEX1_0-scaffold_41_c1_184  0.375  27  0.464  27  0.951  13  0.767   0.606 Y  0.570      SignalP-noTM
5mSIPHEX1_0-scaffold_41_c1_184  0.593  27  0.668  27  0.922   4  0.818   0.726 Y  0.450      SignalP-TM
5mSIPHEX1_0-scaffold_41_c1_22  0.274  36  0.469  36  0.912  24  0.713   0.600 Y  0.450      SignalP-noTM
5mSIPHEX1_0-scaffold_41_c1_22  0.336  46  0.387  46  0.877  34  0.586   0.465 Y  0.450      SignalP-TM
5mSIPHEX1_0-scaffold_41_c1_22  0.453  46  0.494  36  0.950  34  0.840   0.657 Y  0.570      SignalP-noTM
5mSIPHEX1_0-scaffold_41_c1_221  0.460  28  0.593  28  0.888  10  0.790   0.670 Y  0.450      SignalP-TM
5mSIPHEX1_0-scaffold_41_c1_221  0.821  28  0.861  28  0.945  24  0.906   0.882 Y  0.570      SignalP-noTM
5mSIPHEX1_0-scaffold_41_c1_221  0.833  28  0.851  28  0.948   9  0.873   0.863 Y  0.450      SignalP-noTM
5mSIPHEX1_0-scaffold_41_c1_222  0.520  38  0.475  38  0.746  18  0.488   0.482 Y  0.450      SignalP-noTM
5mSIPHEX1_0-scaffold_41_c1_222  0.596  38  0.585  38  0.851  18  0.619   0.598 Y  0.450      SignalP-TM
5mSIPHEX1_0-scaffold_41_c1_222  0.597  38  0.615  38  0.971  18  0.750   0.678 Y  0.570      SignalP-noTM
5mSIPHEX1_0-scaffold_41_c1_224  0.498  27  0.579  27  0.837  10  0.720   0.634 Y  0.450      SignalP-TM
5mSIPHEX1_0-scaffold_41_c1_224  0.810  27  0.824  27  0.928   8  0.880   0.850 Y  0.570      SignalP-noTM
5mSIPHEX1_0-scaffold_41_c1_224  0.831  27  0.862  27  0.960   8  0.894   0.879 Y  0.450      SignalP-noTM
5mSIPHEX1_0-scaffold_41_c1_225  0.404  20  0.597  20  0.908   4  0.881   0.750 Y  0.450      SignalP-noTM
5mSIPHEX1_0-scaffold_41_c1_225  0.427  30  0.567  30  0.934  18  0.820   0.666 Y  0.450      SignalP-TM
5mSIPHEX1_0-scaffold_41_c1_225  0.519  20  0.708  20  0.982  10  0.959   0.826 Y  0.570      SignalP-noTM
5mSIPHEX1_0-scaffold_41_c1_226  0.221  29  0.342  29  0.749  25  0.546   0.452 Y  0.450      SignalP-noTM
5mSIPHEX1_0-scaffold_41_c1_226  0.541  29  0.679  29  0.949  25  0.777   0.725 Y  0.570      SignalP-noTM
5mSIPHEX1_0-scaffold_41_c1_226  0.760  29  0.703  29  0.876  25  0.610   0.666 Y  0.450      SignalP-TM
5mSIPHEX1_0-scaffold_41_c1_228  0.286  32  0.419  32  0.793  16  0.623   0.529 Y  0.450      SignalP-noTM
5mSIPHEX1_0-scaffold_41_c1_228  0.558  32  0.656  32  0.937  17  0.847   0.730 Y  0.450      SignalP-TM
5mSIPHEX1_0-scaffold_41_c1_228  0.797  32  0.805  32  0.949  15  0.862   0.831 Y  0.570      SignalP-noTM
5mSIPHEX1_0-scaffold_41_c1_231  0.410  23  0.542  23  0.834  15  0.718   0.637 Y  0.450      SignalP-noTM
5mSIPHEX1_0-scaffold_41_c1_231  0.635  23  0.507  23  0.618  20  0.408   0.468 Y  0.450      SignalP-TM
5mSIPHEX1_0-scaffold_41_c1_231  0.754  23  0.634  23  0.730  22  0.527   0.584 Y  0.570      SignalP-noTM
5mSIPHEX1_0-scaffold_41_c1_232  0.583  37  0.565  37  0.804  32  0.530   0.551 Y  0.450      SignalP-TM
5mSIPHEX1_0-scaffold_41_c1_29  0.463  51  0.508  51  0.934  26  0.642   0.571 Y  0.570      SignalP-noTM
5mSIPHEX1_0-scaffold_41_c1_29  0.602  51  0.618  51  0.846  31  0.460   0.556 Y  0.450      SignalP-TM
5mSIPHEX1_0-scaffold_41_c1_30  0.436  23  0.582  23  0.888   7  0.799   0.666 Y  0.450      SignalP-TM
5mSIPHEX1_0-scaffold_41_c1_30  0.696  23  0.794  23  0.988  19  0.919   0.853 Y  0.570      SignalP-noTM
5mSIPHEX1_0-scaffold_41_c1_30  0.855  22  0.900  22  0.977   5  0.947   0.925 Y  0.450      SignalP-noTM
5mSIPHEX1_0-scaffold_41_c1_32  0.633  48  0.651  48  0.879  32  0.473   0.582 Y  0.450      SignalP-TM
5mSIPHEX1_0-scaffold_41_c1_33  0.188  38  0.334  30  0.860  25  0.704   0.478 Y  0.450      SignalP-TM
5mSIPHEX1_0-scaffold_41_c1_33  0.291  28  0.493  28  0.916  17  0.836   0.678 Y  0.450      SignalP-noTM
5mSIPHEX1_0-scaffold_41_c1_46  0.604  30  0.693  30  0.966  12  0.867   0.761 Y  0.450      SignalP-TM
5mSIPHEX1_0-scaffold_41_c1_46  0.773  30  0.754  30  0.989  14  0.864   0.806 Y  0.570      SignalP-noTM
5mSIPHEX1_0-scaffold_41_c1_7  0.206  40  0.419  40  0.904  34  0.625   0.499 Y  0.450      SignalP-TM
5mSIPHEX1_0-scaffold_41_c1_74  0.606  26  0.708  26  0.931  15  0.825   0.771 Y  0.450      SignalP-noTM
5mSIPHEX1_0-scaffold_41_c1_74  0.692  26  0.778  26  0.930  18  0.877   0.817 Y  0.450      SignalP-TM
5mSIPHEX1_0-scaffold_41_c1_74  0.853  26  0.854  26  0.944  18  0.893   0.872 Y  0.570      SignalP-noTM
5mSIPHEX1_0-scaffold_41_c1_8  0.296  22  0.452  22  0.851  18  0.730   0.560 Y  0.450      SignalP-TM
5mSIPHEX1_0-scaffold_41_c1_8  0.310  23  0.524  23  0.952  15  0.884   0.718 Y  0.450      SignalP-noTM
5mSIPHEX1_0-scaffold_41_c1_8  0.447  22  0.621  22  0.945   2  0.883   0.744 Y  0.570      SignalP-noTM
5mSIPHEX1_0-scaffold_41_c1_93  0.253  19  0.476  19  0.939  12  0.897   0.703 Y  0.450      SignalP-noTM
5mSIPHEX1_0-scaffold_41_c1_93  0.309  22  0.484  22  0.918   2  0.791   0.628 Y  0.570      SignalP-noTM
5mSIPHEX1_0-scaffold_41_c1_93  0.424  22  0.566  22  0.889  18  0.789   0.653 Y  0.450      SignalP-TM
5mSIPHEX1_0-scaffold_4294_c1_5  0.528  22  0.586  22  0.852  19  0.699   0.639 Y  0.570      SignalP-noTM
5mSIPHEX1_0-scaffold_4294_c1_5  0.705  22  0.557  22  0.686   1  0.429   0.488 Y  0.450      SignalP-noTM
5mSIPHEX1_0-scaffold_4569_c1_3  0.399  28  0.547  28  0.897   7  0.762   0.663 Y  0.450      SignalP-noTM
5mSIPHEX1_0-scaffold_4569_c1_3  0.453  28  0.603  28  0.922  10  0.835   0.693 Y  0.450      SignalP-TM
5mSIPHEX1_0-scaffold_4569_c1_3  0.580  28  0.694  28  0.988  11  0.898   0.790 Y  0.570      SignalP-noTM
5mSIPHEX1_0-scaffold_4_c1_107  0.163  17  0.359  17  0.883  15  0.779   0.527 Y  0.500      SignalP-TM
5mSIPHEX1_0-scaffold_4_c1_108  0.327  42  0.360  42  0.822  10  0.638   0.468 Y  0.450      SignalP-TM
5mSIPHEX1_0-scaffold_4_c1_109  0.329  30  0.501  30  0.910  12  0.802   0.618 Y  0.450      SignalP-TM
5mSIPHEX1_0-scaffold_4_c1_109  0.483  30  0.587  30  0.929   4  0.757   0.679 Y  0.450      SignalP-noTM
5mSIPHEX1_0-scaffold_4_c1_109  0.810  30  0.796  30  0.977  10  0.858   0.825 Y  0.570      SignalP-noTM
5mSIPHEX1_0-scaffold_4_c1_128  0.161  22  0.320  22  0.857   2  0.700   0.468 Y  0.450      SignalP-TM
5mSIPHEX1_0-scaffold_4_c1_128  0.216  20  0.414  20  0.940   2  0.843   0.616 Y  0.570      SignalP-noTM
5mSIPHEX1_0-scaffold_4_c1_128  0.254  21  0.475  21  0.958  10  0.880   0.694 Y  0.450      SignalP-noTM
5mSIPHEX1_0-scaffold_4_c1_129  0.313  32  0.533  32  0.994  16  0.919   0.741 Y  0.450      SignalP-noTM
5mSIPHEX1_0-scaffold_4_c1_131  0.361  31  0.449  29  0.950  18  0.780   0.605 Y  0.570      SignalP-noTM
5mSIPHEX1_0-scaffold_4_c1_131  0.433  31  0.566  31  0.900  15  0.774   0.647 Y  0.450      SignalP-TM
5mSIPHEX1_0-scaffold_4_c1_131  0.450  21  0.624  21  0.913  19  0.869   0.756 Y  0.450      SignalP-noTM
5mSIPHEX1_0-scaffold_4_c1_141  0.580  37  0.645  37  0.907  30  0.670   0.655 Y  0.450      SignalP-TM
5mSIPHEX1_0-scaffold_4_c1_142  0.740  27  0.783  27  0.937  10  0.865   0.815 Y  0.450      SignalP-TM
5mSIPHEX1_0-scaffold_4_c1_142  0.810  27  0.738  27  0.818  24  0.685   0.709 Y  0.450      SignalP-noTM
5mSIPHEX1_0-scaffold_4_c1_142  0.890  27  0.887  27  0.965  11  0.908   0.897 Y  0.570      SignalP-noTM
5mSIPHEX1_0-scaffold_4_c1_147  0.570  28  0.637  28  0.814  15  0.715   0.668 Y  0.450      SignalP-TM
5mSIPHEX1_0-scaffold_4_c1_147  0.803  28  0.782  28  0.890  21  0.796   0.788 Y  0.570      SignalP-noTM
5mSIPHEX1_0-scaffold_4_c1_147  0.879  28  0.779  28  0.828  27  0.666   0.718 Y  0.450      SignalP-noTM
5mSIPHEX1_0-scaffold_4_c1_156  0.405  21  0.593  21  0.930   3  0.881   0.708 Y  0.500      SignalP-TM
5mSIPHEX1_0-scaffold_4_c1_160  0.618  24  0.740  24  0.911  19  0.814   0.768 Y  0.450      SignalP-TM
5mSIPHEX1_0-scaffold_4_c1_160  0.874  24  0.905  24  0.957  13  0.920   0.912 Y  0.570      SignalP-noTM
5mSIPHEX1_0-scaffold_4_c1_160  0.895  24  0.919  24  0.980  16  0.941   0.931 Y  0.450      SignalP-noTM
5mSIPHEX1_0-scaffold_4_c1_195  0.440  16  0.531  16  0.767  10  0.604   0.570 Y  0.450      SignalP-noTM
5mSIPHEX1_0-scaffold_4_c1_200  0.138  14  0.340  14  0.931  13  0.840   0.575 Y  0.570      SignalP-noTM
5mSIPHEX1_0-scaffold_4_c1_200  0.264  16  0.484  16  0.939  13  0.890   0.703 Y  0.450      SignalP-noTM
5mSIPHEX1_0-scaffold_4_c1_205  0.313  37  0.485  37  0.921  27  0.718   0.576 Y  0.450      SignalP-TM
5mSIPHEX1_0-scaffold_4_c1_208  0.232  21  0.398  21  0.824  12  0.675   0.548 Y  0.450      SignalP-noTM
5mSIPHEX1_0-scaffold_4_c1_22  0.209  29  0.413  29  0.954  12  0.882   0.634 Y  0.570      SignalP-noTM
5mSIPHEX1_0-scaffold_4_c1_22  0.211  31  0.311  19  0.692   6  0.602   0.468 Y  0.450      SignalP-noTM
5mSIPHEX1_0-scaffold_4_c1_22  0.228  31  0.411  28  0.917   2  0.864   0.587 Y  0.450      SignalP-TM
5mSIPHEX1_0-scaffold_4_c1_238  0.198  21  0.390  21  0.884   6  0.794   0.548 Y  0.450      SignalP-TM
5mSIPHEX1_0-scaffold_4_c1_238  0.356  21  0.532  21  0.937   4  0.845   0.679 Y  0.570      SignalP-noTM
5mSIPHEX1_0-scaffold_4_c1_238  0.518  19  0.689  19  0.952   2  0.916   0.811 Y  0.450      SignalP-noTM
5mSIPHEX1_0-scaffold_4_c1_239  0.187  26  0.335  25  0.847  13  0.700   0.478 Y  0.450      SignalP-TM
5mSIPHEX1_0-scaffold_4_c1_239  0.196  17  0.424  17  0.943   3  0.907   0.685 Y  0.450      SignalP-noTM
5mSIPHEX1_0-scaffold_4_c1_241  0.237  22  0.355  22  0.784   5  0.604   0.452 Y  0.450      SignalP-TM
5mSIPHEX1_0-scaffold_4_c1_241  0.279  22  0.480  22  0.913  11  0.851   0.655 Y  0.570      SignalP-noTM
5mSIPHEX1_0-scaffold_4_c1_241  0.651  22  0.686  22  0.833  11  0.719   0.704 Y  0.450      SignalP-noTM
5mSIPHEX1_0-scaffold_4_c1_247  0.278  31  0.444  31  0.915  12  0.748   0.563 Y  0.450      SignalP-TM
5mSIPHEX1_0-scaffold_4_c1_247  0.771  31  0.781  31  0.897  24  0.778   0.779 Y  0.450      SignalP-noTM
5mSIPHEX1_0-scaffold_4_c1_247  0.796  31  0.843  31  0.967  16  0.888   0.864 Y  0.570      SignalP-noTM
5mSIPHEX1_0-scaffold_4_c1_248  0.424  21  0.541  21  0.882  19  0.723   0.612 Y  0.450      SignalP-TM
5mSIPHEX1_0-scaffold_4_c1_248  0.824  21  0.737  21  0.874  19  0.662   0.696 Y  0.450      SignalP-noTM
5mSIPHEX1_0-scaffold_4_c1_248  0.824  21  0.796  21  0.908  19  0.787   0.792 Y  0.570      SignalP-noTM
5mSIPHEX1_0-scaffold_4_c1_250  0.154  23  0.328  23  0.914  21  0.702   0.530 Y  0.450      SignalP-noTM
5mSIPHEX1_0-scaffold_4_c1_250  0.216  28  0.426  28  0.900  20  0.757   0.582 Y  0.570      SignalP-noTM
5mSIPHEX1_0-scaffold_4_c1_265  0.231  27  0.365  27  0.760  12  0.613   0.462 Y  0.450      SignalP-TM
5mSIPHEX1_0-scaffold_4_c1_266  0.190  21  0.381  21  0.891   4  0.792   0.541 Y  0.450      SignalP-TM
5mSIPHEX1_0-scaffold_4_c1_266  0.291  21  0.430  21  0.795   1  0.648   0.517 Y  0.500      SignalP-TM
5mSIPHEX1_0-scaffold_4_c1_266  0.406  21  0.517  21  0.809   2  0.676   0.576 Y  0.510      SignalP-TM
5mSIPHEX1_0-scaffold_4_c1_267  0.210  24  0.395  24  0.786  15  0.658   0.498 Y  0.450      SignalP-TM
5mSIPHEX1_0-scaffold_4_c1_267  0.425  27  0.617  27  0.959  17  0.890   0.745 Y  0.570      SignalP-noTM
5mSIPHEX1_0-scaffold_4_c1_268  0.339  32  0.550  22  0.971  13  0.926   0.727 Y  0.570      SignalP-noTM
5mSIPHEX1_0-scaffold_4_c1_268  0.487  32  0.612  23  0.990  13  0.957   0.798 Y  0.450      SignalP-noTM
5mSIPHEX1_0-scaffold_4_c1_268  0.490  30  0.640  30  0.918  20  0.736   0.678 Y  0.450      SignalP-TM
5mSIPHEX1_0-scaffold_4_c1_269  0.195  21  0.416  21  0.955   4  0.887   0.670 Y  0.450      SignalP-noTM
5mSIPHEX1_0-scaffold_4_c1_278  0.505  18  0.597  18  0.827   1  0.718   0.645 Y  0.500      SignalP-TM
5mSIPHEX1_0-scaffold_4_c1_298  0.783  23  0.815  23  0.934   3  0.848   0.833 Y  0.450      SignalP-noTM
5mSIPHEX1_0-scaffold_4_c1_298  0.804  23  0.824  23  0.904  19  0.832   0.827 Y  0.450      SignalP-TM
5mSIPHEX1_0-scaffold_4_c1_298  0.900  23  0.916  23  0.954  19  0.934   0.924 Y  0.570      SignalP-noTM
5mSIPHEX1_0-scaffold_4_c1_308  0.513  28  0.577  28  0.875  20  0.697   0.625 Y  0.500      SignalP-TM
5mSIPHEX1_0-scaffold_4_c1_314  0.529  24  0.676  24  0.938  20  0.873   0.768 Y  0.570      SignalP-noTM
5mSIPHEX1_0-scaffold_4_c1_314  0.608  24  0.700  24  0.920  20  0.788   0.734 Y  0.450      SignalP-TM
5mSIPHEX1_0-scaffold_4_c1_314  0.759  24  0.800  24  0.944  14  0.846   0.825 Y  0.450      SignalP-noTM
5mSIPHEX1_0-scaffold_4_c1_329  0.611  24  0.662  24  0.919   7  0.792   0.713 Y  0.450      SignalP-TM
5mSIPHEX1_0-scaffold_4_c1_329  0.634  24  0.679  24  0.905  12  0.734   0.709 Y  0.450      SignalP-noTM
5mSIPHEX1_0-scaffold_4_c1_329  0.782  24  0.754  24  0.936   8  0.819   0.785 Y  0.570      SignalP-noTM
5mSIPHEX1_0-scaffold_4_c1_335  0.544  40  0.649  40  0.908  25  0.675   0.659 Y  0.450      SignalP-TM
5mSIPHEX1_0-scaffold_4_c1_335  0.729  40  0.692  40  0.922  33  0.672   0.681 Y  0.450      SignalP-noTM
5mSIPHEX1_0-scaffold_4_c1_335  0.792  40  0.778  40  0.977  33  0.716   0.749 Y  0.570      SignalP-noTM
5mSIPHEX1_0-scaffold_4_c1_338  0.222  21  0.418  21  0.847  14  0.787   0.562 Y  0.450      SignalP-TM
5mSIPHEX1_0-scaffold_4_c1_338  0.791  21  0.783  21  0.878  12  0.766   0.774 Y  0.450      SignalP-noTM
5mSIPHEX1_0-scaffold_4_c1_338  0.804  21  0.853  21  0.961  11  0.904   0.877 Y  0.570      SignalP-noTM
5mSIPHEX1_0-scaffold_4_c1_341  0.241  28  0.440  28  0.939  16  0.811   0.640 Y  0.450      SignalP-noTM
5mSIPHEX1_0-scaffold_4_c1_341  0.520  35  0.541  35  0.881  11  0.716   0.610 Y  0.450      SignalP-TM
5mSIPHEX1_0-scaffold_4_c1_341  0.612  28  0.677  28  0.944  17  0.829   0.749 Y  0.570      SignalP-noTM
5mSIPHEX1_0-scaffold_4_c1_373  0.483  49  0.504  49  0.764  33  0.536   0.516 Y  0.450      SignalP-TM
5mSIPHEX1_0-scaffold_4_c1_373  0.618  49  0.585  49  0.801  32  0.394   0.482 Y  0.450      SignalP-noTM
5mSIPHEX1_0-scaffold_4_c1_377  0.280  21  0.392  21  0.735  19  0.540   0.472 Y  0.450      SignalP-noTM
5mSIPHEX1_0-scaffold_4_c1_381  0.214  29  0.360  29  0.886   1  0.656   0.520 Y  0.450      SignalP-noTM
5mSIPHEX1_0-scaffold_4_c1_381  0.265  22  0.430  22  0.917   2  0.740   0.576 Y  0.570      SignalP-noTM
5mSIPHEX1_0-scaffold_4_c1_382  0.197  24  0.351  18  0.905   1  0.832   0.577 Y  0.570      SignalP-noTM
5mSIPHEX1_0-scaffold_4_c1_382  0.372  21  0.575  21  0.962   4  0.887   0.743 Y  0.450      SignalP-noTM
5mSIPHEX1_0-scaffold_4_c1_387  0.214  19  0.431  19  0.931   3  0.868   0.667 Y  0.450      SignalP-noTM
5mSIPHEX1_0-scaffold_4_c1_388  0.317  24  0.447  24  0.770  12  0.673   0.535 Y  0.450      SignalP-TM
5mSIPHEX1_0-scaffold_4_c1_388  0.329  27  0.483  24  0.906  20  0.816   0.639 Y  0.570      SignalP-noTM
5mSIPHEX1_0-scaffold_4_c1_388  0.394  27  0.507  27  0.916   4  0.691   0.606 Y  0.450      SignalP-noTM
5mSIPHEX1_0-scaffold_4_c1_392  0.571  43  0.552  43  0.726  28  0.527   0.542 Y  0.450      SignalP-TM
5mSIPHEX1_0-scaffold_4_c1_407  0.629  21  0.602  21  0.796   1  0.624   0.610 Y  0.450      SignalP-TM
5mSIPHEX1_0-scaffold_4_c1_407  0.634  21  0.671  21  0.801  10  0.707   0.691 Y  0.450      SignalP-noTM
5mSIPHEX1_0-scaffold_4_c1_407  0.768  21  0.728  21  0.815  18  0.710   0.719 Y  0.570      SignalP-noTM
5mSIPHEX1_0-scaffold_4_c1_442  0.250  22  0.419  22  0.936   5  0.775   0.558 Y  0.450      SignalP-TM
5mSIPHEX1_0-scaffold_4_c1_442  0.811  22  0.824  22  0.937  13  0.834   0.829 Y  0.450      SignalP-noTM
5mSIPHEX1_0-scaffold_4_c1_442  0.847  22  0.864  22  0.943   2  0.903   0.882 Y  0.570      SignalP-noTM
5mSIPHEX1_0-scaffold_4_c1_449  0.368  27  0.513  27  0.933   8  0.789   0.621 Y  0.450      SignalP-TM
5mSIPHEX1_0-scaffold_4_c1_449  0.614  27  0.697  27  0.965   9  0.870   0.778 Y  0.570      SignalP-noTM
5mSIPHEX1_0-scaffold_4_c1_449  0.622  27  0.711  27  0.965  11  0.831   0.776 Y  0.450      SignalP-noTM
5mSIPHEX1_0-scaffold_4_c1_458  0.261  28  0.364  28  0.757   7  0.524   0.451 Y  0.450      SignalP-noTM
5mSIPHEX1_0-scaffold_4_c1_458  0.365  28  0.499  28  0.888  10  0.752   0.598 Y  0.450      SignalP-TM
5mSIPHEX1_0-scaffold_4_c1_458  0.608  28  0.686  28  0.975  12  0.846   0.761 Y  0.570      SignalP-noTM
5mSIPHEX1_0-scaffold_4_c1_46  0.306  28  0.472  28  0.894  22  0.533   0.496 Y  0.450      SignalP-TM
5mSIPHEX1_0-scaffold_4_c1_467  0.518  25  0.586  25  0.781  21  0.670   0.619 Y  0.450      SignalP-TM
5mSIPHEX1_0-scaffold_4_c1_467  0.601  25  0.722  25  0.954  18  0.889   0.801 Y  0.570      SignalP-noTM
5mSIPHEX1_0-scaffold_4_c1_467  0.751  25  0.737  25  0.853  16  0.724   0.730 Y  0.450      SignalP-noTM
5mSIPHEX1_0-scaffold_4_c1_468  0.639  24  0.624  24  0.688  16  0.579   0.607 Y  0.510      SignalP-TM
5mSIPHEX1_0-scaffold_4_c1_468  0.683  24  0.745  24  0.883  17  0.775   0.757 Y  0.450      SignalP-TM
5mSIPHEX1_0-scaffold_4_c1_475  0.508  21  0.561  21  0.808  17  0.627   0.587 Y  0.450      SignalP-TM
5mSIPHEX1_0-scaffold_4_c1_475  0.813  21  0.837  21  0.904  19  0.850   0.843 Y  0.570      SignalP-noTM
5mSIPHEX1_0-scaffold_4_c1_475  0.876  21  0.857  21  0.904  14  0.836   0.846 Y  0.450      SignalP-noTM
5mSIPHEX1_0-scaffold_4_c1_48  0.184  15  0.346  15  0.809  14  0.647   0.508 Y  0.450      SignalP-noTM
5mSIPHEX1_0-scaffold_4_c1_484  0.600  21  0.639  21  0.759   2  0.676   0.659 Y  0.450      SignalP-noTM
5mSIPHEX1_0-scaffold_4_c1_484  0.803  21  0.781  21  0.900   1  0.782   0.781 Y  0.570      SignalP-noTM
5mSIPHEX1_0-scaffold_4_c1_490  0.494  25  0.550  21  0.762   6  0.628   0.581 Y  0.500      SignalP-TM
5mSIPHEX1_0-scaffold_4_c1_503  0.315  30  0.449  30  0.870  12  0.725   0.557 Y  0.450      SignalP-TM
5mSIPHEX1_0-scaffold_4_c1_503  0.338  30  0.500  30  0.923  20  0.755   0.638 Y  0.450      SignalP-noTM
5mSIPHEX1_0-scaffold_4_c1_503  0.593  30  0.693  30  0.970  15  0.874   0.778 Y  0.570      SignalP-noTM
5mSIPHEX1_0-scaffold_4_c1_508  0.221  34  0.396  34  0.903  13  0.780   0.546 Y  0.450      SignalP-TM
5mSIPHEX1_0-scaffold_4_c1_508  0.583  34  0.625  34  0.818  13  0.622   0.623 Y  0.450      SignalP-noTM
5mSIPHEX1_0-scaffold_4_c1_508  0.625  34  0.742  34  0.955  17  0.855   0.795 Y  0.570      SignalP-noTM
5mSIPHEX1_0-scaffold_4_c1_513  0.209  22  0.384  22  0.802   4  0.703   0.556 Y  0.450      SignalP-noTM
5mSIPHEX1_0-scaffold_4_c1_513  0.259  22  0.462  22  0.946  16  0.868   0.653 Y  0.570      SignalP-noTM
5mSIPHEX1_0-scaffold_4_c1_513  0.317  43  0.431  24  0.866  17  0.697   0.535 Y  0.450      SignalP-TM
5mSIPHEX1_0-scaffold_4_c1_516  0.207  27  0.350  27  0.852   9  0.618   0.494 Y  0.450      SignalP-noTM
5mSIPHEX1_0-scaffold_4_c1_516  0.584  27  0.688  27  0.941  18  0.829   0.743 Y  0.450      SignalP-TM
5mSIPHEX1_0-scaffold_4_c1_516  0.643  27  0.674  27  0.948  12  0.818   0.742 Y  0.570      SignalP-noTM
5mSIPHEX1_0-scaffold_4_c1_523  0.462  23  0.658  23  0.967  16  0.935   0.766 Y  0.450      SignalP-TM
5mSIPHEX1_0-scaffold_4_c1_523  0.579  23  0.745  23  0.978  12  0.955   0.843 Y  0.570      SignalP-noTM
5mSIPHEX1_0-scaffold_4_c1_523  0.721  23  0.764  23  0.894   7  0.808   0.788 Y  0.450      SignalP-noTM
5mSIPHEX1_0-scaffold_4_c1_546  0.364  29  0.520  29  0.902  11  0.756   0.647 Y  0.450      SignalP-noTM
5mSIPHEX1_0-scaffold_4_c1_546  0.662  29  0.612  29  0.820  12  0.630   0.621 Y  0.570      SignalP-noTM
5mSIPHEX1_0-scaffold_4_c1_567  0.113  38  0.291  11  0.899   2  0.816   0.496 Y  0.450      SignalP-TM
5mSIPHEX1_0-scaffold_4_c1_570  0.512  21  0.565  21  0.689   1  0.627   0.589 Y  0.450      SignalP-TM
5mSIPHEX1_0-scaffold_4_c1_57  0.538  23  0.518  23  0.750   7  0.567   0.537 Y  0.450      SignalP-TM
5mSIPHEX1_0-scaffold_4_c1_57  0.659  23  0.648  23  0.843   1  0.691   0.668 Y  0.570      SignalP-noTM
5mSIPHEX1_0-scaffold_4_c1_57  0.760  23  0.641  23  0.734   2  0.541   0.587 Y  0.450      SignalP-noTM
5mSIPHEX1_0-scaffold_4_c1_571  0.716  46  0.612  46  0.996  17  0.833   0.715 Y  0.570      SignalP-noTM
5mSIPHEX1_0-scaffold_4_c1_571  0.795  46  0.669  46  0.950  16  0.775   0.711 Y  0.450      SignalP-TM
5mSIPHEX1_0-scaffold_4_c1_572  0.373  31  0.484  31  0.840  28  0.656   0.551 Y  0.450      SignalP-TM
5mSIPHEX1_0-scaffold_4_c1_578  0.675  27  0.756  27  0.979  16  0.898   0.823 Y  0.570      SignalP-noTM
5mSIPHEX1_0-scaffold_4_c1_578  0.756  27  0.757  27  0.919  11  0.785   0.768 Y  0.450      SignalP-TM
5mSIPHEX1_0-scaffold_4_c1_58  0.545  24  0.594  24  0.834   2  0.700   0.636 Y  0.500      SignalP-TM
5mSIPHEX1_0-scaffold_4_c1_587  0.509  18  0.501  18  0.857   1  0.550   0.520 Y  0.500      SignalP-TM
5mSIPHEX1_0-scaffold_4_c1_588  0.727  33  0.546  33  0.744   8  0.533   0.541 Y  0.450      SignalP-TM
5mSIPHEX1_0-scaffold_4_c1_592  0.348  24  0.494  24  0.863  12  0.698   0.604 Y  0.450      SignalP-noTM
5mSIPHEX1_0-scaffold_4_c1_592  0.514  24  0.691  24  0.953  17  0.917   0.779 Y  0.450      SignalP-TM
5mSIPHEX1_0-scaffold_4_c1_592  0.739  24  0.841  24  0.986  11  0.953   0.893 Y  0.570      SignalP-noTM
5mSIPHEX1_0-scaffold_4_c1_593  0.426  19  0.472  19  0.774  18  0.540   0.499 Y  0.450      SignalP-TM
5mSIPHEX1_0-scaffold_4_c1_593  0.648  19  0.684  19  0.833   2  0.709   0.698 Y  0.450      SignalP-noTM
5mSIPHEX1_0-scaffold_4_c1_593  0.853  19  0.839  19  0.905  17  0.813   0.827 Y  0.570      SignalP-noTM
5mSIPHEX1_0-scaffold_4_c1_605  0.231  29  0.468  29  0.981  21  0.943   0.691 Y  0.570      SignalP-noTM
5mSIPHEX1_0-scaffold_4_c1_605  0.317  30  0.536  30  0.963  15  0.904   0.680 Y  0.450      SignalP-TM
5mSIPHEX1_0-scaffold_4_c1_605  0.349  31  0.509  31  0.885  21  0.764   0.646 Y  0.450      SignalP-noTM
5mSIPHEX1_0-scaffold_4_c1_607  0.189  20  0.397  20  0.895  17  0.816   0.560 Y  0.450      SignalP-TM
5mSIPHEX1_0-scaffold_4_c1_607  0.258  20  0.481  20  0.943   2  0.909   0.682 Y  0.570      SignalP-noTM
5mSIPHEX1_0-scaffold_4_c1_607  0.617  25  0.731  20  0.975  15  0.935   0.841 Y  0.450      SignalP-noTM
5mSIPHEX1_0-scaffold_4_c1_619  0.244  36  0.375  19  0.740  18  0.581   0.456 Y  0.450      SignalP-TM
5mSIPHEX1_0-scaffold_4_c1_619  0.657  19  0.783  19  0.964  13  0.901   0.838 Y  0.570      SignalP-noTM
5mSIPHEX1_0-scaffold_4_c1_619  0.866  19  0.904  19  0.970   4  0.946   0.927 Y  0.450      SignalP-noTM
5mSIPHEX1_0-scaffold_4_c1_626  0.495  50  0.608  50  0.887  44  0.436   0.541 Y  0.450      SignalP-TM
5mSIPHEX1_0-scaffold_4_c1_627  0.446  23  0.525  23  0.838   3  0.702   0.608 Y  0.570      SignalP-noTM
5mSIPHEX1_0-scaffold_4_c1_627  0.661  30  0.639  23  0.911  19  0.793   0.699 Y  0.450      SignalP-TM
5mSIPHEX1_0-scaffold_4_c1_627  0.773  23  0.738  23  0.870   1  0.704   0.720 Y  0.450      SignalP-noTM
5mSIPHEX1_0-scaffold_4_c1_630  0.383  29  0.453  29  0.861   3  0.688   0.545 Y  0.450      SignalP-TM
5mSIPHEX1_0-scaffold_4_c1_630  0.527  29  0.570  29  0.916  18  0.758   0.658 Y  0.570      SignalP-noTM
5mSIPHEX1_0-scaffold_4_c1_633  0.149  27  0.341  27  0.875  10  0.775   0.575 Y  0.450      SignalP-noTM
5mSIPHEX1_0-scaffold_4_c1_633  0.243  33  0.373  33  0.759  16  0.611   0.466 Y  0.450      SignalP-TM
5mSIPHEX1_0-scaffold_4_c1_633  0.267  40  0.436  25  0.927  23  0.769   0.592 Y  0.570      SignalP-noTM
5mSIPHEX1_0-scaffold_4_c1_648  0.271  24  0.507  24  0.977  17  0.941   0.676 Y  0.450      SignalP-TM
5mSIPHEX1_0-scaffold_4_c1_648  0.392  23  0.614  23  0.984   5  0.961   0.801 Y  0.450      SignalP-noTM
5mSIPHEX1_0-scaffold_4_c1_648  0.703  25  0.808  25  0.977  18  0.946   0.873 Y  0.570      SignalP-noTM
5mSIPHEX1_0-scaffold_4_c1_653  0.155  23  0.361  20  0.937   1  0.875   0.603 Y  0.570      SignalP-noTM
5mSIPHEX1_0-scaffold_4_c1_653  0.250  18  0.483  18  0.968   4  0.939   0.729 Y  0.450      SignalP-noTM
5mSIPHEX1_0-scaffold_4_c1_653  0.253  34  0.351  34  0.859  16  0.666   0.474 Y  0.450      SignalP-TM
5mSIPHEX1_0-scaffold_4_c1_654  0.272  24  0.458  24  0.881   5  0.773   0.628 Y  0.450      SignalP-noTM
5mSIPHEX1_0-scaffold_4_c1_654  0.674  24  0.742  24  0.931  20  0.821   0.779 Y  0.570      SignalP-noTM
5mSIPHEX1_0-scaffold_4_c1_654  0.712  24  0.734  24  0.859  20  0.693   0.718 Y  0.450      SignalP-TM
5mSIPHEX1_0-scaffold_4_c1_659  0.471  19  0.666  19  0.973   5  0.944   0.816 Y  0.450      SignalP-noTM
5mSIPHEX1_0-scaffold_4_c1_674  0.409  17  0.586  17  0.893   5  0.837   0.722 Y  0.450      SignalP-noTM
5mSIPHEX1_0-scaffold_4_c1_674  0.513  40  0.391  24  0.958  11  0.824   0.595 Y  0.570      SignalP-noTM
5mSIPHEX1_0-scaffold_4_c1_675  0.349  31  0.437  31  0.874  15  0.640   0.516 Y  0.450      SignalP-TM
5mSIPHEX1_0-scaffold_4_c1_675  0.430  31  0.525  31  0.792  11  0.633   0.583 Y  0.450      SignalP-noTM
5mSIPHEX1_0-scaffold_4_c1_677  0.310  25  0.507  25  0.928   8  0.866   0.647 Y  0.450      SignalP-TM
5mSIPHEX1_0-scaffold_4_c1_677  0.417  25  0.624  25  0.963  21  0.938   0.772 Y  0.570      SignalP-noTM
5mSIPHEX1_0-scaffold_4_c1_677  0.684  25  0.775  25  0.966  16  0.878   0.831 Y  0.450      SignalP-noTM
5mSIPHEX1_0-scaffold_4_c1_69  0.387  39  0.463  39  0.769  35  0.500   0.483 Y  0.450      SignalP-noTM
5mSIPHEX1_0-scaffold_4_c1_69  0.394  39  0.526  39  0.775  35  0.678   0.585 Y  0.450      SignalP-TM
5mSIPHEX1_0-scaffold_4_c1_69  0.404  39  0.516  39  0.865  21  0.662   0.585 Y  0.570      SignalP-noTM
5mSIPHEX1_0-scaffold_4_c1_80  0.412  24  0.487  24  0.890   1  0.590   0.542 Y  0.450      SignalP-noTM
5mSIPHEX1_0-scaffold_4_c1_82  0.272  17  0.480  17  0.914   4  0.852   0.681 Y  0.450      SignalP-noTM
5mSIPHEX1_0-scaffold_4_c1_91  0.323  23  0.430  23  0.725  15  0.565   0.483 Y  0.450      SignalP-TM
5mSIPHEX1_0-scaffold_4_c1_91  0.785  23  0.726  23  0.846  13  0.671   0.696 Y  0.450      SignalP-noTM
5mSIPHEX1_0-scaffold_4_c1_98  0.311  19  0.516  19  0.879  15  0.853   0.698 Y  0.450      SignalP-noTM
5mSIPHEX1_0-scaffold_4_c1_98  0.396  29  0.517  19  0.913   1  0.838   0.668 Y  0.570      SignalP-noTM
5mSIPHEX1_0-scaffold_4_c1_98  0.773  29  0.695  29  0.873   8  0.728   0.708 Y  0.450      SignalP-TM
5mSIPHEX1_0-scaffold_62_c1_102  0.387  27  0.483  27  0.801  23  0.536   0.504 Y  0.450      SignalP-TM
5mSIPHEX1_0-scaffold_62_c1_102  0.717  27  0.670  27  0.757  21  0.629   0.648 Y  0.450      SignalP-noTM
5mSIPHEX1_0-scaffold_62_c1_102  0.786  27  0.701  27  0.809  26  0.582   0.645 Y  0.570      SignalP-noTM
5mSIPHEX1_0-scaffold_62_c1_104  0.209  37  0.371  37  0.844  26  0.650   0.480 Y  0.450      SignalP-TM
5mSIPHEX1_0-scaffold_62_c1_113  0.243  29  0.469  24  0.972  21  0.909   0.641 Y  0.450      SignalP-TM
5mSIPHEX1_0-scaffold_62_c1_113  0.456  24  0.656  24  0.971  21  0.929   0.784 Y  0.570      SignalP-noTM
5mSIPHEX1_0-scaffold_62_c1_113  0.687  24  0.785  24  0.947  16  0.895   0.844 Y  0.450      SignalP-noTM
5mSIPHEX1_0-scaffold_62_c1_122  0.376  29  0.502  29  0.932  21  0.784   0.635 Y  0.570      SignalP-noTM
5mSIPHEX1_0-scaffold_62_c1_122  0.415  29  0.513  29  0.738  28  0.640   0.563 Y  0.450      SignalP-TM
5mSIPHEX1_0-scaffold_62_c1_122  0.620  29  0.666  29  0.878  16  0.729   0.700 Y  0.450      SignalP-noTM
5mSIPHEX1_0-scaffold_62_c1_124  0.678  33  0.683  33  0.852  29  0.577   0.642 Y  0.450      SignalP-TM
5mSIPHEX1_0-scaffold_62_c1_124  0.801  33  0.679  33  0.802  29  0.433   0.588 Y  0.510      SignalP-TM
5mSIPHEX1_0-scaffold_62_c1_124  0.827  33  0.776  33  0.954  16  0.763   0.769 Y  0.450      SignalP-noTM
5mSIPHEX1_0-scaffold_62_c1_136  0.323  23  0.497  23  0.914   5  0.816   0.621 Y  0.450      SignalP-TM
5mSIPHEX1_0-scaffold_62_c1_136  0.622  23  0.670  23  0.902   2  0.773   0.719 Y  0.570      SignalP-noTM
5mSIPHEX1_0-scaffold_62_c1_136  0.680  23  0.727  23  0.931   2  0.778   0.755 Y  0.450      SignalP-noTM
5mSIPHEX1_0-scaffold_62_c1_139  0.159  23  0.345  20  0.838   5  0.765   0.513 Y  0.500      SignalP-TM
5mSIPHEX1_0-scaffold_62_c1_157  0.562  31  0.528  31  0.830   4  0.569   0.550 Y  0.450      SignalP-noTM
5mSIPHEX1_0-scaffold_62_c1_157  0.570  31  0.505  31  0.921  10  0.683   0.588 Y  0.570      SignalP-noTM
5mSIPHEX1_0-scaffold_62_c1_157  0.584  31  0.497  31  0.630  18  0.493   0.495 Y  0.450      SignalP-TM
5mSIPHEX1_0-scaffold_62_c1_18  0.207  21  0.398  21  0.894   4  0.800   0.555 Y  0.450      SignalP-TM
5mSIPHEX1_0-scaffold_62_c1_18  0.237  22  0.474  22  0.979  12  0.950   0.731 Y  0.450      SignalP-noTM
5mSIPHEX1_0-scaffold_62_c1_18  0.642  21  0.786  21  0.981  20  0.954   0.865 Y  0.570      SignalP-noTM
5mSIPHEX1_0-scaffold_62_c1_19  0.148  20  0.302  20  0.735   6  0.631   0.480 Y  0.450      SignalP-noTM
5mSIPHEX1_0-scaffold_62_c1_19  0.149  27  0.323  27  0.888  15  0.735   0.484 Y  0.450      SignalP-TM
5mSIPHEX1_0-scaffold_62_c1_19  0.328  21  0.478  21  0.857  18  0.731   0.597 Y  0.570      SignalP-noTM
5mSIPHEX1_0-scaffold_62_c1_37  0.557  30  0.662  30  0.953   9  0.804   0.739 Y  0.450      SignalP-noTM
5mSIPHEX1_0-scaffold_62_c1_37  0.589  30  0.639  30  0.910  14  0.771   0.691 Y  0.450      SignalP-TM
5mSIPHEX1_0-scaffold_62_c1_37  0.712  30  0.758  30  0.964  14  0.863   0.808 Y  0.570      SignalP-noTM
5mSIPHEX1_0-scaffold_62_c1_42  0.280  24  0.392  24  0.808  17  0.558   0.482 Y  0.450      SignalP-noTM
5mSIPHEX1_0-scaffold_62_c1_46  0.456  49  0.554  49  0.833  29  0.605   0.574 Y  0.450      SignalP-TM
5mSIPHEX1_0-scaffold_62_c1_5  0.485  32  0.534  32  0.895  15  0.662   0.603 Y  0.450      SignalP-noTM
5mSIPHEX1_0-scaffold_62_c1_5  0.486  29  0.641  27  0.991  12  0.931   0.777 Y  0.570      SignalP-noTM
5mSIPHEX1_0-scaffold_62_c1_5  0.655  29  0.755  29  0.959   9  0.907   0.814 Y  0.450      SignalP-TM
5mSIPHEX1_0-scaffold_62_c1_52  0.740  22  0.788  22  0.914   3  0.836   0.814 Y  0.450      SignalP-noTM
5mSIPHEX1_0-scaffold_62_c1_52  0.831  22  0.812  22  0.919  18  0.813   0.812 Y  0.450      SignalP-TM
5mSIPHEX1_0-scaffold_62_c1_52  0.885  22  0.896  22  0.945   8  0.917   0.906 Y  0.570      SignalP-noTM
5mSIPHEX1_0-scaffold_62_c1_73  0.164  28  0.367  24  0.917  18  0.835   0.549 Y  0.450      SignalP-TM
5mSIPHEX1_0-scaffold_62_c1_73  0.243  24  0.482  24  0.976  15  0.936   0.695 Y  0.570      SignalP-noTM
5mSIPHEX1_0-scaffold_62_c1_73  0.366  28  0.577  28  0.960  17  0.906   0.754 Y  0.450      SignalP-noTM
5mSIPHEX1_0-scaffold_62_c1_75  0.348  20  0.483  20  0.797  16  0.668   0.557 Y  0.500      SignalP-TM
5mSIPHEX1_0-scaffold_62_c1_80  0.381  28  0.506  28  0.914  19  0.782   0.636 Y  0.570      SignalP-noTM
5mSIPHEX1_0-scaffold_62_c1_80  0.615  28  0.690  28  0.944   7  0.795   0.746 Y  0.450      SignalP-noTM
5mSIPHEX1_0-scaffold_62_c1_80  0.694  28  0.695  28  0.909  10  0.780   0.728 Y  0.450      SignalP-TM
5mSIPHEX1_0-scaffold_62_c1_91  0.598  35  0.674  35  0.856  25  0.697   0.683 Y  0.450      SignalP-TM
5mSIPHEX1_0-scaffold_62_c1_91  0.776  35  0.827  35  0.974  28  0.842   0.835 Y  0.570      SignalP-noTM
5mSIPHEX1_0-scaffold_62_c1_93  0.154  25  0.360  25  0.901   8  0.835   0.617 Y  0.450      SignalP-noTM
5mSIPHEX1_0-scaffold_62_c1_93  0.184  34  0.390  28  0.917  23  0.746   0.529 Y  0.450      SignalP-TM
5mSIPHEX1_0-scaffold_62_c1_93  0.344  25  0.572  25  0.970  22  0.931   0.741 Y  0.570      SignalP-noTM
5mSIPHEX1_0-scaffold_62_c1_96  0.336  31  0.447  31  0.830  30  0.576   0.497 Y  0.450      SignalP-TM
5mSIPHEX1_0-scaffold_62_c1_97  0.638  34  0.591  34  0.931  17  0.746   0.652 Y  0.450      SignalP-TM
5mSIPHEX1_0-scaffold_62_c1_97  0.716  34  0.643  34  0.861  23  0.647   0.645 Y  0.450      SignalP-noTM
5mSIPHEX1_0-scaffold_659_c1_13  0.220  29  0.378  19  0.910   4  0.845   0.598 Y  0.570      SignalP-noTM
5mSIPHEX1_0-scaffold_659_c1_13  0.387  29  0.475  29  0.917  12  0.744   0.580 Y  0.450      SignalP-TM
5mSIPHEX1_0-scaffold_659_c1_13  0.399  29  0.507  21  0.919  13  0.868   0.702 Y  0.450      SignalP-noTM
5mSIPHEX1_0-scaffold_9_c1_106  0.442  19  0.557  19  0.792   5  0.711   0.619 Y  0.500      SignalP-TM
5mSIPHEX1_0-scaffold_9_c1_108  0.188  35  0.403  21  0.970  17  0.870   0.585 Y  0.450      SignalP-TM
5mSIPHEX1_0-scaffold_9_c1_108  0.321  35  0.533  35  0.974  27  0.843   0.679 Y  0.570      SignalP-noTM
5mSIPHEX1_0-scaffold_9_c1_126  0.471  19  0.536  19  0.704  12  0.614   0.567 Y  0.500      SignalP-TM
5mSIPHEX1_0-scaffold_9_c1_128  0.883  19  0.772  19  0.883   1  0.709   0.747 Y  0.500      SignalP-TM
5mSIPHEX1_0-scaffold_9_c1_133  0.653  29  0.781  29  0.992  17  0.937   0.865 Y  0.450      SignalP-noTM
5mSIPHEX1_0-scaffold_9_c1_135  0.483  22  0.541  22  0.783  10  0.636   0.579 Y  0.500      SignalP-TM
5mSIPHEX1_0-scaffold_9_c1_136  0.349  31  0.532  31  0.925  24  0.775   0.627 Y  0.450      SignalP-TM
5mSIPHEX1_0-scaffold_9_c1_136  0.448  31  0.643  31  0.989  19  0.931   0.798 Y  0.450      SignalP-noTM
5mSIPHEX1_0-scaffold_9_c1_145  0.216  29  0.350  29  0.712   7  0.628   0.458 Y  0.450      SignalP-TM
5mSIPHEX1_0-scaffold_9_c1_145  0.355  29  0.442  29  0.856   3  0.603   0.529 Y  0.450      SignalP-noTM
5mSIPHEX1_0-scaffold_9_c1_145  0.401  29  0.530  29  0.982  12  0.839   0.675 Y  0.570      SignalP-noTM
5mSIPHEX1_0-scaffold_9_c1_166  0.515  21  0.642  21  0.896   3  0.796   0.725 Y  0.450      SignalP-noTM
5mSIPHEX1_0-scaffold_9_c1_166  0.550  21  0.652  21  0.877   4  0.795   0.708 Y  0.450      SignalP-TM
5mSIPHEX1_0-scaffold_9_c1_166  0.691  21  0.790  21  0.945  17  0.908   0.846 Y  0.570      SignalP-noTM
5mSIPHEX1_0-scaffold_9_c1_170  0.361  31  0.534  31  0.991  12  0.833   0.696 Y  0.450      SignalP-noTM
5mSIPHEX1_0-scaffold_9_c1_170  0.732  31  0.778  31  0.996  11  0.916   0.843 Y  0.570      SignalP-noTM
5mSIPHEX1_0-scaffold_9_c1_170  0.787  31  0.831  31  0.969  16  0.904   0.860 Y  0.450      SignalP-TM
5mSIPHEX1_0-scaffold_9_c1_175  0.228  39  0.334  24  0.894  10  0.766   0.503 Y  0.450      SignalP-TM
5mSIPHEX1_0-scaffold_9_c1_175  0.238  30  0.416  30  0.954   8  0.772   0.608 Y  0.450      SignalP-noTM
5mSIPHEX1_0-scaffold_9_c1_175  0.259  44  0.395  21  0.939  19  0.892   0.629 Y  0.570      SignalP-noTM
5mSIPHEX1_0-scaffold_9_c1_178  0.372  20  0.605  20  0.995  11  0.982   0.808 Y  0.450      SignalP-noTM
5mSIPHEX1_0-scaffold_9_c1_183  0.391  49  0.500  49  0.768  37  0.563   0.525 Y  0.450      SignalP-TM
5mSIPHEX1_0-scaffold_9_c1_192  0.272  22  0.480  22  0.926  17  0.852   0.625 Y  0.450      SignalP-TM
5mSIPHEX1_0-scaffold_9_c1_192  0.573  22  0.676  22  0.885   4  0.795   0.741 Y  0.450      SignalP-noTM
5mSIPHEX1_0-scaffold_9_c1_192  0.701  22  0.758  22  0.941  18  0.812   0.783 Y  0.570      SignalP-noTM
5mSIPHEX1_0-scaffold_9_c1_200  0.233  22  0.455  22  0.950   8  0.898   0.628 Y  0.450      SignalP-TM
5mSIPHEX1_0-scaffold_9_c1_200  0.243  27  0.444  22  0.950  13  0.898   0.689 Y  0.450      SignalP-noTM
5mSIPHEX1_0-scaffold_9_c1_200  0.559  22  0.713  22  0.951  18  0.921   0.810 Y  0.570      SignalP-noTM
5mSIPHEX1_0-scaffold_9_c1_207  0.277  17  0.441  17  0.760   1  0.683   0.572 Y  0.450      SignalP-noTM
5mSIPHEX1_0-scaffold_9_c1_210  0.664  27  0.522  27  0.729   3  0.491   0.510 Y  0.500      SignalP-TM
5mSIPHEX1_0-scaffold_9_c1_214  0.380  20  0.573  20  0.915   4  0.860   0.728 Y  0.450      SignalP-noTM
5mSIPHEX1_0-scaffold_9_c1_214  0.387  20  0.497  20  0.774  18  0.648   0.553 Y  0.510      SignalP-TM
5mSIPHEX1_0-scaffold_9_c1_223  0.355  26  0.517  26  0.925   6  0.760   0.648 Y  0.450      SignalP-noTM
5mSIPHEX1_0-scaffold_9_c1_223  0.537  25  0.605  25  0.893   8  0.749   0.661 Y  0.450      SignalP-TM
5mSIPHEX1_0-scaffold_9_c1_223  0.686  25  0.805  25  0.979  21  0.929   0.863 Y  0.570      SignalP-noTM
5mSIPHEX1_0-scaffold_9_c1_224  0.540  24  0.545  24  0.775   8  0.628   0.577 Y  0.450      SignalP-TM
5mSIPHEX1_0-scaffold_9_c1_224  0.602  24  0.662  24  0.876   3  0.733   0.701 Y  0.450      SignalP-noTM
5mSIPHEX1_0-scaffold_9_c1_224  0.797  24  0.786  24  0.933   8  0.823   0.804 Y  0.570      SignalP-noTM
5mSIPHEX1_0-scaffold_9_c1_225  0.622  34  0.642  34  0.863  16  0.630   0.636 Y  0.450      SignalP-noTM
5mSIPHEX1_0-scaffold_9_c1_225  0.715  34  0.779  34  0.967  17  0.855   0.808 Y  0.450      SignalP-TM
5mSIPHEX1_0-scaffold_9_c1_225  0.866  34  0.901  34  0.990  15  0.905   0.903 Y  0.570      SignalP-noTM
5mSIPHEX1_0-scaffold_9_c1_227  0.363  32  0.406  19  0.854   3  0.722   0.532 Y  0.500      SignalP-TM
5mSIPHEX1_0-scaffold_9_c1_231  0.190  40  0.355  23  0.880  21  0.718   0.496 Y  0.450      SignalP-TM
5mSIPHEX1_0-scaffold_9_c1_243  0.544  41  0.584  41  0.774  34  0.545   0.569 Y  0.450      SignalP-TM
5mSIPHEX1_0-scaffold_9_c1_243  0.721  41  0.610  41  0.845  34  0.459   0.528 Y  0.450      SignalP-noTM
5mSIPHEX1_0-scaffold_9_c1_243  0.764  41  0.636  41  0.701  37  0.378   0.540 Y  0.510      SignalP-TM
5mSIPHEX1_0-scaffold_9_c1_275  0.135  25  0.276  15  0.820   4  0.750   0.461 Y  0.450      SignalP-TM
5mSIPHEX1_0-scaffold_9_c1_275  0.285  22  0.467  22  0.917   1  0.791   0.619 Y  0.570      SignalP-noTM
5mSIPHEX1_0-scaffold_9_c1_275  0.380  21  0.555  21  0.913   4  0.803   0.689 Y  0.450      SignalP-noTM
5mSIPHEX1_0-scaffold_9_c1_278  0.502  22  0.533  22  0.845   6  0.647   0.579 Y  0.500      SignalP-TM
5mSIPHEX1_0-scaffold_9_c1_284  0.495  22  0.491  22  0.733   2  0.478   0.484 Y  0.450      SignalP-noTM
5mSIPHEX1_0-scaffold_9_c1_302  0.347  33  0.552  33  0.959  28  0.860   0.718 Y  0.450      SignalP-noTM
5mSIPHEX1_0-scaffold_9_c1_302  0.671  35  0.643  35  0.728  30  0.560   0.611 Y  0.450      SignalP-TM
5mSIPHEX1_0-scaffold_9_c1_313  0.476  31  0.546  31  0.763  25  0.520   0.536 Y  0.500      SignalP-TM
5mSIPHEX1_0-scaffold_9_c1_336  0.484  23  0.638  23  0.924   5  0.868   0.727 Y  0.450      SignalP-TM
5mSIPHEX1_0-scaffold_9_c1_336  0.594  23  0.718  23  0.954   8  0.902   0.805 Y  0.570      SignalP-noTM
5mSIPHEX1_0-scaffold_9_c1_336  0.623  23  0.701  23  0.876  11  0.789   0.749 Y  0.450      SignalP-noTM
5mSIPHEX1_0-scaffold_9_c1_34  0.428  23  0.612  23  0.957   3  0.874   0.754 Y  0.450      SignalP-noTM
5mSIPHEX1_0-scaffold_9_c1_34  0.592  23  0.722  23  0.961  19  0.896   0.804 Y  0.570      SignalP-noTM
5mSIPHEX1_0-scaffold_9_c1_34  0.629  23  0.724  23  0.951  18  0.844   0.771 Y  0.450      SignalP-TM
5mSIPHEX1_0-scaffold_9_c1_348  0.375  49  0.521  49  0.847  39  0.416   0.480 Y  0.450      SignalP-TM
5mSIPHEX1_0-scaffold_9_c1_35  0.385  21  0.471  21  0.651  17  0.554   0.505 Y  0.500      SignalP-TM
5mSIPHEX1_0-scaffold_9_c1_353  0.653  34  0.679  34  0.844  29  0.584   0.627 Y  0.450      SignalP-noTM
5mSIPHEX1_0-scaffold_9_c1_356  0.449  22  0.462  22  0.550   8  0.462   0.462 Y  0.450      SignalP-TM
5mSIPHEX1_0-scaffold_9_c1_362  0.252  27  0.425  27  0.947  13  0.746   0.598 Y  0.450      SignalP-noTM
5mSIPHEX1_0-scaffold_9_c1_362  0.419  35  0.440  25  0.922  10  0.860   0.604 Y  0.450      SignalP-TM
5mSIPHEX1_0-scaffold_9_c1_362  0.549  25  0.687  25  0.973  11  0.897   0.786 Y  0.570      SignalP-noTM
5mSIPHEX1_0-scaffold_9_c1_368  0.243  21  0.426  21  0.890   6  0.775   0.566 Y  0.500      SignalP-TM
5mSIPHEX1_0-scaffold_9_c1_374  0.165  38  0.288  22  0.830   9  0.739   0.464 Y  0.450      SignalP-TM
5mSIPHEX1_0-scaffold_9_c1_379  0.284  23  0.518  23  0.974  16  0.948   0.751 Y  0.450      SignalP-noTM
5mSIPHEX1_0-scaffold_9_c1_379  0.333  23  0.548  23  0.940  13  0.881   0.678 Y  0.450      SignalP-TM
5mSIPHEX1_0-scaffold_9_c1_379  0.683  20  0.819  20  0.991  19  0.968   0.889 Y  0.570      SignalP-noTM
5mSIPHEX1_0-scaffold_9_c1_380  0.342  29  0.532  29  0.938  17  0.845   0.679 Y  0.570      SignalP-noTM
5mSIPHEX1_0-scaffold_9_c1_380  0.456  29  0.616  29  0.906  26  0.771   0.676 Y  0.450      SignalP-TM
5mSIPHEX1_0-scaffold_9_c1_380  0.490  29  0.644  29  0.939  17  0.854   0.757 Y  0.450      SignalP-noTM
5mSIPHEX1_0-scaffold_9_c1_38  0.565  23  0.662  23  0.858  16  0.797   0.715 Y  0.450      SignalP-TM
5mSIPHEX1_0-scaffold_9_c1_38  0.712  23  0.710  23  0.864  12  0.708   0.709 Y  0.450      SignalP-noTM
5mSIPHEX1_0-scaffold_9_c1_38  0.790  23  0.834  23  0.970  10  0.909   0.869 Y  0.570      SignalP-noTM
5mSIPHEX1_0-scaffold_9_c1_388  0.393  24  0.550  24  0.921   4  0.772   0.669 Y  0.450      SignalP-noTM
5mSIPHEX1_0-scaffold_9_c1_388  0.458  24  0.598  24  0.946   4  0.842   0.693 Y  0.450      SignalP-TM
5mSIPHEX1_0-scaffold_9_c1_388  0.675  24  0.742  24  0.971  10  0.882   0.808 Y  0.570      SignalP-noTM
5mSIPHEX1_0-scaffold_9_c1_397  0.564  23  0.597  23  0.795   4  0.631   0.615 Y  0.450      SignalP-noTM
5mSIPHEX1_0-scaffold_9_c1_399  0.390  34  0.477  34  0.923   7  0.760   0.588 Y  0.450      SignalP-TM
5mSIPHEX1_0-scaffold_9_c1_399  0.428  34  0.605  24  0.994  14  0.963   0.798 Y  0.450      SignalP-noTM
5mSIPHEX1_0-scaffold_9_c1_399  0.570  34  0.553  34  0.992  15  0.812   0.674 Y  0.570      SignalP-noTM
5mSIPHEX1_0-scaffold_9_c1_4  0.558  33  0.626  33  0.845  26  0.688   0.659 Y  0.450      SignalP-noTM
5mSIPHEX1_0-scaffold_9_c1_45  0.527  27  0.622  27  0.859  23  0.709   0.656 Y  0.450      SignalP-TM
5mSIPHEX1_0-scaffold_9_c1_45  0.699  27  0.717  27  0.830  11  0.742   0.730 Y  0.450      SignalP-noTM
5mSIPHEX1_0-scaffold_9_c1_45  0.738  27  0.813  27  0.945  20  0.888   0.848 Y  0.570      SignalP-noTM
5mSIPHEX1_0-scaffold_9_c1_51  0.508  22  0.605  22  0.907   1  0.764   0.679 Y  0.570      SignalP-noTM
5mSIPHEX1_0-scaffold_9_c1_51  0.609  22  0.625  22  0.824  18  0.635   0.630 Y  0.450      SignalP-noTM
5mSIPHEX1_0-scaffold_9_c1_62  0.383  25  0.515  25  0.832  18  0.712   0.592 Y  0.450      SignalP-TM
5mSIPHEX1_0-scaffold_9_c1_62  0.532  25  0.650  25  0.950  10  0.856   0.746 Y  0.570      SignalP-noTM
5mSIPHEX1_0-scaffold_9_c1_62  0.659  25  0.714  25  0.910   4  0.774   0.746 Y  0.450      SignalP-noTM
5mSIPHEX1_0-scaffold_9_c1_73  0.175  38  0.283  12  0.860   7  0.790   0.481 Y  0.450      SignalP-TM
5mSIPHEX1_0-scaffold_9_c1_81  0.200  23  0.406  23  0.909   6  0.844   0.576 Y  0.450      SignalP-TM
5mSIPHEX1_0-scaffold_9_c1_81  0.281  23  0.498  23  0.964  12  0.881   0.705 Y  0.450      SignalP-noTM
5mSIPHEX1_0-scaffold_9_c1_81  0.479  23  0.652  23  0.961   7  0.915   0.776 Y  0.570      SignalP-noTM
5mSIPHEX1_0-scaffold_9_c1_86  0.490  56  0.514  56  0.708  39  0.404   0.471 Y  0.450      SignalP-TM
