HMM Profile	Profile Length	Gene ID	Gene Length	E Value	Profile Start	Profile End	Gene Start	Gene End	Coverage
GT9.hmm	225	5mSIPHEX1_33-scaffold_100_c1_109	345	4.8e-43	2	205	84	321	0.9022222222222223
GT4.hmm	160	5mSIPHEX1_33-scaffold_100_c1_110	387	2.1e-28	9	159	202	357	0.9375
GT4.hmm	160	5mSIPHEX1_33-scaffold_100_c1_74	369	8.2e-25	9	136	188	302	0.79375
GH23.hmm	135	5mSIPHEX1_33-scaffold_101_c1_26	240	2.9e-28	5	116	50	166	0.8222222222222222
AA3_2.hmm	568	5mSIPHEX1_33-scaffold_101_c1_5	543	3.3e-169	3	566	2	529	0.9911971830985915
GH43_1.hmm	310	5mSIPHEX1_33-scaffold_101_c1_70	390	8e-149	1	309	55	379	0.9935483870967742
PL6.hmm	372	5mSIPHEX1_33-scaffold_135_c1_21	736	1.7e-133	3	369	42	410	0.9838709677419355
PL6_1.hmm	347	5mSIPHEX1_33-scaffold_135_c1_21	736	1e-41	4	208	472	674	0.5878962536023055
PL17_2.hmm	133	5mSIPHEX1_33-scaffold_135_c1_22	725	1.2e-27	44	132	177	260	0.6616541353383458
PL17.hmm	139	5mSIPHEX1_33-scaffold_135_c1_22	725	3.5e-50	2	137	380	515	0.9712230215827338
GH9.hmm	418	5mSIPHEX1_33-scaffold_135_c1_54	641	1.8e-110	3	418	148	631	0.992822966507177
GH102.hmm	157	5mSIPHEX1_33-scaffold_146_c1_90	408	2.5e-41	1	157	145	287	0.9936305732484076
GT30.hmm	177	5mSIPHEX1_33-scaffold_17_c1_164	421	7.2e-53	2	175	36	212	0.9774011299435028
AA7.hmm	458	5mSIPHEX1_33-scaffold_17_c1_251	470	1e-15	18	211	46	246	0.42139737991266374
AA7.hmm	458	5mSIPHEX1_33-scaffold_17_c1_63	477	4.8e-17	7	182	56	227	0.38209606986899564
AA6.hmm	195	5mSIPHEX1_33-scaffold_18_c1_106	196	3.4e-48	1	194	3	188	0.9897435897435898
GT83.hmm	540	5mSIPHEX1_33-scaffold_18_c1_243	685	6.1e-69	6	317	10	337	0.575925925925926
GT2.hmm	170	5mSIPHEX1_33-scaffold_18_c1_244	244	1.5e-23	1	166	8	170	0.9705882352941176
GT28.hmm	157	5mSIPHEX1_33-scaffold_18_c1_3	366	1.4e-41	1	155	187	349	0.9808917197452229
GH16_3.hmm	230	5mSIPHEX1_33-scaffold_18_c1_349	279	2.1e-39	2	230	38	273	0.991304347826087
AA7.hmm	458	5mSIPHEX1_33-scaffold_200_c1_23	479	1.2e-118	3	457	40	467	0.9912663755458515
CE20.hmm	249	5mSIPHEX1_33-scaffold_200_c1_36	648	6.2e-39	3	129	105	241	0.5060240963855421
CE20.hmm	249	5mSIPHEX1_33-scaffold_200_c1_36	648	1.4e-33	125	246	416	536	0.4859437751004016
GT2.hmm	170	5mSIPHEX1_33-scaffold_200_c1_45	228	6e-19	1	132	6	131	0.7705882352941177
GT2.hmm	197	5mSIPHEX1_33-scaffold_200_c1_5	731	7e-16	3	178	214	410	0.8883248730964467
GT51.hmm	177	5mSIPHEX1_33-scaffold_200_c1_50	893	5e-63	1	177	79	259	0.9943502824858758
AA3_2.hmm	568	5mSIPHEX1_33-scaffold_200_c1_57	546	5e-173	2	566	3	530	0.9929577464788732
GT2.hmm	170	5mSIPHEX1_33-scaffold_255_c1_3	403	1.1e-31	1	161	5	160	0.9411764705882353
GH23.hmm	135	5mSIPHEX1_33-scaffold_258_c1_17	675	3.2e-28	17	123	520	651	0.7851851851851852
GT2.hmm	170	5mSIPHEX1_33-scaffold_258_c1_34	347	2.5e-34	1	131	18	147	0.7647058823529411
GT4.hmm	160	5mSIPHEX1_33-scaffold_376_c1_18	350	7.3e-35	4	157	164	311	0.95625
GT2.hmm	170	5mSIPHEX1_33-scaffold_376_c1_31	264	1.8e-24	1	168	22	187	0.9823529411764705
GT2.hmm	170	5mSIPHEX1_33-scaffold_37_c1_148	322	2.8e-24	1	164	29	187	0.9588235294117647
GH109.hmm	399	5mSIPHEX1_33-scaffold_37_c1_17	325	8.3e-23	6	164	2	152	0.39598997493734334
GT81.hmm	293	5mSIPHEX1_33-scaffold_37_c1_219	344	2.2e-17	19	213	7	185	0.6621160409556314
GH24.hmm	137	5mSIPHEX1_33-scaffold_37_c1_248	421	7e-33	2	137	31	167	0.9854014598540146
CE15.hmm	269	5mSIPHEX1_33-scaffold_37_c1_55	435	4.2e-58	24	267	65	420	0.9033457249070632
GH43_9.hmm	272	5mSIPHEX1_33-scaffold_61_c1_122	541	6.4e-131	2	272	63	332	0.9926470588235294
CBM91.hmm	200	5mSIPHEX1_33-scaffold_61_c1_122	541	1.1e-17	5	199	359	539	0.97
PL1_2.hmm	183	5mSIPHEX1_33-scaffold_61_c1_124	462	3.4e-53	1	169	97	285	0.9180327868852459
GH3.hmm	216	5mSIPHEX1_33-scaffold_61_c1_136	803	3.3e-72	8	215	105	325	0.9583333333333334
CE11.hmm	271	5mSIPHEX1_33-scaffold_6_c1_135	309	7.6e-104	1	270	9	282	0.992619926199262
GT51.hmm	177	5mSIPHEX1_33-scaffold_6_c1_201	344	3.5e-50	11	176	50	214	0.9322033898305084
GT2.hmm	230	5mSIPHEX1_33-scaffold_6_c1_22	270	1.1e-21	1	226	4	235	0.9782608695652174
GT51.hmm	177	5mSIPHEX1_33-scaffold_6_c1_237	686	7.4e-49	13	175	58	219	0.9152542372881356
GT83.hmm	540	5mSIPHEX1_33-scaffold_6_c1_239	574	2.3e-55	12	424	17	405	0.762962962962963
GH25.hmm	177	5mSIPHEX1_33-scaffold_6_c1_250	230	8.3e-46	2	177	40	214	0.9887005649717514
GH3.hmm	216	5mSIPHEX1_33-scaffold_6_c1_317	924	6.7e-68	2	215	98	353	0.9861111111111112
CE1.hmm	227	5mSIPHEX1_33-scaffold_6_c1_333	653	2.1e-18	12	217	403	634	0.9030837004405287
GH103.hmm	295	5mSIPHEX1_33-scaffold_6_c1_36	450	1.1e-92	4	293	61	358	0.9796610169491525
GH109.hmm	399	5mSIPHEX1_33-scaffold_6_c1_386	402	1e-24	5	173	64	228	0.42105263157894735
CE1.hmm	227	5mSIPHEX1_33-scaffold_6_c1_404	281	5.9e-50	3	226	25	277	0.9823788546255506
GT4.hmm	160	5mSIPHEX1_33-scaffold_6_c1_469	369	3e-26	12	151	177	325	0.86875
GT2.hmm	170	5mSIPHEX1_33-scaffold_6_c1_470	746	7e-24	1	129	7	131	0.7529411764705882
GT4.hmm	160	5mSIPHEX1_33-scaffold_6_c1_470	746	1.2e-38	6	159	546	708	0.95625
GT4.hmm	160	5mSIPHEX1_33-scaffold_6_c1_474	992	1.3e-30	9	153	222	368	0.9
GT4.hmm	160	5mSIPHEX1_33-scaffold_6_c1_474	992	1.5e-27	9	153	643	789	0.9
GT2.hmm	170	5mSIPHEX1_33-scaffold_6_c1_475	365	3.4e-23	1	110	13	118	0.6411764705882353
GT2.hmm	170	5mSIPHEX1_33-scaffold_6_c1_52	470	1.9e-27	2	168	63	266	0.9764705882352941
GT2.hmm	197	5mSIPHEX1_33-scaffold_6_c1_52	470	5.5e-22	4	190	168	378	0.9441624365482234
CE4.hmm	130	5mSIPHEX1_33-scaffold_6_c1_54	624	9.1e-16	8	128	291	448	0.9230769230769231
GT51.hmm	177	5mSIPHEX1_33-scaffold_6_c1_572	676	1.5e-64	14	176	102	264	0.9152542372881356
GT20.hmm	475	5mSIPHEX1_33-scaffold_6_c1_96	465	1.6e-153	8	473	5	459	0.9789473684210527
GH15.hmm	361	5mSIPHEX1_33-scaffold_6_c1_98	589	2.5e-71	3	360	214	577	0.9889196675900277
CBM66.hmm	155	5mSIPHEX1_33-scaffold_92_c1_79	206	2.8e-16	20	146	63	190	0.8129032258064516
GH16_21.hmm	206	5mSIPHEX1_33-scaffold_92_c1_90	339	7.8e-60	9	194	106	293	0.8980582524271845
