Gene ID	CAZy ID	% Identical	Length	Mismatches	Gap Open	Gene Start	Gene End	CAZy Start	CAZy End	E Value	Bit Score
700mSIPHEX1_12-scaffold_14_c1_1	UAB80311.1|GT2	57.5	341	133	3	9	342	4	339	1.57e-136	396
700mSIPHEX1_12-scaffold_14_c1_11	EAQ38417.1|GT2	79.9	309	62	0	1	309	1	309	1.33e-187	523
700mSIPHEX1_12-scaffold_14_c1_184	AXT62474.1|CBM6	45.1	829	388	26	45	817	42	859	7.78e-187	600
700mSIPHEX1_12-scaffold_14_c1_225	UOR05649.1|CBM0	35.2	822	479	17	30	810	35	843	7.61e-150	465
700mSIPHEX1_12-scaffold_14_c1_233	AGL63717.2|GT4	50.6	623	287	6	195	814	106	710	9.86e-193	573
700mSIPHEX1_12-scaffold_14_c1_260	EAQ38395.2|GH3	73.9	972	250	3	1	969	1	971	0.0	1460
700mSIPHEX1_12-scaffold_14_c1_261	EAQ38396.2|GT4	84.8	374	57	0	1	374	1	374	1.30e-230	637
700mSIPHEX1_12-scaffold_14_c1_283	ANH60825.1|GT4	60.3	426	165	3	1	424	1	424	1.05e-178	510
700mSIPHEX1_12-scaffold_14_c1_306	EAQ40046.1|CE11	89.7	467	48	0	1	467	1	467	4.26e-306	836
700mSIPHEX1_12-scaffold_14_c1_40	AUS05151.1|GH3	74.1	733	185	2	23	755	34	761	0.0	1093
700mSIPHEX1_12-scaffold_14_c1_410	CAE6153416.1|PL4_2	45.7	348	182	5	2	345	588	932	6.93e-103	328
700mSIPHEX1_12-scaffold_14_c1_461	AWH74874.1|GH20	52.7	522	229	6	20	534	1	511	1.17e-184	533
700mSIPHEX1_12-scaffold_14_c1_76	ANH61300.1|CBM50	54.1	680	295	4	1	667	1	676	4.41e-241	688
700mSIPHEX1_12-scaffold_14_c1_8	CAD7235639.1|GT2	49.3	546	263	7	12	554	139	673	1.78e-179	527
700mSIPHEX1_12-scaffold_14_c1_93	AVM55139.1|GH65	63.6	676	246	0	32	707	682	1357	3.40e-311	893
700mSIPHEX1_12-scaffold_21_c1_101	QFZ55929.1|GT2	61.3	333	128	1	1	332	1	333	1.09e-145	419
700mSIPHEX1_12-scaffold_21_c1_139	QIE59087.1|GT2	76.6	381	89	0	1	381	1	381	2.18e-207	579
700mSIPHEX1_12-scaffold_21_c1_145	AOE08295.1|GH171	68.2	424	128	3	1	421	1	420	5.28e-204	573
700mSIPHEX1_12-scaffold_21_c1_163	ANH61396.1|GH23	75.6	320	76	1	1	320	1	318	5.58e-179	502
700mSIPHEX1_12-scaffold_21_c1_265	AVI50726.1|GH109	81.4	451	84	0	1	451	1	451	1.03e-286	785
700mSIPHEX1_12-scaffold_21_c1_28	QMU31427.1|GH18	46.9	337	178	1	50	386	1	336	1.43e-113	340
700mSIPHEX1_12-scaffold_21_c1_311	CUS04494.2|GH39	57.0	920	358	5	3	887	337	1253	0.0	998
700mSIPHEX1_12-scaffold_21_c1_312	CUS04494.2|GH39	58.5	328	136	0	3	330	8	335	5.74e-124	389
700mSIPHEX1_12-scaffold_21_c1_375	EAQ38653.1|GT4	59.3	405	165	0	1	405	1	405	3.85e-170	486
700mSIPHEX1_12-scaffold_21_c1_57	UBZ09916.1|GT9	52.0	350	166	2	1	349	1	349	2.77e-114	340
700mSIPHEX1_12-scaffold_21_c1_59	AEE18233.1|GT2	70.0	273	82	0	5	277	6	278	1.85e-145	414
700mSIPHEX1_12-scaffold_21_c1_60	ALJ04387.1|GT2	67.2	250	81	1	1	250	1	249	1.20e-125	361
700mSIPHEX1_12-scaffold_21_c1_87	QRM87871.1|GT2	55.4	370	157	4	3	369	1	365	1.21e-132	388
700mSIPHEX1_12-scaffold_35_c1_112	EAQ40369.1|GH13_31	78.4	559	121	0	8	566	5	563	0.0	941
700mSIPHEX1_12-scaffold_35_c1_125	AWH75271.1|CBM0	65.0	266	89	3	1	264	1	264	3.17e-127	366
700mSIPHEX1_12-scaffold_35_c1_127	AXY72765.1|GH97	45.0	538	282	9	15	541	659	1193	5.84e-152	471
700mSIPHEX1_12-scaffold_35_c1_132	AEE18074.1|GT2	63.7	333	118	3	1	333	1	330	7.45e-156	444
700mSIPHEX1_12-scaffold_35_c1_159	EAQ39921.1|CE14	81.9	238	43	0	1	238	1	238	1.93e-136	387
700mSIPHEX1_12-scaffold_35_c1_171	EAQ37933.1|GT4	64.7	351	124	0	4	354	7	357	1.01e-167	476
700mSIPHEX1_12-scaffold_35_c1_214	AMJ20543.1|GH13_11	55.6	390	158	1	7	396	7	381	5.42e-142	416
700mSIPHEX1_12-scaffold_35_c1_215	CUS03126.2|CBM50	49.3	410	195	5	22	424	11	414	3.93e-129	384
700mSIPHEX1_12-scaffold_35_c1_217	AGL63717.2|GT4	44.1	675	304	8	159	832	107	709	1.70e-175	530
700mSIPHEX1_12-scaffold_35_c1_230	AGL64700.2|GH23	47.3	351	184	1	3	353	6	355	6.13e-114	340
700mSIPHEX1_12-scaffold_35_c1_255	CCO58245.1|CBM5	41.7	660	338	16	29	662	53	691	2.34e-123	416
700mSIPHEX1_12-scaffold_35_c1_256	AUS05371.1|CBM32	37.0	781	412	31	1143	1902	481	1202	3.71e-108	384
700mSIPHEX1_12-scaffold_35_c1_67	UKZ91289.1|AA0	63.6	755	242	6	22	750	3	750	0.0	957
700mSIPHEX1_12-scaffold_35_c1_79	AEE20738.1|GT4	62.4	380	142	1	6	385	5	383	6.20e-163	467
700mSIPHEX1_12-scaffold_35_c1_92	QAY63367.1|GT2	58.8	284	117	0	1	284	316	599	1.71e-114	347
700mSIPHEX1_12-scaffold_35_c1_93	QWA11134.1|GT2	51.8	353	161	5	1	346	288	638	2.40e-115	353
700mSIPHEX1_12-scaffold_37_c1_12	ANH59195.1|GT30	55.5	416	178	2	1	416	1	409	1.85e-161	465
700mSIPHEX1_12-scaffold_37_c1_30	EAQ38643.1|GT2	65.1	281	98	0	1	281	1	281	6.73e-129	372
700mSIPHEX1_12-scaffold_37_c2_188	CBL88337.1|CBM50|GH73	68.8	279	82	3	1	276	1	277	3.09e-131	377
700mSIPHEX1_12-scaffold_37_c2_214	CAE6204650.1|GH28	49.8	603	293	5	2	597	745	1344	1.83e-193	585
700mSIPHEX1_12-scaffold_37_c2_216	EAQ39067.1|GH92	65.2	988	325	7	5	981	3	982	0.0	1334
700mSIPHEX1_12-scaffold_37_c2_71	CUS01988.2|GH39	37.5	638	340	15	38	641	66	678	9.64e-139	426
700mSIPHEX1_12-scaffold_37_c2_97	QKX52201.1|CBM50	31.8	779	452	17	39	777	4	743	8.65e-114	369
700mSIPHEX1_12-scaffold_4_c1_108	CAD7254438.1|GH0	58.0	331	112	1	46	349	700	1030	3.36e-120	376
700mSIPHEX1_12-scaffold_4_c1_183	CAF2936868.1|GT43	37.2	589	337	14	25	594	5	579	1.38e-105	347
700mSIPHEX1_12-scaffold_4_c1_212	AOE06042.1|GT9	55.0	333	150	0	5	337	1	333	3.37e-128	375
700mSIPHEX1_12-scaffold_4_c1_218	AVI50631.1|GT2	62.5	251	94	0	10	260	17	267	7.05e-116	338
700mSIPHEX1_12-scaffold_4_c1_221	AVI59029.1|GT2	46.4	435	226	4	1	432	1	431	4.37e-128	382
700mSIPHEX1_12-scaffold_4_c1_222	AUC78646.1|GT4	57.8	403	166	3	5	407	4	402	7.15e-166	476
700mSIPHEX1_12-scaffold_4_c1_225	QTD36215.1|GT4	53.9	360	166	0	1	360	2	361	2.58e-127	374
700mSIPHEX1_12-scaffold_4_c1_231	CUS02574.2|GT2	48.9	350	144	4	6	355	4	318	5.81e-109	327
700mSIPHEX1_12-scaffold_4_c1_238	EAQ39682.1|CBM50|GH23	73.4	519	132	2	10	522	22	540	2.78e-271	753
700mSIPHEX1_12-scaffold_4_c1_252	CAE6110940.1|CE8	44.3	537	269	10	31	556	270	787	5.01e-131	419
700mSIPHEX1_12-scaffold_4_c1_335	AEE19052.1|GT51	80.1	770	151	2	10	778	8	776	0.0	1256
700mSIPHEX1_12-scaffold_4_c1_41	ANH59807.1|GT51	68.5	777	240	1	17	788	10	786	0.0	1104
700mSIPHEX1_12-scaffold_4_c1_42	ACM64804.2|GT51	27.6	1657	1039	38	245	1859	222	1759	2.02e-165	556
700mSIPHEX1_12-scaffold_4_c1_465	QRM90408.1|CBM64	31.4	1320	703	39	17	1186	1562	2828	9.08e-115	405
700mSIPHEX1_12-scaffold_4_c1_475	AWH73977.1|GT5	88.9	270	30	0	1	270	1	270	3.92e-177	493
700mSIPHEX1_12-scaffold_4_c1_482	CAD7245033.1|GT58	63.6	500	145	6	6	498	1055	1524	1.10e-193	597
700mSIPHEX1_12-scaffold_4_c1_508	AUC13626.1|CBM50	35.7	635	379	12	1	607	12	645	1.51e-114	362
700mSIPHEX1_12-scaffold_4_c1_564	ALR08738.2|GT83	43.7	586	315	7	3	578	2	582	7.09e-163	482
700mSIPHEX1_12-scaffold_4_c1_566	AXP81648.1|GH32	54.8	442	192	3	2	443	3	436	2.01e-154	467
700mSIPHEX1_12-scaffold_4_c1_567	AOE05596.1|GH32	59.6	520	201	4	1	517	1	514	1.03e-235	662
700mSIPHEX1_12-scaffold_4_c1_570	EAQ38175.1|GH65	73.5	773	193	1	1	773	1	761	0.0	1195
700mSIPHEX1_12-scaffold_4_c1_571	EAR00031.1|GH16_3	57.1	240	101	2	1	238	17	256	2.19e-107	315
700mSIPHEX1_12-scaffold_4_c1_581	AWH73479.1|GH13	57.4	465	189	4	5	465	3	462	4.45e-191	545
700mSIPHEX1_12-scaffold_4_c1_590	AOE05740.1|GT2	81.6	239	44	0	1	239	1	239	2.90e-143	405
700mSIPHEX1_12-scaffold_4_c1_592	UCA56317.1|GT0	43.1	555	282	12	5	541	3	541	9.02e-123	376
700mSIPHEX1_12-scaffold_4_c1_594	ANH59949.1|GT2	89.1	496	54	0	1	496	1	496	0.0	885
700mSIPHEX1_12-scaffold_4_c1_595	AWH75639.1|GT2	79.2	236	44	1	1	231	1	236	1.54e-126	362
700mSIPHEX1_12-scaffold_4_c1_615	AGL64345.2|GT2	52.6	561	259	3	349	903	299	858	6.76e-186	562
700mSIPHEX1_12-scaffold_4_c1_633	AEE19551.1|GH37	67.0	615	197	3	6	615	4	617	1.40e-308	855
700mSIPHEX1_12-scaffold_4_c1_634	AFU68961.1|GH0	58.9	384	157	1	6	388	4	387	2.91e-173	493
700mSIPHEX1_12-scaffold_4_c1_87	CUS04921.2|GT4	34.0	1008	445	14	3	955	17	859	1.85e-184	560
700mSIPHEX1_12-scaffold_7_c1_108	AEE19874.1|GT28	72.6	361	99	0	1	361	1	361	1.81e-186	525
700mSIPHEX1_12-scaffold_7_c1_137	CCO12112.2|GH13_31	68.7	422	130	2	1	420	1	422	1.71e-205	578
700mSIPHEX1_12-scaffold_7_c1_168	CAD7226128.1|GH38	33.8	716	401	15	9	683	1345	2028	1.39e-109	371
700mSIPHEX1_12-scaffold_7_c1_215	AXT21096.1|GT2	65.1	232	77	2	9	236	2	233	4.40e-108	315
700mSIPHEX1_12-scaffold_7_c1_219	ANH59064.1|GH113	63.1	328	118	1	12	336	7	334	6.17e-164	465
700mSIPHEX1_12-scaffold_7_c1_286	ULQ52457.1|GH9	38.1	687	399	7	6	673	3	682	7.38e-157	473
700mSIPHEX1_12-scaffold_7_c1_321	QYO62262.1|GH13	67.9	346	109	1	1	346	1	344	1.36e-148	439
700mSIPHEX1_12-scaffold_7_c1_339	AEE18591.1|GT19	75.9	370	89	0	1	370	1	370	5.33e-204	570
700mSIPHEX1_12-scaffold_7_c1_395	CAD7280782.1|GT2	41.7	905	386	15	7	866	351	1158	2.22e-206	655
700mSIPHEX1_12-scaffold_7_c1_406	AWZ17133.1|GH13_30	35.4	1211	695	28	261	1439	406	1561	5.78e-194	621
700mSIPHEX1_12-scaffold_7_c1_420	UPS92263.1|GT0	52.3	350	167	0	1	350	1	350	5.21e-120	356
700mSIPHEX1_12-scaffold_7_c1_430	AXT52317.1|GT2	76.1	238	57	0	1	238	1	238	1.43e-133	380
700mSIPHEX1_12-scaffold_7_c1_445	UKZ91289.1|AA0	55.1	746	289	9	3	711	16	752	3.43e-282	797
700mSIPHEX1_12-scaffold_7_c1_505	QBQ55156.1|CBM50	34.0	667	398	10	103	751	62	704	1.45e-111	365
700mSIPHEX1_12-scaffold_7_c1_561	QBQ55156.1|CBM50	57.1	652	272	5	50	695	53	702	7.98e-249	717
700mSIPHEX1_12-scaffold_7_c1_58	AWH73144.1|GT2	53.3	368	154	1	3	370	22	371	1.43e-135	396
700mSIPHEX1_12-scaffold_7_c1_67	CAG7911095.1|GH5_11	40.0	900	495	18	13	877	589	1478	1.51e-211	646
700mSIPHEX1_12-scaffold_7_c1_86	CAD7252417.1|GH13	51.7	601	277	6	129	723	341	934	8.70e-179	558
700mSIPHEX1_12-scaffold_8_c1_123	CAE6201330.1|GH1	50.6	640	297	10	6	631	576	1210	2.46e-213	634
700mSIPHEX1_12-scaffold_8_c1_202	CAD7232106.1|GT2	65.6	279	91	1	8	281	231	509	9.49e-130	382
700mSIPHEX1_12-scaffold_8_c1_42	AWH74625.1|GH31	89.2	799	86	0	1	799	1	799	0.0	1547
700mSIPHEX1_12-scaffold_8_c1_43	ANH61522.1|CBM48|GH13_9	79.6	637	130	0	1	637	1	637	0.0	1110
700mSIPHEX1_12-scaffold_8_c1_45	AEE18270.1|GT5	75.5	466	114	0	1	466	1	466	2.39e-270	746
700mSIPHEX1_12-scaffold_8_c1_61	EAQ37894.1|GH13_19	66.8	561	176	3	1	560	1	552	4.55e-282	783
700mSIPHEX1_12-scaffold_8_c1_65	CAG7903126.1|GH28	41.6	471	250	8	8	471	67	519	5.13e-115	370
700mSIPHEX1_12-scaffold_8_c2_108	APS38819.1|GT4	56.4	349	137	2	4	352	2	335	4.12e-127	372
700mSIPHEX1_12-scaffold_8_c2_111	AXP79256.1|GT4	50.7	369	181	1	1	369	1	368	1.29e-128	378
700mSIPHEX1_12-scaffold_8_c2_113	APG64691.1|GT2	56.4	330	142	1	5	334	2	329	6.67e-137	396
700mSIPHEX1_12-scaffold_8_c2_115	AGC77425.1|GT2	47.1	476	240	6	34	509	25	488	2.02e-140	418
700mSIPHEX1_12-scaffold_8_c2_117	QJP32983.1|GT4	56.1	378	164	1	1	378	1	376	1.11e-143	417
700mSIPHEX1_12-scaffold_8_c2_125	AWH72872.1|GT0	58.4	377	153	2	1	377	1	373	1.72e-157	452
700mSIPHEX1_12-scaffold_8_c2_126	QJP32988.1|GT2	46.2	355	191	0	2	356	5	359	8.42e-107	322
700mSIPHEX1_12-scaffold_8_c2_127	UGS20565.1|GT0	47.2	409	210	2	9	414	1	406	2.10e-128	381
700mSIPHEX1_12-scaffold_8_c2_132	QJP32998.1|GT2	58.5	275	112	2	1	273	2	276	6.16e-103	307
700mSIPHEX1_12-scaffold_8_c2_147	QQO05729.1|CBM13	52.4	368	147	11	24	369	188	549	4.60e-107	337
700mSIPHEX1_12-scaffold_8_c2_160	AEE20075.1|GT2	50.6	314	155	0	1	314	1	314	2.87e-110	327
700mSIPHEX1_12-scaffold_8_c2_163	QHI36350.1|GT0	44.1	356	198	1	3	358	23	377	1.23e-109	330
700mSIPHEX1_12-scaffold_8_c4_2	AHC21644.2|GH1	47.0	521	266	4	3	521	8	520	4.27e-162	476
700mSIPHEX1_12-scaffold_8_c4_4	CCO12868.2|GH1	43.3	1445	514	15	13	1412	7	1191	0.0	1079
700mSIPHEX1_12-scaffold_8_c4_43	AEE20374.1|GT2	77.2	268	61	0	1	268	1	268	7.76e-145	411
700mSIPHEX1_12-scaffold_8_c4_46	AEE20371.1|GH5_42	65.8	503	172	0	1	503	1	503	4.02e-255	710
700mSIPHEX1_12-scaffold_8_c4_47	AEE20370.1|GT4	79.1	398	78	1	1	393	1	398	5.36e-224	622
700mSIPHEX1_12-scaffold_8_c4_67	AEE19926.1|GT2	79.2	327	68	0	1	327	12	338	4.03e-208	577
700mSIPHEX1_12-scaffold_8_c4_72	EAQ42068.1|GH65	78.3	659	143	0	30	688	18	676	0.0	1077
700mSIPHEX1_12-scaffold_8_c4_90	EAP86933.1|GT2	79.7	236	48	0	4	239	3	238	2.00e-134	382
700mSIPHEX1_12-scaffold_851_c1_6	CAN65674.1|GH28	40.8	569	307	7	57	621	95	637	7.32e-132	423
