Gene ID	CAZy ID	% Identical	Length	Mismatches	Gap Open	Gene Start	Gene End	CAZy Start	CAZy End	E Value	Bit Score
5mSIPHEX2_18-scaffold_1083_c1_6	QOF98722.1|GT87	58.8	553	219	5	3	551	12	559	6.97e-234	660
5mSIPHEX2_18-scaffold_111_c1_23	CCO09729.2|GH1	45.0	418	226	4	324	738	3	419	2.50e-107	339
5mSIPHEX2_18-scaffold_111_c1_7	CAE6201330.1|GH1	37.7	642	366	14	3	621	582	1212	5.62e-129	414
5mSIPHEX2_18-scaffold_111_c2_16	BAP13855.1|GT2	87.0	292	38	0	1	292	1	292	1.14e-196	544
5mSIPHEX2_18-scaffold_111_c2_17	BAP13854.1|GT2	61.8	259	99	0	4	262	7	265	9.71e-115	335
5mSIPHEX2_18-scaffold_111_c2_7	CAL16398.1|GH23	94.8	193	10	0	1	193	1	193	1.33e-139	392
5mSIPHEX2_18-scaffold_112_c1_16	QCE13289.1|CE8	51.5	425	179	5	3	402	406	828	7.61e-131	413
5mSIPHEX2_18-scaffold_117_c1_23	CAD7245033.1|GT58	65.1	467	146	5	2	452	1053	1518	4.54e-189	582
5mSIPHEX2_18-scaffold_117_c1_44	QOS76560.1|CBM50	52.7	607	255	9	31	616	35	630	2.93e-204	597
5mSIPHEX2_18-scaffold_1174_c2_6	AMJ20543.1|GH13_11	54.5	398	175	3	22	415	14	409	6.64e-144	421
5mSIPHEX2_18-scaffold_132_c1_8	QBQ55156.1|CBM50	38.0	650	389	9	133	779	68	706	5.49e-121	390
5mSIPHEX2_18-scaffold_134_c2_16	BAP15144.1|GT51	92.6	855	62	1	1	855	1	854	0.0	1573
5mSIPHEX2_18-scaffold_134_c2_19	ALR09732.2|GH92	43.9	735	394	12	3	723	2	732	8.44e-190	561
5mSIPHEX2_18-scaffold_144_c1_27	CAL16604.1|GT19	92.4	383	29	0	1	383	1	383	3.85e-243	669
5mSIPHEX2_18-scaffold_144_c1_29	AWZ17133.1|GH13_30	34.9	1213	697	24	1	1158	401	1575	8.01e-204	639
5mSIPHEX2_18-scaffold_144_c2_12	BAP14091.1|CBM50	93.7	253	16	0	1	253	1	253	9.00e-154	432
5mSIPHEX2_18-scaffold_144_c2_5	CCO12112.2|GH13_31	63.0	432	150	5	1	426	1	428	5.16e-174	498
5mSIPHEX2_18-scaffold_146_c2_27	QYU66396.1|GH13_23	55.8	457	193	6	4	456	6	457	1.33e-144	436
5mSIPHEX2_18-scaffold_1481_c1_5	CAG7911095.1|GH5_11	41.5	866	427	19	1	841	613	1423	8.81e-219	666
5mSIPHEX2_18-scaffold_1488_c1_1	CAD7252417.1|GH13	42.9	580	310	11	128	692	339	912	3.29e-119	395
5mSIPHEX2_18-scaffold_1488_c1_5	AGL64345.2|GT2	46.1	588	302	3	197	774	273	855	9.42e-171	518
5mSIPHEX2_18-scaffold_192_c1_18	CAL17261.1|GT2	89.9	228	23	0	1	228	18	245	4.77e-152	427
5mSIPHEX2_18-scaffold_1996_c1_1	QND46664.1|GT1	40.8	1276	717	20	1	1241	1390	2662	4.79e-269	850
5mSIPHEX2_18-scaffold_218_c1_13	BAP14492.1|GH23	94.9	647	33	0	1	647	1	647	0.0	1249
5mSIPHEX2_18-scaffold_218_c1_27	CCO12102.2|GH13_31	53.5	329	146	2	10	331	5	333	1.11e-110	331
5mSIPHEX2_18-scaffold_219_c1_17	ACM64804.2|GT51	27.3	1679	1076	41	223	1857	182	1759	8.89e-155	526
5mSIPHEX2_18-scaffold_219_c1_19	BAP13807.1|GT4	96.1	518	20	0	1	518	1	518	0.0	1007
5mSIPHEX2_18-scaffold_219_c1_25	CAL16337.1|GH166	79.6	915	185	2	1	914	43	956	0.0	1513
5mSIPHEX2_18-scaffold_219_c1_28	QWC20507.1|AA3_2	50.5	527	254	4	2	528	5	524	6.68e-180	521
5mSIPHEX2_18-scaffold_2302_c1_5	AHC21644.2|GH1	50.0	520	256	2	3	522	8	523	1.16e-175	510
5mSIPHEX2_18-scaffold_231_c1_14	CCO12868.2|GH1	45.2	1392	517	12	14	1366	4	1188	0.0	1154
5mSIPHEX2_18-scaffold_231_c1_17	CAD7226128.1|GH38	36.8	728	403	14	11	699	1345	2054	2.83e-124	414
5mSIPHEX2_18-scaffold_231_c1_19	BBJ45253.1|GT4	44.9	437	236	3	4	437	3	437	4.91e-125	379
5mSIPHEX2_18-scaffold_231_c1_20	CAL15833.1|GT2	97.1	488	14	0	1	488	1	488	0.0	961
5mSIPHEX2_18-scaffold_231_c1_28	BAP13257.1|PL5	95.5	356	16	0	1	356	1	356	1.14e-251	689
5mSIPHEX2_18-scaffold_231_c1_31	AGN91810.2|GT4	51.5	470	219	4	1	462	1	469	1.55e-165	480
5mSIPHEX2_18-scaffold_232_c1_16	QBQ55156.1|CBM50	38.8	670	358	11	178	827	65	702	5.71e-113	371
5mSIPHEX2_18-scaffold_258_c1_11	QBM16373.1|GT4	44.8	359	186	3	1	352	1	354	8.22e-104	314
5mSIPHEX2_18-scaffold_258_c1_17	AZV30962.1|GT2	42.1	418	242	0	3	420	2	419	2.77e-104	335
5mSIPHEX2_18-scaffold_258_c1_21	QAY63367.1|GT2	65.0	286	99	1	1	286	316	600	8.68e-128	381
5mSIPHEX2_18-scaffold_258_c1_22	QWA11134.1|GT2	56.8	347	148	1	1	347	288	632	2.14e-136	407
5mSIPHEX2_18-scaffold_258_c1_9	CAL16372.1|GT4	84.5	375	58	0	1	375	1	375	2.78e-225	624
5mSIPHEX2_18-scaffold_261_c1_10	QWA11134.1|GT2	55.9	347	151	1	1	347	288	632	5.62e-135	404
5mSIPHEX2_18-scaffold_261_c1_12	QAY63367.1|GT2	63.3	286	104	1	5	290	317	601	2.13e-126	377
5mSIPHEX2_18-scaffold_261_c1_15	AZV30962.1|GT2	40.9	418	247	0	3	420	2	419	9.75e-103	330
5mSIPHEX2_18-scaffold_261_c1_17	CAL16367.1|GT4	44.8	355	194	2	1	354	3	356	4.70e-105	318
5mSIPHEX2_18-scaffold_261_c1_19	CAL16369.1|GT0	71.1	402	115	1	2	403	1	401	4.30e-207	580
5mSIPHEX2_18-scaffold_261_c1_20	CAL16370.1|GT0	82.7	359	62	0	1	359	1	359	3.37e-218	604
5mSIPHEX2_18-scaffold_261_c1_22	CAL16372.1|GT4	92.5	375	28	0	1	375	1	375	3.22e-247	679
5mSIPHEX2_18-scaffold_261_c1_25	CAL16370.1|GT0	70.5	258	76	0	77	334	96	353	1.15e-128	377
5mSIPHEX2_18-scaffold_261_c1_27	AZT84522.1|GT4	73.4	365	97	0	1	365	1	365	6.05e-195	546
5mSIPHEX2_18-scaffold_266_c1_28	BAP15346.1|GT51	94.7	245	13	0	1	245	1	245	8.99e-166	462
5mSIPHEX2_18-scaffold_276_c1_15	CAN80640.1|GT47	45.5	422	225	4	7	425	944	1363	7.57e-108	352
5mSIPHEX2_18-scaffold_281_c1_16	CAL15799.1|GT51	96.2	796	30	0	18	813	1	796	0.0	1515
5mSIPHEX2_18-scaffold_281_c1_2	QEI14075.1|CBM50	49.3	367	185	1	70	436	80	445	1.16e-116	353
5mSIPHEX2_18-scaffold_281_c1_34	CAE6201330.1|GH1	56.7	633	257	8	22	639	580	1210	1.06e-248	725
5mSIPHEX2_18-scaffold_318_c1_14	QBQ55156.1|CBM50	39.0	543	326	3	2	544	167	704	6.14e-118	375
5mSIPHEX2_18-scaffold_334_c1_15	QWC20507.1|AA3_2	49.5	537	257	6	10	545	3	526	2.00e-166	488
5mSIPHEX2_18-scaffold_42_c1_143	CAL17363.1|GH33	88.4	421	49	0	1	421	1	421	4.74e-286	782
5mSIPHEX2_18-scaffold_42_c1_16	BAP13961.1|GT4	96.4	392	14	0	1	392	1	392	2.94e-279	761
5mSIPHEX2_18-scaffold_42_c1_50	BAP13934.1|GH3	97.9	337	7	0	1	337	9	345	1.32e-231	637
5mSIPHEX2_18-scaffold_42_c1_85	AWP05996.1|GT25	37.7	562	334	8	55	606	90	645	7.28e-108	359
5mSIPHEX2_18-scaffold_420_c1_11	QYU68416.1|GT2	58.3	312	130	0	3	314	415	726	3.53e-117	361
5mSIPHEX2_18-scaffold_428_c1_6	CAD7221988.1|GH103	46.6	616	313	5	7	610	12	623	7.44e-169	520
5mSIPHEX2_18-scaffold_428_c1_7	CAD7221988.1|GH103	55.5	348	153	2	26	373	631	976	7.59e-112	359
5mSIPHEX2_18-scaffold_428_c1_8	BAP14872.1|GH103	91.4	361	31	0	1	361	1	361	5.76e-243	667
5mSIPHEX2_18-scaffold_43_c1_110	AGL63871.2|GT2	44.1	494	234	6	275	765	528	982	3.96e-118	385
5mSIPHEX2_18-scaffold_43_c1_115	AGL63717.2|GT4	41.8	636	305	9	171	748	107	735	2.05e-155	474
5mSIPHEX2_18-scaffold_43_c1_65	BAP14144.1|CBM50|GH23	93.7	539	31	1	1	536	1	539	0.0	1026
5mSIPHEX2_18-scaffold_43_c1_66	AZV31449.1|GH23	44.2	581	306	10	30	607	241	806	4.13e-153	476
5mSIPHEX2_18-scaffold_43_c1_67	AZV31449.1|GH23	49.5	582	283	5	20	596	231	806	2.16e-196	588
5mSIPHEX2_18-scaffold_43_c1_68	AZV31449.1|GH23	64.6	359	123	1	5	359	820	1178	1.26e-153	467
5mSIPHEX2_18-scaffold_43_c1_74	CUS04494.2|GH39	61.1	1262	452	8	52	1279	3	1259	0.0	1466
5mSIPHEX2_18-scaffold_434_c1_11	CAE6076421.1|GH27	39.4	485	258	6	3	451	11	495	4.02e-105	338
5mSIPHEX2_18-scaffold_434_c1_9	CAN65674.1|GH28	43.5	550	289	5	62	608	99	629	2.59e-142	450
5mSIPHEX2_18-scaffold_444_c1_6	BAP13569.1|GH114	100	237	0	0	32	268	26	262	2.94e-181	503
5mSIPHEX2_18-scaffold_453_c1_23	QBQ55156.1|CBM50	37.5	605	367	7	231	833	115	710	1.90e-106	353
5mSIPHEX2_18-scaffold_489_c1_8	AGL63717.2|GT4	45.6	704	294	10	161	858	107	727	5.97e-183	549
5mSIPHEX2_18-scaffold_494_c1_6	CAL17748.1|GT9	91.6	344	29	0	1	344	1	344	5.46e-234	644
5mSIPHEX2_18-scaffold_494_c2_1	CAL17745.1|GT4	80.1	312	62	0	2	313	49	360	1.24e-177	500
5mSIPHEX2_18-scaffold_494_c2_3	CAL17743.1|GT2	80.8	297	57	0	1	297	1	297	1.46e-174	489
5mSIPHEX2_18-scaffold_551_c1_9	CAN80640.1|GT47	45.3	422	226	4	7	425	944	1363	2.70e-106	347
5mSIPHEX2_18-scaffold_559_c1_2	BAP13569.1|GH114	93.9	261	16	0	1	261	1	261	1.77e-185	513
5mSIPHEX2_18-scaffold_579_c2_2	CAL16973.1|GH23	86.4	697	95	0	1	697	3	699	0.0	1198
5mSIPHEX2_18-scaffold_593_c1_1	CDM22846.1|GT51	56.1	392	167	2	4	390	895	1286	3.29e-144	446
5mSIPHEX2_18-scaffold_622_c1_2	BAP15111.1|CBM50	97.9	428	9	0	28	455	2	429	2.06e-300	819
5mSIPHEX2_18-scaffold_622_c2_8	BAP15121.1|GT9	98.3	347	6	0	1	347	1	347	5.90e-254	694
5mSIPHEX2_18-scaffold_63_c1_74	CAL15718.1|GH103	92.4	397	29	1	1	396	1	397	2.44e-266	729
5mSIPHEX2_18-scaffold_63_c1_94	QOF98253.1|GT2	58.5	422	174	1	1	422	1	421	1.85e-181	517
5mSIPHEX2_18-scaffold_63_c2_6	QTD49369.1|CBM31	43.3	453	208	6	31	461	275	700	9.39e-107	344
5mSIPHEX2_18-scaffold_658_c1_8	BAP13854.1|GT2	60.2	254	101	0	21	274	9	262	2.31e-105	312
5mSIPHEX2_18-scaffold_71_c1_100	QKX60855.1|GT22	59.7	283	112	2	5	285	577	859	1.72e-106	333
5mSIPHEX2_18-scaffold_71_c1_101	CAD7280782.1|GT2	63.1	369	127	4	22	387	1795	2157	1.92e-136	436
5mSIPHEX2_18-scaffold_71_c1_102	CAD7280782.1|GT2	51.2	416	190	5	67	473	1426	1837	2.74e-112	370
5mSIPHEX2_18-scaffold_71_c1_103	CAD7280782.1|GT2	57.0	388	138	4	43	428	1178	1538	2.33e-118	385
5mSIPHEX2_18-scaffold_71_c1_104	CAD7280782.1|GT2	62.5	811	275	3	144	927	384	1192	0.0	1042
5mSIPHEX2_18-scaffold_71_c1_105	URI23168.1|GT51	70.2	238	65	4	1	236	3	236	1.14e-121	350
5mSIPHEX2_18-scaffold_71_c1_12	BAP14324.1|GH23	90.7	216	20	0	1	216	1	216	3.13e-138	390
5mSIPHEX2_18-scaffold_71_c1_45	CAE6110940.1|CE8	43.9	556	283	10	12	559	253	787	1.87e-143	447
5mSIPHEX2_18-scaffold_71_c1_58	AKG15280.2|GH103	69.7	488	146	2	1	486	1	488	2.25e-241	675
5mSIPHEX2_18-scaffold_71_c1_96	CAE6179499.1|GH152	36.6	686	329	17	10	600	81	755	2.60e-119	384
5mSIPHEX2_18-scaffold_731_c1_4	QED29954.1|GT4	50.4	339	160	4	6	341	445	778	8.21e-115	355
5mSIPHEX2_18-scaffold_731_c1_5	QDZ89042.1|GT4	88.9	431	48	0	1	431	1	431	4.51e-296	807
5mSIPHEX2_18-scaffold_75_c1_102	AZC46349.1|GT28	51.4	356	172	1	14	369	22	376	2.47e-105	332
5mSIPHEX2_18-scaffold_75_c1_103	BAP13466.1|GT28	98.6	357	5	0	1	357	1	357	1.13e-247	679
5mSIPHEX2_18-scaffold_75_c1_109	CAL16052.1|CE11	99.7	304	1	0	1	304	1	304	3.49e-213	587
5mSIPHEX2_18-scaffold_75_c1_25	AGL64700.2|GH23	51.4	354	166	3	8	358	7	357	6.66e-119	353
5mSIPHEX2_18-scaffold_768_c1_4	ALI93560.1|GH18	51.9	395	168	9	48	429	387	772	3.21e-121	375
5mSIPHEX2_18-scaffold_786_c1_6	ALR08391.2|GT4	53.2	346	152	2	1	336	1	346	3.34e-124	367
5mSIPHEX2_18-scaffold_798_c1_12	QYO62262.1|GH13	65.1	352	115	2	1	352	1	344	7.75e-149	439
5mSIPHEX2_18-scaffold_80_c1_24	CAL16232.1|GH23	92.9	467	33	0	1	467	1	467	6.69e-314	855
5mSIPHEX2_18-scaffold_80_c1_58	ALR08738.2|GT83	54.7	594	251	7	1	584	1	586	2.24e-217	621
5mSIPHEX2_18-scaffold_80_c1_68	AGL64353.2|CBM50|GH25	48.0	567	287	6	1	565	1	561	3.11e-175	512
5mSIPHEX2_18-scaffold_80_c1_93	CUS02994.2|GT2	46.4	560	239	12	1	511	1	548	6.67e-137	412
5mSIPHEX2_18-scaffold_862_c1_5	UHQ54871.1|GT2	73.4	282	75	0	1	282	5	286	5.67e-148	421
5mSIPHEX2_18-scaffold_883_c1_10	QWC20507.1|AA3_2	45.6	528	279	5	2	528	4	524	6.96e-147	437
5mSIPHEX2_18-scaffold_89_c1_10	AEK10618.1|CBM50	96.9	356	11	0	1	356	2	357	2.05e-252	691
5mSIPHEX2_18-scaffold_89_c1_61	CAG7895893.1|GT1	47.7	367	186	4	3	367	35	397	4.47e-108	342
5mSIPHEX2_18-scaffold_89_c2_7	CAD7251071.1|GT51	68.2	343	109	0	4	346	215	557	2.97e-156	476
