700mSIPHEX1_0-scaffold_1002_c1_6  0.177  49  0.299  15  0.917  11  0.898   0.533 Y  0.450      SignalP-TM
700mSIPHEX1_0-scaffold_1002_c1_6  0.198  25  0.407  25  0.948   5  0.873   0.626 Y  0.570      SignalP-noTM
700mSIPHEX1_0-scaffold_1002_c1_6  0.218  29  0.361  29  0.827   6  0.635   0.509 Y  0.450      SignalP-noTM
700mSIPHEX1_0-scaffold_1003_c1_5  0.451  31  0.534  31  0.847  15  0.618   0.573 Y  0.570      SignalP-noTM
700mSIPHEX1_0-scaffold_1025_c1_3  0.210  34  0.348  21  0.873  17  0.735   0.499 Y  0.450      SignalP-TM
700mSIPHEX1_0-scaffold_1025_c1_3  0.261  21  0.482  21  0.925  18  0.890   0.674 Y  0.570      SignalP-noTM
700mSIPHEX1_0-scaffold_1025_c1_3  0.327  23  0.520  23  0.930  14  0.827   0.686 Y  0.450      SignalP-noTM
700mSIPHEX1_0-scaffold_1025_c1_4  0.180  21  0.362  21  0.826  19  0.748   0.513 Y  0.450      SignalP-TM
700mSIPHEX1_0-scaffold_1025_c1_4  0.300  21  0.510  21  0.948  12  0.864   0.701 Y  0.450      SignalP-noTM
700mSIPHEX1_0-scaffold_1025_c1_4  0.576  21  0.682  21  0.903  15  0.829   0.752 Y  0.570      SignalP-noTM
700mSIPHEX1_0-scaffold_1042_c1_1  0.389  20  0.538  20  0.866  19  0.731   0.613 Y  0.450      SignalP-TM
700mSIPHEX1_0-scaffold_1042_c1_2  0.257  29  0.469  29  0.926  25  0.793   0.596 Y  0.450      SignalP-TM
700mSIPHEX1_0-scaffold_1042_c1_2  0.388  29  0.597  29  0.965  25  0.908   0.743 Y  0.570      SignalP-noTM
700mSIPHEX1_0-scaffold_1042_c1_3  0.222  23  0.389  23  0.831   5  0.721   0.518 Y  0.450      SignalP-TM
700mSIPHEX1_0-scaffold_1042_c1_3  0.461  23  0.605  23  0.932   9  0.842   0.716 Y  0.570      SignalP-noTM
700mSIPHEX1_0-scaffold_1042_c1_3  0.463  23  0.601  23  0.926   5  0.782   0.699 Y  0.450      SignalP-noTM
700mSIPHEX1_0-scaffold_1043_c1_6  0.430  31  0.453  21  0.824  19  0.681   0.542 Y  0.450      SignalP-TM
700mSIPHEX1_0-scaffold_1043_c1_6  0.507  21  0.615  21  0.857  19  0.738   0.673 Y  0.570      SignalP-noTM
700mSIPHEX1_0-scaffold_1043_c1_6  0.560  21  0.671  21  0.862  14  0.800   0.741 Y  0.450      SignalP-noTM
700mSIPHEX1_0-scaffold_1065_c1_6  0.268  49  0.295  15  0.900   8  0.879   0.522 Y  0.450      SignalP-TM
700mSIPHEX1_0-scaffold_1068_c1_2  0.226  23  0.430  23  0.950   9  0.869   0.636 Y  0.570      SignalP-noTM
700mSIPHEX1_0-scaffold_1068_c1_2  0.254  23  0.454  23  0.896   5  0.812   0.647 Y  0.450      SignalP-noTM
700mSIPHEX1_0-scaffold_1068_c1_2  0.279  31  0.392  31  0.861   4  0.703   0.514 Y  0.450      SignalP-TM
700mSIPHEX1_0-scaffold_1068_c1_6  0.389  21  0.508  21  0.835   2  0.713   0.588 Y  0.450      SignalP-TM
700mSIPHEX1_0-scaffold_1068_c1_6  0.538  21  0.588  21  0.878   1  0.665   0.624 Y  0.570      SignalP-noTM
700mSIPHEX1_0-scaffold_1068_c1_6  0.870  21  0.866  21  0.926  17  0.857   0.861 Y  0.450      SignalP-noTM
700mSIPHEX1_0-scaffold_1082_c1_4  0.468  26  0.636  21  0.931   5  0.870   0.762 Y  0.450      SignalP-noTM
700mSIPHEX1_0-scaffold_1082_c1_4  0.584  26  0.718  26  0.925   5  0.895   0.787 Y  0.450      SignalP-TM
700mSIPHEX1_0-scaffold_1082_c1_4  0.719  26  0.788  26  0.980   7  0.913   0.847 Y  0.570      SignalP-noTM
700mSIPHEX1_0-scaffold_1089_c1_4  0.239  26  0.411  26  0.973  10  0.825   0.606 Y  0.570      SignalP-noTM
700mSIPHEX1_0-scaffold_1089_c1_4  0.254  19  0.462  19  0.903  16  0.846   0.669 Y  0.450      SignalP-noTM
700mSIPHEX1_0-scaffold_1089_c1_4  0.276  23  0.489  23  0.954  11  0.849   0.630 Y  0.450      SignalP-TM
700mSIPHEX1_0-scaffold_1133_c1_1  0.458  26  0.597  26  0.904  10  0.811   0.681 Y  0.450      SignalP-TM
700mSIPHEX1_0-scaffold_1133_c1_1  0.622  26  0.741  26  0.973  18  0.916   0.823 Y  0.570      SignalP-noTM
700mSIPHEX1_0-scaffold_1133_c1_1  0.782  26  0.847  26  0.969  16  0.916   0.884 Y  0.450      SignalP-noTM
700mSIPHEX1_0-scaffold_1135_c1_2  0.224  24  0.426  24  0.886  20  0.820   0.580 Y  0.450      SignalP-TM
700mSIPHEX1_0-scaffold_1135_c1_2  0.309  24  0.502  24  0.906   9  0.814   0.670 Y  0.450      SignalP-noTM
700mSIPHEX1_0-scaffold_1135_c1_2  0.411  24  0.619  24  0.967  11  0.937   0.768 Y  0.570      SignalP-noTM
700mSIPHEX1_0-scaffold_1142_c1_2  0.317  20  0.397  20  0.749   2  0.554   0.458 Y  0.450      SignalP-TM
700mSIPHEX1_0-scaffold_1142_c1_2  0.797  20  0.794  20  0.896   5  0.783   0.788 Y  0.450      SignalP-noTM
700mSIPHEX1_0-scaffold_1142_c1_2  0.810  20  0.804  20  0.871  19  0.788   0.797 Y  0.570      SignalP-noTM
700mSIPHEX1_0-scaffold_1143_c2_5  0.458  25  0.494  25  0.795  10  0.551   0.525 Y  0.450      SignalP-noTM
700mSIPHEX1_0-scaffold_1143_c2_7  0.231  20  0.428  20  0.881   5  0.813   0.578 Y  0.450      SignalP-TM
700mSIPHEX1_0-scaffold_1143_c2_7  0.357  24  0.472  20  0.817  11  0.678   0.554 Y  0.500      SignalP-TM
700mSIPHEX1_0-scaffold_1143_c2_7  0.773  20  0.814  20  0.903   1  0.866   0.833 Y  0.510      SignalP-TM
700mSIPHEX1_0-scaffold_1143_c2_8  0.593  29  0.732  29  0.941  16  0.874   0.787 Y  0.450      SignalP-TM
700mSIPHEX1_0-scaffold_1143_c2_8  0.665  29  0.753  29  0.901  25  0.801   0.776 Y  0.570      SignalP-noTM
700mSIPHEX1_0-scaffold_1143_c2_9  0.179  17  0.415  17  0.983  10  0.958   0.708 Y  0.450      SignalP-noTM
700mSIPHEX1_0-scaffold_1143_c2_9  0.201  29  0.399  20  0.901  10  0.820   0.563 Y  0.450      SignalP-TM
700mSIPHEX1_0-scaffold_1143_c2_9  0.325  20  0.526  20  0.971   8  0.885   0.695 Y  0.570      SignalP-noTM
700mSIPHEX1_0-scaffold_1159_c1_1  0.688  30  0.801  30  0.996  19  0.938   0.875 Y  0.450      SignalP-noTM
700mSIPHEX1_0-scaffold_1159_c1_3  0.169  23  0.351  23  0.848  18  0.767   0.514 Y  0.450      SignalP-TM
700mSIPHEX1_0-scaffold_1159_c1_3  0.308  23  0.486  23  0.889  16  0.765   0.637 Y  0.450      SignalP-noTM
700mSIPHEX1_0-scaffold_1159_c1_3  0.567  23  0.706  23  0.958  18  0.895   0.795 Y  0.570      SignalP-noTM
700mSIPHEX1_0-scaffold_1159_c1_4  0.270  20  0.484  20  0.940   3  0.865   0.690 Y  0.450      SignalP-noTM
700mSIPHEX1_0-scaffold_1159_c1_4  0.298  19  0.510  19  0.943   1  0.888   0.687 Y  0.570      SignalP-noTM
700mSIPHEX1_0-scaffold_1159_c1_4  0.360  28  0.438  28  0.932   5  0.708   0.544 Y  0.450      SignalP-TM
700mSIPHEX1_0-scaffold_1159_c1_5  0.515  28  0.597  28  0.983  10  0.839   0.711 Y  0.570      SignalP-noTM
700mSIPHEX1_0-scaffold_1159_c1_5  0.558  28  0.621  28  0.977   4  0.742   0.686 Y  0.450      SignalP-noTM
700mSIPHEX1_0-scaffold_1159_c1_5  0.658  28  0.645  28  0.916  12  0.765   0.692 Y  0.450      SignalP-TM
700mSIPHEX1_0-scaffold_1159_c1_6  0.303  30  0.451  30  0.852  16  0.691   0.581 Y  0.450      SignalP-noTM
700mSIPHEX1_0-scaffold_1172_c1_4  0.408  28  0.419  28  0.680  13  0.503   0.452 Y  0.450      SignalP-TM
700mSIPHEX1_0-scaffold_1172_c1_4  0.817  28  0.761  28  0.922  19  0.768   0.764 Y  0.500      SignalP-TM
700mSIPHEX1_0-scaffold_1189_c1_6  0.180  17  0.374  17  0.860  16  0.768   0.532 Y  0.500      SignalP-TM
700mSIPHEX1_0-scaffold_1196_c1_3  0.171  24  0.355  22  0.848   3  0.744   0.565 Y  0.450      SignalP-noTM
700mSIPHEX1_0-scaffold_1196_c1_5  0.255  37  0.352  27  0.867  14  0.724   0.497 Y  0.450      SignalP-TM
700mSIPHEX1_0-scaffold_1201_c1_1  0.594  23  0.465  23  0.646   3  0.436   0.454 Y  0.450      SignalP-TM
700mSIPHEX1_0-scaffold_1201_c1_1  0.654  23  0.590  23  0.731   1  0.593   0.592 Y  0.570      SignalP-noTM
700mSIPHEX1_0-scaffold_1201_c1_1  0.715  23  0.773  23  0.885   5  0.835   0.806 Y  0.450      SignalP-noTM
700mSIPHEX1_0-scaffold_1201_c1_2  0.253  32  0.364  23  0.816  21  0.749   0.514 Y  0.450      SignalP-TM
700mSIPHEX1_0-scaffold_1201_c1_2  0.493  23  0.572  23  0.857  20  0.737   0.649 Y  0.570      SignalP-noTM
700mSIPHEX1_0-scaffold_1201_c1_5  0.524  21  0.650  21  0.898  20  0.825   0.718 Y  0.450      SignalP-TM
700mSIPHEX1_0-scaffold_1201_c1_5  0.702  21  0.797  21  0.952  11  0.905   0.856 Y  0.450      SignalP-noTM
700mSIPHEX1_0-scaffold_1201_c1_5  0.879  21  0.874  21  0.945   6  0.889   0.881 Y  0.570      SignalP-noTM
700mSIPHEX1_0-scaffold_1201_c1_7  0.150  33  0.349  22  0.953  16  0.891   0.604 Y  0.570      SignalP-noTM
700mSIPHEX1_0-scaffold_1201_c1_7  0.165  46  0.296  21  0.874  16  0.787   0.487 Y  0.450      SignalP-TM
700mSIPHEX1_0-scaffold_1201_c1_7  0.473  22  0.625  22  0.914   6  0.822   0.731 Y  0.450      SignalP-noTM
700mSIPHEX1_0-scaffold_1202_c1_2  0.227  25  0.351  23  0.723   7  0.609   0.452 Y  0.450      SignalP-TM
700mSIPHEX1_0-scaffold_1202_c1_2  0.472  23  0.501  23  0.697   2  0.532   0.518 Y  0.450      SignalP-noTM
700mSIPHEX1_0-scaffold_1202_c1_2  0.710  23  0.723  23  0.864  10  0.775   0.748 Y  0.570      SignalP-noTM
700mSIPHEX1_0-scaffold_1202_c1_5  0.707  29  0.759  29  0.928  11  0.863   0.800 Y  0.450      SignalP-TM
700mSIPHEX1_0-scaffold_1202_c1_5  0.724  29  0.768  29  0.974  14  0.880   0.821 Y  0.570      SignalP-noTM
700mSIPHEX1_0-scaffold_1206_c1_6  0.307  25  0.478  25  0.844  10  0.749   0.624 Y  0.450      SignalP-noTM
700mSIPHEX1_0-scaffold_1206_c1_6  0.320  30  0.490  30  0.891  24  0.781   0.627 Y  0.570      SignalP-noTM
700mSIPHEX1_0-scaffold_1206_c1_6  0.588  30  0.652  30  0.835  13  0.731   0.683 Y  0.450      SignalP-TM
700mSIPHEX1_0-scaffold_1231_c1_5  0.270  25  0.470  25  0.920   4  0.824   0.661 Y  0.450      SignalP-noTM
700mSIPHEX1_0-scaffold_1231_c1_5  0.344  59  0.555  25  0.969  14  0.922   0.698 Y  0.450      SignalP-TM
700mSIPHEX1_0-scaffold_1231_c1_5  0.413  25  0.596  25  0.965  10  0.900   0.739 Y  0.570      SignalP-noTM
700mSIPHEX1_0-scaffold_1249_c1_4  0.721  23  0.553  23  0.672   3  0.497   0.530 Y  0.500      SignalP-TM
700mSIPHEX1_0-scaffold_1250_c1_2  0.182  23  0.359  23  0.845  21  0.728   0.503 Y  0.450      SignalP-TM
700mSIPHEX1_0-scaffold_1250_c1_2  0.568  23  0.710  23  0.956   5  0.889   0.807 Y  0.450      SignalP-noTM
700mSIPHEX1_0-scaffold_1250_c1_2  0.690  23  0.767  23  0.934  21  0.869   0.815 Y  0.570      SignalP-noTM
700mSIPHEX1_0-scaffold_1258_c1_1  0.381  25  0.560  25  0.946  12  0.827   0.704 Y  0.450      SignalP-noTM
700mSIPHEX1_0-scaffold_1258_c1_1  0.536  25  0.688  25  0.934   8  0.893   0.768 Y  0.450      SignalP-TM
700mSIPHEX1_0-scaffold_1258_c1_1  0.618  25  0.728  25  0.936  21  0.878   0.798 Y  0.570      SignalP-noTM
700mSIPHEX1_0-scaffold_1290_c1_2  0.619  32  0.597  32  0.771  29  0.569   0.585 Y  0.500      SignalP-TM
700mSIPHEX1_0-scaffold_1293_c1_4  0.300  24  0.522  24  0.952  17  0.904   0.671 Y  0.450      SignalP-TM
700mSIPHEX1_0-scaffold_1293_c1_4  0.454  24  0.636  24  0.964   5  0.891   0.774 Y  0.450      SignalP-noTM
700mSIPHEX1_0-scaffold_1293_c1_4  0.790  24  0.847  24  0.969   9  0.921   0.882 Y  0.570      SignalP-noTM
700mSIPHEX1_0-scaffold_1298_c1_3  0.261  28  0.376  28  0.869  13  0.684   0.496 Y  0.450      SignalP-TM
700mSIPHEX1_0-scaffold_1298_c1_3  0.446  16  0.619  16  0.934  15  0.877   0.758 Y  0.450      SignalP-noTM
700mSIPHEX1_0-scaffold_1299_c1_7  0.263  26  0.423  26  0.866   5  0.689   0.567 Y  0.450      SignalP-noTM
700mSIPHEX1_0-scaffold_1299_c1_7  0.380  26  0.494  26  0.883  12  0.715   0.598 Y  0.570      SignalP-noTM
700mSIPHEX1_0-scaffold_1299_c1_7  0.683  26  0.633  26  0.775   9  0.625   0.629 Y  0.450      SignalP-TM
700mSIPHEX1_0-scaffold_1301_c1_2  0.360  26  0.481  26  0.850  19  0.659   0.577 Y  0.450      SignalP-noTM
700mSIPHEX1_0-scaffold_1301_c1_2  0.555  26  0.669  26  0.942   8  0.847   0.738 Y  0.450      SignalP-TM
700mSIPHEX1_0-scaffold_1301_c1_2  0.646  26  0.755  26  0.941  19  0.896   0.821 Y  0.570      SignalP-noTM
700mSIPHEX1_0-scaffold_1301_c1_3  0.317  24  0.489  24  0.891  18  0.755   0.632 Y  0.450      SignalP-noTM
700mSIPHEX1_0-scaffold_1301_c1_3  0.543  24  0.691  24  0.916  15  0.851   0.753 Y  0.450      SignalP-TM
700mSIPHEX1_0-scaffold_1301_c1_3  0.780  24  0.866  24  0.977  18  0.935   0.898 Y  0.570      SignalP-noTM
700mSIPHEX1_0-scaffold_1306_c1_5  0.374  22  0.513  22  0.821  17  0.730   0.598 Y  0.450      SignalP-TM
700mSIPHEX1_0-scaffold_1306_c1_5  0.389  20  0.580  20  0.917   9  0.866   0.735 Y  0.450      SignalP-noTM
700mSIPHEX1_0-scaffold_1306_c1_5  0.690  20  0.787  20  0.938  18  0.887   0.834 Y  0.570      SignalP-noTM
700mSIPHEX1_0-scaffold_1370_c1_3  0.439  22  0.619  22  0.949   5  0.874   0.757 Y  0.450      SignalP-noTM
700mSIPHEX1_0-scaffold_1380_c1_3  0.285  22  0.469  22  0.875  18  0.768   0.631 Y  0.450      SignalP-noTM
700mSIPHEX1_0-scaffold_1380_c1_3  0.345  22  0.417  22  0.668   5  0.529   0.460 Y  0.450      SignalP-TM
700mSIPHEX1_0-scaffold_1380_c1_3  0.824  22  0.775  22  0.873  18  0.724   0.751 Y  0.570      SignalP-noTM
700mSIPHEX1_0-scaffold_1381_c1_1  0.588  35  0.653  35  0.839  24  0.641   0.648 Y  0.450      SignalP-TM
700mSIPHEX1_0-scaffold_1381_c1_1  0.714  35  0.793  35  0.974  26  0.771   0.782 Y  0.570      SignalP-noTM
700mSIPHEX1_0-scaffold_1381_c1_4  0.516  20  0.639  20  0.894  12  0.791   0.711 Y  0.570      SignalP-noTM
700mSIPHEX1_0-scaffold_1381_c1_4  0.698  20  0.787  20  0.948  10  0.884   0.839 Y  0.450      SignalP-noTM
700mSIPHEX1_0-scaffold_1389_c1_3  0.381  25  0.576  25  0.956  13  0.872   0.736 Y  0.450      SignalP-noTM
700mSIPHEX1_0-scaffold_1389_c1_3  0.702  25  0.804  25  0.956   9  0.931   0.854 Y  0.450      SignalP-TM
700mSIPHEX1_0-scaffold_1389_c1_3  0.756  25  0.838  25  0.990  11  0.944   0.887 Y  0.570      SignalP-noTM
700mSIPHEX1_0-scaffold_1424_c1_4  0.737  28  0.792  28  0.968  14  0.864   0.831 Y  0.450      SignalP-noTM
700mSIPHEX1_0-scaffold_1428_c1_5  0.516  18  0.651  18  0.869  11  0.814   0.728 Y  0.570      SignalP-noTM
700mSIPHEX1_0-scaffold_1428_c1_5  0.816  21  0.860  21  0.967  11  0.901   0.882 Y  0.450      SignalP-noTM
700mSIPHEX1_0-scaffold_1481_c1_3  0.305  35  0.504  24  0.912  16  0.843   0.636 Y  0.450      SignalP-TM
700mSIPHEX1_0-scaffold_1481_c1_3  0.355  24  0.548  24  0.917  15  0.844   0.708 Y  0.450      SignalP-noTM
700mSIPHEX1_0-scaffold_1481_c1_3  0.444  20  0.657  20  0.979  10  0.966   0.802 Y  0.570      SignalP-noTM
700mSIPHEX1_0-scaffold_1485_c1_1  0.652  28  0.765  28  0.950  25  0.846   0.796 Y  0.450      SignalP-TM
700mSIPHEX1_0-scaffold_1485_c1_1  0.709  28  0.816  28  0.980  13  0.953   0.881 Y  0.570      SignalP-noTM
700mSIPHEX1_0-scaffold_1485_c1_1  0.899  28  0.926  28  0.988  16  0.953   0.940 Y  0.450      SignalP-noTM
700mSIPHEX1_0-scaffold_1485_c1_3  0.340  28  0.483  28  0.845  10  0.739   0.583 Y  0.450      SignalP-TM
700mSIPHEX1_0-scaffold_1485_c1_3  0.364  26  0.539  26  0.935  17  0.861   0.690 Y  0.570      SignalP-noTM
700mSIPHEX1_0-scaffold_1485_c1_3  0.582  26  0.714  26  0.975  14  0.882   0.805 Y  0.450      SignalP-noTM
700mSIPHEX1_0-scaffold_1488_c1_4  0.323  25  0.493  25  0.858   2  0.760   0.637 Y  0.450      SignalP-noTM
700mSIPHEX1_0-scaffold_1489_c1_1  0.221  19  0.435  19  0.903  13  0.849   0.659 Y  0.450      SignalP-noTM
700mSIPHEX1_0-scaffold_1502_c1_1  0.400  23  0.586  22  0.923  18  0.844   0.689 Y  0.500      SignalP-TM
700mSIPHEX1_0-scaffold_1502_c1_1  0.418  23  0.568  23  0.913  18  0.760   0.643 Y  0.450      SignalP-TM
700mSIPHEX1_0-scaffold_1502_c1_1  0.486  23  0.646  23  0.914  19  0.844   0.719 Y  0.510      SignalP-TM
700mSIPHEX1_0-scaffold_1511_c1_1  0.569  20  0.676  20  0.902  12  0.804   0.736 Y  0.570      SignalP-noTM
700mSIPHEX1_0-scaffold_1511_c1_1  0.687  20  0.771  20  0.937  10  0.863   0.821 Y  0.450      SignalP-noTM
700mSIPHEX1_0-scaffold_1511_c1_2  0.511  23  0.633  23  0.936   5  0.825   0.708 Y  0.450      SignalP-TM
700mSIPHEX1_0-scaffold_1511_c1_2  0.792  23  0.804  23  0.947   7  0.854   0.827 Y  0.570      SignalP-noTM
700mSIPHEX1_0-scaffold_1511_c1_2  0.859  23  0.820  23  0.908   2  0.783   0.800 Y  0.450      SignalP-noTM
700mSIPHEX1_0-scaffold_1511_c1_3  0.126  24  0.300  16  0.815   1  0.757   0.478 Y  0.450      SignalP-TM
700mSIPHEX1_0-scaffold_1511_c1_3  0.219  24  0.393  16  0.900  12  0.832   0.599 Y  0.570      SignalP-noTM
700mSIPHEX1_0-scaffold_1511_c1_3  0.478  16  0.647  16  0.921  12  0.877   0.771 Y  0.450      SignalP-noTM
700mSIPHEX1_0-scaffold_1530_c1_5  0.237  23  0.443  23  0.925   6  0.829   0.652 Y  0.450      SignalP-noTM
700mSIPHEX1_0-scaffold_1538_c1_4  0.524  24  0.611  24  0.921   8  0.785   0.679 Y  0.450      SignalP-TM
700mSIPHEX1_0-scaffold_1538_c1_4  0.712  24  0.765  24  0.957   3  0.874   0.816 Y  0.570      SignalP-noTM
700mSIPHEX1_0-scaffold_1538_c1_4  0.811  24  0.835  24  0.942   1  0.863   0.850 Y  0.450      SignalP-noTM
700mSIPHEX1_0-scaffold_1540_c1_6  0.530  38  0.603  38  0.870  27  0.608   0.606 Y  0.570      SignalP-noTM
700mSIPHEX1_0-scaffold_1540_c1_6  0.613  38  0.672  38  0.900  34  0.526   0.615 Y  0.450      SignalP-TM
700mSIPHEX1_0-scaffold_1540_c1_6  0.710  36  0.726  36  0.865  32  0.648   0.684 Y  0.450      SignalP-noTM
700mSIPHEX1_0-scaffold_1543_c1_1  0.274  19  0.501  19  0.977  12  0.906   0.720 Y  0.450      SignalP-noTM
700mSIPHEX1_0-scaffold_1543_c1_4  0.513  22  0.586  22  0.817   2  0.662   0.627 Y  0.450      SignalP-noTM
700mSIPHEX1_0-scaffold_1543_c1_4  0.684  22  0.622  22  0.764  12  0.574   0.599 Y  0.570      SignalP-noTM
700mSIPHEX1_0-scaffold_1543_c1_4  0.759  22  0.644  22  0.713  20  0.551   0.608 Y  0.450      SignalP-TM
700mSIPHEX1_0-scaffold_1543_c1_7  0.218  17  0.454  17  0.970   3  0.941   0.717 Y  0.450      SignalP-noTM
700mSIPHEX1_0-scaffold_1543_c1_7  0.349  23  0.504  23  0.867   5  0.763   0.605 Y  0.450      SignalP-TM
700mSIPHEX1_0-scaffold_1543_c1_7  0.470  22  0.661  22  0.965   5  0.939   0.792 Y  0.570      SignalP-noTM
700mSIPHEX1_0-scaffold_1569_c1_5  0.205  18  0.378  18  0.854  16  0.700   0.503 Y  0.450      SignalP-TM
700mSIPHEX1_0-scaffold_1569_c1_5  0.748  18  0.821  18  0.951  17  0.879   0.848 Y  0.570      SignalP-noTM
700mSIPHEX1_0-scaffold_1569_c1_5  0.835  18  0.899  18  0.980   2  0.965   0.935 Y  0.450      SignalP-noTM
700mSIPHEX1_0-scaffold_1577_c1_5  0.298  26  0.419  26  0.963  11  0.763   0.581 Y  0.570      SignalP-noTM
700mSIPHEX1_0-scaffold_1577_c1_5  0.308  20  0.494  20  0.903   3  0.776   0.646 Y  0.450      SignalP-noTM
700mSIPHEX1_0-scaffold_1577_c1_5  0.483  26  0.579  26  0.938  12  0.795   0.663 Y  0.450      SignalP-TM
700mSIPHEX1_0-scaffold_1598_c1_6  0.748  34  0.745  34  0.883  17  0.707   0.727 Y  0.570      SignalP-noTM
700mSIPHEX1_0-scaffold_1601_c1_1  0.394  41  0.527  41  0.851  34  0.467   0.504 Y  0.450      SignalP-TM
700mSIPHEX1_0-scaffold_1602_c1_5  0.217  33  0.360  22  0.963  20  0.864   0.597 Y  0.570      SignalP-noTM
700mSIPHEX1_0-scaffold_1602_c1_5  0.228  29  0.424  26  0.947  20  0.852   0.656 Y  0.450      SignalP-noTM
700mSIPHEX1_0-scaffold_1611_c1_2  0.166  38  0.356  28  0.875  17  0.733   0.503 Y  0.450      SignalP-TM
700mSIPHEX1_0-scaffold_1645_c2_6  0.346  24  0.516  24  0.896  22  0.799   0.626 Y  0.450      SignalP-TM
700mSIPHEX1_0-scaffold_1645_c2_6  0.543  24  0.701  24  0.967  12  0.905   0.811 Y  0.450      SignalP-noTM
700mSIPHEX1_0-scaffold_1645_c2_6  0.639  24  0.751  24  0.956   8  0.907   0.825 Y  0.570      SignalP-noTM
700mSIPHEX1_0-scaffold_1685_c1_2  0.330  23  0.514  23  0.875   8  0.815   0.634 Y  0.500      SignalP-TM
700mSIPHEX1_0-scaffold_1697_c1_5  0.511  21  0.551  21  0.802   2  0.636   0.584 Y  0.450      SignalP-TM
700mSIPHEX1_0-scaffold_1697_c1_5  0.612  21  0.753  21  0.963  14  0.923   0.845 Y  0.450      SignalP-noTM
700mSIPHEX1_0-scaffold_1697_c1_5  0.668  21  0.763  21  0.941  17  0.880   0.818 Y  0.570      SignalP-noTM
700mSIPHEX1_0-scaffold_1707_c1_3  0.576  25  0.518  25  0.640   2  0.479   0.497 Y  0.450      SignalP-noTM
700mSIPHEX1_0-scaffold_1710_c1_2  0.276  34  0.411  34  0.914  13  0.760   0.547 Y  0.450      SignalP-TM
700mSIPHEX1_0-scaffold_1710_c1_2  0.625  34  0.662  34  0.973  18  0.807   0.730 Y  0.570      SignalP-noTM
700mSIPHEX1_0-scaffold_1711_c1_3  0.442  19  0.504  19  0.806   1  0.606   0.544 Y  0.450      SignalP-TM
700mSIPHEX1_0-scaffold_1711_c1_3  0.587  19  0.711  19  0.906  12  0.857   0.780 Y  0.570      SignalP-noTM
700mSIPHEX1_0-scaffold_1711_c1_3  0.749  19  0.810  19  0.941   8  0.869   0.842 Y  0.450      SignalP-noTM
700mSIPHEX1_0-scaffold_1717_c1_3  0.387  22  0.565  22  0.898   6  0.847   0.675 Y  0.450      SignalP-TM
700mSIPHEX1_0-scaffold_1717_c1_3  0.500  20  0.686  20  0.980   5  0.940   0.823 Y  0.450      SignalP-noTM
700mSIPHEX1_0-scaffold_1717_c1_3  0.624  22  0.750  22  0.964   6  0.920   0.830 Y  0.570      SignalP-noTM
700mSIPHEX1_0-scaffold_1721_c1_1  0.189  54  0.371  21  0.840  12  0.742   0.571 Y  0.450      SignalP-noTM
700mSIPHEX1_0-scaffold_1721_c1_1  0.480  30  0.485  30  0.632  25  0.407   0.454 Y  0.450      SignalP-TM
700mSIPHEX1_0-scaffold_1721_c1_6  0.342  55  0.333  16  0.786  10  0.653   0.458 Y  0.450      SignalP-TM
700mSIPHEX1_0-scaffold_1731_c1_4  0.380  32  0.524  32  0.911  15  0.777   0.623 Y  0.450      SignalP-TM
700mSIPHEX1_0-scaffold_1731_c1_4  0.486  32  0.494  32  0.757  31  0.494   0.494 Y  0.450      SignalP-noTM
700mSIPHEX1_0-scaffold_1731_c1_4  0.589  32  0.689  32  0.955  15  0.845   0.762 Y  0.570      SignalP-noTM
700mSIPHEX1_0-scaffold_1742_c1_2  0.220  25  0.404  25  0.897  12  0.752   0.592 Y  0.450      SignalP-noTM
700mSIPHEX1_0-scaffold_1742_c1_2  0.328  23  0.497  23  0.862   6  0.773   0.604 Y  0.450      SignalP-TM
700mSIPHEX1_0-scaffold_1742_c1_2  0.364  20  0.576  20  0.946   8  0.916   0.736 Y  0.570      SignalP-noTM
700mSIPHEX1_0-scaffold_1742_c1_3  0.195  34  0.359  28  0.951  18  0.851   0.591 Y  0.570      SignalP-noTM
700mSIPHEX1_0-scaffold_1742_c1_3  0.291  21  0.510  21  0.929   7  0.893   0.717 Y  0.450      SignalP-noTM
700mSIPHEX1_0-scaffold_1742_c1_3  0.340  34  0.476  34  0.944  16  0.794   0.600 Y  0.450      SignalP-TM
700mSIPHEX1_0-scaffold_1749_c1_3  0.249  24  0.408  24  0.868   2  0.746   0.540 Y  0.450      SignalP-TM
700mSIPHEX1_0-scaffold_1749_c1_3  0.275  19  0.504  19  0.951  15  0.926   0.702 Y  0.570      SignalP-noTM
700mSIPHEX1_0-scaffold_1749_c1_3  0.363  18  0.590  18  0.980  12  0.958   0.789 Y  0.450      SignalP-noTM
700mSIPHEX1_0-scaffold_1776_c1_2  0.758  34  0.612  34  0.633  26  0.426   0.543 Y  0.510      SignalP-TM
700mSIPHEX1_0-scaffold_1776_c1_2  0.781  34  0.788  34  0.911  30  0.690   0.749 Y  0.450      SignalP-TM
700mSIPHEX1_0-scaffold_1776_c1_2  0.783  34  0.780  34  0.949  18  0.822   0.802 Y  0.450      SignalP-noTM
700mSIPHEX1_0-scaffold_1776_c1_3  0.254  19  0.452  19  0.903  15  0.790   0.635 Y  0.450      SignalP-noTM
700mSIPHEX1_0-scaffold_1776_c1_3  0.324  30  0.454  30  0.933  13  0.775   0.579 Y  0.450      SignalP-TM
700mSIPHEX1_0-scaffold_1776_c1_3  0.409  19  0.610  19  0.937  16  0.905   0.748 Y  0.570      SignalP-noTM
700mSIPHEX1_0-scaffold_1776_c1_4  0.140  21  0.357  21  0.962  16  0.912   0.618 Y  0.570      SignalP-noTM
700mSIPHEX1_0-scaffold_1776_c1_4  0.188  31  0.316  31  0.888  16  0.690   0.462 Y  0.450      SignalP-TM
700mSIPHEX1_0-scaffold_1776_c1_4  0.236  26  0.413  26  0.929   6  0.739   0.589 Y  0.450      SignalP-noTM
700mSIPHEX1_0-scaffold_1795_c1_3  0.143  34  0.319  22  0.840   5  0.765   0.493 Y  0.450      SignalP-TM
700mSIPHEX1_0-scaffold_1795_c1_3  0.342  22  0.538  22  0.909  15  0.859   0.657 Y  0.510      SignalP-TM
700mSIPHEX1_0-scaffold_1795_c1_3  0.524  22  0.592  22  0.848  15  0.715   0.641 Y  0.500      SignalP-TM
700mSIPHEX1_0-scaffold_1801_c1_3  0.328  21  0.528  21  0.934  18  0.838   0.649 Y  0.450      SignalP-TM
700mSIPHEX1_0-scaffold_1801_c1_3  0.385  21  0.602  21  0.976  18  0.936   0.759 Y  0.570      SignalP-noTM
700mSIPHEX1_0-scaffold_1801_c1_3  0.866  21  0.893  21  0.960   2  0.919   0.907 Y  0.450      SignalP-noTM
700mSIPHEX1_0-scaffold_1804_c1_5  0.546  20  0.607  20  0.808   2  0.656   0.634 Y  0.450      SignalP-noTM
700mSIPHEX1_0-scaffold_1804_c1_5  0.758  20  0.607  20  0.820   2  0.591   0.599 Y  0.570      SignalP-noTM
700mSIPHEX1_0-scaffold_1829_c1_2  0.391  27  0.561  27  0.915   8  0.806   0.656 Y  0.450      SignalP-TM
700mSIPHEX1_0-scaffold_1829_c1_2  0.678  27  0.798  27  0.995  11  0.951   0.870 Y  0.570      SignalP-noTM
700mSIPHEX1_0-scaffold_1829_c1_2  0.723  27  0.814  27  0.983   6  0.919   0.870 Y  0.450      SignalP-noTM
700mSIPHEX1_0-scaffold_1829_c1_4  0.243  30  0.472  30  0.952  24  0.898   0.638 Y  0.450      SignalP-TM
700mSIPHEX1_0-scaffold_1829_c1_4  0.319  30  0.486  30  0.871  26  0.708   0.606 Y  0.450      SignalP-noTM
700mSIPHEX1_0-scaffold_1829_c1_4  0.529  30  0.693  30  0.979  18  0.917   0.798 Y  0.570      SignalP-noTM
700mSIPHEX1_0-scaffold_1838_c1_2  0.300  23  0.486  23  0.887   5  0.811   0.613 Y  0.450      SignalP-TM
700mSIPHEX1_0-scaffold_1838_c1_2  0.538  23  0.692  23  0.947  10  0.907   0.793 Y  0.570      SignalP-noTM
700mSIPHEX1_0-scaffold_1838_c1_2  0.608  23  0.724  23  0.942   3  0.861   0.798 Y  0.450      SignalP-noTM
700mSIPHEX1_0-scaffold_1845_c1_4  0.401  21  0.608  21  0.968   3  0.920   0.777 Y  0.450      SignalP-noTM
700mSIPHEX1_0-scaffold_1845_c1_4  0.687  21  0.724  21  0.915   3  0.794   0.757 Y  0.570      SignalP-noTM
700mSIPHEX1_0-scaffold_1857_c1_3  0.447  22  0.517  22  0.696  17  0.585   0.544 Y  0.450      SignalP-TM
700mSIPHEX1_0-scaffold_1874_c1_1  0.454  23  0.601  23  0.902  13  0.795   0.705 Y  0.450      SignalP-noTM
700mSIPHEX1_0-scaffold_1874_c1_1  0.673  23  0.778  23  0.961   6  0.919   0.833 Y  0.450      SignalP-TM
700mSIPHEX1_0-scaffold_1874_c1_1  0.841  23  0.883  23  0.967  10  0.936   0.908 Y  0.570      SignalP-noTM
700mSIPHEX1_0-scaffold_1874_c1_3  0.489  24  0.577  24  0.883  18  0.701   0.625 Y  0.450      SignalP-TM
700mSIPHEX1_0-scaffold_1874_c1_3  0.719  24  0.747  24  0.903  17  0.808   0.776 Y  0.570      SignalP-noTM
700mSIPHEX1_0-scaffold_1874_c1_3  0.811  24  0.816  24  0.931  14  0.822   0.819 Y  0.450      SignalP-noTM
700mSIPHEX1_0-scaffold_1883_c1_1  0.638  31  0.671  31  0.881  10  0.729   0.703 Y  0.450      SignalP-noTM
700mSIPHEX1_0-scaffold_1883_c1_1  0.744  31  0.726  31  0.879   8  0.776   0.746 Y  0.450      SignalP-TM
700mSIPHEX1_0-scaffold_1883_c1_1  0.772  31  0.805  31  0.969  18  0.888   0.844 Y  0.570      SignalP-noTM
700mSIPHEX1_0-scaffold_1883_c1_3  0.146  27  0.313  23  0.802  16  0.701   0.523 Y  0.450      SignalP-noTM
700mSIPHEX1_0-scaffold_1883_c1_3  0.257  30  0.402  30  0.747  25  0.643   0.496 Y  0.450      SignalP-TM
700mSIPHEX1_0-scaffold_1892_c1_3  0.359  28  0.538  28  0.937  13  0.867   0.666 Y  0.450      SignalP-TM
700mSIPHEX1_0-scaffold_1892_c1_3  0.545  19  0.724  19  0.973  18  0.956   0.833 Y  0.570      SignalP-noTM
700mSIPHEX1_0-scaffold_1892_c1_3  0.545  21  0.718  21  0.975  14  0.946   0.841 Y  0.450      SignalP-noTM
700mSIPHEX1_0-scaffold_1903_c1_1  0.427  24  0.590  24  0.877   4  0.814   0.711 Y  0.450      SignalP-noTM
700mSIPHEX1_0-scaffold_1903_c1_1  0.596  24  0.720  24  0.892  18  0.875   0.781 Y  0.450      SignalP-TM
700mSIPHEX1_0-scaffold_1903_c1_1  0.759  24  0.840  24  0.978   8  0.941   0.888 Y  0.570      SignalP-noTM
700mSIPHEX1_0-scaffold_1912_c1_3  0.355  30  0.482  25  0.844  21  0.694   0.564 Y  0.450      SignalP-TM
700mSIPHEX1_0-scaffold_1912_c1_3  0.588  30  0.633  23  0.929  13  0.854   0.736 Y  0.570      SignalP-noTM
700mSIPHEX1_0-scaffold_1912_c1_3  0.680  23  0.689  23  0.833  11  0.698   0.694 Y  0.450      SignalP-noTM
700mSIPHEX1_0-scaffold_1912_c1_5  0.194  21  0.378  21  0.899  19  0.777   0.533 Y  0.450      SignalP-TM
700mSIPHEX1_0-scaffold_1912_c1_5  0.567  21  0.727  21  0.966  14  0.932   0.838 Y  0.450      SignalP-noTM
700mSIPHEX1_0-scaffold_1912_c1_5  0.572  21  0.692  21  0.922  19  0.846   0.764 Y  0.570      SignalP-noTM
700mSIPHEX1_0-scaffold_1916_c1_4  0.421  24  0.537  24  0.750  12  0.675   0.592 Y  0.500      SignalP-TM
700mSIPHEX1_0-scaffold_1916_c1_4  0.596  35  0.542  26  0.757  23  0.429   0.498 Y  0.450      SignalP-TM
700mSIPHEX1_0-scaffold_1927_c1_3  0.187  27  0.361  18  0.907   1  0.806   0.570 Y  0.570      SignalP-noTM
700mSIPHEX1_0-scaffold_1927_c1_3  0.245  27  0.347  27  0.853   3  0.614   0.451 Y  0.450      SignalP-TM
700mSIPHEX1_0-scaffold_1927_c1_3  0.352  20  0.559  20  0.933  13  0.888   0.737 Y  0.450      SignalP-noTM
700mSIPHEX1_0-scaffold_1945_c1_2  0.187  29  0.336  29  0.843  16  0.680   0.470 Y  0.450      SignalP-TM
700mSIPHEX1_0-scaffold_1945_c1_2  0.371  28  0.529  28  0.888  24  0.767   0.641 Y  0.570      SignalP-noTM
700mSIPHEX1_0-scaffold_1975_c2_4  0.300  31  0.448  21  0.920  17  0.863   0.610 Y  0.450      SignalP-TM
700mSIPHEX1_0-scaffold_1975_c2_4  0.407  19  0.521  19  0.746  16  0.655   0.594 Y  0.450      SignalP-noTM
700mSIPHEX1_0-scaffold_1975_c2_4  0.543  21  0.698  21  0.977  16  0.899   0.793 Y  0.570      SignalP-noTM
700mSIPHEX1_0-scaffold_2007_c1_4  0.385  23  0.514  23  0.874   4  0.739   0.602 Y  0.450      SignalP-TM
700mSIPHEX1_0-scaffold_2007_c1_4  0.593  23  0.698  23  0.938   4  0.822   0.765 Y  0.450      SignalP-noTM
700mSIPHEX1_0-scaffold_2007_c1_4  0.691  23  0.756  23  0.923   1  0.865   0.807 Y  0.570      SignalP-noTM
700mSIPHEX1_0-scaffold_2008_c1_4  0.285  25  0.488  25  0.937   4  0.839   0.677 Y  0.450      SignalP-noTM
700mSIPHEX1_0-scaffold_2008_c1_4  0.364  19  0.586  19  0.969  11  0.928   0.747 Y  0.570      SignalP-noTM
700mSIPHEX1_0-scaffold_2008_c1_4  0.501  30  0.565  30  0.911  17  0.740   0.633 Y  0.450      SignalP-TM
700mSIPHEX1_0-scaffold_2022_c1_3  0.325  17  0.415  17  0.593   1  0.505   0.463 Y  0.450      SignalP-noTM
700mSIPHEX1_0-scaffold_2038_c1_6  0.440  23  0.624  23  0.955  17  0.834   0.706 Y  0.450      SignalP-TM
700mSIPHEX1_0-scaffold_2038_c1_6  0.453  23  0.636  23  0.960  16  0.886   0.754 Y  0.570      SignalP-noTM
700mSIPHEX1_0-scaffold_2038_c1_6  0.785  23  0.823  23  0.932  12  0.863   0.844 Y  0.450      SignalP-noTM
700mSIPHEX1_0-scaffold_2038_c1_8  0.730  21  0.834  21  0.982  14  0.956   0.900 Y  0.450      SignalP-noTM
700mSIPHEX1_0-scaffold_2054_c1_5  0.249  41  0.359  29  0.949  11  0.828   0.542 Y  0.450      SignalP-TM
700mSIPHEX1_0-scaffold_2065_c1_2  0.198  30  0.401  30  0.901  22  0.756   0.539 Y  0.450      SignalP-TM
700mSIPHEX1_0-scaffold_2065_c1_2  0.320  26  0.529  26  0.936  19  0.865   0.711 Y  0.450      SignalP-noTM
700mSIPHEX1_0-scaffold_2065_c1_2  0.437  30  0.622  30  0.957  23  0.864   0.736 Y  0.570      SignalP-noTM
700mSIPHEX1_0-scaffold_2065_c1_4  0.360  24  0.412  24  0.749  15  0.531   0.458 Y  0.450      SignalP-TM
700mSIPHEX1_0-scaffold_2065_c1_4  0.547  19  0.697  19  0.940  15  0.883   0.785 Y  0.570      SignalP-noTM
700mSIPHEX1_0-scaffold_2065_c1_4  0.768  19  0.817  19  0.918   4  0.867   0.844 Y  0.450      SignalP-noTM
700mSIPHEX1_0-scaffold_2075_c1_4  0.474  22  0.615  22  0.912   5  0.795   0.712 Y  0.450      SignalP-noTM
700mSIPHEX1_0-scaffold_2075_c1_4  0.644  25  0.613  25  0.826  10  0.660   0.631 Y  0.450      SignalP-TM
700mSIPHEX1_0-scaffold_2075_c1_4  0.704  25  0.773  25  0.967  11  0.891   0.828 Y  0.570      SignalP-noTM
700mSIPHEX1_0-scaffold_2078_c1_5  0.400  21  0.552  21  0.841  18  0.738   0.624 Y  0.450      SignalP-TM
700mSIPHEX1_0-scaffold_2078_c1_5  0.740  21  0.707  21  0.723  10  0.672   0.694 Y  0.510      SignalP-TM
700mSIPHEX1_0-scaffold_2078_c1_6  0.341  31  0.391  31  0.817  13  0.640   0.488 Y  0.450      SignalP-TM
700mSIPHEX1_0-scaffold_2078_c1_6  0.676  31  0.569  31  0.794  12  0.613   0.585 Y  0.510      SignalP-TM
700mSIPHEX1_0-scaffold_2103_c1_1  0.437  23  0.510  23  0.752  22  0.625   0.555 Y  0.450      SignalP-TM
700mSIPHEX1_0-scaffold_2103_c1_1  0.780  23  0.738  23  0.824  20  0.668   0.712 Y  0.510      SignalP-TM
700mSIPHEX1_0-scaffold_2103_c1_1  0.802  23  0.775  23  0.856   6  0.767   0.772 Y  0.500      SignalP-TM
700mSIPHEX1_0-scaffold_2104_c1_2  0.428  27  0.587  27  0.896   9  0.809   0.674 Y  0.450      SignalP-TM
700mSIPHEX1_0-scaffold_2104_c1_2  0.588  27  0.702  27  0.965  13  0.883   0.787 Y  0.570      SignalP-noTM
700mSIPHEX1_0-scaffold_2104_c1_2  0.794  27  0.850  27  0.982  15  0.913   0.884 Y  0.450      SignalP-noTM
700mSIPHEX1_0-scaffold_2104_c1_3  0.702  20  0.823  20  0.992   9  0.961   0.897 Y  0.450      SignalP-noTM
700mSIPHEX1_0-scaffold_2111_c1_4  0.747  20  0.704  20  0.846   1  0.633   0.666 Y  0.450      SignalP-noTM
700mSIPHEX1_0-scaffold_2111_c1_7  0.395  21  0.479  21  0.716   2  0.592   0.523 Y  0.450      SignalP-TM
700mSIPHEX1_0-scaffold_2111_c1_7  0.736  21  0.825  21  0.959   5  0.927   0.880 Y  0.450      SignalP-noTM
700mSIPHEX1_0-scaffold_2111_c1_7  0.787  21  0.852  21  0.959  18  0.910   0.879 Y  0.570      SignalP-noTM
700mSIPHEX1_0-scaffold_2118_c1_3  0.385  26  0.478  26  0.888  16  0.607   0.528 Y  0.450      SignalP-TM
700mSIPHEX1_0-scaffold_2118_c1_3  0.529  18  0.672  18  0.924  16  0.845   0.753 Y  0.570      SignalP-noTM
700mSIPHEX1_0-scaffold_2118_c1_3  0.854  18  0.862  18  0.909   1  0.860   0.861 Y  0.450      SignalP-noTM
700mSIPHEX1_0-scaffold_2125_c1_3  0.713  19  0.728  19  0.864   1  0.768   0.747 Y  0.570      SignalP-noTM
700mSIPHEX1_0-scaffold_2125_c1_3  0.742  19  0.798  19  0.933   3  0.854   0.828 Y  0.450      SignalP-noTM
700mSIPHEX1_0-scaffold_2130_c1_2  0.235  21  0.412  21  0.816   3  0.738   0.539 Y  0.450      SignalP-TM
700mSIPHEX1_0-scaffold_2130_c1_2  0.848  21  0.768  21  0.839   6  0.704   0.733 Y  0.450      SignalP-noTM
700mSIPHEX1_0-scaffold_2130_c1_2  0.860  21  0.873  21  0.925  17  0.880   0.876 Y  0.570      SignalP-noTM
700mSIPHEX1_0-scaffold_2132_c1_2  0.191  25  0.381  25  0.899  21  0.761   0.529 Y  0.450      SignalP-TM
700mSIPHEX1_0-scaffold_2132_c1_2  0.485  23  0.669  23  0.968  20  0.916   0.786 Y  0.570      SignalP-noTM
700mSIPHEX1_0-scaffold_2132_c1_2  0.684  24  0.790  24  0.947   6  0.911   0.855 Y  0.450      SignalP-noTM
700mSIPHEX1_0-scaffold_2159_c1_2  0.296  27  0.430  27  0.832  25  0.624   0.506 Y  0.450      SignalP-TM
700mSIPHEX1_0-scaffold_2159_c1_2  0.345  27  0.573  27  0.996  15  0.955   0.779 Y  0.450      SignalP-noTM
700mSIPHEX1_0-scaffold_2193_c1_2  0.197  19  0.353  19  0.884   3  0.692   0.485 Y  0.450      SignalP-TM
700mSIPHEX1_0-scaffold_2193_c1_2  0.446  19  0.626  19  0.927   4  0.871   0.759 Y  0.450      SignalP-noTM
700mSIPHEX1_0-scaffold_2193_c1_2  0.764  19  0.779  19  0.888   1  0.810   0.793 Y  0.570      SignalP-noTM
700mSIPHEX1_0-scaffold_2193_c1_3  0.228  26  0.426  26  0.945  12  0.835   0.618 Y  0.570      SignalP-noTM
700mSIPHEX1_0-scaffold_2193_c1_3  0.302  24  0.461  24  0.829   6  0.699   0.589 Y  0.450      SignalP-noTM
700mSIPHEX1_0-scaffold_2193_c1_3  0.372  26  0.518  26  0.818   2  0.744   0.606 Y  0.450      SignalP-TM
700mSIPHEX1_0-scaffold_2195_c1_1  0.374  24  0.565  24  0.928   7  0.871   0.685 Y  0.450      SignalP-TM
700mSIPHEX1_0-scaffold_2195_c1_1  0.638  24  0.718  24  0.928   7  0.847   0.765 Y  0.510      SignalP-TM
700mSIPHEX1_0-scaffold_2195_c1_1  0.657  24  0.683  24  0.877   7  0.763   0.715 Y  0.500      SignalP-TM
700mSIPHEX1_0-scaffold_2233_c2_3  0.202  28  0.327  28  0.902   3  0.656   0.455 Y  0.450      SignalP-TM
700mSIPHEX1_0-scaffold_2241_c1_1  0.334  25  0.498  25  0.891  13  0.773   0.606 Y  0.450      SignalP-TM
700mSIPHEX1_0-scaffold_2241_c1_1  0.421  17  0.639  17  0.994  14  0.979   0.823 Y  0.450      SignalP-noTM
700mSIPHEX1_0-scaffold_2244_c1_4  0.319  70  0.449  19  0.885   1  0.807   0.589 Y  0.450      SignalP-TM
700mSIPHEX1_0-scaffold_2244_c1_4  0.816  19  0.856  19  0.957  16  0.896   0.875 Y  0.570      SignalP-noTM
700mSIPHEX1_0-scaffold_2244_c1_4  0.853  19  0.897  19  0.967  11  0.941   0.921 Y  0.450      SignalP-noTM
700mSIPHEX1_0-scaffold_2244_c1_6  0.295  22  0.454  22  0.871   1  0.747   0.568 Y  0.450      SignalP-TM
700mSIPHEX1_0-scaffold_2244_c1_6  0.382  27  0.531  22  0.884  10  0.788   0.670 Y  0.450      SignalP-noTM
700mSIPHEX1_0-scaffold_2244_c1_6  0.506  22  0.668  22  0.938  11  0.901   0.777 Y  0.570      SignalP-noTM
700mSIPHEX1_0-scaffold_2250_c1_2  0.568  23  0.508  23  0.676   6  0.529   0.516 Y  0.450      SignalP-TM
700mSIPHEX1_0-scaffold_2250_c1_2  0.682  23  0.813  23  0.997  12  0.970   0.898 Y  0.450      SignalP-noTM
700mSIPHEX1_0-scaffold_2252_c1_2  0.304  22  0.522  22  0.940  15  0.895   0.723 Y  0.450      SignalP-noTM
700mSIPHEX1_0-scaffold_2252_c1_2  0.550  34  0.594  34  0.906  17  0.738   0.650 Y  0.450      SignalP-TM
700mSIPHEX1_0-scaffold_2252_c1_2  0.646  34  0.592  34  0.981  15  0.794   0.687 Y  0.570      SignalP-noTM
700mSIPHEX1_0-scaffold_2252_c1_3  0.557  19  0.489  19  0.727  17  0.458   0.477 Y  0.450      SignalP-TM
700mSIPHEX1_0-scaffold_2260_c1_6  0.176  56  0.281  11  0.835   7  0.807   0.486 Y  0.450      SignalP-TM
700mSIPHEX1_0-scaffold_2265_c1_2  0.334  29  0.513  24  0.890   6  0.834   0.639 Y  0.450      SignalP-TM
700mSIPHEX1_0-scaffold_2265_c1_2  0.803  24  0.818  24  0.945   6  0.875   0.845 Y  0.570      SignalP-noTM
700mSIPHEX1_0-scaffold_2265_c1_2  0.803  24  0.849  24  0.974  12  0.899   0.876 Y  0.450      SignalP-noTM
700mSIPHEX1_0-scaffold_2274_c1_2  0.244  23  0.397  23  0.797   6  0.683   0.508 Y  0.450      SignalP-TM
700mSIPHEX1_0-scaffold_2274_c1_2  0.640  23  0.750  23  0.964  10  0.908   0.824 Y  0.570      SignalP-noTM
700mSIPHEX1_0-scaffold_2274_c1_2  0.715  23  0.608  23  0.692   2  0.518   0.559 Y  0.450      SignalP-noTM
700mSIPHEX1_0-scaffold_2277_c1_5  0.372  21  0.492  21  0.875  17  0.701   0.574 Y  0.450      SignalP-TM
700mSIPHEX1_0-scaffold_2277_c1_5  0.603  21  0.645  21  0.875   2  0.674   0.661 Y  0.450      SignalP-noTM
700mSIPHEX1_0-scaffold_2277_c1_5  0.610  21  0.734  21  0.959  18  0.893   0.808 Y  0.570      SignalP-noTM
700mSIPHEX1_0-scaffold_2287_c1_2  0.351  19  0.496  19  0.847   4  0.727   0.589 Y  0.500      SignalP-TM
700mSIPHEX1_0-scaffold_2310_c1_1  0.503  20  0.597  20  0.800  19  0.708   0.640 Y  0.450      SignalP-TM
700mSIPHEX1_0-scaffold_2310_c1_1  0.836  20  0.801  20  0.869  14  0.758   0.778 Y  0.450      SignalP-noTM
700mSIPHEX1_0-scaffold_2310_c1_1  0.857  20  0.850  20  0.915  14  0.842   0.846 Y  0.570      SignalP-noTM
700mSIPHEX1_0-scaffold_2318_c1_2  0.527  23  0.552  23  0.885   6  0.676   0.600 Y  0.450      SignalP-TM
700mSIPHEX1_0-scaffold_2318_c1_2  0.728  23  0.741  23  0.939   7  0.828   0.782 Y  0.570      SignalP-noTM
700mSIPHEX1_0-scaffold_2318_c1_2  0.800  23  0.781  23  0.886   2  0.762   0.771 Y  0.450      SignalP-noTM
700mSIPHEX1_0-scaffold_2324_c1_4  0.327  24  0.462  24  0.830   5  0.712   0.560 Y  0.450      SignalP-TM
700mSIPHEX1_0-scaffold_2324_c1_4  0.505  24  0.596  24  0.893   6  0.707   0.656 Y  0.450      SignalP-noTM
700mSIPHEX1_0-scaffold_2324_c1_4  0.792  24  0.814  24  0.947  10  0.867   0.839 Y  0.570      SignalP-noTM
700mSIPHEX1_0-scaffold_2351_c1_5  0.477  21  0.527  21  0.710  17  0.535   0.530 Y  0.450      SignalP-TM
700mSIPHEX1_0-scaffold_2351_c1_5  0.668  21  0.674  21  0.827  13  0.704   0.688 Y  0.570      SignalP-noTM
700mSIPHEX1_0-scaffold_2351_c1_5  0.770  21  0.762  21  0.844  14  0.753   0.757 Y  0.450      SignalP-noTM
700mSIPHEX1_0-scaffold_2360_c1_3  0.252  23  0.443  23  0.883   3  0.778   0.624 Y  0.450      SignalP-noTM
700mSIPHEX1_0-scaffold_2360_c1_3  0.271  21  0.479  21  0.928  17  0.859   0.628 Y  0.450      SignalP-TM
700mSIPHEX1_0-scaffold_2360_c1_3  0.277  21  0.504  21  0.957  10  0.924   0.701 Y  0.570      SignalP-noTM
700mSIPHEX1_0-scaffold_2367_c1_1  0.247  23  0.417  23  0.924   5  0.793   0.594 Y  0.570      SignalP-noTM
700mSIPHEX1_0-scaffold_2367_c1_1  0.272  23  0.404  23  0.842   4  0.599   0.509 Y  0.450      SignalP-noTM
700mSIPHEX1_0-scaffold_2368_c1_1  0.780  34  0.625  34  0.629  30  0.462   0.565 Y  0.510      SignalP-TM
700mSIPHEX1_0-scaffold_2368_c1_1  0.802  34  0.805  34  0.908  30  0.750   0.783 Y  0.450      SignalP-TM
700mSIPHEX1_0-scaffold_2368_c1_1  0.804  34  0.796  34  0.963   9  0.835   0.817 Y  0.450      SignalP-noTM
700mSIPHEX1_0-scaffold_2372_c2_2  0.367  26  0.527  26  0.882  16  0.699   0.594 Y  0.450      SignalP-TM
700mSIPHEX1_0-scaffold_2372_c2_2  0.368  26  0.452  26  0.721  24  0.562   0.511 Y  0.450      SignalP-noTM
700mSIPHEX1_0-scaffold_2372_c2_2  0.564  33  0.547  33  0.931  19  0.690   0.615 Y  0.570      SignalP-noTM
700mSIPHEX1_0-scaffold_2372_c2_3  0.432  34  0.583  34  0.863  30  0.613   0.595 Y  0.450      SignalP-TM
700mSIPHEX1_0-scaffold_2372_c2_3  0.545  34  0.684  34  0.943  14  0.811   0.753 Y  0.450      SignalP-noTM
700mSIPHEX1_0-scaffold_2372_c2_3  0.614  34  0.656  34  0.821  26  0.545   0.615 Y  0.510      SignalP-TM
700mSIPHEX1_0-scaffold_2386_c1_2  0.359  24  0.504  24  0.932   7  0.779   0.611 Y  0.450      SignalP-TM
700mSIPHEX1_0-scaffold_2386_c1_2  0.596  24  0.659  24  0.860   3  0.733   0.699 Y  0.450      SignalP-noTM
700mSIPHEX1_0-scaffold_2386_c1_2  0.745  24  0.794  24  0.954  11  0.888   0.839 Y  0.570      SignalP-noTM
700mSIPHEX1_0-scaffold_2386_c1_5  0.329  18  0.554  18  0.971  11  0.934   0.759 Y  0.450      SignalP-noTM
700mSIPHEX1_0-scaffold_2392_c1_2  0.499  21  0.590  21  0.874  18  0.737   0.648 Y  0.450      SignalP-TM
700mSIPHEX1_0-scaffold_2392_c1_2  0.609  21  0.674  21  0.870  16  0.746   0.712 Y  0.450      SignalP-noTM
700mSIPHEX1_0-scaffold_2392_c1_2  0.633  21  0.706  21  0.893  19  0.809   0.754 Y  0.570      SignalP-noTM
700mSIPHEX1_0-scaffold_2392_c1_3  0.381  23  0.577  23  0.972  10  0.887   0.723 Y  0.570      SignalP-noTM
700mSIPHEX1_0-scaffold_2392_c1_3  0.538  28  0.620  28  0.916  17  0.760   0.674 Y  0.450      SignalP-TM
700mSIPHEX1_0-scaffold_2392_c1_3  0.636  28  0.707  28  0.965  13  0.805   0.760 Y  0.450      SignalP-noTM
700mSIPHEX1_0-scaffold_2442_c1_3  0.316  19  0.460  19  0.848  15  0.671   0.543 Y  0.450      SignalP-TM
700mSIPHEX1_0-scaffold_2442_c1_3  0.451  19  0.592  19  0.880  14  0.774   0.690 Y  0.450      SignalP-noTM
700mSIPHEX1_0-scaffold_2442_c1_3  0.508  19  0.648  19  0.911  14  0.787   0.713 Y  0.570      SignalP-noTM
700mSIPHEX1_0-scaffold_2445_c1_2  0.252  28  0.472  28  0.930  14  0.849   0.619 Y  0.450      SignalP-TM
700mSIPHEX1_0-scaffold_2445_c1_2  0.387  30  0.582  30  0.958  24  0.906   0.734 Y  0.570      SignalP-noTM
700mSIPHEX1_0-scaffold_2445_c1_2  0.432  30  0.603  30  0.932  17  0.850   0.736 Y  0.450      SignalP-noTM
700mSIPHEX1_0-scaffold_2447_c1_2  0.205  20  0.356  20  0.846   2  0.667   0.477 Y  0.450      SignalP-TM
700mSIPHEX1_0-scaffold_2447_c1_2  0.382  20  0.567  20  0.925   1  0.860   0.705 Y  0.570      SignalP-noTM
700mSIPHEX1_0-scaffold_2447_c1_2  0.724  20  0.784  20  0.923  15  0.844   0.816 Y  0.450      SignalP-noTM
700mSIPHEX1_0-scaffold_2449_c1_2  0.524  26  0.648  26  0.927  18  0.814   0.713 Y  0.450      SignalP-TM
700mSIPHEX1_0-scaffold_2449_c1_2  0.637  20  0.704  20  0.864   6  0.772   0.741 Y  0.450      SignalP-noTM
700mSIPHEX1_0-scaffold_2449_c1_2  0.829  20  0.883  20  0.964  11  0.937   0.909 Y  0.570      SignalP-noTM
700mSIPHEX1_0-scaffold_2457_c1_4  0.537  22  0.520  22  0.776   3  0.583   0.544 Y  0.450      SignalP-TM
700mSIPHEX1_0-scaffold_2457_c1_4  0.802  22  0.801  22  0.928   4  0.798   0.799 Y  0.450      SignalP-noTM
700mSIPHEX1_0-scaffold_2457_c1_4  0.831  22  0.817  22  0.898  12  0.807   0.812 Y  0.570      SignalP-noTM
700mSIPHEX1_0-scaffold_2465_c1_1  0.369  27  0.475  27  0.841  13  0.679   0.571 Y  0.570      SignalP-noTM
700mSIPHEX1_0-scaffold_2465_c1_1  0.511  27  0.512  27  0.720  13  0.566   0.533 Y  0.450      SignalP-TM
700mSIPHEX1_0-scaffold_2465_c1_4  0.228  21  0.370  21  0.825   2  0.655   0.481 Y  0.450      SignalP-TM
700mSIPHEX1_0-scaffold_2465_c1_4  0.395  20  0.547  20  0.875   1  0.774   0.653 Y  0.570      SignalP-noTM
700mSIPHEX1_0-scaffold_2465_c1_4  0.632  21  0.745  21  0.932  11  0.874   0.815 Y  0.450      SignalP-noTM
700mSIPHEX1_0-scaffold_2478_c1_3  0.232  29  0.412  23  0.879  14  0.776   0.554 Y  0.450      SignalP-TM
700mSIPHEX1_0-scaffold_2478_c1_3  0.449  21  0.661  21  0.986  15  0.949   0.796 Y  0.570      SignalP-noTM
700mSIPHEX1_0-scaffold_2478_c1_3  0.615  21  0.762  21  0.979   6  0.943   0.859 Y  0.450      SignalP-noTM
700mSIPHEX1_0-scaffold_2501_c1_1  0.660  30  0.563  30  0.643   3  0.513   0.543 Y  0.500      SignalP-TM
700mSIPHEX1_0-scaffold_2539_c1_1  0.272  23  0.484  23  0.924   7  0.861   0.687 Y  0.450      SignalP-noTM
700mSIPHEX1_0-scaffold_2539_c1_1  0.277  28  0.489  28  0.944  21  0.864   0.636 Y  0.450      SignalP-TM
700mSIPHEX1_0-scaffold_2539_c1_1  0.429  25  0.625  25  0.949  22  0.900   0.754 Y  0.570      SignalP-noTM
700mSIPHEX1_0-scaffold_2542_c1_4  0.277  21  0.462  21  0.917   4  0.815   0.600 Y  0.450      SignalP-TM
700mSIPHEX1_0-scaffold_2542_c1_4  0.542  21  0.689  21  0.950   3  0.871   0.787 Y  0.450      SignalP-noTM
700mSIPHEX1_0-scaffold_2542_c1_4  0.803  21  0.860  21  0.962   6  0.927   0.892 Y  0.570      SignalP-noTM
700mSIPHEX1_0-scaffold_2546_c1_2  0.272  22  0.451  22  0.872  10  0.757   0.570 Y  0.450      SignalP-TM
700mSIPHEX1_0-scaffold_2558_c1_1  0.337  22  0.451  22  0.725  12  0.631   0.521 Y  0.450      SignalP-TM
700mSIPHEX1_0-scaffold_2558_c1_1  0.653  22  0.619  22  0.750   3  0.585   0.601 Y  0.450      SignalP-noTM
700mSIPHEX1_0-scaffold_2558_c1_1  0.763  22  0.826  22  0.943  20  0.887   0.855 Y  0.570      SignalP-noTM
700mSIPHEX1_0-scaffold_2567_c1_2  0.547  22  0.652  22  0.911  15  0.804   0.713 Y  0.500      SignalP-TM
700mSIPHEX1_0-scaffold_2567_c1_2  0.740  22  0.713  22  0.788  18  0.712   0.713 Y  0.510      SignalP-TM
700mSIPHEX1_0-scaffold_2574_c1_3  0.440  28  0.501  28  0.818  18  0.606   0.543 Y  0.500      SignalP-TM
700mSIPHEX1_0-scaffold_2599_c1_4  0.250  22  0.446  22  0.898   4  0.793   0.634 Y  0.450      SignalP-noTM
700mSIPHEX1_0-scaffold_2599_c1_4  0.271  22  0.416  22  0.806  18  0.664   0.513 Y  0.450      SignalP-TM
700mSIPHEX1_0-scaffold_2599_c1_4  0.422  22  0.581  22  0.889   2  0.818   0.692 Y  0.570      SignalP-noTM
700mSIPHEX1_0-scaffold_2609_c1_2  0.291  20  0.441  20  0.844  11  0.645   0.551 Y  0.450      SignalP-noTM
700mSIPHEX1_0-scaffold_2609_c1_2  0.307  20  0.465  20  0.944  10  0.739   0.594 Y  0.570      SignalP-noTM
700mSIPHEX1_0-scaffold_2609_c1_2  0.395  20  0.523  20  0.789  18  0.687   0.587 Y  0.450      SignalP-TM
700mSIPHEX1_0-scaffold_2612_c1_3  0.209  19  0.376  19  0.878   1  0.726   0.513 Y  0.450      SignalP-TM
700mSIPHEX1_0-scaffold_2612_c1_3  0.489  19  0.655  19  0.919   2  0.867   0.769 Y  0.450      SignalP-noTM
700mSIPHEX1_0-scaffold_2612_c1_3  0.683  19  0.775  19  0.918   1  0.886   0.827 Y  0.570      SignalP-noTM
700mSIPHEX1_0-scaffold_2634_c1_1  0.594  22  0.722  22  0.955   5  0.878   0.806 Y  0.450      SignalP-noTM
700mSIPHEX1_0-scaffold_2634_c1_1  0.663  22  0.742  22  0.913  16  0.849   0.784 Y  0.450      SignalP-TM
700mSIPHEX1_0-scaffold_2634_c1_1  0.780  22  0.857  22  0.973   6  0.944   0.898 Y  0.570      SignalP-noTM
700mSIPHEX1_0-scaffold_2634_c1_2  0.822  19  0.738  19  0.858   1  0.687   0.718 Y  0.500      SignalP-TM
700mSIPHEX1_0-scaffold_2636_c1_1  0.223  23  0.392  23  0.840   4  0.692   0.554 Y  0.450      SignalP-noTM
700mSIPHEX1_0-scaffold_2640_c1_1  0.465  23  0.535  23  0.931   5  0.723   0.610 Y  0.500      SignalP-TM
700mSIPHEX1_0-scaffold_2640_c1_5  0.600  21  0.738  21  0.950   5  0.912   0.832 Y  0.450      SignalP-noTM
700mSIPHEX1_0-scaffold_2640_c1_5  0.678  21  0.766  21  0.908  17  0.863   0.811 Y  0.570      SignalP-noTM
700mSIPHEX1_0-scaffold_2642_c1_1  0.204  29  0.275  13  0.796   2  0.750   0.460 Y  0.450      SignalP-TM
700mSIPHEX1_0-scaffold_2652_c1_1  0.584  28  0.538  28  0.737  25  0.530   0.535 Y  0.450      SignalP-TM
700mSIPHEX1_0-scaffold_2652_c1_4  0.351  20  0.540  20  0.897   2  0.848   0.660 Y  0.450      SignalP-TM
700mSIPHEX1_0-scaffold_2652_c1_4  0.700  20  0.802  20  0.947  11  0.922   0.859 Y  0.570      SignalP-noTM
700mSIPHEX1_0-scaffold_2652_c1_4  0.815  21  0.835  21  0.908  19  0.853   0.845 Y  0.450      SignalP-noTM
700mSIPHEX1_0-scaffold_2674_c1_1  0.279  25  0.453  25  0.883   8  0.790   0.584 Y  0.450      SignalP-TM
700mSIPHEX1_0-scaffold_2674_c1_1  0.370  19  0.578  19  0.969  17  0.917   0.761 Y  0.450      SignalP-noTM
700mSIPHEX1_0-scaffold_2674_c1_1  0.815  25  0.818  25  0.939  17  0.861   0.838 Y  0.570      SignalP-noTM
700mSIPHEX1_0-scaffold_2678_c1_2  0.521  21  0.544  21  0.780  17  0.577   0.557 Y  0.450      SignalP-TM
700mSIPHEX1_0-scaffold_2678_c1_2  0.768  21  0.750  21  0.812  17  0.709   0.731 Y  0.570      SignalP-noTM
700mSIPHEX1_0-scaffold_2678_c1_2  0.793  21  0.778  21  0.888   3  0.759   0.768 Y  0.450      SignalP-noTM
700mSIPHEX1_0-scaffold_2686_c1_2  0.257  20  0.407  20  0.799   7  0.622   0.523 Y  0.450      SignalP-noTM
700mSIPHEX1_0-scaffold_2697_c1_2  0.404  23  0.495  23  0.748  19  0.612   0.541 Y  0.450      SignalP-TM
700mSIPHEX1_0-scaffold_2697_c1_2  0.529  23  0.626  23  0.885  14  0.740   0.688 Y  0.450      SignalP-noTM
700mSIPHEX1_0-scaffold_2697_c1_2  0.589  23  0.662  23  0.876   8  0.774   0.715 Y  0.570      SignalP-noTM
700mSIPHEX1_0-scaffold_2701_c1_5  0.636  20  0.548  20  0.564  16  0.473   0.520 Y  0.510      SignalP-TM
700mSIPHEX1_0-scaffold_2701_c1_5  0.851  22  0.903  22  0.994  10  0.958   0.933 Y  0.450      SignalP-noTM
700mSIPHEX1_0-scaffold_2703_c1_1  0.777  26  0.778  26  0.847  17  0.777   0.777 Y  0.500      SignalP-TM
700mSIPHEX1_0-scaffold_2732_c1_2  0.358  20  0.453  20  0.801  19  0.524   0.480 Y  0.450      SignalP-TM
700mSIPHEX1_0-scaffold_2732_c1_2  0.825  20  0.794  20  0.825  19  0.765   0.778 Y  0.450      SignalP-noTM
700mSIPHEX1_0-scaffold_2732_c1_2  0.885  20  0.805  20  0.843  16  0.713   0.762 Y  0.570      SignalP-noTM
700mSIPHEX1_0-scaffold_2740_c1_3  0.224  29  0.372  27  0.962  10  0.791   0.536 Y  0.450      SignalP-TM
700mSIPHEX1_0-scaffold_2740_c1_3  0.295  16  0.524  16  0.959  12  0.928   0.714 Y  0.570      SignalP-noTM
700mSIPHEX1_0-scaffold_2740_c1_3  0.325  22  0.544  22  0.971  10  0.909   0.741 Y  0.450      SignalP-noTM
700mSIPHEX1_0-scaffold_2740_c1_4  0.324  29  0.540  19  0.990  14  0.962   0.768 Y  0.450      SignalP-noTM
700mSIPHEX1_0-scaffold_2740_c1_4  0.543  29  0.562  29  0.977  16  0.787   0.668 Y  0.570      SignalP-noTM
700mSIPHEX1_0-scaffold_2740_c1_4  0.611  29  0.670  29  0.885  14  0.799   0.720 Y  0.450      SignalP-TM
700mSIPHEX1_0-scaffold_2759_c1_1  0.588  20  0.677  20  0.873  19  0.769   0.713 Y  0.450      SignalP-TM
700mSIPHEX1_0-scaffold_2759_c1_1  0.729  20  0.765  20  0.884   4  0.796   0.781 Y  0.450      SignalP-noTM
700mSIPHEX1_0-scaffold_2759_c1_1  0.754  20  0.814  20  0.934  17  0.878   0.844 Y  0.570      SignalP-noTM
700mSIPHEX1_0-scaffold_2761_c1_2  0.393  23  0.580  23  0.928  19  0.843   0.683 Y  0.450      SignalP-TM
700mSIPHEX1_0-scaffold_2761_c1_2  0.411  23  0.593  23  0.927  17  0.852   0.715 Y  0.570      SignalP-noTM
700mSIPHEX1_0-scaffold_2761_c1_2  0.755  21  0.803  21  0.897  11  0.854   0.831 Y  0.450      SignalP-noTM
700mSIPHEX1_0-scaffold_2779_c1_4  0.130  55  0.305  17  0.814  14  0.695   0.457 Y  0.450      SignalP-TM
700mSIPHEX1_0-scaffold_2779_c1_4  0.267  32  0.372  17  0.964  13  0.888   0.615 Y  0.570      SignalP-noTM
700mSIPHEX1_0-scaffold_2779_c1_4  0.350  29  0.422  29  0.840  14  0.541   0.486 Y  0.450      SignalP-noTM
700mSIPHEX1_0-scaffold_2782_c1_3  0.524  23  0.457  23  0.838   3  0.531   0.486 Y  0.450      SignalP-TM
700mSIPHEX1_0-scaffold_2782_c1_3  0.570  23  0.576  23  0.846   3  0.654   0.613 Y  0.570      SignalP-noTM
700mSIPHEX1_0-scaffold_2782_c1_3  0.632  23  0.675  23  0.867   4  0.722   0.700 Y  0.450      SignalP-noTM
700mSIPHEX1_0-scaffold_2816_c1_2  0.214  41  0.348  21  0.848  10  0.728   0.553 Y  0.450      SignalP-noTM
700mSIPHEX1_0-scaffold_2816_c1_3  0.354  24  0.500  24  0.952  14  0.795   0.639 Y  0.570      SignalP-noTM
700mSIPHEX1_0-scaffold_2816_c1_3  0.449  22  0.622  22  0.930  12  0.875   0.721 Y  0.450      SignalP-TM
700mSIPHEX1_0-scaffold_2816_c1_3  0.705  24  0.731  24  0.936   3  0.764   0.749 Y  0.450      SignalP-noTM
700mSIPHEX1_0-scaffold_2829_c1_2  0.293  35  0.458  35  0.876  30  0.500   0.474 Y  0.450      SignalP-TM
700mSIPHEX1_0-scaffold_2829_c1_2  0.696  32  0.635  32  0.709  29  0.518   0.588 Y  0.500      SignalP-TM
700mSIPHEX1_0-scaffold_2830_c1_6  0.241  24  0.462  24  0.939  17  0.856   0.615 Y  0.450      SignalP-TM
700mSIPHEX1_0-scaffold_2830_c1_6  0.246  24  0.476  24  0.961  19  0.915   0.682 Y  0.570      SignalP-noTM
700mSIPHEX1_0-scaffold_2830_c1_6  0.765  24  0.798  24  0.922  14  0.834   0.818 Y  0.450      SignalP-noTM
700mSIPHEX1_0-scaffold_2844_c1_4  0.165  37  0.271  12  0.777   8  0.733   0.451 Y  0.450      SignalP-TM
700mSIPHEX1_0-scaffold_2858_c1_3  0.218  35  0.375  35  0.922  14  0.777   0.532 Y  0.450      SignalP-TM
700mSIPHEX1_0-scaffold_2858_c1_3  0.265  32  0.493  32  0.993  20  0.934   0.700 Y  0.570      SignalP-noTM
700mSIPHEX1_0-scaffold_2858_c1_3  0.630  28  0.777  28  0.990  21  0.943   0.867 Y  0.450      SignalP-noTM
700mSIPHEX1_0-scaffold_2885_c1_4  0.244  23  0.389  23  0.795  18  0.639   0.486 Y  0.450      SignalP-TM
700mSIPHEX1_0-scaffold_2885_c1_4  0.335  23  0.494  23  0.884   2  0.780   0.628 Y  0.570      SignalP-noTM
700mSIPHEX1_0-scaffold_2885_c1_4  0.448  23  0.526  23  0.822  14  0.618   0.576 Y  0.450      SignalP-noTM
700mSIPHEX1_0-scaffold_2900_c1_3  0.318  23  0.525  23  0.942   6  0.879   0.663 Y  0.450      SignalP-TM
700mSIPHEX1_0-scaffold_2900_c1_3  0.644  23  0.774  23  0.964  12  0.929   0.858 Y  0.450      SignalP-noTM
700mSIPHEX1_0-scaffold_2900_c1_3  0.647  23  0.779  23  0.959  10  0.939   0.854 Y  0.570      SignalP-noTM
700mSIPHEX1_0-scaffold_2900_c1_5  0.835  20  0.790  20  0.824   7  0.740   0.770 Y  0.500      SignalP-TM
700mSIPHEX1_0-scaffold_2904_c1_3  0.386  31  0.533  31  0.895  28  0.531   0.532 Y  0.450      SignalP-TM
700mSIPHEX1_0-scaffold_2904_c1_3  0.490  31  0.653  31  0.932  27  0.764   0.705 Y  0.570      SignalP-noTM
700mSIPHEX1_0-scaffold_2907_c1_3  0.227  26  0.431  26  0.958  12  0.851   0.628 Y  0.570      SignalP-noTM
700mSIPHEX1_0-scaffold_2907_c1_3  0.301  24  0.460  24  0.828   6  0.696   0.587 Y  0.450      SignalP-noTM
700mSIPHEX1_0-scaffold_2907_c1_3  0.350  26  0.514  26  0.831   2  0.771   0.614 Y  0.450      SignalP-TM
700mSIPHEX1_0-scaffold_2920_c1_3  0.164  17  0.391  17  0.978  11  0.928   0.681 Y  0.450      SignalP-noTM
700mSIPHEX1_0-scaffold_2922_c1_2  0.411  18  0.533  18  0.830   3  0.710   0.602 Y  0.450      SignalP-TM
700mSIPHEX1_0-scaffold_2922_c1_2  0.583  18  0.656  18  0.791  13  0.744   0.688 Y  0.510      SignalP-TM
700mSIPHEX1_0-scaffold_2922_c1_2  0.733  18  0.784  18  0.889   1  0.842   0.807 Y  0.500      SignalP-TM
700mSIPHEX1_0-scaffold_2929_c1_5  0.273  18  0.434  18  0.845   1  0.716   0.544 Y  0.450      SignalP-TM
700mSIPHEX1_0-scaffold_2929_c1_5  0.572  19  0.738  19  0.984  14  0.941   0.833 Y  0.570      SignalP-noTM
700mSIPHEX1_0-scaffold_2929_c1_5  0.820  18  0.889  18  0.977  11  0.963   0.929 Y  0.450      SignalP-noTM
700mSIPHEX1_0-scaffold_2963_c1_1  0.225  26  0.424  19  0.939   1  0.829   0.643 Y  0.450      SignalP-noTM
700mSIPHEX1_0-scaffold_2963_c1_1  0.261  37  0.362  26  0.841  13  0.754   0.515 Y  0.450      SignalP-TM
700mSIPHEX1_0-scaffold_2987_c1_1  0.385  24  0.506  24  0.798   1  0.697   0.582 Y  0.500      SignalP-TM
700mSIPHEX1_0-scaffold_3007_c1_1  0.594  42  0.645  42  0.754  31  0.527   0.599 Y  0.450      SignalP-TM
700mSIPHEX1_0-scaffold_372_c1_29  0.576  23  0.539  23  0.629   7  0.529   0.535 Y  0.450      SignalP-TM
700mSIPHEX1_0-scaffold_372_c1_34  0.370  22  0.496  22  0.807  17  0.661   0.561 Y  0.450      SignalP-TM
700mSIPHEX1_0-scaffold_372_c1_34  0.612  22  0.731  22  0.937   8  0.886   0.804 Y  0.570      SignalP-noTM
700mSIPHEX1_0-scaffold_372_c1_34  0.824  22  0.846  22  0.913  15  0.869   0.858 Y  0.450      SignalP-noTM
700mSIPHEX1_0-scaffold_372_c1_6  0.558  23  0.579  23  0.729  18  0.595   0.585 Y  0.500      SignalP-TM
700mSIPHEX1_0-scaffold_560_c1_17  0.394  31  0.466  31  0.768   9  0.557   0.515 Y  0.450      SignalP-noTM
700mSIPHEX1_0-scaffold_560_c1_17  0.418  31  0.597  31  0.971  16  0.875   0.728 Y  0.570      SignalP-noTM
700mSIPHEX1_0-scaffold_560_c1_17  0.627  43  0.716  31  0.909  12  0.833   0.762 Y  0.450      SignalP-TM
700mSIPHEX1_0-scaffold_560_c1_18  0.271  37  0.375  37  0.896   6  0.653   0.483 Y  0.450      SignalP-TM
700mSIPHEX1_0-scaffold_560_c1_5  0.437  23  0.530  23  0.781  17  0.643   0.591 Y  0.450      SignalP-noTM
700mSIPHEX1_0-scaffold_560_c1_5  0.628  23  0.708  23  0.911  18  0.773   0.734 Y  0.450      SignalP-TM
700mSIPHEX1_0-scaffold_560_c1_5  0.757  23  0.784  23  0.918  18  0.842   0.811 Y  0.570      SignalP-noTM
700mSIPHEX1_0-scaffold_560_c1_8  0.451  28  0.601  28  0.936   8  0.798   0.707 Y  0.450      SignalP-noTM
700mSIPHEX1_0-scaffold_560_c1_8  0.511  28  0.576  28  0.879  13  0.707   0.627 Y  0.450      SignalP-TM
700mSIPHEX1_0-scaffold_560_c1_8  0.829  28  0.856  28  0.978  18  0.903   0.878 Y  0.570      SignalP-noTM
700mSIPHEX1_0-scaffold_597_c1_10  0.381  34  0.530  34  0.895  12  0.809   0.639 Y  0.450      SignalP-TM
700mSIPHEX1_0-scaffold_597_c1_10  0.438  34  0.517  34  0.811  23  0.556   0.531 Y  0.510      SignalP-TM
700mSIPHEX1_0-scaffold_597_c1_10  0.528  34  0.677  34  0.990  19  0.891   0.792 Y  0.450      SignalP-noTM
700mSIPHEX1_0-scaffold_597_c1_2  0.604  28  0.609  28  0.877  12  0.722   0.662 Y  0.570      SignalP-noTM
700mSIPHEX1_0-scaffold_597_c1_8  0.132  37  0.287  24  0.847  12  0.719   0.455 Y  0.450      SignalP-TM
700mSIPHEX1_0-scaffold_597_c1_8  0.308  32  0.519  32  0.988  19  0.887   0.718 Y  0.450      SignalP-noTM
700mSIPHEX1_0-scaffold_597_c1_9  0.264  27  0.389  27  0.848  16  0.609   0.475 Y  0.450      SignalP-TM
700mSIPHEX1_0-scaffold_597_c1_9  0.368  20  0.591  20  0.957  10  0.943   0.756 Y  0.570      SignalP-noTM
700mSIPHEX1_0-scaffold_597_c1_9  0.594  20  0.717  20  0.919   4  0.869   0.799 Y  0.450      SignalP-noTM
700mSIPHEX1_0-scaffold_617_c1_11  0.244  18  0.465  18  0.931   4  0.882   0.690 Y  0.450      SignalP-noTM
700mSIPHEX1_0-scaffold_617_c1_13  0.342  26  0.426  26  0.764   2  0.590   0.490 Y  0.450      SignalP-TM
700mSIPHEX1_0-scaffold_617_c1_13  0.471  21  0.599  21  0.902  17  0.752   0.671 Y  0.570      SignalP-noTM
700mSIPHEX1_0-scaffold_617_c1_13  0.657  21  0.567  21  0.630   6  0.486   0.523 Y  0.450      SignalP-noTM
700mSIPHEX1_0-scaffold_617_c1_14  0.328  25  0.511  25  0.893  20  0.802   0.624 Y  0.450      SignalP-TM
700mSIPHEX1_0-scaffold_617_c1_14  0.534  25  0.583  25  0.759  17  0.638   0.613 Y  0.450      SignalP-noTM
700mSIPHEX1_0-scaffold_617_c1_14  0.805  25  0.847  25  0.960   9  0.907   0.875 Y  0.570      SignalP-noTM
700mSIPHEX1_0-scaffold_617_c1_15  0.294  40  0.370  40  0.842  11  0.611   0.464 Y  0.450      SignalP-TM
700mSIPHEX1_0-scaffold_617_c1_16  0.612  29  0.678  29  0.841  27  0.700   0.687 Y  0.450      SignalP-TM
700mSIPHEX1_0-scaffold_617_c1_16  0.872  29  0.903  29  0.969  19  0.933   0.917 Y  0.570      SignalP-noTM
700mSIPHEX1_0-scaffold_617_c1_16  0.895  29  0.904  29  0.982  18  0.910   0.907 Y  0.450      SignalP-noTM
700mSIPHEX1_0-scaffold_617_c1_4  0.346  26  0.437  26  0.693  18  0.555   0.501 Y  0.450      SignalP-noTM
700mSIPHEX1_0-scaffold_617_c1_4  0.392  26  0.553  26  0.921   8  0.830   0.661 Y  0.450      SignalP-TM
700mSIPHEX1_0-scaffold_617_c1_4  0.419  26  0.562  26  0.943  17  0.829   0.687 Y  0.570      SignalP-noTM
700mSIPHEX1_0-scaffold_617_c1_9  0.408  28  0.539  28  0.886  21  0.746   0.637 Y  0.570      SignalP-noTM
700mSIPHEX1_0-scaffold_617_c1_9  0.421  28  0.470  28  0.673  21  0.503   0.483 Y  0.450      SignalP-TM
700mSIPHEX1_0-scaffold_681_c1_11  0.256  21  0.422  21  0.863   8  0.720   0.541 Y  0.500      SignalP-TM
700mSIPHEX1_0-scaffold_681_c1_12  0.205  27  0.375  19  0.833  18  0.771   0.533 Y  0.500      SignalP-TM
700mSIPHEX1_0-scaffold_681_c1_5  0.272  21  0.428  21  0.911   2  0.726   0.545 Y  0.450      SignalP-TM
700mSIPHEX1_0-scaffold_681_c1_5  0.715  21  0.749  21  0.927   8  0.826   0.785 Y  0.570      SignalP-noTM
700mSIPHEX1_0-scaffold_681_c1_5  0.816  21  0.769  21  0.881   3  0.711   0.738 Y  0.450      SignalP-noTM
700mSIPHEX1_0-scaffold_681_c1_8  0.784  17  0.656  17  0.777   1  0.574   0.623 Y  0.500      SignalP-TM
700mSIPHEX1_0-scaffold_723_c3_1  0.276  31  0.369  31  0.790  15  0.599   0.459 Y  0.450      SignalP-TM
700mSIPHEX1_0-scaffold_723_c3_1  0.657  31  0.585  31  0.844  27  0.482   0.544 Y  0.500      SignalP-TM
700mSIPHEX1_0-scaffold_723_c3_2  0.214  22  0.406  22  0.915  17  0.807   0.594 Y  0.570      SignalP-noTM
700mSIPHEX1_0-scaffold_723_c3_2  0.274  22  0.408  22  0.750  10  0.605   0.514 Y  0.450      SignalP-noTM
700mSIPHEX1_0-scaffold_723_c3_2  0.300  22  0.453  22  0.852  18  0.712   0.554 Y  0.450      SignalP-TM
700mSIPHEX1_0-scaffold_728_c1_5  0.411  53  0.328  18  0.932  12  0.843   0.534 Y  0.500      SignalP-TM
700mSIPHEX1_0-scaffold_728_c1_9  0.683  26  0.712  26  0.942   8  0.835   0.770 Y  0.570      SignalP-noTM
700mSIPHEX1_0-scaffold_728_c1_9  0.713  26  0.723  26  0.887   5  0.748   0.737 Y  0.450      SignalP-noTM
700mSIPHEX1_0-scaffold_728_c1_9  0.806  26  0.782  26  0.885   7  0.803   0.790 Y  0.450      SignalP-TM
700mSIPHEX1_0-scaffold_739_c1_10  0.237  24  0.427  24  0.957   7  0.839   0.588 Y  0.450      SignalP-TM
700mSIPHEX1_0-scaffold_739_c1_10  0.475  24  0.644  24  0.977   9  0.912   0.770 Y  0.570      SignalP-noTM
700mSIPHEX1_0-scaffold_739_c1_10  0.538  19  0.705  19  0.965   3  0.922   0.822 Y  0.450      SignalP-noTM
700mSIPHEX1_0-scaffold_739_c1_3  0.395  26  0.531  26  0.874  12  0.731   0.639 Y  0.450      SignalP-noTM
700mSIPHEX1_0-scaffold_739_c1_3  0.493  26  0.583  26  0.794  20  0.700   0.629 Y  0.450      SignalP-TM
700mSIPHEX1_0-scaffold_739_c1_3  0.566  26  0.619  26  0.887   1  0.752   0.682 Y  0.570      SignalP-noTM
700mSIPHEX1_0-scaffold_803_c1_10  0.240  38  0.335  21  0.868   5  0.772   0.505 Y  0.450      SignalP-TM
700mSIPHEX1_0-scaffold_803_c1_10  0.615  21  0.555  21  0.717   3  0.554   0.554 Y  0.510      SignalP-TM
700mSIPHEX1_0-scaffold_803_c1_1  0.544  28  0.633  28  0.833  21  0.763   0.694 Y  0.570      SignalP-noTM
700mSIPHEX1_0-scaffold_803_c1_12  0.688  26  0.731  26  0.871  18  0.765   0.750 Y  0.450      SignalP-noTM
700mSIPHEX1_0-scaffold_803_c1_2  0.445  25  0.572  25  0.910   6  0.815   0.686 Y  0.570      SignalP-noTM
700mSIPHEX1_0-scaffold_803_c1_2  0.479  25  0.621  25  0.933  12  0.808   0.722 Y  0.450      SignalP-noTM
700mSIPHEX1_0-scaffold_803_c1_2  0.485  30  0.529  30  0.938   9  0.745   0.613 Y  0.450      SignalP-TM
700mSIPHEX1_0-scaffold_803_c1_9  0.183  25  0.364  23  0.923  18  0.777   0.525 Y  0.450      SignalP-TM
700mSIPHEX1_0-scaffold_803_c1_9  0.506  23  0.671  23  0.971  18  0.907   0.782 Y  0.570      SignalP-noTM
700mSIPHEX1_0-scaffold_803_c1_9  0.639  21  0.762  21  0.943   5  0.914   0.844 Y  0.450      SignalP-noTM
700mSIPHEX1_0-scaffold_897_c1_5  0.663  21  0.718  21  0.918   1  0.817   0.764 Y  0.570      SignalP-noTM
700mSIPHEX1_0-scaffold_897_c1_5  0.729  21  0.803  21  0.942  12  0.880   0.844 Y  0.450      SignalP-noTM
700mSIPHEX1_0-scaffold_897_c1_8  0.161  20  0.322  20  0.829  14  0.645   0.496 Y  0.450      SignalP-noTM
700mSIPHEX1_0-scaffold_922_c1_10  0.269  23  0.454  23  0.879  11  0.797   0.588 Y  0.450      SignalP-TM
700mSIPHEX1_0-scaffold_922_c1_10  0.763  23  0.860  23  0.990  15  0.969   0.919 Y  0.450      SignalP-noTM
700mSIPHEX1_0-scaffold_922_c1_11  0.314  35  0.412  35  0.703   7  0.592   0.482 Y  0.450      SignalP-TM
700mSIPHEX1_0-scaffold_922_c1_12  0.406  28  0.532  28  0.785  21  0.646   0.576 Y  0.450      SignalP-TM
700mSIPHEX1_0-scaffold_922_c1_12  0.453  28  0.583  28  0.918   9  0.823   0.696 Y  0.570      SignalP-noTM
700mSIPHEX1_0-scaffold_922_c1_3  0.586  26  0.559  26  0.751   4  0.622   0.584 Y  0.450      SignalP-TM
700mSIPHEX1_0-scaffold_922_c1_3  0.714  26  0.796  26  0.959  20  0.905   0.847 Y  0.570      SignalP-noTM
700mSIPHEX1_0-scaffold_922_c1_3  0.817  26  0.859  26  0.978   5  0.908   0.885 Y  0.450      SignalP-noTM
700mSIPHEX1_0-scaffold_922_c1_7  0.250  16  0.406  16  0.720   1  0.663   0.509 Y  0.500      SignalP-TM
700mSIPHEX1_0-scaffold_922_c1_8  0.263  19  0.482  19  0.917   8  0.887   0.640 Y  0.450      SignalP-TM
700mSIPHEX1_0-scaffold_922_c1_8  0.380  19  0.518  19  0.800  10  0.725   0.630 Y  0.450      SignalP-noTM
700mSIPHEX1_0-scaffold_922_c1_8  0.427  26  0.603  26  0.976   9  0.904   0.745 Y  0.570      SignalP-noTM
700mSIPHEX1_0-scaffold_931_c1_10  0.191  22  0.344  22  0.713   6  0.627   0.454 Y  0.450      SignalP-TM
700mSIPHEX1_0-scaffold_931_c1_2  0.322  25  0.445  25  0.741  17  0.547   0.484 Y  0.450      SignalP-TM
700mSIPHEX1_0-scaffold_931_c1_2  0.580  25  0.673  25  0.847  21  0.633   0.654 Y  0.570      SignalP-noTM
700mSIPHEX1_0-scaffold_943_c1_4  0.302  20  0.456  20  0.850   6  0.738   0.560 Y  0.510      SignalP-TM
700mSIPHEX1_0-scaffold_943_c1_4  0.428  20  0.493  20  0.830   4  0.637   0.549 Y  0.450      SignalP-TM
700mSIPHEX1_0-scaffold_943_c1_4  0.721  20  0.801  20  0.945   8  0.900   0.841 Y  0.500      SignalP-TM
700mSIPHEX1_0-scaffold_948_c1_8  0.260  27  0.451  27  0.914  10  0.807   0.590 Y  0.450      SignalP-TM
700mSIPHEX1_0-scaffold_948_c1_8  0.398  28  0.567  28  0.901  20  0.806   0.696 Y  0.450      SignalP-noTM
700mSIPHEX1_0-scaffold_948_c1_8  0.476  28  0.659  28  0.962  25  0.910   0.777 Y  0.570      SignalP-noTM
700mSIPHEX1_0-scaffold_948_c1_9  0.320  26  0.409  26  0.715   8  0.571   0.472 Y  0.450      SignalP-TM
700mSIPHEX1_0-scaffold_971_c1_1  0.264  23  0.461  23  0.905  19  0.807   0.648 Y  0.450      SignalP-noTM
700mSIPHEX1_0-scaffold_971_c1_3  0.144  37  0.303  18  0.895   4  0.771   0.486 Y  0.450      SignalP-TM
700mSIPHEX1_0-scaffold_971_c1_3  0.234  17  0.446  17  0.898   2  0.836   0.657 Y  0.450      SignalP-noTM
700mSIPHEX1_0-scaffold_982_c1_2  0.332  22  0.533  22  0.921  19  0.829   0.648 Y  0.450      SignalP-TM
700mSIPHEX1_0-scaffold_982_c1_2  0.389  22  0.590  22  0.944   3  0.894   0.754 Y  0.450      SignalP-noTM
700mSIPHEX1_0-scaffold_982_c1_2  0.471  22  0.656  22  0.951  19  0.906   0.774 Y  0.570      SignalP-noTM
700mSIPHEX1_0-scaffold_982_c1_4  0.252  23  0.424  23  0.862   5  0.755   0.553 Y  0.450      SignalP-TM
700mSIPHEX1_0-scaffold_982_c1_4  0.311  23  0.483  23  0.898   6  0.752   0.629 Y  0.450      SignalP-noTM
700mSIPHEX1_0-scaffold_982_c1_4  0.482  23  0.647  23  0.974  11  0.899   0.766 Y  0.570      SignalP-noTM
700mSIPHEX1_0-scaffold_989_c1_5  0.249  17  0.459  17  0.894   1  0.825   0.656 Y  0.450      SignalP-noTM
700mSIPHEX1_0-scaffold_989_c1_5  0.543  28  0.546  28  0.812   2  0.624   0.576 Y  0.450      SignalP-TM
700mSIPHEX1_0-scaffold_990_c1_7  0.417  24  0.567  24  0.934  10  0.816   0.667 Y  0.500      SignalP-TM
700mSIPHEX1_0-scaffold_997_c1_3  0.548  19  0.719  19  0.979  12  0.941   0.839 Y  0.450      SignalP-noTM
