5mSIPHEX1_1-scaffold_1009_c1_6  0.840  19  0.771  19  0.867  12  0.729   0.754 Y  0.500      SignalP-TM
5mSIPHEX1_1-scaffold_1023_c1_9  0.820  22  0.820  22  0.901  18  0.843   0.831 Y  0.570      SignalP-noTM
5mSIPHEX1_1-scaffold_1023_c1_9  0.922  22  0.926  22  0.971  12  0.931   0.929 Y  0.450      SignalP-noTM
5mSIPHEX1_1-scaffold_1035_c1_11  0.307  32  0.492  32  0.915  29  0.626   0.544 Y  0.450      SignalP-TM
5mSIPHEX1_1-scaffold_1035_c1_11  0.661  32  0.700  32  0.869  28  0.682   0.692 Y  0.570      SignalP-noTM
5mSIPHEX1_1-scaffold_1035_c1_3  0.607  17  0.680  17  0.886  15  0.750   0.708 Y  0.500      SignalP-TM
5mSIPHEX1_1-scaffold_1095_c1_10  0.719  19  0.623  19  0.741   1  0.564   0.600 Y  0.500      SignalP-TM
5mSIPHEX1_1-scaffold_1095_c1_12  0.428  29  0.511  29  0.808   1  0.673   0.574 Y  0.450      SignalP-TM
5mSIPHEX1_1-scaffold_1101_c1_11  0.261  20  0.388  20  0.686   4  0.597   0.470 Y  0.450      SignalP-TM
5mSIPHEX1_1-scaffold_1101_c1_11  0.680  22  0.762  20  0.967   3  0.912   0.843 Y  0.450      SignalP-noTM
5mSIPHEX1_1-scaffold_1101_c1_11  0.734  20  0.780  20  0.908  16  0.809   0.794 Y  0.570      SignalP-noTM
5mSIPHEX1_1-scaffold_1115_c1_6  0.358  23  0.489  23  0.878   3  0.736   0.585 Y  0.450      SignalP-TM
5mSIPHEX1_1-scaffold_1115_c1_6  0.662  23  0.720  23  0.939   7  0.848   0.780 Y  0.570      SignalP-noTM
5mSIPHEX1_1-scaffold_1115_c1_6  0.672  23  0.691  23  0.896   2  0.710   0.701 Y  0.450      SignalP-noTM
5mSIPHEX1_1-scaffold_1166_c1_10  0.464  21  0.507  21  0.614  15  0.541   0.520 Y  0.450      SignalP-TM
5mSIPHEX1_1-scaffold_1166_c1_10  0.740  19  0.790  19  0.928  10  0.845   0.812 Y  0.500      SignalP-TM
5mSIPHEX1_1-scaffold_1166_c1_8  0.648  23  0.767  23  0.968   4  0.908   0.843 Y  0.450      SignalP-noTM
5mSIPHEX1_1-scaffold_1166_c1_8  0.665  23  0.714  23  0.858  21  0.763   0.733 Y  0.450      SignalP-TM
5mSIPHEX1_1-scaffold_1166_c1_8  0.798  23  0.829  23  0.907   7  0.874   0.850 Y  0.570      SignalP-noTM
5mSIPHEX1_1-scaffold_1181_c1_13  0.234  27  0.389  27  0.927   8  0.766   0.536 Y  0.450      SignalP-TM
5mSIPHEX1_1-scaffold_1181_c1_13  0.500  27  0.625  21  0.973  12  0.919   0.763 Y  0.570      SignalP-noTM
5mSIPHEX1_1-scaffold_1254_c1_7  0.368  26  0.482  26  0.729  20  0.643   0.545 Y  0.450      SignalP-TM
5mSIPHEX1_1-scaffold_1254_c1_7  0.551  26  0.677  26  0.957  11  0.839   0.765 Y  0.450      SignalP-noTM
5mSIPHEX1_1-scaffold_1254_c1_7  0.605  26  0.704  26  0.939  21  0.848   0.772 Y  0.570      SignalP-noTM
5mSIPHEX1_1-scaffold_1254_c1_8  0.507  20  0.657  20  0.898  11  0.848   0.747 Y  0.570      SignalP-noTM
5mSIPHEX1_1-scaffold_1254_c1_8  0.812  17  0.885  17  0.978   9  0.961   0.926 Y  0.450      SignalP-noTM
5mSIPHEX1_1-scaffold_1265_c1_8  0.288  22  0.499  22  0.929  18  0.862   0.640 Y  0.450      SignalP-TM
5mSIPHEX1_1-scaffold_1265_c1_8  0.516  22  0.662  22  0.927   6  0.848   0.763 Y  0.450      SignalP-noTM
5mSIPHEX1_1-scaffold_1265_c1_8  0.634  22  0.769  22  0.972  18  0.933   0.846 Y  0.570      SignalP-noTM
5mSIPHEX1_1-scaffold_1304_c1_10  0.257  23  0.447  23  0.881  11  0.793   0.610 Y  0.570      SignalP-noTM
5mSIPHEX1_1-scaffold_1304_c1_10  0.493  23  0.648  23  0.932  10  0.851   0.758 Y  0.450      SignalP-noTM
5mSIPHEX1_1-scaffold_1304_c1_8  0.317  21  0.547  21  0.986  12  0.944   0.761 Y  0.450      SignalP-noTM
5mSIPHEX1_1-scaffold_1328_c1_3  0.304  24  0.462  24  0.916   6  0.707   0.594 Y  0.450      SignalP-noTM
5mSIPHEX1_1-scaffold_1328_c1_3  0.319  24  0.483  24  0.893   7  0.787   0.602 Y  0.450      SignalP-TM
5mSIPHEX1_1-scaffold_1328_c1_3  0.638  24  0.740  24  0.979  11  0.894   0.812 Y  0.570      SignalP-noTM
5mSIPHEX1_1-scaffold_1328_c1_8  0.449  22  0.481  22  0.696   5  0.559   0.512 Y  0.450      SignalP-TM
5mSIPHEX1_1-scaffold_1328_c1_8  0.885  22  0.870  22  0.955  20  0.863   0.867 Y  0.570      SignalP-noTM
5mSIPHEX1_1-scaffold_1328_c1_8  0.909  22  0.918  22  0.969  12  0.928   0.923 Y  0.450      SignalP-noTM
5mSIPHEX1_1-scaffold_1347_c1_5  0.195  17  0.407  17  0.887   1  0.837   0.639 Y  0.450      SignalP-noTM
5mSIPHEX1_1-scaffold_1347_c1_8  0.218  21  0.424  21  0.898   7  0.833   0.584 Y  0.450      SignalP-TM
5mSIPHEX1_1-scaffold_1347_c1_8  0.370  26  0.528  26  0.940  14  0.772   0.660 Y  0.450      SignalP-noTM
5mSIPHEX1_1-scaffold_1347_c1_8  0.445  21  0.624  21  0.925   9  0.886   0.747 Y  0.570      SignalP-noTM
5mSIPHEX1_1-scaffold_1376_c1_5  0.615  20  0.705  20  0.886   2  0.821   0.760 Y  0.570      SignalP-noTM
5mSIPHEX1_1-scaffold_1376_c1_5  0.617  20  0.652  20  0.808  11  0.675   0.664 Y  0.450      SignalP-noTM
5mSIPHEX1_1-scaffold_1376_c1_8  0.467  23  0.510  23  0.669  18  0.533   0.519 Y  0.450      SignalP-TM
5mSIPHEX1_1-scaffold_1384_c1_1  0.242  26  0.365  26  0.849   7  0.662   0.481 Y  0.450      SignalP-TM
5mSIPHEX1_1-scaffold_1384_c1_1  0.537  19  0.643  19  0.853   1  0.753   0.703 Y  0.450      SignalP-noTM
5mSIPHEX1_1-scaffold_1412_c1_4  0.669  19  0.782  19  0.948  12  0.909   0.851 Y  0.450      SignalP-noTM
5mSIPHEX1_1-scaffold_1412_c1_7  0.610  23  0.760  23  0.971  18  0.943   0.832 Y  0.450      SignalP-TM
5mSIPHEX1_1-scaffold_1412_c1_7  0.754  23  0.828  23  0.957  13  0.909   0.872 Y  0.450      SignalP-noTM
5mSIPHEX1_1-scaffold_1412_c1_7  0.828  23  0.884  23  0.976  18  0.945   0.913 Y  0.570      SignalP-noTM
5mSIPHEX1_1-scaffold_1435_c1_4  0.594  21  0.611  21  0.803  10  0.620   0.616 Y  0.450      SignalP-noTM
5mSIPHEX1_1-scaffold_1435_c1_5  0.158  27  0.300  21  0.845   9  0.733   0.469 Y  0.450      SignalP-TM
5mSIPHEX1_1-scaffold_1435_c1_5  0.319  20  0.536  20  0.951  10  0.898   0.732 Y  0.450      SignalP-noTM
5mSIPHEX1_1-scaffold_1446_c1_3  0.419  29  0.447  29  0.603  12  0.496   0.466 Y  0.450      SignalP-TM
5mSIPHEX1_1-scaffold_1446_c1_5  0.227  31  0.398  31  0.881  20  0.659   0.539 Y  0.450      SignalP-noTM
5mSIPHEX1_1-scaffold_1446_c1_5  0.287  29  0.433  29  0.777  21  0.481   0.452 Y  0.450      SignalP-TM
5mSIPHEX1_1-scaffold_1446_c1_5  0.768  29  0.768  29  0.871  25  0.669   0.721 Y  0.570      SignalP-noTM
5mSIPHEX1_1-scaffold_1472_c1_4  0.354  25  0.555  16  0.939   3  0.919   0.752 Y  0.450      SignalP-noTM
5mSIPHEX1_1-scaffold_1476_c1_3  0.281  23  0.472  23  0.898  12  0.793   0.645 Y  0.450      SignalP-noTM
5mSIPHEX1_1-scaffold_1476_c1_3  0.516  23  0.672  23  0.925  18  0.847   0.740 Y  0.450      SignalP-TM
5mSIPHEX1_1-scaffold_1476_c1_3  0.821  23  0.885  23  0.985   6  0.962   0.921 Y  0.570      SignalP-noTM
5mSIPHEX1_1-scaffold_1482_c1_3  0.355  36  0.412  36  0.609  22  0.516   0.452 Y  0.450      SignalP-TM
5mSIPHEX1_1-scaffold_1482_c1_7  0.385  21  0.582  21  0.958  18  0.872   0.718 Y  0.570      SignalP-noTM
5mSIPHEX1_1-scaffold_1482_c1_7  0.387  21  0.525  21  0.897  18  0.753   0.614 Y  0.450      SignalP-TM
5mSIPHEX1_1-scaffold_1482_c1_7  0.568  21  0.681  21  0.904  18  0.811   0.752 Y  0.450      SignalP-noTM
5mSIPHEX1_1-scaffold_1528_c1_4  0.629  22  0.749  22  0.961   5  0.892   0.826 Y  0.450      SignalP-noTM
5mSIPHEX1_1-scaffold_1536_c1_6  0.440  29  0.423  29  0.754  10  0.526   0.463 Y  0.450      SignalP-TM
5mSIPHEX1_1-scaffold_1536_c1_8  0.654  21  0.663  21  0.863   1  0.707   0.680 Y  0.500      SignalP-TM
5mSIPHEX1_1-scaffold_1544_c1_6  0.492  29  0.585  29  0.840   9  0.695   0.645 Y  0.450      SignalP-noTM
5mSIPHEX1_1-scaffold_1544_c1_6  0.567  29  0.691  29  0.933  16  0.827   0.755 Y  0.570      SignalP-noTM
5mSIPHEX1_1-scaffold_1549_c1_5  0.233  22  0.375  22  0.742   4  0.622   0.471 Y  0.450      SignalP-TM
5mSIPHEX1_1-scaffold_1549_c1_5  0.601  22  0.643  22  0.872   1  0.679   0.663 Y  0.450      SignalP-noTM
5mSIPHEX1_1-scaffold_1549_c1_5  0.629  22  0.722  22  0.880  17  0.822   0.769 Y  0.570      SignalP-noTM
5mSIPHEX1_1-scaffold_1638_c1_6  0.575  27  0.750  27  0.997  18  0.976   0.872 Y  0.450      SignalP-noTM
5mSIPHEX1_1-scaffold_1648_c1_4  0.357  23  0.539  23  0.903   3  0.845   0.658 Y  0.450      SignalP-TM
5mSIPHEX1_1-scaffold_1648_c1_4  0.439  23  0.590  23  0.907   4  0.794   0.700 Y  0.450      SignalP-noTM
5mSIPHEX1_1-scaffold_1648_c1_4  0.770  23  0.847  23  0.968  12  0.938   0.890 Y  0.570      SignalP-noTM
5mSIPHEX1_1-scaffold_1776_c1_3  0.159  26  0.357  26  0.911  12  0.791   0.527 Y  0.450      SignalP-TM
5mSIPHEX1_1-scaffold_1776_c1_3  0.214  28  0.402  28  0.931   7  0.763   0.597 Y  0.450      SignalP-noTM
5mSIPHEX1_1-scaffold_1776_c1_3  0.650  26  0.756  26  0.973  12  0.900   0.824 Y  0.570      SignalP-noTM
5mSIPHEX1_1-scaffold_1804_c1_5  0.380  23  0.470  23  0.785   6  0.640   0.537 Y  0.450      SignalP-TM
5mSIPHEX1_1-scaffold_1804_c1_5  0.477  23  0.653  23  0.958  21  0.907   0.773 Y  0.570      SignalP-noTM
5mSIPHEX1_1-scaffold_1804_c1_5  0.869  23  0.882  23  0.939   5  0.896   0.889 Y  0.450      SignalP-noTM
5mSIPHEX1_1-scaffold_1804_c1_6  0.615  18  0.729  18  0.894  12  0.861   0.801 Y  0.450      SignalP-noTM
5mSIPHEX1_1-scaffold_1804_c1_6  0.718  18  0.758  18  0.877  14  0.807   0.781 Y  0.570      SignalP-noTM
5mSIPHEX1_1-scaffold_1805_c1_2  0.312  35  0.427  35  0.771  27  0.536   0.469 Y  0.450      SignalP-TM
5mSIPHEX1_1-scaffold_1820_c1_2  0.657  33  0.594  33  0.814  29  0.372   0.505 Y  0.500      SignalP-TM
5mSIPHEX1_1-scaffold_1820_c1_3  0.202  59  0.316  22  0.802   7  0.682   0.459 Y  0.450      SignalP-TM
5mSIPHEX1_1-scaffold_1820_c1_3  0.210  23  0.405  23  0.922   4  0.781   0.608 Y  0.450      SignalP-noTM
5mSIPHEX1_1-scaffold_1820_c1_3  0.441  23  0.542  23  0.888   8  0.745   0.638 Y  0.570      SignalP-noTM
5mSIPHEX1_1-scaffold_1823_c1_3  0.481  22  0.570  22  0.815   8  0.671   0.624 Y  0.450      SignalP-noTM
5mSIPHEX1_1-scaffold_1927_c1_1  0.129  27  0.288  12  0.866   1  0.683   0.501 Y  0.450      SignalP-noTM
5mSIPHEX1_1-scaffold_1936_c1_5  0.250  25  0.467  25  0.936  18  0.891   0.632 Y  0.450      SignalP-TM
5mSIPHEX1_1-scaffold_1936_c1_5  0.368  20  0.592  20  0.962  15  0.945   0.758 Y  0.570      SignalP-noTM
5mSIPHEX1_1-scaffold_1936_c1_5  0.702  25  0.760  25  0.919   4  0.824   0.795 Y  0.450      SignalP-noTM
5mSIPHEX1_1-scaffold_1944_c1_6  0.216  28  0.356  24  0.744  18  0.601   0.488 Y  0.450      SignalP-noTM
5mSIPHEX1_1-scaffold_1944_c1_6  0.399  24  0.560  24  0.878   9  0.805   0.656 Y  0.450      SignalP-TM
5mSIPHEX1_1-scaffold_1944_c1_6  0.667  24  0.754  24  0.966  10  0.896   0.821 Y  0.570      SignalP-noTM
5mSIPHEX1_1-scaffold_1956_c1_4  0.233  25  0.442  19  0.941  12  0.834   0.626 Y  0.570      SignalP-noTM
5mSIPHEX1_1-scaffold_1956_c1_4  0.390  25  0.485  25  0.796  15  0.615   0.535 Y  0.450      SignalP-TM
5mSIPHEX1_1-scaffold_1956_c1_4  0.503  18  0.640  18  0.881  15  0.800   0.727 Y  0.450      SignalP-noTM
5mSIPHEX1_1-scaffold_1956_c1_5  0.330  25  0.435  25  0.794   4  0.637   0.516 Y  0.500      SignalP-TM
5mSIPHEX1_1-scaffold_2022_c1_3  0.179  29  0.344  29  0.781  17  0.693   0.480 Y  0.450      SignalP-TM
5mSIPHEX1_1-scaffold_2022_c1_3  0.279  29  0.438  24  0.878  12  0.783   0.600 Y  0.570      SignalP-noTM
5mSIPHEX1_1-scaffold_2022_c1_4  0.324  21  0.529  21  0.915  17  0.841   0.651 Y  0.450      SignalP-TM
5mSIPHEX1_1-scaffold_2022_c1_4  0.577  21  0.718  21  0.947  18  0.895   0.801 Y  0.570      SignalP-noTM
5mSIPHEX1_1-scaffold_2022_c1_4  0.756  21  0.785  21  0.887  18  0.821   0.805 Y  0.450      SignalP-noTM
5mSIPHEX1_1-scaffold_2034_c1_2  0.200  25  0.373  25  0.772  22  0.693   0.498 Y  0.450      SignalP-TM
5mSIPHEX1_1-scaffold_2034_c1_2  0.302  26  0.487  26  0.915  20  0.835   0.651 Y  0.570      SignalP-noTM
5mSIPHEX1_1-scaffold_2034_c1_2  0.576  26  0.707  26  0.932   5  0.868   0.794 Y  0.450      SignalP-noTM
5mSIPHEX1_1-scaffold_2053_c1_1  0.279  24  0.424  24  0.859   5  0.718   0.539 Y  0.450      SignalP-TM
5mSIPHEX1_1-scaffold_2053_c1_1  0.500  24  0.619  24  0.929  17  0.817   0.712 Y  0.570      SignalP-noTM
5mSIPHEX1_1-scaffold_2053_c1_1  0.836  24  0.699  24  0.821   4  0.587   0.638 Y  0.450      SignalP-noTM
5mSIPHEX1_1-scaffold_2053_c1_2  0.325  34  0.479  31  0.821  28  0.715   0.571 Y  0.450      SignalP-TM
5mSIPHEX1_1-scaffold_2053_c1_4  0.319  23  0.435  23  0.820  20  0.585   0.494 Y  0.450      SignalP-TM
5mSIPHEX1_1-scaffold_2053_c1_4  0.707  23  0.708  23  0.845  19  0.719   0.713 Y  0.570      SignalP-noTM
5mSIPHEX1_1-scaffold_2053_c1_4  0.763  23  0.723  23  0.810  14  0.684   0.702 Y  0.450      SignalP-noTM
5mSIPHEX1_1-scaffold_2053_c1_6  0.379  29  0.507  23  0.949  17  0.851   0.669 Y  0.570      SignalP-noTM
5mSIPHEX1_1-scaffold_2053_c1_6  0.613  29  0.627  29  0.765  12  0.647   0.635 Y  0.450      SignalP-TM
5mSIPHEX1_1-scaffold_2053_c1_7  0.348  20  0.529  20  0.884  17  0.796   0.634 Y  0.450      SignalP-TM
5mSIPHEX1_1-scaffold_2053_c1_7  0.417  20  0.572  20  0.905  16  0.782   0.671 Y  0.570      SignalP-noTM
5mSIPHEX1_1-scaffold_2053_c1_7  0.427  20  0.567  20  0.813   2  0.744   0.662 Y  0.450      SignalP-noTM
5mSIPHEX1_1-scaffold_2069_c1_4  0.754  22  0.707  22  0.880  18  0.703   0.705 Y  0.450      SignalP-TM
5mSIPHEX1_1-scaffold_2069_c1_4  0.781  22  0.748  22  0.848  18  0.727   0.740 Y  0.510      SignalP-TM
5mSIPHEX1_1-scaffold_2069_c1_4  0.833  22  0.811  22  0.926  15  0.829   0.818 Y  0.500      SignalP-TM
5mSIPHEX1_1-scaffold_2104_c1_6  0.301  20  0.461  20  0.844  15  0.696   0.588 Y  0.450      SignalP-noTM
5mSIPHEX1_1-scaffold_2104_c1_6  0.464  20  0.545  20  0.835  18  0.638   0.589 Y  0.570      SignalP-noTM
5mSIPHEX1_1-scaffold_2158_c1_4  0.346  27  0.525  27  0.911  16  0.735   0.607 Y  0.450      SignalP-TM
5mSIPHEX1_1-scaffold_2158_c1_4  0.759  27  0.832  27  0.981  16  0.918   0.873 Y  0.570      SignalP-noTM
5mSIPHEX1_1-scaffold_2158_c1_4  0.826  27  0.864  27  0.975   8  0.906   0.887 Y  0.450      SignalP-noTM
5mSIPHEX1_1-scaffold_2162_c1_1  0.419  26  0.446  26  0.791  11  0.595   0.504 Y  0.450      SignalP-TM
5mSIPHEX1_1-scaffold_2162_c1_1  0.470  26  0.506  26  0.784   1  0.571   0.541 Y  0.450      SignalP-noTM
5mSIPHEX1_1-scaffold_2162_c1_3  0.136  25  0.311  11  0.922   4  0.904   0.542 Y  0.450      SignalP-TM
5mSIPHEX1_1-scaffold_2290_c1_3  0.248  20  0.465  20  0.941   5  0.864   0.681 Y  0.450      SignalP-noTM
5mSIPHEX1_1-scaffold_2290_c1_3  0.359  20  0.502  20  0.892   7  0.754   0.620 Y  0.570      SignalP-noTM
5mSIPHEX1_1-scaffold_2349_c1_4  0.366  22  0.544  22  0.855  12  0.755   0.627 Y  0.450      SignalP-TM
5mSIPHEX1_1-scaffold_2349_c1_4  0.417  22  0.596  22  0.914  15  0.857   0.737 Y  0.450      SignalP-noTM
5mSIPHEX1_1-scaffold_2349_c1_4  0.743  22  0.837  22  0.966  14  0.935   0.883 Y  0.570      SignalP-noTM
5mSIPHEX1_1-scaffold_2379_c1_1  0.279  42  0.370  28  0.813  21  0.673   0.488 Y  0.450      SignalP-TM
5mSIPHEX1_1-scaffold_2379_c1_1  0.441  28  0.572  28  0.785  24  0.555   0.565 Y  0.510      SignalP-TM
5mSIPHEX1_1-scaffold_2379_c1_1  0.875  28  0.924  28  0.994  17  0.970   0.949 Y  0.450      SignalP-noTM
5mSIPHEX1_1-scaffold_2379_c1_3  0.293  22  0.465  22  0.870   4  0.737   0.612 Y  0.450      SignalP-noTM
5mSIPHEX1_1-scaffold_2400_c1_1  0.220  26  0.316  19  0.895   3  0.669   0.454 Y  0.450      SignalP-TM
5mSIPHEX1_1-scaffold_2400_c1_1  0.476  19  0.608  19  0.965   1  0.734   0.676 Y  0.450      SignalP-noTM
5mSIPHEX1_1-scaffold_2471_c1_5  0.190  19  0.398  19  0.915   3  0.827   0.630 Y  0.450      SignalP-noTM
5mSIPHEX1_1-scaffold_2471_c1_5  0.396  23  0.516  23  0.872   1  0.726   0.598 Y  0.450      SignalP-TM
5mSIPHEX1_1-scaffold_2471_c1_5  0.489  23  0.585  23  0.861  10  0.760   0.667 Y  0.570      SignalP-noTM
5mSIPHEX1_1-scaffold_2500_c1_1  0.490  16  0.588  16  0.790  15  0.700   0.649 Y  0.450      SignalP-noTM
5mSIPHEX1_1-scaffold_2572_c1_3  0.412  22  0.583  22  0.911   4  0.822   0.712 Y  0.450      SignalP-noTM
5mSIPHEX1_1-scaffold_2579_c1_3  0.620  26  0.625  26  0.719  21  0.595   0.613 Y  0.450      SignalP-TM
5mSIPHEX1_1-scaffold_2579_c1_5  0.257  20  0.395  20  0.767  18  0.619   0.483 Y  0.450      SignalP-TM
5mSIPHEX1_1-scaffold_2579_c1_5  0.816  20  0.800  20  0.943  18  0.754   0.778 Y  0.570      SignalP-noTM
5mSIPHEX1_1-scaffold_2579_c1_5  0.852  20  0.826  20  0.923  18  0.802   0.813 Y  0.450      SignalP-noTM
5mSIPHEX1_1-scaffold_2579_c1_6  0.234  21  0.355  21  0.749  14  0.537   0.453 Y  0.450      SignalP-noTM
5mSIPHEX1_1-scaffold_2679_c1_4  0.431  23  0.520  23  0.806  19  0.554   0.534 Y  0.450      SignalP-TM
5mSIPHEX1_1-scaffold_2679_c1_4  0.591  23  0.611  23  0.771  20  0.618   0.614 Y  0.570      SignalP-noTM
5mSIPHEX1_1-scaffold_2722_c1_2  0.297  23  0.476  23  0.931  17  0.796   0.626 Y  0.570      SignalP-noTM
5mSIPHEX1_1-scaffold_2722_c1_2  0.446  28  0.454  28  0.856  17  0.566   0.497 Y  0.450      SignalP-TM
5mSIPHEX1_1-scaffold_2722_c1_2  0.679  20  0.790  20  0.956  17  0.922   0.861 Y  0.450      SignalP-noTM
5mSIPHEX1_1-scaffold_2781_c1_3  0.763  32  0.549  32  0.625   2  0.480   0.522 Y  0.450      SignalP-TM
5mSIPHEX1_1-scaffold_2781_c1_4  0.228  18  0.398  18  0.882   1  0.722   0.525 Y  0.450      SignalP-TM
5mSIPHEX1_1-scaffold_2781_c1_4  0.612  18  0.675  18  0.892  17  0.733   0.702 Y  0.570      SignalP-noTM
5mSIPHEX1_1-scaffold_2781_c1_4  0.781  18  0.782  18  0.873  16  0.797   0.790 Y  0.450      SignalP-noTM
5mSIPHEX1_1-scaffold_2906_c1_4  0.605  34  0.580  34  0.750  16  0.645   0.605 Y  0.450      SignalP-TM
5mSIPHEX1_1-scaffold_2907_c1_3  0.772  20  0.779  20  0.902   1  0.767   0.773 Y  0.450      SignalP-noTM
5mSIPHEX1_1-scaffold_2907_c1_4  0.430  25  0.534  25  0.843  10  0.704   0.600 Y  0.450      SignalP-TM
5mSIPHEX1_1-scaffold_2907_c1_4  0.777  25  0.831  25  0.934  21  0.897   0.862 Y  0.570      SignalP-noTM
5mSIPHEX1_1-scaffold_2907_c1_4  0.885  25  0.901  25  0.967   8  0.917   0.910 Y  0.450      SignalP-noTM
5mSIPHEX1_1-scaffold_2944_c1_1  0.254  20  0.454  20  0.947   9  0.795   0.638 Y  0.450      SignalP-noTM
5mSIPHEX1_1-scaffold_2944_c1_1  0.259  57  0.375  20  0.894   9  0.805   0.543 Y  0.450      SignalP-TM
5mSIPHEX1_1-scaffold_2945_c1_1  0.304  17  0.446  17  0.781  28  0.661   0.532 Y  0.500      SignalP-TM
5mSIPHEX1_1-scaffold_2945_c1_2  0.294  40  0.400  23  0.952  12  0.904   0.596 Y  0.450      SignalP-TM
5mSIPHEX1_1-scaffold_2945_c1_2  0.419  23  0.595  23  0.961   4  0.844   0.729 Y  0.450      SignalP-noTM
5mSIPHEX1_1-scaffold_2945_c1_2  0.684  23  0.799  23  0.973   9  0.938   0.864 Y  0.570      SignalP-noTM
5mSIPHEX1_1-scaffold_3021_c1_2  0.538  21  0.524  21  0.757   4  0.577   0.544 Y  0.450      SignalP-TM
5mSIPHEX1_1-scaffold_3021_c1_2  0.583  21  0.692  21  0.886  11  0.834   0.759 Y  0.570      SignalP-noTM
5mSIPHEX1_1-scaffold_3021_c1_2  0.663  21  0.718  21  0.908   3  0.769   0.745 Y  0.450      SignalP-noTM
5mSIPHEX1_1-scaffold_3075_c1_2  0.739  20  0.638  20  0.678  16  0.537   0.591 Y  0.570      SignalP-noTM
5mSIPHEX1_1-scaffold_3075_c1_2  0.784  20  0.738  20  0.777   8  0.687   0.710 Y  0.450      SignalP-noTM
5mSIPHEX1_1-scaffold_3075_c1_3  0.153  23  0.355  19  0.938   1  0.881   0.602 Y  0.570      SignalP-noTM
5mSIPHEX1_1-scaffold_3075_c1_3  0.161  30  0.297  19  0.863   1  0.726   0.464 Y  0.450      SignalP-TM
5mSIPHEX1_1-scaffold_3075_c1_3  0.294  23  0.484  18  0.883   8  0.840   0.676 Y  0.450      SignalP-noTM
5mSIPHEX1_1-scaffold_3075_c1_4  0.506  22  0.628  22  0.877   4  0.776   0.708 Y  0.450      SignalP-noTM
5mSIPHEX1_1-scaffold_3082_c1_2  0.197  23  0.381  23  0.868  21  0.665   0.491 Y  0.450      SignalP-TM
5mSIPHEX1_1-scaffold_3082_c1_2  0.260  24  0.448  24  0.894  21  0.774   0.624 Y  0.450      SignalP-noTM
5mSIPHEX1_1-scaffold_3082_c1_2  0.273  24  0.466  24  0.940  22  0.780   0.614 Y  0.570      SignalP-noTM
5mSIPHEX1_1-scaffold_3087_c1_1  0.313  24  0.481  22  0.901   4  0.801   0.599 Y  0.510      SignalP-TM
5mSIPHEX1_1-scaffold_3087_c1_1  0.536  22  0.655  22  0.866   4  0.817   0.718 Y  0.450      SignalP-TM
5mSIPHEX1_1-scaffold_3157_c1_2  0.384  24  0.575  24  0.954  10  0.885   0.696 Y  0.450      SignalP-TM
5mSIPHEX1_1-scaffold_3157_c1_2  0.451  24  0.629  24  0.974  14  0.906   0.759 Y  0.570      SignalP-noTM
5mSIPHEX1_1-scaffold_3157_c1_2  0.727  24  0.810  24  0.973   4  0.903   0.860 Y  0.450      SignalP-noTM
5mSIPHEX1_1-scaffold_3188_c1_1  0.344  27  0.421  27  0.884   5  0.665   0.516 Y  0.450      SignalP-TM
5mSIPHEX1_1-scaffold_3188_c1_1  0.618  20  0.744  20  0.931   9  0.892   0.814 Y  0.570      SignalP-noTM
5mSIPHEX1_1-scaffold_3188_c1_1  0.721  20  0.806  20  0.959  14  0.899   0.856 Y  0.450      SignalP-noTM
5mSIPHEX1_1-scaffold_3203_c1_2  0.654  21  0.708  21  0.904   2  0.754   0.733 Y  0.450      SignalP-noTM
5mSIPHEX1_1-scaffold_3203_c1_2  0.679  20  0.757  20  0.912   1  0.856   0.804 Y  0.570      SignalP-noTM
5mSIPHEX1_1-scaffold_3238_c1_2  0.620  44  0.548  44  0.576  37  0.379   0.482 Y  0.450      SignalP-TM
5mSIPHEX1_1-scaffold_3535_c1_4  0.408  31  0.528  31  0.857  21  0.558   0.540 Y  0.500      SignalP-TM
5mSIPHEX1_1-scaffold_3566_c1_4  0.217  26  0.396  26  0.907  20  0.780   0.576 Y  0.570      SignalP-noTM
5mSIPHEX1_1-scaffold_3566_c1_4  0.256  37  0.348  32  0.790   6  0.647   0.465 Y  0.450      SignalP-TM
5mSIPHEX1_1-scaffold_3566_c1_4  0.315  26  0.455  26  0.801   2  0.670   0.571 Y  0.450      SignalP-noTM
5mSIPHEX1_1-scaffold_3741_c1_2  0.292  35  0.429  29  0.847  18  0.696   0.533 Y  0.450      SignalP-TM
5mSIPHEX1_1-scaffold_3741_c1_2  0.411  29  0.615  20  0.970  14  0.934   0.787 Y  0.450      SignalP-noTM
5mSIPHEX1_1-scaffold_3741_c1_2  0.424  29  0.555  24  0.913  14  0.832   0.685 Y  0.570      SignalP-noTM
5mSIPHEX1_1-scaffold_3751_c1_1  0.443  24  0.607  24  0.894  18  0.830   0.728 Y  0.450      SignalP-noTM
5mSIPHEX1_1-scaffold_3751_c1_1  0.462  35  0.483  35  0.766  23  0.515   0.496 Y  0.450      SignalP-TM
5mSIPHEX1_1-scaffold_3751_c1_1  0.487  24  0.622  24  0.892  20  0.740   0.677 Y  0.570      SignalP-noTM
5mSIPHEX1_1-scaffold_3765_c1_5  0.458  27  0.499  27  0.811  17  0.504   0.501 Y  0.450      SignalP-TM
5mSIPHEX1_1-scaffold_3765_c1_5  0.664  20  0.648  20  0.707  11  0.625   0.639 Y  0.500      SignalP-TM
5mSIPHEX1_1-scaffold_3846_c1_2  0.453  19  0.501  19  0.737   3  0.515   0.509 Y  0.450      SignalP-noTM
5mSIPHEX1_1-scaffold_3873_c1_3  0.388  24  0.613  24  0.989  14  0.969   0.805 Y  0.450      SignalP-noTM
5mSIPHEX1_1-scaffold_3965_c1_1  0.313  24  0.466  24  0.885   3  0.763   0.606 Y  0.570      SignalP-noTM
5mSIPHEX1_1-scaffold_3965_c1_1  0.432  24  0.486  24  0.788   5  0.552   0.522 Y  0.450      SignalP-noTM
5mSIPHEX1_1-scaffold_3965_c1_1  0.439  24  0.574  24  0.889  18  0.760   0.647 Y  0.450      SignalP-TM
5mSIPHEX1_1-scaffold_4054_c1_3  0.232  22  0.433  22  0.861   6  0.811   0.637 Y  0.450      SignalP-noTM
5mSIPHEX1_1-scaffold_4226_c1_2  0.174  28  0.306  15  0.884   5  0.803   0.500 Y  0.450      SignalP-TM
5mSIPHEX1_1-scaffold_4226_c1_2  0.201  18  0.409  18  0.898   1  0.843   0.613 Y  0.570      SignalP-noTM
5mSIPHEX1_1-scaffold_4226_c1_2  0.227  17  0.446  17  0.908   3  0.877   0.679 Y  0.450      SignalP-noTM
5mSIPHEX1_1-scaffold_4275_c1_1  0.176  28  0.327  21  0.831  17  0.724   0.481 Y  0.450      SignalP-TM
5mSIPHEX1_1-scaffold_4275_c1_1  0.328  18  0.528  18  0.953  17  0.865   0.687 Y  0.570      SignalP-noTM
5mSIPHEX1_1-scaffold_4275_c1_1  0.453  18  0.648  18  0.943   5  0.925   0.798 Y  0.450      SignalP-noTM
5mSIPHEX1_1-scaffold_4340_c1_1  0.437  26  0.601  26  0.892  22  0.666   0.626 Y  0.450      SignalP-TM
5mSIPHEX1_1-scaffold_4340_c1_1  0.564  26  0.709  26  0.944  16  0.840   0.770 Y  0.570      SignalP-noTM
5mSIPHEX1_1-scaffold_4340_c1_1  0.570  26  0.646  26  0.858  22  0.715   0.683 Y  0.450      SignalP-noTM
5mSIPHEX1_1-scaffold_4340_c1_2  0.338  24  0.425  24  0.697  22  0.512   0.459 Y  0.450      SignalP-TM
5mSIPHEX1_1-scaffold_4340_c1_2  0.365  24  0.547  24  0.902  17  0.817   0.674 Y  0.570      SignalP-noTM
5mSIPHEX1_1-scaffold_4340_c1_2  0.492  24  0.648  24  0.929  15  0.854   0.760 Y  0.450      SignalP-noTM
5mSIPHEX1_1-scaffold_4340_c1_3  0.473  25  0.647  25  0.983  13  0.921   0.776 Y  0.570      SignalP-noTM
5mSIPHEX1_1-scaffold_4340_c1_3  0.493  25  0.674  25  0.957  18  0.906   0.764 Y  0.450      SignalP-TM
5mSIPHEX1_1-scaffold_4340_c1_3  0.500  20  0.666  20  0.925  13  0.894   0.789 Y  0.450      SignalP-noTM
5mSIPHEX1_1-scaffold_4404_c1_2  0.240  23  0.433  23  0.899   1  0.800   0.606 Y  0.570      SignalP-noTM
5mSIPHEX1_1-scaffold_4404_c1_2  0.456  23  0.636  23  0.951   2  0.887   0.772 Y  0.450      SignalP-noTM
5mSIPHEX1_1-scaffold_4404_c1_4  0.223  29  0.332  20  0.851   1  0.743   0.493 Y  0.450      SignalP-TM
5mSIPHEX1_1-scaffold_4404_c1_4  0.382  20  0.494  20  0.739   4  0.653   0.558 Y  0.500      SignalP-TM
5mSIPHEX1_1-scaffold_4404_c1_4  0.700  20  0.698  20  0.860   1  0.739   0.713 Y  0.510      SignalP-TM
5mSIPHEX1_1-scaffold_4461_c1_3  0.269  27  0.368  27  0.822  10  0.644   0.476 Y  0.450      SignalP-TM
5mSIPHEX1_1-scaffold_4461_c1_3  0.749  27  0.811  27  0.967  11  0.908   0.857 Y  0.570      SignalP-noTM
5mSIPHEX1_1-scaffold_4658_c1_6  0.223  29  0.398  20  0.973  18  0.955   0.659 Y  0.570      SignalP-noTM
5mSIPHEX1_1-scaffold_4658_c1_6  0.478  20  0.678  20  0.978  18  0.962   0.832 Y  0.450      SignalP-noTM
5mSIPHEX1_1-scaffold_4730_c1_4  0.384  22  0.549  22  0.896  12  0.789   0.679 Y  0.450      SignalP-noTM
5mSIPHEX1_1-scaffold_4842_c1_2  0.232  34  0.389  34  0.796  33  0.642   0.488 Y  0.450      SignalP-TM
5mSIPHEX1_1-scaffold_4842_c1_2  0.332  36  0.452  36  0.839   9  0.614   0.540 Y  0.450      SignalP-noTM
5mSIPHEX1_1-scaffold_4877_c1_5  0.367  20  0.454  20  0.810   3  0.623   0.520 Y  0.450      SignalP-TM
5mSIPHEX1_1-scaffold_4877_c1_5  0.643  20  0.726  20  0.947  16  0.822   0.771 Y  0.570      SignalP-noTM
5mSIPHEX1_1-scaffold_4877_c1_5  0.840  20  0.841  20  0.898  14  0.841   0.841 Y  0.450      SignalP-noTM
5mSIPHEX1_1-scaffold_4930_c1_1  0.459  20  0.562  20  0.765   1  0.706   0.618 Y  0.450      SignalP-TM
5mSIPHEX1_1-scaffold_4930_c1_1  0.742  23  0.827  23  0.983  17  0.929   0.875 Y  0.570      SignalP-noTM
5mSIPHEX1_1-scaffold_4930_c1_1  0.748  23  0.832  23  0.979  19  0.927   0.883 Y  0.450      SignalP-noTM
5mSIPHEX1_1-scaffold_4970_c1_3  0.290  17  0.427  17  0.774   1  0.576   0.508 Y  0.450      SignalP-noTM
5mSIPHEX1_1-scaffold_5047_c1_4  0.322  19  0.412  19  0.680   4  0.514   0.467 Y  0.450      SignalP-noTM
5mSIPHEX1_1-scaffold_5069_c1_5  0.542  48  0.509  48  0.792  27  0.492   0.502 Y  0.450      SignalP-TM
5mSIPHEX1_1-scaffold_5141_c1_3  0.144  34  0.273  12  0.828   6  0.780   0.471 Y  0.450      SignalP-TM
5mSIPHEX1_1-scaffold_5447_c1_2  0.214  30  0.385  30  0.842  12  0.717   0.515 Y  0.450      SignalP-TM
5mSIPHEX1_1-scaffold_5447_c1_2  0.415  30  0.559  30  0.899  11  0.767   0.672 Y  0.450      SignalP-noTM
5mSIPHEX1_1-scaffold_5447_c1_2  0.446  30  0.574  30  0.919  17  0.798   0.679 Y  0.570      SignalP-noTM
5mSIPHEX1_1-scaffold_5497_c1_2  0.354  31  0.467  31  0.772  26  0.586   0.513 Y  0.450      SignalP-TM
5mSIPHEX1_1-scaffold_5600_c1_1  0.619  19  0.773  19  0.986  11  0.965   0.877 Y  0.450      SignalP-noTM
5mSIPHEX1_1-scaffold_586_c1_1  0.142  21  0.348  21  0.923  17  0.854   0.586 Y  0.570      SignalP-noTM
5mSIPHEX1_1-scaffold_586_c1_1  0.279  44  0.364  26  0.849  22  0.719   0.502 Y  0.450      SignalP-TM
5mSIPHEX1_1-scaffold_586_c1_1  0.559  20  0.724  20  0.966  13  0.942   0.842 Y  0.450      SignalP-noTM
5mSIPHEX1_1-scaffold_5888_c1_3  0.396  21  0.525  21  0.851  15  0.720   0.603 Y  0.500      SignalP-TM
5mSIPHEX1_1-scaffold_5904_c1_1  0.263  29  0.417  29  0.900   4  0.774   0.557 Y  0.450      SignalP-TM
5mSIPHEX1_1-scaffold_5904_c1_1  0.441  29  0.570  29  0.942  13  0.839   0.696 Y  0.570      SignalP-noTM
5mSIPHEX1_1-scaffold_6025_c1_2  0.489  20  0.514  20  0.683  17  0.536   0.523 Y  0.450      SignalP-TM
5mSIPHEX1_1-scaffold_6025_c1_2  0.764  20  0.795  20  0.876  14  0.828   0.810 Y  0.570      SignalP-noTM
5mSIPHEX1_1-scaffold_6025_c1_2  0.900  20  0.925  20  0.973  11  0.951   0.939 Y  0.450      SignalP-noTM
5mSIPHEX1_1-scaffold_6193_c1_3  0.339  23  0.484  23  0.819  10  0.663   0.554 Y  0.450      SignalP-TM
5mSIPHEX1_1-scaffold_6193_c1_3  0.403  22  0.539  22  0.896   2  0.767   0.630 Y  0.500      SignalP-TM
5mSIPHEX1_1-scaffold_6242_c1_3  0.141  23  0.315  23  0.854  17  0.725   0.475 Y  0.450      SignalP-TM
5mSIPHEX1_1-scaffold_6242_c1_3  0.194  21  0.389  21  0.901   1  0.791   0.578 Y  0.570      SignalP-noTM
5mSIPHEX1_1-scaffold_6242_c1_3  0.256  23  0.465  23  0.937   3  0.844   0.670 Y  0.450      SignalP-noTM
5mSIPHEX1_1-scaffold_6350_c1_3  0.241  26  0.370  26  0.802  24  0.537   0.460 Y  0.450      SignalP-noTM
5mSIPHEX1_1-scaffold_6416_c1_2  0.259  38  0.375  18  0.769  16  0.631   0.475 Y  0.450      SignalP-TM
5mSIPHEX1_1-scaffold_6416_c1_2  0.795  18  0.696  18  0.773  16  0.590   0.639 Y  0.450      SignalP-noTM
5mSIPHEX1_1-scaffold_6498_c1_2  0.615  36  0.405  21  0.812   8  0.734   0.534 Y  0.450      SignalP-TM
5mSIPHEX1_1-scaffold_6498_c1_2  0.641  21  0.634  21  0.813   4  0.621   0.627 Y  0.450      SignalP-noTM
5mSIPHEX1_1-scaffold_6498_c1_2  0.705  36  0.735  21  0.948  19  0.904   0.815 Y  0.570      SignalP-noTM
5mSIPHEX1_1-scaffold_6589_c1_2  0.245  24  0.450  24  0.957   6  0.828   0.654 Y  0.450      SignalP-noTM
5mSIPHEX1_1-scaffold_6589_c1_2  0.505  24  0.671  24  0.970   6  0.915   0.767 Y  0.450      SignalP-TM
5mSIPHEX1_1-scaffold_6589_c1_2  0.695  24  0.790  24  0.987  10  0.932   0.856 Y  0.570      SignalP-noTM
5mSIPHEX1_1-scaffold_6604_c1_1  0.710  23  0.804  23  0.979  11  0.910   0.861 Y  0.450      SignalP-noTM
5mSIPHEX1_1-scaffold_672_c1_16  0.187  28  0.388  26  0.889  21  0.808   0.552 Y  0.450      SignalP-TM
5mSIPHEX1_1-scaffold_672_c1_16  0.524  25  0.701  25  0.982  15  0.935   0.828 Y  0.450      SignalP-noTM
5mSIPHEX1_1-scaffold_672_c1_16  0.584  26  0.722  26  0.980  14  0.928   0.819 Y  0.570      SignalP-noTM
5mSIPHEX1_1-scaffold_680_c1_11  0.220  21  0.437  21  0.895   8  0.866   0.605 Y  0.450      SignalP-TM
5mSIPHEX1_1-scaffold_680_c1_11  0.584  21  0.709  21  0.902  14  0.862   0.792 Y  0.450      SignalP-noTM
5mSIPHEX1_1-scaffold_680_c1_11  0.849  21  0.893  21  0.967  11  0.931   0.911 Y  0.570      SignalP-noTM
5mSIPHEX1_1-scaffold_700_c1_9  0.675  36  0.567  36  0.774  32  0.468   0.529 Y  0.450      SignalP-TM
5mSIPHEX1_1-scaffold_700_c1_9  0.799  36  0.799  36  0.993  19  0.860   0.832 Y  0.450      SignalP-noTM
5mSIPHEX1_1-scaffold_706_c1_9  0.546  36  0.433  36  0.836   2  0.584   0.492 Y  0.450      SignalP-TM
5mSIPHEX1_1-scaffold_7086_c1_1  0.277  22  0.504  22  0.941  18  0.903   0.660 Y  0.450      SignalP-TM
5mSIPHEX1_1-scaffold_7086_c1_1  0.406  22  0.601  22  0.954  18  0.892   0.758 Y  0.450      SignalP-noTM
5mSIPHEX1_1-scaffold_7086_c1_1  0.553  22  0.737  22  0.989  19  0.968   0.846 Y  0.570      SignalP-noTM
5mSIPHEX1_1-scaffold_7151_c1_2  0.362  38  0.440  38  0.952  22  0.602   0.503 Y  0.450      SignalP-TM
5mSIPHEX1_1-scaffold_7151_c1_2  0.415  32  0.601  27  0.961  20  0.801   0.695 Y  0.570      SignalP-noTM
5mSIPHEX1_1-scaffold_7164_c1_1  0.408  25  0.478  25  0.715  18  0.527   0.497 Y  0.450      SignalP-TM
5mSIPHEX1_1-scaffold_7164_c1_1  0.446  19  0.549  19  0.733  10  0.673   0.595 Y  0.510      SignalP-TM
5mSIPHEX1_1-scaffold_7164_c1_1  0.530  19  0.603  19  0.766  16  0.680   0.644 Y  0.450      SignalP-noTM
5mSIPHEX1_1-scaffold_717_c1_1  0.176  21  0.361  21  0.828  12  0.687   0.489 Y  0.450      SignalP-TM
5mSIPHEX1_1-scaffold_717_c1_12  0.197  37  0.367  28  0.842  23  0.647   0.476 Y  0.450      SignalP-TM
5mSIPHEX1_1-scaffold_717_c1_12  0.260  25  0.446  25  0.922  12  0.772   0.622 Y  0.450      SignalP-noTM
5mSIPHEX1_1-scaffold_717_c1_12  0.383  25  0.514  25  0.813  19  0.697   0.600 Y  0.570      SignalP-noTM
5mSIPHEX1_1-scaffold_717_c1_7  0.621  27  0.745  27  0.953   7  0.890   0.823 Y  0.450      SignalP-noTM
5mSIPHEX1_1-scaffold_717_c1_7  0.695  27  0.779  27  0.971  15  0.894   0.833 Y  0.570      SignalP-noTM
5mSIPHEX1_1-scaffold_717_c1_7  0.715  27  0.763  27  0.880  10  0.796   0.776 Y  0.450      SignalP-TM
5mSIPHEX1_1-scaffold_7190_c1_2  0.390  19  0.475  19  0.738  15  0.568   0.511 Y  0.450      SignalP-TM
5mSIPHEX1_1-scaffold_7190_c1_2  0.748  19  0.785  19  0.908  12  0.818   0.801 Y  0.570      SignalP-noTM
5mSIPHEX1_1-scaffold_7190_c1_2  0.780  19  0.840  19  0.955   2  0.895   0.870 Y  0.450      SignalP-noTM
5mSIPHEX1_1-scaffold_7228_c1_1  0.228  22  0.408  22  0.890   5  0.772   0.550 Y  0.450      SignalP-TM
5mSIPHEX1_1-scaffold_7228_c1_1  0.377  22  0.467  22  0.876   2  0.656   0.542 Y  0.500      SignalP-TM
5mSIPHEX1_1-scaffold_7228_c1_1  0.575  22  0.724  22  0.970   9  0.925   0.818 Y  0.570      SignalP-noTM
5mSIPHEX1_1-scaffold_7230_c1_1  0.608  28  0.738  23  0.988  13  0.950   0.853 Y  0.450      SignalP-noTM
5mSIPHEX1_1-scaffold_726_c1_12  0.604  27  0.546  27  0.798  10  0.584   0.561 Y  0.450      SignalP-TM
5mSIPHEX1_1-scaffold_726_c1_12  0.733  27  0.786  27  0.935  24  0.804   0.794 Y  0.570      SignalP-noTM
5mSIPHEX1_1-scaffold_726_c1_5  0.258  19  0.455  19  0.880  18  0.813   0.648 Y  0.450      SignalP-noTM
5mSIPHEX1_1-scaffold_726_c1_5  0.546  23  0.639  23  0.883   7  0.784   0.695 Y  0.450      SignalP-TM
5mSIPHEX1_1-scaffold_726_c1_5  0.867  23  0.874  23  0.937  10  0.888   0.880 Y  0.570      SignalP-noTM
5mSIPHEX1_1-scaffold_7309_c1_2  0.176  29  0.338  29  0.921  11  0.739   0.494 Y  0.450      SignalP-TM
5mSIPHEX1_1-scaffold_7320_c1_1  0.476  17  0.510  17  0.742   2  0.570   0.534 Y  0.500      SignalP-TM
5mSIPHEX1_1-scaffold_7380_c1_2  0.305  26  0.414  26  0.791   3  0.585   0.506 Y  0.450      SignalP-noTM
5mSIPHEX1_1-scaffold_743_c2_2  0.398  31  0.434  31  0.832  17  0.617   0.505 Y  0.450      SignalP-TM
5mSIPHEX1_1-scaffold_743_c2_2  0.638  20  0.736  20  0.898   1  0.855   0.792 Y  0.570      SignalP-noTM
5mSIPHEX1_1-scaffold_743_c2_2  0.670  20  0.776  20  0.948  12  0.895   0.840 Y  0.450      SignalP-noTM
5mSIPHEX1_1-scaffold_743_c2_8  0.669  18  0.673  18  0.903  16  0.670   0.671 Y  0.570      SignalP-noTM
5mSIPHEX1_1-scaffold_743_c2_8  0.774  18  0.799  18  0.860   3  0.818   0.809 Y  0.450      SignalP-noTM
5mSIPHEX1_1-scaffold_7525_c1_2  0.247  22  0.447  22  0.882   4  0.815   0.590 Y  0.450      SignalP-TM
5mSIPHEX1_1-scaffold_7525_c1_2  0.283  22  0.471  22  0.892  15  0.777   0.636 Y  0.450      SignalP-noTM
5mSIPHEX1_1-scaffold_7525_c1_2  0.366  22  0.579  22  0.948  13  0.912   0.735 Y  0.570      SignalP-noTM
5mSIPHEX1_1-scaffold_7735_c1_2  0.556  19  0.667  19  0.887  15  0.806   0.732 Y  0.570      SignalP-noTM
5mSIPHEX1_1-scaffold_7735_c1_2  0.556  19  0.696  19  0.917  10  0.869   0.789 Y  0.450      SignalP-noTM
5mSIPHEX1_1-scaffold_7777_c1_1  0.387  19  0.585  19  0.954   9  0.896   0.731 Y  0.570      SignalP-noTM
5mSIPHEX1_1-scaffold_7777_c1_1  0.423  29  0.476  29  0.799   6  0.638   0.539 Y  0.450      SignalP-TM
5mSIPHEX1_1-scaffold_782_c1_1  0.555  24  0.708  24  0.943  20  0.896   0.782 Y  0.450      SignalP-TM
5mSIPHEX1_1-scaffold_782_c1_1  0.709  24  0.813  24  0.970  14  0.930   0.876 Y  0.450      SignalP-noTM
5mSIPHEX1_1-scaffold_782_c1_1  0.862  24  0.900  24  0.962  20  0.931   0.915 Y  0.570      SignalP-noTM
5mSIPHEX1_1-scaffold_782_c1_11  0.441  21  0.485  21  0.723   4  0.584   0.524 Y  0.450      SignalP-TM
5mSIPHEX1_1-scaffold_782_c1_11  0.739  21  0.818  21  0.955   3  0.901   0.863 Y  0.450      SignalP-noTM
5mSIPHEX1_1-scaffold_782_c1_11  0.788  21  0.824  21  0.936  11  0.865   0.843 Y  0.570      SignalP-noTM
5mSIPHEX1_1-scaffold_823_c1_5  0.368  22  0.563  22  0.931  20  0.864   0.725 Y  0.450      SignalP-noTM
5mSIPHEX1_1-scaffold_823_c1_5  0.397  25  0.568  25  0.886  12  0.828   0.670 Y  0.450      SignalP-TM
5mSIPHEX1_1-scaffold_823_c1_5  0.485  27  0.592  27  0.947  17  0.827   0.703 Y  0.570      SignalP-noTM
5mSIPHEX1_1-scaffold_839_c1_10  0.432  38  0.525  38  0.828  34  0.481   0.508 Y  0.450      SignalP-TM
5mSIPHEX1_1-scaffold_839_c1_10  0.657  38  0.656  38  0.824  34  0.427   0.571 Y  0.510      SignalP-TM
5mSIPHEX1_1-scaffold_847_c1_1  0.666  27  0.791  27  0.987  18  0.935   0.869 Y  0.450      SignalP-noTM
5mSIPHEX1_1-scaffold_847_c1_11  0.410  28  0.580  28  0.936  24  0.759   0.650 Y  0.450      SignalP-TM
5mSIPHEX1_1-scaffold_847_c1_11  0.437  28  0.587  28  0.906  25  0.627   0.602 Y  0.510      SignalP-TM
5mSIPHEX1_1-scaffold_847_c1_11  0.712  28  0.771  28  0.910  20  0.761   0.767 Y  0.500      SignalP-TM
5mSIPHEX1_1-scaffold_847_c1_6  0.336  24  0.500  24  0.863  23  0.691   0.575 Y  0.450      SignalP-TM
5mSIPHEX1_1-scaffold_886_c1_14  0.665  17  0.796  17  0.971   1  0.944   0.876 Y  0.450      SignalP-noTM
5mSIPHEX1_1-scaffold_886_c1_15  0.391  33  0.415  33  0.779   4  0.507   0.451 Y  0.450      SignalP-TM
5mSIPHEX1_1-scaffold_894_c1_1  0.209  21  0.359  21  0.799   4  0.666   0.479 Y  0.450      SignalP-TM
5mSIPHEX1_1-scaffold_894_c1_1  0.390  21  0.583  21  0.914   7  0.881   0.723 Y  0.570      SignalP-noTM
5mSIPHEX1_1-scaffold_894_c1_1  0.639  21  0.758  21  0.961   3  0.893   0.831 Y  0.450      SignalP-noTM
5mSIPHEX1_1-scaffold_894_c1_13  0.517  29  0.660  29  0.911  18  0.815   0.720 Y  0.450      SignalP-TM
5mSIPHEX1_1-scaffold_894_c1_13  0.803  29  0.826  29  0.919  25  0.793   0.811 Y  0.570      SignalP-noTM
5mSIPHEX1_1-scaffold_894_c1_14  0.380  20  0.564  20  0.899   5  0.831   0.708 Y  0.450      SignalP-noTM
5mSIPHEX1_1-scaffold_894_c1_3  0.363  20  0.555  20  0.905  11  0.840   0.689 Y  0.570      SignalP-noTM
5mSIPHEX1_1-scaffold_894_c1_3  0.400  22  0.593  22  0.955   5  0.878   0.747 Y  0.450      SignalP-noTM
5mSIPHEX1_1-scaffold_944_c1_9  0.234  29  0.355  21  0.769  13  0.668   0.524 Y  0.450      SignalP-noTM
5mSIPHEX1_1-scaffold_961_c1_11  0.379  29  0.500  29  0.913  11  0.770   0.605 Y  0.450      SignalP-TM
5mSIPHEX1_1-scaffold_961_c1_11  0.724  29  0.694  29  0.899  10  0.767   0.728 Y  0.570      SignalP-noTM
5mSIPHEX1_1-scaffold_961_c1_5  0.228  38  0.388  18  0.771  17  0.644   0.487 Y  0.450      SignalP-TM
5mSIPHEX1_1-scaffold_961_c1_5  0.325  18  0.525  18  0.947  17  0.799   0.653 Y  0.570      SignalP-noTM
5mSIPHEX1_1-scaffold_987_c1_4  0.476  20  0.549  20  0.763  16  0.626   0.579 Y  0.450      SignalP-TM
5mSIPHEX1_1-scaffold_987_c1_4  0.514  20  0.630  20  0.870  11  0.791   0.706 Y  0.570      SignalP-noTM
5mSIPHEX1_1-scaffold_987_c1_4  0.759  20  0.783  20  0.916   8  0.795   0.789 Y  0.450      SignalP-noTM
