5mSIPHEX2_7-scaffold_104_c1_10  0.187  28  0.381  28  0.850  17  0.725   0.515 Y  0.450      SignalP-TM
5mSIPHEX2_7-scaffold_104_c1_10  0.270  28  0.390  19  0.811  14  0.700   0.557 Y  0.450      SignalP-noTM
5mSIPHEX2_7-scaffold_104_c1_10  0.378  28  0.543  28  0.956  14  0.844   0.684 Y  0.570      SignalP-noTM
5mSIPHEX2_7-scaffold_104_c1_11  0.388  20  0.566  20  0.935  17  0.820   0.665 Y  0.450      SignalP-TM
5mSIPHEX2_7-scaffold_104_c1_11  0.504  20  0.652  20  0.902  10  0.833   0.737 Y  0.570      SignalP-noTM
5mSIPHEX2_7-scaffold_104_c1_11  0.589  20  0.730  20  0.976  11  0.894   0.818 Y  0.450      SignalP-noTM
5mSIPHEX2_7-scaffold_104_c1_24  0.256  18  0.430  18  0.841  12  0.735   0.552 Y  0.500      SignalP-TM
5mSIPHEX2_7-scaffold_104_c1_4  0.386  45  0.579  45  0.933  35  0.631   0.604 Y  0.570      SignalP-noTM
5mSIPHEX2_7-scaffold_104_c1_52  0.392  22  0.527  22  0.792  20  0.701   0.609 Y  0.570      SignalP-noTM
5mSIPHEX2_7-scaffold_104_c1_52  0.393  23  0.472  23  0.755   4  0.607   0.525 Y  0.450      SignalP-TM
5mSIPHEX2_7-scaffold_104_c1_52  0.607  22  0.687  22  0.888   3  0.773   0.733 Y  0.450      SignalP-noTM
5mSIPHEX2_7-scaffold_104_c1_6  0.172  19  0.333  19  0.843   3  0.694   0.474 Y  0.450      SignalP-TM
5mSIPHEX2_7-scaffold_104_c1_6  0.281  19  0.446  19  0.825   1  0.720   0.574 Y  0.570      SignalP-noTM
5mSIPHEX2_7-scaffold_104_c1_6  0.281  20  0.437  20  0.809  15  0.668   0.562 Y  0.450      SignalP-noTM
5mSIPHEX2_7-scaffold_104_c1_7  0.513  23  0.629  23  0.835  19  0.695   0.655 Y  0.450      SignalP-TM
5mSIPHEX2_7-scaffold_104_c1_7  0.713  36  0.506  23  0.892  20  0.717   0.605 Y  0.570      SignalP-noTM
5mSIPHEX2_7-scaffold_104_c1_81  0.468  29  0.626  29  0.950  16  0.836   0.739 Y  0.450      SignalP-noTM
5mSIPHEX2_7-scaffold_104_c1_81  0.651  29  0.628  29  0.715   9  0.592   0.614 Y  0.450      SignalP-TM
5mSIPHEX2_7-scaffold_104_c1_81  0.883  29  0.884  29  0.958  17  0.891   0.887 Y  0.570      SignalP-noTM
5mSIPHEX2_7-scaffold_104_c1_9  0.546  20  0.675  20  0.924  16  0.821   0.732 Y  0.450      SignalP-TM
5mSIPHEX2_7-scaffold_104_c1_9  0.634  20  0.749  20  0.932  16  0.876   0.808 Y  0.570      SignalP-noTM
5mSIPHEX2_7-scaffold_104_c1_9  0.673  20  0.753  20  0.913  12  0.847   0.804 Y  0.450      SignalP-noTM
5mSIPHEX2_7-scaffold_109_c1_26  0.276  26  0.394  26  0.891   2  0.674   0.503 Y  0.450      SignalP-TM
5mSIPHEX2_7-scaffold_109_c1_26  0.755  19  0.848  19  0.977  10  0.951   0.903 Y  0.450      SignalP-noTM
5mSIPHEX2_7-scaffold_109_c1_26  0.829  19  0.887  19  0.961  18  0.942   0.913 Y  0.570      SignalP-noTM
5mSIPHEX2_7-scaffold_109_c1_33  0.405  27  0.609  27  0.986  11  0.942   0.739 Y  0.450      SignalP-TM
5mSIPHEX2_7-scaffold_109_c1_33  0.465  28  0.595  28  0.990  12  0.877   0.728 Y  0.570      SignalP-noTM
5mSIPHEX2_7-scaffold_109_c1_33  0.747  20  0.846  20  0.982  12  0.960   0.908 Y  0.450      SignalP-noTM
5mSIPHEX2_7-scaffold_109_c1_43  0.280  54  0.320  20  0.932  16  0.871   0.535 Y  0.450      SignalP-TM
5mSIPHEX2_7-scaffold_109_c1_43  0.416  20  0.625  20  0.957  18  0.937   0.772 Y  0.570      SignalP-noTM
5mSIPHEX2_7-scaffold_109_c1_43  0.496  22  0.663  22  0.970  13  0.884   0.782 Y  0.450      SignalP-noTM
5mSIPHEX2_7-scaffold_109_c1_45  0.153  21  0.352  21  0.884   5  0.831   0.577 Y  0.570      SignalP-noTM
5mSIPHEX2_7-scaffold_109_c1_45  0.231  20  0.456  20  0.949   7  0.900   0.696 Y  0.450      SignalP-noTM
5mSIPHEX2_7-scaffold_109_c1_48  0.353  22  0.533  22  0.930   4  0.839   0.652 Y  0.450      SignalP-TM
5mSIPHEX2_7-scaffold_109_c1_48  0.662  22  0.776  22  0.966  11  0.921   0.844 Y  0.570      SignalP-noTM
5mSIPHEX2_7-scaffold_109_c1_48  0.751  22  0.793  22  0.935  16  0.837   0.817 Y  0.450      SignalP-noTM
5mSIPHEX2_7-scaffold_109_c1_51  0.370  27  0.544  27  0.931   9  0.849   0.663 Y  0.450      SignalP-TM
5mSIPHEX2_7-scaffold_109_c1_51  0.522  27  0.514  27  0.817   8  0.613   0.554 Y  0.500      SignalP-TM
5mSIPHEX2_7-scaffold_109_c1_51  0.580  27  0.703  27  0.982  14  0.890   0.791 Y  0.570      SignalP-noTM
5mSIPHEX2_7-scaffold_115_c1_16  0.245  22  0.433  22  0.941   3  0.825   0.586 Y  0.450      SignalP-TM
5mSIPHEX2_7-scaffold_115_c1_16  0.656  22  0.771  22  0.962  11  0.906   0.844 Y  0.450      SignalP-noTM
5mSIPHEX2_7-scaffold_115_c1_16  0.809  22  0.850  22  0.955   8  0.914   0.880 Y  0.570      SignalP-noTM
5mSIPHEX2_7-scaffold_115_c1_22  0.277  30  0.418  30  0.795  23  0.542   0.466 Y  0.450      SignalP-TM
5mSIPHEX2_7-scaffold_115_c1_22  0.353  27  0.585  27  0.992  15  0.967   0.791 Y  0.450      SignalP-noTM
5mSIPHEX2_7-scaffold_115_c1_47  0.557  18  0.725  18  0.957   2  0.941   0.842 Y  0.450      SignalP-noTM
5mSIPHEX2_7-scaffold_115_c1_47  0.778  18  0.750  18  0.808  15  0.722   0.737 Y  0.570      SignalP-noTM
5mSIPHEX2_7-scaffold_115_c1_51  0.157  31  0.317  31  0.962   9  0.804   0.507 Y  0.450      SignalP-TM
5mSIPHEX2_7-scaffold_115_c1_68  0.261  33  0.399  33  0.842  25  0.673   0.506 Y  0.450      SignalP-TM
5mSIPHEX2_7-scaffold_115_c1_68  0.601  28  0.732  28  0.962  12  0.908   0.814 Y  0.570      SignalP-noTM
5mSIPHEX2_7-scaffold_115_c1_68  0.764  28  0.845  28  0.981   9  0.937   0.894 Y  0.450      SignalP-noTM
5mSIPHEX2_7-scaffold_115_c1_7  0.360  27  0.517  27  0.919  10  0.813   0.632 Y  0.450      SignalP-TM
5mSIPHEX2_7-scaffold_115_c1_7  0.376  24  0.565  24  0.957   4  0.853   0.720 Y  0.450      SignalP-noTM
5mSIPHEX2_7-scaffold_115_c1_7  0.427  27  0.556  22  0.945  10  0.895   0.716 Y  0.570      SignalP-noTM
5mSIPHEX2_7-scaffold_115_c1_71  0.426  22  0.494  22  0.696  14  0.580   0.528 Y  0.500      SignalP-TM
5mSIPHEX2_7-scaffold_115_c1_8  0.181  21  0.400  21  0.960   4  0.882   0.660 Y  0.450      SignalP-noTM
5mSIPHEX2_7-scaffold_115_c1_8  0.188  50  0.346  20  0.893  18  0.816   0.529 Y  0.450      SignalP-TM
5mSIPHEX2_7-scaffold_115_c1_8  0.199  58  0.375  19  0.973  17  0.929   0.635 Y  0.570      SignalP-noTM
5mSIPHEX2_7-scaffold_1277_c1_1  0.183  22  0.373  22  0.911  16  0.800   0.574 Y  0.570      SignalP-noTM
5mSIPHEX2_7-scaffold_1277_c1_1  0.428  22  0.630  20  0.978   4  0.941   0.798 Y  0.450      SignalP-noTM
5mSIPHEX2_7-scaffold_1277_c1_3  0.429  42  0.481  42  0.741  38  0.438   0.464 Y  0.450      SignalP-TM
5mSIPHEX2_7-scaffold_1277_c1_9  0.385  25  0.451  25  0.767   3  0.612   0.514 Y  0.450      SignalP-TM
5mSIPHEX2_7-scaffold_1277_c1_9  0.628  25  0.635  25  0.860  18  0.672   0.650 Y  0.500      SignalP-TM
5mSIPHEX2_7-scaffold_131_c1_10  0.153  29  0.327  26  0.876   7  0.714   0.536 Y  0.450      SignalP-noTM
5mSIPHEX2_7-scaffold_131_c1_10  0.177  19  0.409  19  0.979  16  0.912   0.606 Y  0.450      SignalP-TM
5mSIPHEX2_7-scaffold_131_c1_10  0.292  28  0.512  28  0.981  15  0.913   0.700 Y  0.570      SignalP-noTM
5mSIPHEX2_7-scaffold_131_c1_11  0.254  28  0.379  20  0.805   7  0.682   0.543 Y  0.450      SignalP-noTM
5mSIPHEX2_7-scaffold_131_c1_11  0.472  28  0.487  28  0.956  10  0.738   0.605 Y  0.570      SignalP-noTM
5mSIPHEX2_7-scaffold_131_c1_11  0.543  28  0.568  28  0.922   7  0.751   0.639 Y  0.450      SignalP-TM
5mSIPHEX2_7-scaffold_131_c1_15  0.484  21  0.611  21  0.875  19  0.796   0.683 Y  0.450      SignalP-TM
5mSIPHEX2_7-scaffold_131_c1_15  0.695  16  0.788  16  0.920   4  0.896   0.846 Y  0.450      SignalP-noTM
5mSIPHEX2_7-scaffold_131_c1_15  0.703  21  0.781  21  0.920  19  0.869   0.822 Y  0.570      SignalP-noTM
5mSIPHEX2_7-scaffold_131_c1_28  0.418  25  0.496  25  0.828   2  0.651   0.558 Y  0.500      SignalP-TM
5mSIPHEX2_7-scaffold_131_c1_3  0.578  24  0.531  24  0.675   1  0.515   0.525 Y  0.500      SignalP-TM
5mSIPHEX2_7-scaffold_131_c1_31  0.460  51  0.500  51  0.719  42  0.397   0.460 Y  0.450      SignalP-TM
5mSIPHEX2_7-scaffold_131_c1_33  0.399  22  0.523  22  0.807  18  0.706   0.594 Y  0.450      SignalP-TM
5mSIPHEX2_7-scaffold_131_c1_33  0.590  22  0.724  22  0.934  15  0.886   0.789 Y  0.500      SignalP-TM
5mSIPHEX2_7-scaffold_131_c1_33  0.808  22  0.778  22  0.814   6  0.746   0.766 Y  0.510      SignalP-TM
5mSIPHEX2_7-scaffold_131_c1_37  0.455  17  0.601  17  0.853  10  0.785   0.688 Y  0.570      SignalP-noTM
5mSIPHEX2_7-scaffold_131_c1_37  0.797  17  0.830  17  0.889  13  0.857   0.845 Y  0.450      SignalP-noTM
5mSIPHEX2_7-scaffold_131_c1_4  0.168  31  0.303  21  0.858   1  0.742   0.474 Y  0.450      SignalP-TM
5mSIPHEX2_7-scaffold_131_c1_4  0.269  21  0.475  21  0.910  15  0.832   0.668 Y  0.450      SignalP-noTM
5mSIPHEX2_7-scaffold_131_c1_43  0.297  23  0.482  23  0.930   3  0.781   0.644 Y  0.450      SignalP-noTM
5mSIPHEX2_7-scaffold_131_c1_43  0.315  23  0.484  23  0.920   6  0.812   0.638 Y  0.570      SignalP-noTM
5mSIPHEX2_7-scaffold_131_c1_43  0.340  24  0.457  24  0.848   8  0.706   0.554 Y  0.450      SignalP-TM
5mSIPHEX2_7-scaffold_131_c1_44  0.368  24  0.578  24  0.964  14  0.922   0.740 Y  0.570      SignalP-noTM
5mSIPHEX2_7-scaffold_131_c1_44  0.397  64  0.561  24  0.920  16  0.822   0.663 Y  0.450      SignalP-TM
5mSIPHEX2_7-scaffold_131_c1_44  0.506  21  0.689  21  0.972  15  0.940   0.824 Y  0.450      SignalP-noTM
5mSIPHEX2_7-scaffold_131_c1_5  0.168  20  0.347  20  0.795  14  0.697   0.484 Y  0.450      SignalP-TM
5mSIPHEX2_7-scaffold_131_c1_5  0.283  20  0.498  20  0.907  16  0.875   0.675 Y  0.570      SignalP-noTM
5mSIPHEX2_7-scaffold_131_c1_5  0.293  28  0.491  28  0.976  16  0.838   0.678 Y  0.450      SignalP-noTM
5mSIPHEX2_7-scaffold_131_c1_53  0.349  25  0.484  25  0.813   9  0.691   0.565 Y  0.450      SignalP-TM
5mSIPHEX2_7-scaffold_131_c1_53  0.420  25  0.542  25  0.897  16  0.776   0.652 Y  0.570      SignalP-noTM
5mSIPHEX2_7-scaffold_131_c1_72  0.155  28  0.313  21  0.858  17  0.775   0.494 Y  0.450      SignalP-TM
5mSIPHEX2_7-scaffold_131_c1_72  0.309  20  0.505  20  0.906   2  0.849   0.667 Y  0.570      SignalP-noTM
5mSIPHEX2_7-scaffold_131_c1_72  0.791  21  0.858  21  0.961  12  0.930   0.897 Y  0.450      SignalP-noTM
5mSIPHEX2_7-scaffold_131_c1_8  0.467  58  0.377  37  0.807   5  0.668   0.490 Y  0.450      SignalP-TM
5mSIPHEX2_7-scaffold_133_c1_13  0.204  21  0.375  21  0.875   4  0.735   0.515 Y  0.450      SignalP-TM
5mSIPHEX2_7-scaffold_133_c1_13  0.219  21  0.421  21  0.910  17  0.829   0.613 Y  0.570      SignalP-noTM
5mSIPHEX2_7-scaffold_133_c1_13  0.315  21  0.520  21  0.957   2  0.852   0.699 Y  0.450      SignalP-noTM
5mSIPHEX2_7-scaffold_133_c1_30  0.287  21  0.444  21  0.905  11  0.756   0.591 Y  0.570      SignalP-noTM
5mSIPHEX2_7-scaffold_133_c1_30  0.448  21  0.476  21  0.728   4  0.559   0.508 Y  0.450      SignalP-TM
5mSIPHEX2_7-scaffold_133_c1_30  0.782  19  0.860  19  0.980  10  0.941   0.903 Y  0.450      SignalP-noTM
5mSIPHEX2_7-scaffold_133_c1_32  0.378  21  0.489  21  0.818   4  0.689   0.567 Y  0.450      SignalP-TM
5mSIPHEX2_7-scaffold_133_c1_32  0.620  21  0.680  21  0.904  19  0.761   0.718 Y  0.570      SignalP-noTM
5mSIPHEX2_7-scaffold_133_c1_32  0.863  21  0.880  21  0.955  13  0.896   0.889 Y  0.450      SignalP-noTM
5mSIPHEX2_7-scaffold_133_c1_43  0.311  24  0.471  24  0.826   6  0.733   0.574 Y  0.450      SignalP-TM
5mSIPHEX2_7-scaffold_133_c1_43  0.520  24  0.644  24  0.915   6  0.836   0.734 Y  0.570      SignalP-noTM
5mSIPHEX2_7-scaffold_133_c1_43  0.530  24  0.636  24  0.907   4  0.765   0.706 Y  0.450      SignalP-noTM
5mSIPHEX2_7-scaffold_133_c1_8  0.253  22  0.385  22  0.833  18  0.558   0.452 Y  0.450      SignalP-TM
5mSIPHEX2_7-scaffold_133_c1_8  0.606  22  0.634  22  0.845  10  0.701   0.666 Y  0.570      SignalP-noTM
5mSIPHEX2_7-scaffold_133_c1_8  0.641  22  0.738  22  0.936  10  0.848   0.797 Y  0.450      SignalP-noTM
5mSIPHEX2_7-scaffold_136_c1_11  0.518  24  0.624  24  0.899   1  0.807   0.696 Y  0.450      SignalP-TM
5mSIPHEX2_7-scaffold_136_c1_11  0.558  24  0.611  24  0.943  11  0.779   0.690 Y  0.570      SignalP-noTM
5mSIPHEX2_7-scaffold_136_c1_11  0.847  24  0.798  24  0.965  10  0.762   0.779 Y  0.450      SignalP-noTM
5mSIPHEX2_7-scaffold_136_c1_12  0.271  18  0.510  18  0.971  16  0.958   0.721 Y  0.570      SignalP-noTM
5mSIPHEX2_7-scaffold_136_c1_12  0.335  30  0.457  30  0.932  16  0.757   0.574 Y  0.450      SignalP-TM
5mSIPHEX2_7-scaffold_136_c1_12  0.461  20  0.667  20  0.990  15  0.967   0.829 Y  0.450      SignalP-noTM
5mSIPHEX2_7-scaffold_136_c1_14  0.209  34  0.406  34  0.936  13  0.801   0.619 Y  0.450      SignalP-noTM
5mSIPHEX2_7-scaffold_136_c1_23  0.582  21  0.684  21  0.907   2  0.797   0.745 Y  0.450      SignalP-noTM
5mSIPHEX2_7-scaffold_136_c1_23  0.723  21  0.730  21  0.924   1  0.788   0.752 Y  0.450      SignalP-TM
5mSIPHEX2_7-scaffold_136_c1_23  0.749  21  0.800  21  0.933  13  0.871   0.833 Y  0.570      SignalP-noTM
5mSIPHEX2_7-scaffold_136_c1_3  0.196  35  0.328  35  0.903  10  0.725   0.483 Y  0.450      SignalP-TM
5mSIPHEX2_7-scaffold_136_c1_3  0.346  27  0.530  27  0.951  14  0.825   0.689 Y  0.450      SignalP-noTM
5mSIPHEX2_7-scaffold_136_c1_3  0.545  23  0.705  23  0.965  19  0.917   0.805 Y  0.570      SignalP-noTM
5mSIPHEX2_7-scaffold_136_c1_36  0.214  43  0.354  23  0.945   5  0.850   0.547 Y  0.450      SignalP-TM
5mSIPHEX2_7-scaffold_136_c1_36  0.382  21  0.604  21  0.976  12  0.945   0.764 Y  0.570      SignalP-noTM
5mSIPHEX2_7-scaffold_136_c1_36  0.770  23  0.815  23  0.956  13  0.862   0.841 Y  0.450      SignalP-noTM
5mSIPHEX2_7-scaffold_136_c1_37  0.182  35  0.366  22  0.905  10  0.810   0.539 Y  0.450      SignalP-TM
5mSIPHEX2_7-scaffold_136_c1_37  0.195  22  0.396  22  0.955  15  0.841   0.605 Y  0.570      SignalP-noTM
5mSIPHEX2_7-scaffold_136_c1_37  0.528  21  0.701  21  0.965   3  0.927   0.823 Y  0.450      SignalP-noTM
5mSIPHEX2_7-scaffold_136_c1_46  0.297  25  0.478  25  0.905  17  0.799   0.607 Y  0.500      SignalP-TM
5mSIPHEX2_7-scaffold_136_c1_6  0.325  27  0.457  27  0.911   6  0.676   0.575 Y  0.450      SignalP-noTM
5mSIPHEX2_7-scaffold_136_c1_62  0.595  31  0.628  31  0.892   8  0.777   0.686 Y  0.450      SignalP-TM
5mSIPHEX2_7-scaffold_136_c1_62  0.597  31  0.707  29  0.992  13  0.957   0.824 Y  0.570      SignalP-noTM
5mSIPHEX2_7-scaffold_136_c1_62  0.602  31  0.743  31  0.985  18  0.920   0.838 Y  0.450      SignalP-noTM
5mSIPHEX2_7-scaffold_139_c1_32  0.301  36  0.529  20  0.984  16  0.966   0.699 Y  0.450      SignalP-TM
5mSIPHEX2_7-scaffold_139_c1_32  0.516  20  0.692  20  0.963  11  0.929   0.820 Y  0.450      SignalP-noTM
5mSIPHEX2_7-scaffold_139_c1_32  0.541  21  0.719  21  0.987   9  0.957   0.831 Y  0.570      SignalP-noTM
5mSIPHEX2_7-scaffold_139_c1_43  0.142  29  0.331  29  0.930  16  0.790   0.579 Y  0.450      SignalP-noTM
5mSIPHEX2_7-scaffold_139_c1_56  0.171  68  0.313  26  0.866  10  0.742   0.481 Y  0.450      SignalP-TM
5mSIPHEX2_7-scaffold_139_c1_56  0.291  26  0.483  26  0.899   8  0.828   0.645 Y  0.570      SignalP-noTM
5mSIPHEX2_7-scaffold_139_c1_56  0.303  27  0.464  27  0.880   6  0.724   0.605 Y  0.450      SignalP-noTM
5mSIPHEX2_7-scaffold_139_c1_6  0.405  19  0.546  19  0.874  13  0.758   0.645 Y  0.570      SignalP-noTM
5mSIPHEX2_7-scaffold_139_c1_6  0.411  19  0.581  19  0.932  15  0.821   0.710 Y  0.450      SignalP-noTM
5mSIPHEX2_7-scaffold_139_c1_7  0.460  24  0.559  24  0.858  12  0.678   0.623 Y  0.450      SignalP-noTM
5mSIPHEX2_7-scaffold_139_c1_7  0.475  22  0.583  22  0.818  15  0.705   0.631 Y  0.450      SignalP-TM
5mSIPHEX2_7-scaffold_139_c1_7  0.858  22  0.878  22  0.953  10  0.908   0.892 Y  0.570      SignalP-noTM
5mSIPHEX2_7-scaffold_148_c1_13  0.256  20  0.475  20  0.914  17  0.881   0.634 Y  0.450      SignalP-TM
5mSIPHEX2_7-scaffold_148_c1_13  0.544  20  0.674  20  0.889  17  0.828   0.731 Y  0.510      SignalP-TM
5mSIPHEX2_7-scaffold_148_c1_13  0.839  20  0.889  20  0.966  12  0.946   0.920 Y  0.450      SignalP-noTM
5mSIPHEX2_7-scaffold_148_c1_16  0.576  31  0.545  31  0.750  26  0.481   0.519 Y  0.500      SignalP-TM
5mSIPHEX2_7-scaffold_148_c1_32  0.218  12  0.417  12  0.913   8  0.795   0.595 Y  0.570      SignalP-noTM
5mSIPHEX2_7-scaffold_148_c1_4  0.444  39  0.516  39  0.746  36  0.467   0.497 Y  0.450      SignalP-TM
5mSIPHEX2_7-scaffold_148_c1_44  0.517  23  0.615  23  0.893   5  0.732   0.678 Y  0.450      SignalP-noTM
5mSIPHEX2_7-scaffold_148_c1_44  0.592  23  0.703  23  0.924  13  0.860   0.764 Y  0.450      SignalP-TM
5mSIPHEX2_7-scaffold_148_c1_44  0.756  23  0.840  23  0.964  15  0.937   0.886 Y  0.570      SignalP-noTM
5mSIPHEX2_7-scaffold_148_c1_49  0.617  29  0.550  22  0.644  15  0.561   0.554 Y  0.450      SignalP-TM
5mSIPHEX2_7-scaffold_148_c1_49  0.632  22  0.684  22  0.864   1  0.744   0.712 Y  0.570      SignalP-noTM
5mSIPHEX2_7-scaffold_148_c1_49  0.761  22  0.820  22  0.949   3  0.883   0.854 Y  0.450      SignalP-noTM
5mSIPHEX2_7-scaffold_148_c1_5  0.215  22  0.378  22  0.864   3  0.719   0.511 Y  0.450      SignalP-TM
5mSIPHEX2_7-scaffold_148_c1_5  0.473  22  0.608  22  0.883   8  0.812   0.704 Y  0.570      SignalP-noTM
5mSIPHEX2_7-scaffold_148_c1_5  0.666  22  0.761  22  0.950   2  0.864   0.817 Y  0.450      SignalP-noTM
5mSIPHEX2_7-scaffold_148_c1_53  0.459  18  0.553  18  0.781  15  0.637   0.586 Y  0.450      SignalP-TM
5mSIPHEX2_7-scaffold_148_c1_53  0.590  18  0.665  18  0.888  15  0.743   0.702 Y  0.570      SignalP-noTM
5mSIPHEX2_7-scaffold_148_c1_53  0.861  18  0.840  18  0.905  16  0.816   0.827 Y  0.450      SignalP-noTM
5mSIPHEX2_7-scaffold_156_c1_12  0.232  19  0.465  19  0.962  12  0.934   0.719 Y  0.450      SignalP-noTM
5mSIPHEX2_7-scaffold_156_c1_12  0.347  26  0.540  26  0.914  10  0.854   0.663 Y  0.450      SignalP-TM
5mSIPHEX2_7-scaffold_156_c1_12  0.481  23  0.655  23  0.958  12  0.906   0.773 Y  0.570      SignalP-noTM
5mSIPHEX2_7-scaffold_156_c1_13  0.610  29  0.694  29  0.905   9  0.827   0.746 Y  0.450      SignalP-TM
5mSIPHEX2_7-scaffold_156_c1_13  0.624  29  0.692  29  0.929   6  0.779   0.739 Y  0.450      SignalP-noTM
5mSIPHEX2_7-scaffold_156_c1_13  0.640  26  0.734  26  0.964  11  0.882   0.803 Y  0.570      SignalP-noTM
5mSIPHEX2_7-scaffold_156_c1_21  0.398  25  0.475  25  0.712   7  0.593   0.521 Y  0.450      SignalP-TM
5mSIPHEX2_7-scaffold_156_c1_21  0.831  25  0.561  25  0.749   5  0.474   0.526 Y  0.500      SignalP-TM
5mSIPHEX2_7-scaffold_156_c1_24  0.285  22  0.488  22  0.931  19  0.831   0.621 Y  0.450      SignalP-TM
5mSIPHEX2_7-scaffold_156_c1_24  0.474  22  0.634  22  0.921   3  0.848   0.750 Y  0.450      SignalP-noTM
5mSIPHEX2_7-scaffold_156_c1_24  0.509  22  0.657  22  0.932  18  0.857   0.751 Y  0.570      SignalP-noTM
5mSIPHEX2_7-scaffold_156_c1_25  0.533  25  0.684  25  0.957  13  0.878   0.789 Y  0.450      SignalP-noTM
5mSIPHEX2_7-scaffold_156_c1_25  0.688  25  0.766  25  0.925  16  0.830   0.791 Y  0.450      SignalP-TM
5mSIPHEX2_7-scaffold_156_c1_25  0.855  25  0.860  25  0.970  13  0.906   0.882 Y  0.570      SignalP-noTM
5mSIPHEX2_7-scaffold_156_c1_28  0.477  25  0.497  25  0.771   2  0.590   0.534 Y  0.500      SignalP-TM
5mSIPHEX2_7-scaffold_156_c1_37  0.286  31  0.424  31  0.822  26  0.567   0.479 Y  0.450      SignalP-TM
5mSIPHEX2_7-scaffold_156_c1_54  0.652  23  0.776  23  0.981  12  0.922   0.855 Y  0.450      SignalP-noTM
5mSIPHEX2_7-scaffold_16_c1_104  0.384  27  0.470  27  0.807   8  0.659   0.544 Y  0.450      SignalP-TM
5mSIPHEX2_7-scaffold_16_c1_104  0.564  27  0.560  27  0.831  11  0.686   0.619 Y  0.570      SignalP-noTM
5mSIPHEX2_7-scaffold_16_c1_105  0.571  21  0.616  21  0.796   9  0.665   0.643 Y  0.450      SignalP-noTM
5mSIPHEX2_7-scaffold_16_c1_107  0.399  23  0.562  23  0.884   5  0.818   0.662 Y  0.450      SignalP-TM
5mSIPHEX2_7-scaffold_16_c1_107  0.570  23  0.656  23  0.874   3  0.754   0.709 Y  0.450      SignalP-noTM
5mSIPHEX2_7-scaffold_16_c1_107  0.683  23  0.778  23  0.963  11  0.911   0.840 Y  0.570      SignalP-noTM
5mSIPHEX2_7-scaffold_16_c1_108  0.650  35  0.661  35  0.863  25  0.647   0.655 Y  0.450      SignalP-TM
5mSIPHEX2_7-scaffold_16_c1_108  0.797  35  0.695  35  0.907  25  0.594   0.648 Y  0.570      SignalP-noTM
5mSIPHEX2_7-scaffold_16_c1_130  0.167  23  0.323  23  0.789   2  0.624   0.485 Y  0.450      SignalP-noTM
5mSIPHEX2_7-scaffold_16_c1_132  0.431  20  0.609  20  0.912  18  0.858   0.726 Y  0.570      SignalP-noTM
5mSIPHEX2_7-scaffold_16_c1_132  0.434  26  0.565  26  0.835  21  0.670   0.606 Y  0.450      SignalP-TM
5mSIPHEX2_7-scaffold_16_c1_132  0.610  20  0.644  20  0.759   8  0.674   0.656 Y  0.500      SignalP-TM
5mSIPHEX2_7-scaffold_16_c1_133  0.173  36  0.357  20  0.912  18  0.867   0.556 Y  0.450      SignalP-TM
5mSIPHEX2_7-scaffold_16_c1_133  0.199  25  0.377  25  0.952   1  0.797   0.574 Y  0.570      SignalP-noTM
5mSIPHEX2_7-scaffold_16_c1_133  0.352  22  0.565  22  0.955  13  0.907   0.750 Y  0.450      SignalP-noTM
5mSIPHEX2_7-scaffold_16_c1_160  0.509  28  0.508  28  0.806  21  0.611   0.546 Y  0.510      SignalP-TM
5mSIPHEX2_7-scaffold_16_c1_162  0.261  26  0.389  26  0.926   9  0.610   0.509 Y  0.450      SignalP-noTM
5mSIPHEX2_7-scaffold_16_c1_162  0.416  26  0.525  26  0.768  20  0.649   0.574 Y  0.450      SignalP-TM
5mSIPHEX2_7-scaffold_16_c1_172  0.301  23  0.473  23  0.877   5  0.782   0.593 Y  0.450      SignalP-TM
5mSIPHEX2_7-scaffold_16_c1_172  0.687  23  0.749  23  0.925   3  0.815   0.785 Y  0.450      SignalP-noTM
5mSIPHEX2_7-scaffold_16_c1_172  0.723  23  0.788  23  0.958  10  0.895   0.838 Y  0.570      SignalP-noTM
5mSIPHEX2_7-scaffold_16_c1_180  0.486  22  0.602  22  0.840   1  0.760   0.664 Y  0.450      SignalP-TM
5mSIPHEX2_7-scaffold_16_c1_180  0.680  22  0.773  22  0.946  12  0.878   0.830 Y  0.450      SignalP-noTM
5mSIPHEX2_7-scaffold_16_c1_180  0.720  22  0.795  22  0.940   9  0.896   0.842 Y  0.570      SignalP-noTM
5mSIPHEX2_7-scaffold_16_c1_181  0.257  24  0.394  24  0.820   7  0.659   0.497 Y  0.450      SignalP-TM
5mSIPHEX2_7-scaffold_16_c1_181  0.443  23  0.635  23  0.940  10  0.915   0.767 Y  0.570      SignalP-noTM
5mSIPHEX2_7-scaffold_16_c1_181  0.742  24  0.802  24  0.919   8  0.865   0.836 Y  0.450      SignalP-noTM
5mSIPHEX2_7-scaffold_16_c1_188  0.857  30  0.734  30  0.803  13  0.603   0.682 Y  0.500      SignalP-TM
5mSIPHEX2_7-scaffold_16_c1_196  0.438  18  0.590  18  0.868   2  0.771   0.688 Y  0.450      SignalP-noTM
5mSIPHEX2_7-scaffold_16_c1_203  0.398  23  0.533  23  0.893   1  0.779   0.649 Y  0.570      SignalP-noTM
5mSIPHEX2_7-scaffold_16_c1_203  0.482  23  0.563  23  0.792  10  0.658   0.615 Y  0.450      SignalP-noTM
5mSIPHEX2_7-scaffold_16_c1_203  0.521  23  0.590  23  0.788  20  0.682   0.626 Y  0.450      SignalP-TM
5mSIPHEX2_7-scaffold_16_c1_232  0.215  28  0.385  17  0.887  13  0.824   0.622 Y  0.450      SignalP-noTM
5mSIPHEX2_7-scaffold_16_c1_232  0.643  28  0.642  28  0.966   8  0.808   0.720 Y  0.570      SignalP-noTM
5mSIPHEX2_7-scaffold_16_c1_232  0.817  28  0.810  28  0.962  10  0.869   0.833 Y  0.450      SignalP-TM
5mSIPHEX2_7-scaffold_16_c1_238  0.322  33  0.394  22  0.885   4  0.828   0.564 Y  0.450      SignalP-TM
5mSIPHEX2_7-scaffold_16_c1_238  0.451  22  0.614  22  0.893  15  0.834   0.733 Y  0.450      SignalP-noTM
5mSIPHEX2_7-scaffold_16_c1_238  0.800  22  0.872  22  0.982  19  0.946   0.907 Y  0.570      SignalP-noTM
5mSIPHEX2_7-scaffold_16_c1_240  0.178  27  0.335  27  0.827  18  0.652   0.459 Y  0.450      SignalP-TM
5mSIPHEX2_7-scaffold_16_c1_240  0.634  20  0.750  20  0.921  12  0.886   0.823 Y  0.450      SignalP-noTM
5mSIPHEX2_7-scaffold_16_c1_241  0.364  28  0.490  28  0.750  25  0.597   0.532 Y  0.450      SignalP-TM
5mSIPHEX2_7-scaffold_16_c1_241  0.475  28  0.594  28  0.906  19  0.792   0.687 Y  0.570      SignalP-noTM
5mSIPHEX2_7-scaffold_16_c1_241  0.548  28  0.667  28  0.904   8  0.803   0.741 Y  0.450      SignalP-noTM
5mSIPHEX2_7-scaffold_16_c1_243  0.452  20  0.479  20  0.767   1  0.561   0.511 Y  0.450      SignalP-TM
5mSIPHEX2_7-scaffold_16_c1_243  0.550  20  0.669  20  0.890   4  0.802   0.741 Y  0.450      SignalP-noTM
5mSIPHEX2_7-scaffold_16_c1_243  0.792  20  0.741  20  0.878   4  0.739   0.740 Y  0.570      SignalP-noTM
5mSIPHEX2_7-scaffold_16_c1_244  0.425  22  0.603  22  0.917   6  0.866   0.706 Y  0.450      SignalP-TM
5mSIPHEX2_7-scaffold_16_c1_244  0.477  41  0.636  21  0.981  18  0.951   0.784 Y  0.570      SignalP-noTM
5mSIPHEX2_7-scaffold_16_c1_244  0.578  22  0.719  22  0.952   4  0.896   0.815 Y  0.450      SignalP-noTM
5mSIPHEX2_7-scaffold_16_c1_250  0.436  24  0.638  24  0.957  11  0.924   0.750 Y  0.450      SignalP-TM
5mSIPHEX2_7-scaffold_16_c1_250  0.652  24  0.784  24  0.982  14  0.940   0.857 Y  0.570      SignalP-noTM
5mSIPHEX2_7-scaffold_16_c1_250  0.767  24  0.843  24  0.978  15  0.925   0.887 Y  0.450      SignalP-noTM
5mSIPHEX2_7-scaffold_16_c1_254  0.236  30  0.359  30  0.772   8  0.610   0.457 Y  0.450      SignalP-TM
5mSIPHEX2_7-scaffold_16_c1_267  0.236  17  0.459  17  0.948   2  0.875   0.684 Y  0.450      SignalP-noTM
5mSIPHEX2_7-scaffold_16_c1_273  0.398  20  0.603  20  0.960  10  0.909   0.768 Y  0.450      SignalP-noTM
5mSIPHEX2_7-scaffold_16_c1_28  0.200  27  0.344  27  0.832   1  0.695   0.481 Y  0.450      SignalP-TM
5mSIPHEX2_7-scaffold_16_c1_28  0.370  21  0.567  21  0.932   3  0.866   0.729 Y  0.450      SignalP-noTM
5mSIPHEX2_7-scaffold_16_c1_291  0.416  21  0.565  21  0.868   8  0.779   0.648 Y  0.450      SignalP-TM
5mSIPHEX2_7-scaffold_16_c1_291  0.788  21  0.825  21  0.937  15  0.859   0.843 Y  0.450      SignalP-noTM
5mSIPHEX2_7-scaffold_16_c1_291  0.840  21  0.876  21  0.959  12  0.914   0.894 Y  0.570      SignalP-noTM
5mSIPHEX2_7-scaffold_16_c1_34  0.822  26  0.627  26  0.822   9  0.600   0.616 Y  0.500      SignalP-TM
5mSIPHEX2_7-scaffold_16_c1_36  0.145  45  0.267  12  0.834   5  0.747   0.454 Y  0.450      SignalP-TM
5mSIPHEX2_7-scaffold_16_c1_39  0.328  29  0.428  29  0.728  12  0.579   0.487 Y  0.450      SignalP-TM
5mSIPHEX2_7-scaffold_16_c1_39  0.427  30  0.628  30  0.980  20  0.912   0.781 Y  0.450      SignalP-noTM
5mSIPHEX2_7-scaffold_16_c1_39  0.691  29  0.795  29  0.962  22  0.895   0.842 Y  0.570      SignalP-noTM
5mSIPHEX2_7-scaffold_16_c1_48  0.351  35  0.398  35  0.824   6  0.627   0.487 Y  0.450      SignalP-TM
5mSIPHEX2_7-scaffold_16_c1_55  0.333  19  0.512  19  0.884   1  0.806   0.627 Y  0.450      SignalP-TM
5mSIPHEX2_7-scaffold_16_c1_55  0.864  19  0.904  19  0.961  13  0.938   0.920 Y  0.570      SignalP-noTM
5mSIPHEX2_7-scaffold_16_c1_55  0.876  19  0.921  19  0.988   4  0.966   0.945 Y  0.450      SignalP-noTM
5mSIPHEX2_7-scaffold_16_c1_59  0.152  28  0.314  22  0.840  11  0.698   0.464 Y  0.450      SignalP-TM
5mSIPHEX2_7-scaffold_16_c1_84  0.231  59  0.377  36  0.782  17  0.639   0.480 Y  0.450      SignalP-TM
5mSIPHEX2_7-scaffold_16_c1_97  0.285  20  0.431  20  0.767   2  0.669   0.524 Y  0.450      SignalP-TM
5mSIPHEX2_7-scaffold_16_c1_97  0.508  20  0.653  20  0.902  11  0.845   0.743 Y  0.570      SignalP-noTM
5mSIPHEX2_7-scaffold_16_c1_97  0.702  20  0.791  20  0.935   3  0.889   0.844 Y  0.450      SignalP-noTM
5mSIPHEX2_7-scaffold_188_c1_13  0.479  24  0.655  24  0.957  11  0.911   0.776 Y  0.570      SignalP-noTM
5mSIPHEX2_7-scaffold_188_c1_13  0.533  27  0.553  27  0.764   6  0.570   0.562 Y  0.450      SignalP-noTM
5mSIPHEX2_7-scaffold_188_c1_13  0.535  37  0.447  24  0.890   7  0.808   0.588 Y  0.450      SignalP-TM
5mSIPHEX2_7-scaffold_188_c1_30  0.605  25  0.585  25  0.785   2  0.581   0.583 Y  0.450      SignalP-noTM
5mSIPHEX2_7-scaffold_188_c1_8  0.414  23  0.537  23  0.919   5  0.769   0.628 Y  0.450      SignalP-TM
5mSIPHEX2_7-scaffold_188_c1_8  0.494  23  0.616  23  0.920   4  0.769   0.699 Y  0.450      SignalP-noTM
5mSIPHEX2_7-scaffold_188_c1_8  0.634  23  0.738  23  0.951  10  0.883   0.806 Y  0.570      SignalP-noTM
5mSIPHEX2_7-scaffold_190_c1_10  0.346  35  0.478  35  0.872  21  0.738   0.579 Y  0.450      SignalP-TM
5mSIPHEX2_7-scaffold_190_c1_11  0.147  30  0.296  20  0.863   5  0.720   0.461 Y  0.450      SignalP-TM
5mSIPHEX2_7-scaffold_190_c1_11  0.370  20  0.478  20  0.804  12  0.646   0.545 Y  0.500      SignalP-TM
5mSIPHEX2_7-scaffold_190_c1_11  0.533  20  0.660  20  0.894   3  0.842   0.727 Y  0.510      SignalP-TM
5mSIPHEX2_7-scaffold_190_c1_27  0.482  24  0.595  24  0.890   1  0.739   0.651 Y  0.450      SignalP-TM
5mSIPHEX2_7-scaffold_190_c1_27  0.668  24  0.726  24  0.929  12  0.787   0.759 Y  0.450      SignalP-noTM
5mSIPHEX2_7-scaffold_190_c1_27  0.895  24  0.884  24  0.949  19  0.883   0.883 Y  0.570      SignalP-noTM
5mSIPHEX2_7-scaffold_190_c1_29  0.502  36  0.530  36  0.813  23  0.435   0.493 Y  0.450      SignalP-TM
5mSIPHEX2_7-scaffold_190_c1_29  0.556  30  0.488  30  0.642  28  0.439   0.461 Y  0.450      SignalP-noTM
5mSIPHEX2_7-scaffold_190_c1_30  0.275  24  0.432  24  0.849  20  0.587   0.492 Y  0.450      SignalP-TM
5mSIPHEX2_7-scaffold_190_c1_30  0.414  24  0.566  24  0.872  18  0.770   0.676 Y  0.450      SignalP-noTM
5mSIPHEX2_7-scaffold_190_c1_30  0.555  24  0.678  24  0.935  20  0.834   0.751 Y  0.570      SignalP-noTM
5mSIPHEX2_7-scaffold_190_c1_47  0.240  24  0.411  24  0.892  10  0.707   0.571 Y  0.450      SignalP-noTM
5mSIPHEX2_7-scaffold_190_c1_47  0.295  22  0.503  22  0.950  12  0.858   0.670 Y  0.570      SignalP-noTM
5mSIPHEX2_7-scaffold_190_c1_47  0.316  27  0.490  27  0.869  18  0.802   0.612 Y  0.450      SignalP-TM
5mSIPHEX2_7-scaffold_190_c1_8  0.231  18  0.460  18  0.966  16  0.913   0.673 Y  0.570      SignalP-noTM
5mSIPHEX2_7-scaffold_190_c1_8  0.285  23  0.469  23  0.859  15  0.777   0.589 Y  0.450      SignalP-TM
5mSIPHEX2_7-scaffold_190_c1_8  0.647  22  0.774  22  0.964  11  0.925   0.856 Y  0.450      SignalP-noTM
5mSIPHEX2_7-scaffold_190_c1_9  0.333  28  0.494  22  0.943  14  0.897   0.683 Y  0.570      SignalP-noTM
5mSIPHEX2_7-scaffold_190_c1_9  0.544  29  0.567  29  0.913  14  0.742   0.635 Y  0.450      SignalP-TM
5mSIPHEX2_7-scaffold_190_c1_9  0.600  20  0.753  20  0.974   3  0.943   0.855 Y  0.450      SignalP-noTM
5mSIPHEX2_7-scaffold_200_c1_16  0.318  21  0.526  21  0.919   5  0.874   0.662 Y  0.450      SignalP-TM
5mSIPHEX2_7-scaffold_200_c1_16  0.492  21  0.675  21  0.968   2  0.922   0.809 Y  0.450      SignalP-noTM
5mSIPHEX2_7-scaffold_200_c1_16  0.521  21  0.678  21  0.951  10  0.903   0.784 Y  0.570      SignalP-noTM
5mSIPHEX2_7-scaffold_200_c1_21  0.195  30  0.349  20  0.811   3  0.748   0.504 Y  0.450      SignalP-TM
5mSIPHEX2_7-scaffold_200_c1_21  0.417  18  0.615  18  0.926  12  0.903   0.770 Y  0.450      SignalP-noTM
5mSIPHEX2_7-scaffold_200_c1_21  0.422  20  0.601  20  0.926  12  0.874   0.729 Y  0.570      SignalP-noTM
5mSIPHEX2_7-scaffold_200_c1_23  0.580  19  0.640  19  0.888   2  0.740   0.680 Y  0.500      SignalP-TM
5mSIPHEX2_7-scaffold_200_c1_25  0.337  27  0.486  27  0.914  20  0.750   0.610 Y  0.570      SignalP-noTM
5mSIPHEX2_7-scaffold_200_c1_29  0.693  24  0.653  24  0.777   8  0.663   0.657 Y  0.450      SignalP-TM
5mSIPHEX2_7-scaffold_200_c1_29  0.809  24  0.817  24  0.920  18  0.799   0.809 Y  0.500      SignalP-TM
5mSIPHEX2_7-scaffold_200_c1_29  0.814  24  0.717  24  0.842  20  0.562   0.659 Y  0.510      SignalP-TM
5mSIPHEX2_7-scaffold_200_c1_36  0.521  22  0.583  22  0.778  17  0.659   0.613 Y  0.450      SignalP-TM
5mSIPHEX2_7-scaffold_200_c1_36  0.671  22  0.796  22  0.982  11  0.942   0.875 Y  0.450      SignalP-noTM
5mSIPHEX2_7-scaffold_22_c1_102  0.416  21  0.583  21  0.897  19  0.798   0.667 Y  0.450      SignalP-TM
5mSIPHEX2_7-scaffold_22_c1_102  0.630  21  0.766  21  0.970  18  0.926   0.841 Y  0.570      SignalP-noTM
5mSIPHEX2_7-scaffold_22_c1_102  0.888  21  0.918  21  0.978   4  0.947   0.933 Y  0.450      SignalP-noTM
5mSIPHEX2_7-scaffold_22_c1_108  0.178  22  0.373  22  0.858  14  0.788   0.535 Y  0.450      SignalP-TM
5mSIPHEX2_7-scaffold_22_c1_108  0.781  20  0.835  20  0.946  10  0.885   0.862 Y  0.450      SignalP-noTM
5mSIPHEX2_7-scaffold_22_c1_109  0.680  27  0.741  27  0.973   4  0.829   0.789 Y  0.450      SignalP-noTM
5mSIPHEX2_7-scaffold_22_c1_117  0.161  18  0.366  18  0.906  11  0.814   0.608 Y  0.450      SignalP-noTM
5mSIPHEX2_7-scaffold_22_c1_121  0.255  33  0.391  31  0.835  10  0.692   0.509 Y  0.450      SignalP-TM
5mSIPHEX2_7-scaffold_22_c1_130  0.237  22  0.456  22  0.954   4  0.877   0.683 Y  0.450      SignalP-noTM
5mSIPHEX2_7-scaffold_22_c1_135  0.750  18  0.585  18  0.727   1  0.501   0.551 Y  0.500      SignalP-TM
5mSIPHEX2_7-scaffold_22_c1_145  0.300  19  0.397  19  0.847   1  0.580   0.468 Y  0.450      SignalP-TM
5mSIPHEX2_7-scaffold_22_c1_145  0.762  21  0.695  21  0.792  13  0.626   0.658 Y  0.450      SignalP-noTM
5mSIPHEX2_7-scaffold_22_c1_145  0.841  19  0.828  19  0.935  17  0.804   0.817 Y  0.570      SignalP-noTM
5mSIPHEX2_7-scaffold_22_c1_148  0.398  22  0.434  22  0.672  16  0.511   0.464 Y  0.450      SignalP-TM
5mSIPHEX2_7-scaffold_22_c1_148  0.628  22  0.712  22  0.931  16  0.817   0.761 Y  0.570      SignalP-noTM
5mSIPHEX2_7-scaffold_22_c1_148  0.791  22  0.777  22  0.902  16  0.760   0.768 Y  0.450      SignalP-noTM
5mSIPHEX2_7-scaffold_22_c1_150  0.159  22  0.368  24  0.946  23  0.808   0.540 Y  0.450      SignalP-TM
5mSIPHEX2_7-scaffold_22_c1_150  0.174  24  0.388  24  0.940  17  0.866   0.647 Y  0.450      SignalP-noTM
5mSIPHEX2_7-scaffold_22_c1_150  0.330  23  0.552  23  0.944  10  0.922   0.726 Y  0.570      SignalP-noTM
5mSIPHEX2_7-scaffold_22_c1_151  0.156  24  0.323  24  0.892   3  0.673   0.512 Y  0.450      SignalP-noTM
5mSIPHEX2_7-scaffold_22_c1_153  0.261  19  0.472  19  0.912   2  0.862   0.624 Y  0.450      SignalP-TM
5mSIPHEX2_7-scaffold_22_c1_153  0.868  19  0.907  19  0.969  10  0.945   0.928 Y  0.450      SignalP-noTM
5mSIPHEX2_7-scaffold_22_c1_153  0.895  19  0.912  19  0.947  15  0.923   0.918 Y  0.570      SignalP-noTM
5mSIPHEX2_7-scaffold_22_c1_154  0.429  20  0.591  20  0.877  16  0.809   0.709 Y  0.450      SignalP-noTM
5mSIPHEX2_7-scaffold_22_c1_154  0.564  20  0.645  20  0.865  18  0.756   0.688 Y  0.450      SignalP-TM
5mSIPHEX2_7-scaffold_22_c1_154  0.709  20  0.773  20  0.905   1  0.859   0.813 Y  0.570      SignalP-noTM
5mSIPHEX2_7-scaffold_22_c1_158  0.779  23  0.771  23  0.920   2  0.764   0.767 Y  0.450      SignalP-noTM
5mSIPHEX2_7-scaffold_22_c1_158  0.790  23  0.700  23  0.830   4  0.678   0.691 Y  0.450      SignalP-TM
5mSIPHEX2_7-scaffold_22_c1_158  0.851  23  0.823  23  0.920   6  0.842   0.832 Y  0.570      SignalP-noTM
5mSIPHEX2_7-scaffold_22_c1_164  0.488  17  0.681  17  0.974   2  0.943   0.823 Y  0.450      SignalP-noTM
5mSIPHEX2_7-scaffold_22_c1_166  0.366  21  0.417  21  0.827   1  0.549   0.469 Y  0.450      SignalP-TM
5mSIPHEX2_7-scaffold_22_c1_166  0.503  21  0.615  21  0.902   1  0.784   0.695 Y  0.570      SignalP-noTM
5mSIPHEX2_7-scaffold_22_c1_166  0.736  21  0.781  21  0.936  14  0.820   0.802 Y  0.450      SignalP-noTM
5mSIPHEX2_7-scaffold_22_c1_170  0.438  18  0.605  18  0.917   8  0.849   0.719 Y  0.570      SignalP-noTM
5mSIPHEX2_7-scaffold_22_c1_18  0.255  21  0.395  21  0.814   1  0.663   0.499 Y  0.450      SignalP-TM
5mSIPHEX2_7-scaffold_22_c1_18  0.351  21  0.514  21  0.905   2  0.800   0.648 Y  0.570      SignalP-noTM
5mSIPHEX2_7-scaffold_22_c1_18  0.546  21  0.652  21  0.901  11  0.775   0.718 Y  0.450      SignalP-noTM
5mSIPHEX2_7-scaffold_22_c1_181  0.178  20  0.343  20  0.816  19  0.653   0.464 Y  0.450      SignalP-TM
5mSIPHEX2_7-scaffold_22_c1_181  0.270  20  0.418  20  0.796   3  0.676   0.521 Y  0.500      SignalP-TM
5mSIPHEX2_7-scaffold_22_c1_185  0.683  29  0.667  29  0.809  13  0.666   0.667 Y  0.450      SignalP-TM
5mSIPHEX2_7-scaffold_22_c1_185  0.777  29  0.807  29  0.946  15  0.854   0.829 Y  0.570      SignalP-noTM
5mSIPHEX2_7-scaffold_22_c1_185  0.807  29  0.845  29  0.976   8  0.888   0.868 Y  0.450      SignalP-noTM
5mSIPHEX2_7-scaffold_22_c1_186  0.309  22  0.468  22  0.879  18  0.729   0.569 Y  0.450      SignalP-TM
5mSIPHEX2_7-scaffold_22_c1_186  0.759  20  0.825  20  0.945  12  0.903   0.867 Y  0.450      SignalP-noTM
5mSIPHEX2_7-scaffold_22_c1_186  0.800  20  0.827  20  0.908  19  0.846   0.836 Y  0.570      SignalP-noTM
5mSIPHEX2_7-scaffold_22_c1_19  0.135  19  0.334  19  0.908   2  0.850   0.577 Y  0.570      SignalP-noTM
5mSIPHEX2_7-scaffold_22_c1_19  0.142  21  0.307  12  0.826   2  0.764   0.485 Y  0.450      SignalP-TM
5mSIPHEX2_7-scaffold_22_c1_19  0.172  19  0.376  19  0.906   6  0.802   0.606 Y  0.450      SignalP-noTM
5mSIPHEX2_7-scaffold_22_c1_195  0.257  25  0.398  25  0.779   7  0.677   0.507 Y  0.450      SignalP-TM
5mSIPHEX2_7-scaffold_22_c1_195  0.404  25  0.559  25  0.917   6  0.780   0.678 Y  0.450      SignalP-noTM
5mSIPHEX2_7-scaffold_22_c1_195  0.414  25  0.595  25  0.965  18  0.886   0.732 Y  0.570      SignalP-noTM
5mSIPHEX2_7-scaffold_22_c1_3  0.294  20  0.450  20  0.823  17  0.685   0.541 Y  0.450      SignalP-TM
5mSIPHEX2_7-scaffold_22_c1_3  0.307  20  0.498  20  0.843  16  0.802   0.662 Y  0.450      SignalP-noTM
5mSIPHEX2_7-scaffold_22_c1_3  0.627  20  0.709  20  0.909  19  0.814   0.758 Y  0.570      SignalP-noTM
5mSIPHEX2_7-scaffold_22_c1_38  0.476  25  0.585  25  0.857  16  0.752   0.650 Y  0.450      SignalP-TM
5mSIPHEX2_7-scaffold_22_c1_38  0.636  25  0.647  25  0.932   8  0.780   0.710 Y  0.570      SignalP-noTM
5mSIPHEX2_7-scaffold_22_c1_38  0.866  25  0.721  25  0.813   4  0.616   0.664 Y  0.450      SignalP-noTM
5mSIPHEX2_7-scaffold_22_c1_4  0.266  22  0.489  22  0.939  13  0.893   0.679 Y  0.570      SignalP-noTM
5mSIPHEX2_7-scaffold_22_c1_4  0.340  22  0.539  22  0.916  18  0.809   0.644 Y  0.450      SignalP-TM
5mSIPHEX2_7-scaffold_22_c1_4  0.454  22  0.640  22  0.956  11  0.902   0.781 Y  0.450      SignalP-noTM
5mSIPHEX2_7-scaffold_22_c1_42  0.461  25  0.604  25  0.939   7  0.839   0.696 Y  0.450      SignalP-TM
5mSIPHEX2_7-scaffold_22_c1_42  0.499  25  0.675  25  0.976  10  0.935   0.797 Y  0.570      SignalP-noTM
5mSIPHEX2_7-scaffold_22_c1_42  0.546  23  0.648  23  0.868   5  0.768   0.713 Y  0.450      SignalP-noTM
5mSIPHEX2_7-scaffold_22_c1_62  0.366  21  0.510  21  0.878   4  0.712   0.619 Y  0.450      SignalP-noTM
5mSIPHEX2_7-scaffold_22_c1_62  0.413  23  0.483  23  0.869   5  0.663   0.554 Y  0.450      SignalP-TM
5mSIPHEX2_7-scaffold_22_c1_62  0.559  23  0.650  23  0.896   4  0.812   0.726 Y  0.570      SignalP-noTM
5mSIPHEX2_7-scaffold_22_c1_67  0.287  16  0.524  16  0.971  11  0.950   0.754 Y  0.450      SignalP-noTM
5mSIPHEX2_7-scaffold_22_c1_69  0.477  21  0.609  21  0.866   7  0.792   0.680 Y  0.450      SignalP-TM
5mSIPHEX2_7-scaffold_22_c1_69  0.752  21  0.805  21  0.932  13  0.882   0.841 Y  0.570      SignalP-noTM
5mSIPHEX2_7-scaffold_22_c1_69  0.799  21  0.856  21  0.963  11  0.913   0.886 Y  0.450      SignalP-noTM
5mSIPHEX2_7-scaffold_22_c1_70  0.621  26  0.655  26  0.934  20  0.786   0.716 Y  0.570      SignalP-noTM
5mSIPHEX2_7-scaffold_22_c1_70  0.683  26  0.763  26  0.974  11  0.866   0.818 Y  0.450      SignalP-noTM
5mSIPHEX2_7-scaffold_22_c1_70  0.833  26  0.723  26  0.794  20  0.638   0.690 Y  0.450      SignalP-TM
5mSIPHEX2_7-scaffold_22_c1_75  0.133  17  0.311  17  0.855  20  0.762   0.555 Y  0.450      SignalP-noTM
5mSIPHEX2_7-scaffold_22_c1_77  0.627  21  0.772  21  0.982  13  0.951   0.869 Y  0.450      SignalP-noTM
5mSIPHEX2_7-scaffold_22_c1_79  0.471  19  0.480  19  0.680  18  0.505   0.490 Y  0.450      SignalP-TM
5mSIPHEX2_7-scaffold_22_c1_79  0.546  19  0.669  19  0.886  15  0.810   0.745 Y  0.450      SignalP-noTM
5mSIPHEX2_7-scaffold_22_c1_79  0.552  19  0.627  19  0.819  16  0.719   0.670 Y  0.570      SignalP-noTM
5mSIPHEX2_7-scaffold_22_c1_87  0.221  32  0.353  22  0.957  17  0.883   0.602 Y  0.570      SignalP-noTM
5mSIPHEX2_7-scaffold_22_c1_87  0.233  32  0.322  21  0.783  17  0.655   0.502 Y  0.450      SignalP-noTM
5mSIPHEX2_7-scaffold_22_c1_87  0.243  32  0.367  21  0.932  16  0.836   0.550 Y  0.450      SignalP-TM
5mSIPHEX2_7-scaffold_22_c2_25  0.131  38  0.337  24  0.925  11  0.803   0.519 Y  0.450      SignalP-TM
5mSIPHEX2_7-scaffold_22_c2_25  0.304  29  0.520  29  0.938  12  0.871   0.710 Y  0.450      SignalP-noTM
5mSIPHEX2_7-scaffold_22_c2_25  0.418  29  0.638  29  0.990  19  0.947   0.783 Y  0.570      SignalP-noTM
5mSIPHEX2_7-scaffold_22_c2_42  0.287  28  0.425  28  0.816  26  0.636   0.539 Y  0.450      SignalP-noTM
5mSIPHEX2_7-scaffold_22_c2_42  0.631  30  0.672  30  0.930  14  0.821   0.742 Y  0.570      SignalP-noTM
5mSIPHEX2_7-scaffold_22_c2_42  0.707  30  0.764  30  0.959  11  0.883   0.810 Y  0.450      SignalP-TM
5mSIPHEX2_7-scaffold_22_c2_43  0.449  30  0.515  30  0.948  13  0.772   0.615 Y  0.450      SignalP-TM
5mSIPHEX2_7-scaffold_22_c2_43  0.674  23  0.794  23  0.979   5  0.935   0.870 Y  0.450      SignalP-noTM
5mSIPHEX2_7-scaffold_22_c2_43  0.813  23  0.868  23  0.969  13  0.930   0.897 Y  0.570      SignalP-noTM
5mSIPHEX2_7-scaffold_22_c2_47  0.249  25  0.423  25  0.878   4  0.723   0.585 Y  0.450      SignalP-noTM
5mSIPHEX2_7-scaffold_22_c2_47  0.488  25  0.625  25  0.921  16  0.814   0.714 Y  0.570      SignalP-noTM
5mSIPHEX2_7-scaffold_22_c2_54  0.427  23  0.577  23  0.932   6  0.836   0.699 Y  0.570      SignalP-noTM
5mSIPHEX2_7-scaffold_22_c2_54  0.467  23  0.589  23  0.906   5  0.790   0.667 Y  0.450      SignalP-TM
5mSIPHEX2_7-scaffold_22_c2_54  0.791  23  0.822  23  0.954   3  0.855   0.840 Y  0.450      SignalP-noTM
5mSIPHEX2_7-scaffold_22_c2_65  0.184  21  0.403  21  0.945  12  0.887   0.664 Y  0.450      SignalP-noTM
5mSIPHEX2_7-scaffold_22_c2_65  0.206  26  0.384  26  0.947   9  0.790   0.542 Y  0.450      SignalP-TM
5mSIPHEX2_7-scaffold_22_c2_65  0.280  22  0.487  22  0.944   2  0.876   0.670 Y  0.570      SignalP-noTM
5mSIPHEX2_7-scaffold_22_c2_69  0.333  23  0.513  21  0.888  12  0.799   0.668 Y  0.450      SignalP-noTM
5mSIPHEX2_7-scaffold_22_c2_69  0.742  21  0.769  21  0.874  18  0.796   0.779 Y  0.450      SignalP-TM
5mSIPHEX2_7-scaffold_22_c2_69  0.874  21  0.901  21  0.961   8  0.933   0.916 Y  0.570      SignalP-noTM
5mSIPHEX2_7-scaffold_22_c2_70  0.577  30  0.624  30  0.926  17  0.792   0.690 Y  0.450      SignalP-TM
5mSIPHEX2_7-scaffold_22_c2_70  0.601  21  0.741  21  0.970  12  0.912   0.834 Y  0.450      SignalP-noTM
5mSIPHEX2_7-scaffold_22_c2_70  0.733  21  0.834  21  0.981  10  0.950   0.888 Y  0.570      SignalP-noTM
5mSIPHEX2_7-scaffold_235_c1_12  0.345  23  0.535  23  0.935   9  0.866   0.691 Y  0.570      SignalP-noTM
5mSIPHEX2_7-scaffold_235_c1_12  0.408  23  0.555  23  0.886   6  0.795   0.648 Y  0.450      SignalP-TM
5mSIPHEX2_7-scaffold_235_c1_12  0.422  23  0.596  23  0.949   4  0.842   0.729 Y  0.450      SignalP-noTM
5mSIPHEX2_7-scaffold_235_c1_22  0.278  23  0.501  23  0.978  10  0.903   0.718 Y  0.450      SignalP-noTM
5mSIPHEX2_7-scaffold_235_c1_3  0.448  26  0.571  26  0.856  23  0.679   0.613 Y  0.450      SignalP-TM
5mSIPHEX2_7-scaffold_235_c1_4  0.519  22  0.655  22  0.932  15  0.825   0.723 Y  0.500      SignalP-TM
5mSIPHEX2_7-scaffold_235_c1_4  0.545  22  0.606  22  0.841   3  0.714   0.648 Y  0.450      SignalP-TM
5mSIPHEX2_7-scaffold_235_c1_4  0.715  22  0.780  22  0.909  10  0.861   0.810 Y  0.510      SignalP-TM
5mSIPHEX2_7-scaffold_282_c1_22  0.729  21  0.779  21  0.918  11  0.852   0.813 Y  0.570      SignalP-noTM
5mSIPHEX2_7-scaffold_282_c1_22  0.776  21  0.721  21  0.820  15  0.660   0.688 Y  0.450      SignalP-noTM
5mSIPHEX2_7-scaffold_282_c1_35  0.371  21  0.460  21  0.740   6  0.601   0.516 Y  0.500      SignalP-TM
5mSIPHEX2_7-scaffold_291_c1_13  0.348  19  0.548  19  0.932  10  0.855   0.692 Y  0.570      SignalP-noTM
5mSIPHEX2_7-scaffold_291_c1_13  0.485  19  0.666  19  0.971  10  0.912   0.799 Y  0.450      SignalP-noTM
5mSIPHEX2_7-scaffold_291_c1_16  0.312  44  0.274  11  0.858   3  0.771   0.468 Y  0.450      SignalP-TM
5mSIPHEX2_7-scaffold_291_c1_38  0.173  22  0.385  22  0.936  12  0.858   0.641 Y  0.450      SignalP-noTM
5mSIPHEX2_7-scaffold_291_c1_38  0.278  22  0.476  22  0.922  18  0.846   0.650 Y  0.570      SignalP-noTM
5mSIPHEX2_7-scaffold_291_c1_38  0.548  33  0.503  33  0.908   4  0.697   0.579 Y  0.450      SignalP-TM
5mSIPHEX2_7-scaffold_291_c1_44  0.592  21  0.726  21  0.938  12  0.887   0.813 Y  0.450      SignalP-noTM
5mSIPHEX2_7-scaffold_291_c1_44  0.768  21  0.723  21  0.846   1  0.722   0.723 Y  0.570      SignalP-noTM
5mSIPHEX2_7-scaffold_291_c1_7  0.314  23  0.485  23  0.868   7  0.781   0.600 Y  0.450      SignalP-TM
5mSIPHEX2_7-scaffold_291_c1_7  0.349  23  0.554  23  0.954  10  0.906   0.719 Y  0.570      SignalP-noTM
5mSIPHEX2_7-scaffold_291_c1_7  0.517  22  0.678  22  0.957  13  0.890   0.792 Y  0.450      SignalP-noTM
5mSIPHEX2_7-scaffold_29_c1_11  0.798  29  0.622  29  0.730  16  0.553   0.594 Y  0.500      SignalP-TM
5mSIPHEX2_7-scaffold_29_c1_111  0.774  19  0.683  19  0.780   1  0.629   0.657 Y  0.570      SignalP-noTM
5mSIPHEX2_7-scaffold_29_c1_111  0.823  19  0.830  19  0.923   1  0.817   0.823 Y  0.450      SignalP-noTM
5mSIPHEX2_7-scaffold_29_c1_112  0.263  32  0.438  32  0.978  13  0.789   0.627 Y  0.450      SignalP-noTM
5mSIPHEX2_7-scaffold_29_c1_112  0.361  32  0.492  32  0.975  12  0.839   0.655 Y  0.570      SignalP-noTM
5mSIPHEX2_7-scaffold_29_c1_112  0.454  32  0.608  32  0.938  19  0.850   0.702 Y  0.450      SignalP-TM
5mSIPHEX2_7-scaffold_29_c1_133  0.191  23  0.371  23  0.775  18  0.679   0.491 Y  0.450      SignalP-TM
5mSIPHEX2_7-scaffold_29_c1_133  0.385  21  0.571  21  0.917  16  0.854   0.724 Y  0.450      SignalP-noTM
5mSIPHEX2_7-scaffold_29_c1_143  0.290  26  0.436  26  0.774  16  0.649   0.519 Y  0.450      SignalP-TM
5mSIPHEX2_7-scaffold_29_c1_143  0.539  26  0.682  26  0.947   8  0.862   0.779 Y  0.450      SignalP-noTM
5mSIPHEX2_7-scaffold_29_c1_143  0.613  26  0.730  26  0.955  13  0.882   0.801 Y  0.570      SignalP-noTM
5mSIPHEX2_7-scaffold_29_c1_157  0.275  22  0.481  22  0.927  18  0.850   0.625 Y  0.450      SignalP-TM
5mSIPHEX2_7-scaffold_29_c1_157  0.587  22  0.733  22  0.963   6  0.914   0.831 Y  0.450      SignalP-noTM
5mSIPHEX2_7-scaffold_29_c1_157  0.636  22  0.761  22  0.961  17  0.919   0.835 Y  0.570      SignalP-noTM
5mSIPHEX2_7-scaffold_29_c1_172  0.146  37  0.346  19  0.889   7  0.826   0.533 Y  0.450      SignalP-TM
5mSIPHEX2_7-scaffold_29_c1_172  0.267  21  0.477  21  0.917   4  0.849   0.678 Y  0.450      SignalP-noTM
5mSIPHEX2_7-scaffold_29_c1_172  0.504  21  0.651  21  0.952  17  0.835   0.737 Y  0.570      SignalP-noTM
5mSIPHEX2_7-scaffold_29_c1_174  0.310  28  0.400  28  0.751  11  0.555   0.460 Y  0.450      SignalP-TM
5mSIPHEX2_7-scaffold_29_c1_186  0.430  25  0.593  18  0.919   2  0.853   0.733 Y  0.450      SignalP-noTM
5mSIPHEX2_7-scaffold_29_c1_186  0.460  25  0.500  25  0.714  18  0.556   0.522 Y  0.450      SignalP-TM
5mSIPHEX2_7-scaffold_29_c1_186  0.624  25  0.662  25  0.926  16  0.783   0.719 Y  0.570      SignalP-noTM
5mSIPHEX2_7-scaffold_29_c1_191  0.403  23  0.595  23  0.932  20  0.879   0.705 Y  0.450      SignalP-TM
5mSIPHEX2_7-scaffold_29_c1_191  0.662  23  0.777  23  0.956  14  0.912   0.850 Y  0.450      SignalP-noTM
5mSIPHEX2_7-scaffold_29_c1_191  0.698  23  0.815  23  0.975  11  0.951   0.879 Y  0.570      SignalP-noTM
5mSIPHEX2_7-scaffold_29_c1_192  0.377  21  0.579  21  0.941  20  0.863   0.690 Y  0.450      SignalP-TM
5mSIPHEX2_7-scaffold_29_c1_192  0.694  21  0.798  21  0.948   8  0.920   0.855 Y  0.570      SignalP-noTM
5mSIPHEX2_7-scaffold_29_c1_192  0.825  21  0.859  21  0.937  14  0.897   0.880 Y  0.450      SignalP-noTM
5mSIPHEX2_7-scaffold_29_c1_197  0.526  38  0.573  38  0.753  34  0.566   0.570 Y  0.450      SignalP-TM
5mSIPHEX2_7-scaffold_29_c1_198  0.558  20  0.543  20  0.676  13  0.527   0.534 Y  0.450      SignalP-noTM
5mSIPHEX2_7-scaffold_29_c1_207  0.538  28  0.610  28  0.848  24  0.692   0.654 Y  0.450      SignalP-noTM
5mSIPHEX2_7-scaffold_29_c1_207  0.717  28  0.739  28  0.952  12  0.831   0.775 Y  0.450      SignalP-TM
5mSIPHEX2_7-scaffold_29_c1_207  0.770  28  0.763  28  0.931   8  0.836   0.797 Y  0.570      SignalP-noTM
5mSIPHEX2_7-scaffold_29_c1_218  0.270  24  0.422  24  0.773  17  0.670   0.521 Y  0.500      SignalP-TM
5mSIPHEX2_7-scaffold_29_c1_229  0.320  24  0.472  24  0.876   8  0.746   0.579 Y  0.450      SignalP-TM
5mSIPHEX2_7-scaffold_29_c1_229  0.421  24  0.581  24  0.912   9  0.825   0.696 Y  0.570      SignalP-noTM
5mSIPHEX2_7-scaffold_29_c1_229  0.750  24  0.805  24  0.932   7  0.861   0.835 Y  0.450      SignalP-noTM
5mSIPHEX2_7-scaffold_29_c1_238  0.292  28  0.419  28  0.753  19  0.623   0.498 Y  0.450      SignalP-TM
5mSIPHEX2_7-scaffold_29_c1_238  0.448  21  0.607  21  0.954  19  0.824   0.709 Y  0.570      SignalP-noTM
5mSIPHEX2_7-scaffold_29_c1_238  0.598  23  0.713  23  0.905   1  0.849   0.787 Y  0.450      SignalP-noTM
5mSIPHEX2_7-scaffold_29_c1_29  0.639  29  0.486  29  0.645  16  0.420   0.460 Y  0.450      SignalP-TM
5mSIPHEX2_7-scaffold_29_c1_29  0.674  29  0.638  29  0.893   2  0.655   0.647 Y  0.450      SignalP-noTM
5mSIPHEX2_7-scaffold_29_c1_29  0.813  29  0.662  29  0.866   3  0.677   0.669 Y  0.570      SignalP-noTM
5mSIPHEX2_7-scaffold_29_c1_43  0.259  24  0.457  24  0.913  17  0.801   0.591 Y  0.450      SignalP-TM
5mSIPHEX2_7-scaffold_29_c1_43  0.501  24  0.659  24  0.959  10  0.905   0.774 Y  0.570      SignalP-noTM
5mSIPHEX2_7-scaffold_29_c1_43  0.564  24  0.628  24  0.802  11  0.697   0.665 Y  0.450      SignalP-noTM
5mSIPHEX2_7-scaffold_29_c1_44  0.185  33  0.312  27  0.762   4  0.596   0.465 Y  0.450      SignalP-noTM
5mSIPHEX2_7-scaffold_29_c1_52  0.849  19  0.744  19  0.784  17  0.650   0.700 Y  0.570      SignalP-noTM
5mSIPHEX2_7-scaffold_29_c1_52  0.899  19  0.883  19  0.912  15  0.863   0.872 Y  0.450      SignalP-noTM
5mSIPHEX2_7-scaffold_29_c1_54  0.581  21  0.494  21  0.807   4  0.530   0.508 Y  0.450      SignalP-TM
5mSIPHEX2_7-scaffold_29_c1_54  0.834  21  0.689  21  0.789   3  0.552   0.615 Y  0.450      SignalP-noTM
5mSIPHEX2_7-scaffold_29_c1_54  0.858  21  0.816  21  0.910   3  0.823   0.819 Y  0.570      SignalP-noTM
5mSIPHEX2_7-scaffold_29_c1_57  0.253  19  0.447  19  0.866  17  0.797   0.583 Y  0.450      SignalP-TM
5mSIPHEX2_7-scaffold_29_c1_57  0.315  19  0.541  19  0.970   8  0.929   0.723 Y  0.570      SignalP-noTM
5mSIPHEX2_7-scaffold_29_c1_57  0.636  19  0.776  19  0.981  13  0.946   0.868 Y  0.450      SignalP-noTM
5mSIPHEX2_7-scaffold_29_c1_63  0.294  32  0.460  32  0.946  21  0.809   0.596 Y  0.450      SignalP-TM
5mSIPHEX2_7-scaffold_29_c1_63  0.390  23  0.609  23  0.973  21  0.946   0.768 Y  0.570      SignalP-noTM
5mSIPHEX2_7-scaffold_29_c1_63  0.397  23  0.607  23  0.966   6  0.928   0.780 Y  0.450      SignalP-noTM
5mSIPHEX2_7-scaffold_29_c1_67  0.342  32  0.499  32  0.844  24  0.653   0.559 Y  0.450      SignalP-TM
5mSIPHEX2_7-scaffold_29_c1_67  0.352  32  0.524  32  0.978  21  0.847   0.676 Y  0.570      SignalP-noTM
5mSIPHEX2_7-scaffold_29_c1_67  0.512  32  0.496  32  0.714  11  0.510   0.502 Y  0.500      SignalP-TM
5mSIPHEX2_7-scaffold_29_c1_68  0.484  36  0.428  36  0.893  15  0.658   0.517 Y  0.450      SignalP-TM
5mSIPHEX2_7-scaffold_29_c1_74  0.620  21  0.669  21  0.861   3  0.758   0.704 Y  0.500      SignalP-TM
5mSIPHEX2_7-scaffold_31_c1_101  0.629  24  0.764  24  0.962   6  0.927   0.852 Y  0.450      SignalP-noTM
5mSIPHEX2_7-scaffold_31_c1_101  0.664  24  0.779  24  0.962  19  0.917   0.833 Y  0.450      SignalP-TM
5mSIPHEX2_7-scaffold_31_c1_101  0.668  24  0.797  24  0.975  20  0.951   0.869 Y  0.570      SignalP-noTM
5mSIPHEX2_7-scaffold_31_c1_11  0.431  24  0.503  24  0.676  19  0.525   0.512 Y  0.500      SignalP-TM
5mSIPHEX2_7-scaffold_31_c1_147  0.271  24  0.495  17  0.960  12  0.904   0.687 Y  0.570      SignalP-noTM
5mSIPHEX2_7-scaffold_31_c1_147  0.376  24  0.542  24  0.866  16  0.750   0.623 Y  0.450      SignalP-TM
5mSIPHEX2_7-scaffold_31_c1_147  0.385  17  0.584  17  0.948  12  0.902   0.756 Y  0.450      SignalP-noTM
5mSIPHEX2_7-scaffold_31_c1_173  0.132  29  0.304  16  0.846  13  0.704   0.460 Y  0.450      SignalP-TM
5mSIPHEX2_7-scaffold_31_c1_175  0.283  25  0.480  25  0.902   9  0.822   0.614 Y  0.450      SignalP-TM
5mSIPHEX2_7-scaffold_31_c1_175  0.591  27  0.611  27  0.836   6  0.640   0.627 Y  0.450      SignalP-noTM
5mSIPHEX2_7-scaffold_31_c1_175  0.619  27  0.686  27  0.944  11  0.837   0.757 Y  0.570      SignalP-noTM
5mSIPHEX2_7-scaffold_31_c1_185  0.185  22  0.394  22  0.954   3  0.837   0.633 Y  0.450      SignalP-noTM
5mSIPHEX2_7-scaffold_31_c1_189  0.221  28  0.362  28  0.862   5  0.641   0.512 Y  0.450      SignalP-noTM
5mSIPHEX2_7-scaffold_31_c1_189  0.248  26  0.408  26  0.897   7  0.757   0.544 Y  0.450      SignalP-TM
5mSIPHEX2_7-scaffold_31_c1_189  0.513  26  0.644  26  0.952  19  0.863   0.747 Y  0.570      SignalP-noTM
5mSIPHEX2_7-scaffold_31_c1_196  0.218  24  0.430  24  0.937  12  0.864   0.634 Y  0.570      SignalP-noTM
5mSIPHEX2_7-scaffold_31_c1_196  0.249  24  0.469  24  0.930  22  0.850   0.617 Y  0.450      SignalP-TM
5mSIPHEX2_7-scaffold_31_c1_196  0.283  29  0.440  29  0.887  14  0.718   0.590 Y  0.450      SignalP-noTM
5mSIPHEX2_7-scaffold_31_c1_197  0.501  29  0.566  29  0.896  20  0.604   0.580 Y  0.450      SignalP-TM
5mSIPHEX2_7-scaffold_31_c1_197  0.737  21  0.802  21  0.941   4  0.868   0.838 Y  0.450      SignalP-noTM
5mSIPHEX2_7-scaffold_31_c1_197  0.815  21  0.816  21  0.916  19  0.823   0.820 Y  0.570      SignalP-noTM
5mSIPHEX2_7-scaffold_31_c1_201  0.239  24  0.460  21  0.968  17  0.912   0.636 Y  0.450      SignalP-TM
5mSIPHEX2_7-scaffold_31_c1_201  0.556  19  0.730  19  0.977  11  0.947   0.832 Y  0.570      SignalP-noTM
5mSIPHEX2_7-scaffold_31_c1_201  0.753  19  0.845  19  0.971  12  0.946   0.899 Y  0.450      SignalP-noTM
5mSIPHEX2_7-scaffold_31_c1_202  0.181  19  0.342  19  0.864  17  0.693   0.479 Y  0.450      SignalP-TM
5mSIPHEX2_7-scaffold_31_c1_202  0.632  19  0.749  19  0.939  17  0.885   0.813 Y  0.570      SignalP-noTM
5mSIPHEX2_7-scaffold_31_c1_202  0.824  19  0.877  19  0.954  16  0.931   0.906 Y  0.450      SignalP-noTM
5mSIPHEX2_7-scaffold_31_c1_203  0.775  21  0.853  21  0.967   5  0.941   0.900 Y  0.450      SignalP-noTM
5mSIPHEX2_7-scaffold_31_c1_205  0.405  23  0.497  23  0.745   2  0.610   0.558 Y  0.450      SignalP-noTM
5mSIPHEX2_7-scaffold_31_c1_205  0.447  28  0.529  28  0.855  10  0.725   0.606 Y  0.450      SignalP-TM
5mSIPHEX2_7-scaffold_31_c1_205  0.478  28  0.619  28  0.953  12  0.869   0.737 Y  0.570      SignalP-noTM
5mSIPHEX2_7-scaffold_31_c1_210  0.310  35  0.402  35  0.795   4  0.570   0.493 Y  0.450      SignalP-noTM
5mSIPHEX2_7-scaffold_31_c1_210  0.397  33  0.556  33  0.935  27  0.755   0.649 Y  0.570      SignalP-noTM
5mSIPHEX2_7-scaffold_31_c1_210  0.482  35  0.554  35  0.826  26  0.607   0.575 Y  0.450      SignalP-TM
5mSIPHEX2_7-scaffold_31_c1_213  0.399  22  0.535  22  0.836   9  0.752   0.620 Y  0.450      SignalP-TM
5mSIPHEX2_7-scaffold_31_c1_213  0.659  22  0.649  22  0.823   3  0.631   0.639 Y  0.450      SignalP-noTM
5mSIPHEX2_7-scaffold_31_c1_213  0.748  22  0.825  22  0.965  20  0.916   0.868 Y  0.570      SignalP-noTM
5mSIPHEX2_7-scaffold_31_c1_230  0.282  23  0.432  23  0.829  18  0.665   0.522 Y  0.450      SignalP-TM
5mSIPHEX2_7-scaffold_31_c1_230  0.363  23  0.506  23  0.837   6  0.714   0.590 Y  0.500      SignalP-TM
5mSIPHEX2_7-scaffold_31_c1_230  0.656  23  0.748  23  0.895  20  0.850   0.786 Y  0.510      SignalP-TM
5mSIPHEX2_7-scaffold_31_c1_233  0.184  21  0.364  21  0.874   8  0.704   0.547 Y  0.450      SignalP-noTM
5mSIPHEX2_7-scaffold_31_c1_236  0.501  19  0.631  19  0.852  12  0.802   0.699 Y  0.500      SignalP-TM
5mSIPHEX2_7-scaffold_31_c1_236  0.618  19  0.723  19  0.902   5  0.857   0.775 Y  0.450      SignalP-TM
5mSIPHEX2_7-scaffold_31_c1_236  0.802  19  0.830  19  0.898   6  0.866   0.843 Y  0.510      SignalP-TM
5mSIPHEX2_7-scaffold_31_c1_243  0.353  22  0.566  22  0.949  18  0.886   0.691 Y  0.450      SignalP-TM
5mSIPHEX2_7-scaffold_31_c1_243  0.458  20  0.604  20  0.878  19  0.783   0.675 Y  0.500      SignalP-TM
5mSIPHEX2_7-scaffold_31_c1_243  0.557  22  0.716  22  0.959  10  0.913   0.789 Y  0.510      SignalP-TM
5mSIPHEX2_7-scaffold_31_c1_25  0.430  27  0.513  27  0.739  24  0.609   0.552 Y  0.500      SignalP-TM
5mSIPHEX2_7-scaffold_31_c1_26  0.419  18  0.575  18  0.841   2  0.776   0.683 Y  0.450      SignalP-noTM
5mSIPHEX2_7-scaffold_31_c1_26  0.520  20  0.617  20  0.848  11  0.747   0.678 Y  0.570      SignalP-noTM
5mSIPHEX2_7-scaffold_31_c1_39  0.320  28  0.492  28  0.845  24  0.736   0.587 Y  0.450      SignalP-TM
5mSIPHEX2_7-scaffold_31_c1_39  0.333  28  0.498  28  0.886   8  0.785   0.632 Y  0.570      SignalP-noTM
5mSIPHEX2_7-scaffold_31_c1_39  0.337  28  0.475  28  0.866   6  0.691   0.592 Y  0.450      SignalP-noTM
5mSIPHEX2_7-scaffold_31_c1_55  0.693  23  0.531  23  0.721   6  0.492   0.516 Y  0.500      SignalP-TM
5mSIPHEX2_7-scaffold_31_c1_59  0.435  53  0.339  18  0.900  12  0.831   0.536 Y  0.500      SignalP-TM
5mSIPHEX2_7-scaffold_31_c1_63  0.194  29  0.357  26  0.834  12  0.702   0.492 Y  0.450      SignalP-TM
5mSIPHEX2_7-scaffold_31_c1_68  0.202  17  0.371  17  0.834  16  0.685   0.494 Y  0.450      SignalP-TM
5mSIPHEX2_7-scaffold_31_c1_68  0.333  17  0.476  17  0.804  16  0.694   0.578 Y  0.570      SignalP-noTM
5mSIPHEX2_7-scaffold_31_c1_68  0.723  17  0.776  17  0.869   8  0.836   0.809 Y  0.450      SignalP-noTM
5mSIPHEX2_7-scaffold_368_c1_10  0.564  22  0.675  22  0.913   8  0.810   0.729 Y  0.500      SignalP-TM
5mSIPHEX2_7-scaffold_368_c1_10  0.613  28  0.632  28  0.866  13  0.737   0.673 Y  0.450      SignalP-TM
5mSIPHEX2_7-scaffold_368_c1_2  0.274  25  0.404  25  0.672  18  0.602   0.481 Y  0.450      SignalP-TM
5mSIPHEX2_7-scaffold_368_c1_2  0.651  23  0.763  23  0.981  11  0.893   0.833 Y  0.450      SignalP-noTM
5mSIPHEX2_7-scaffold_368_c1_4  0.538  45  0.569  45  0.736  42  0.346   0.482 Y  0.450      SignalP-TM
5mSIPHEX2_7-scaffold_368_c1_8  0.666  23  0.659  23  0.792  20  0.651   0.654 Y  0.450      SignalP-noTM
5mSIPHEX2_7-scaffold_368_c1_8  0.720  23  0.596  23  0.737   2  0.508   0.562 Y  0.450      SignalP-TM
5mSIPHEX2_7-scaffold_368_c1_8  0.896  23  0.806  23  0.890  20  0.704   0.758 Y  0.570      SignalP-noTM
5mSIPHEX2_7-scaffold_378_c1_19  0.227  20  0.431  20  0.930   4  0.848   0.593 Y  0.450      SignalP-TM
5mSIPHEX2_7-scaffold_378_c1_19  0.584  19  0.740  19  0.969   1  0.931   0.843 Y  0.450      SignalP-noTM
5mSIPHEX2_7-scaffold_378_c1_19  0.654  20  0.779  20  0.964  18  0.918   0.844 Y  0.570      SignalP-noTM
5mSIPHEX2_7-scaffold_378_c1_28  0.708  22  0.763  22  0.939   3  0.856   0.799 Y  0.450      SignalP-TM
5mSIPHEX2_7-scaffold_378_c1_28  0.786  22  0.817  22  0.962  11  0.881   0.847 Y  0.570      SignalP-noTM
5mSIPHEX2_7-scaffold_378_c1_28  0.811  22  0.858  22  0.972  11  0.904   0.883 Y  0.450      SignalP-noTM
5mSIPHEX2_7-scaffold_439_c1_14  0.107  21  0.304  11  0.940   2  0.923   0.546 Y  0.450      SignalP-TM
5mSIPHEX2_7-scaffold_439_c1_16  0.471  25  0.601  25  0.858  21  0.784   0.672 Y  0.450      SignalP-TM
5mSIPHEX2_7-scaffold_439_c1_16  0.666  25  0.711  25  0.945   9  0.834   0.769 Y  0.570      SignalP-noTM
5mSIPHEX2_7-scaffold_439_c1_16  0.737  25  0.746  25  0.867   5  0.755   0.751 Y  0.450      SignalP-noTM
5mSIPHEX2_7-scaffold_439_c1_17  0.317  16  0.554  16  0.989  10  0.971   0.779 Y  0.450      SignalP-noTM
5mSIPHEX2_7-scaffold_439_c1_23  0.342  21  0.491  21  0.793  17  0.696   0.573 Y  0.500      SignalP-TM
5mSIPHEX2_7-scaffold_439_c1_4  0.232  21  0.390  21  0.834   3  0.704   0.512 Y  0.450      SignalP-TM
5mSIPHEX2_7-scaffold_439_c1_4  0.636  21  0.736  21  0.915   6  0.867   0.798 Y  0.570      SignalP-noTM
5mSIPHEX2_7-scaffold_439_c1_4  0.659  21  0.718  21  0.874  15  0.774   0.748 Y  0.450      SignalP-noTM
5mSIPHEX2_7-scaffold_673_c1_1  0.280  21  0.402  21  0.726   2  0.611   0.483 Y  0.450      SignalP-TM
5mSIPHEX2_7-scaffold_673_c1_1  0.419  21  0.529  21  0.880  17  0.691   0.605 Y  0.570      SignalP-noTM
5mSIPHEX2_7-scaffold_673_c1_1  0.460  21  0.500  21  0.724  17  0.533   0.518 Y  0.450      SignalP-noTM
5mSIPHEX2_7-scaffold_673_c1_6  0.186  20  0.377  20  0.840  18  0.764   0.528 Y  0.450      SignalP-TM
5mSIPHEX2_7-scaffold_70_c1_113  0.601  23  0.709  23  0.879   8  0.824   0.754 Y  0.450      SignalP-TM
5mSIPHEX2_7-scaffold_70_c1_113  0.741  23  0.817  23  0.934  20  0.892   0.852 Y  0.570      SignalP-noTM
5mSIPHEX2_7-scaffold_70_c1_113  0.844  23  0.832  23  0.891   6  0.820   0.825 Y  0.450      SignalP-noTM
5mSIPHEX2_7-scaffold_70_c1_116  0.569  21  0.657  21  0.879  12  0.756   0.711 Y  0.450      SignalP-noTM
5mSIPHEX2_7-scaffold_70_c1_117  0.265  33  0.379  33  0.898  10  0.717   0.511 Y  0.450      SignalP-TM
5mSIPHEX2_7-scaffold_70_c1_120  0.548  23  0.692  23  0.961   4  0.875   0.791 Y  0.450      SignalP-noTM
5mSIPHEX2_7-scaffold_70_c1_120  0.577  23  0.689  23  0.897   7  0.839   0.748 Y  0.450      SignalP-TM
5mSIPHEX2_7-scaffold_70_c1_120  0.882  23  0.899  23  0.969   8  0.929   0.913 Y  0.570      SignalP-noTM
5mSIPHEX2_7-scaffold_70_c1_125  0.524  17  0.692  17  0.952  15  0.908   0.809 Y  0.450      SignalP-noTM
5mSIPHEX2_7-scaffold_70_c1_15  0.298  23  0.469  23  0.856   5  0.780   0.590 Y  0.450      SignalP-TM
5mSIPHEX2_7-scaffold_70_c1_15  0.545  23  0.689  23  0.939  12  0.872   0.788 Y  0.450      SignalP-noTM
5mSIPHEX2_7-scaffold_70_c1_15  0.700  23  0.754  23  0.910   6  0.845   0.797 Y  0.570      SignalP-noTM
5mSIPHEX2_7-scaffold_70_c1_29  0.194  38  0.307  21  0.915  14  0.869   0.526 Y  0.450      SignalP-TM
5mSIPHEX2_7-scaffold_70_c1_29  0.246  31  0.407  21  0.939   7  0.890   0.634 Y  0.570      SignalP-noTM
5mSIPHEX2_7-scaffold_70_c1_29  0.310  31  0.433  31  0.908  12  0.678   0.565 Y  0.450      SignalP-noTM
5mSIPHEX2_7-scaffold_70_c1_32  0.412  35  0.547  35  0.904  33  0.446   0.508 Y  0.450      SignalP-TM
5mSIPHEX2_7-scaffold_70_c1_32  0.697  35  0.663  35  0.851  34  0.496   0.573 Y  0.450      SignalP-noTM
5mSIPHEX2_7-scaffold_70_c1_32  0.892  35  0.869  35  0.959  34  0.628   0.756 Y  0.570      SignalP-noTM
5mSIPHEX2_7-scaffold_70_c1_33  0.565  27  0.619  27  0.930  11  0.767   0.678 Y  0.500      SignalP-TM
5mSIPHEX2_7-scaffold_70_c1_33  0.604  27  0.656  27  0.944  10  0.809   0.716 Y  0.450      SignalP-TM
5mSIPHEX2_7-scaffold_70_c1_33  0.781  27  0.759  27  0.960  12  0.848   0.801 Y  0.570      SignalP-noTM
5mSIPHEX2_7-scaffold_70_c1_41  0.336  40  0.399  22  0.727  15  0.613   0.482 Y  0.450      SignalP-TM
5mSIPHEX2_7-scaffold_70_c1_41  0.393  20  0.512  20  0.755  17  0.677   0.578 Y  0.500      SignalP-TM
5mSIPHEX2_7-scaffold_70_c1_51  0.679  22  0.594  22  0.739   5  0.579   0.588 Y  0.450      SignalP-TM
5mSIPHEX2_7-scaffold_70_c1_51  0.779  22  0.814  22  0.925  12  0.849   0.833 Y  0.450      SignalP-noTM
5mSIPHEX2_7-scaffold_70_c1_51  0.827  22  0.822  22  0.901   4  0.842   0.831 Y  0.570      SignalP-noTM
5mSIPHEX2_7-scaffold_70_c1_57  0.321  23  0.501  23  0.845   7  0.782   0.653 Y  0.450      SignalP-noTM
5mSIPHEX2_7-scaffold_70_c1_57  0.400  23  0.605  23  0.944   6  0.919   0.752 Y  0.570      SignalP-noTM
5mSIPHEX2_7-scaffold_70_c1_57  0.543  23  0.667  23  0.913   2  0.853   0.740 Y  0.450      SignalP-TM
5mSIPHEX2_7-scaffold_70_c1_66  0.206  29  0.396  29  0.867  19  0.686   0.510 Y  0.450      SignalP-TM
5mSIPHEX2_7-scaffold_70_c1_74  0.139  20  0.306  20  0.794   4  0.703   0.461 Y  0.450      SignalP-TM
5mSIPHEX2_7-scaffold_70_c1_74  0.675  20  0.783  20  0.956   3  0.902   0.847 Y  0.450      SignalP-noTM
5mSIPHEX2_7-scaffold_70_c1_74  0.734  20  0.811  20  0.952   5  0.906   0.855 Y  0.570      SignalP-noTM
5mSIPHEX2_7-scaffold_70_c1_75  0.392  21  0.554  21  0.891   4  0.805   0.652 Y  0.450      SignalP-TM
5mSIPHEX2_7-scaffold_70_c1_75  0.633  21  0.727  21  0.960  11  0.852   0.786 Y  0.570      SignalP-noTM
5mSIPHEX2_7-scaffold_70_c1_75  0.754  21  0.783  21  0.939   1  0.800   0.792 Y  0.450      SignalP-noTM
5mSIPHEX2_7-scaffold_70_c1_76  0.458  19  0.639  19  0.923   4  0.894   0.776 Y  0.450      SignalP-noTM
5mSIPHEX2_7-scaffold_70_c1_76  0.530  19  0.635  19  0.891   1  0.793   0.709 Y  0.570      SignalP-noTM
5mSIPHEX2_7-scaffold_70_c1_77  0.237  20  0.418  20  0.883   3  0.721   0.582 Y  0.450      SignalP-noTM
5mSIPHEX2_7-scaffold_70_c1_84  0.717  25  0.756  25  0.918  18  0.764   0.759 Y  0.450      SignalP-TM
5mSIPHEX2_7-scaffold_70_c1_84  0.809  25  0.847  25  0.963   9  0.916   0.879 Y  0.570      SignalP-noTM
5mSIPHEX2_7-scaffold_70_c1_84  0.866  25  0.897  25  0.982   7  0.928   0.914 Y  0.450      SignalP-noTM
5mSIPHEX2_7-scaffold_70_c1_89  0.339  20  0.496  20  0.843  18  0.732   0.588 Y  0.450      SignalP-TM
5mSIPHEX2_7-scaffold_70_c1_89  0.401  20  0.588  20  0.938   3  0.854   0.731 Y  0.450      SignalP-noTM
5mSIPHEX2_7-scaffold_70_c1_89  0.874  20  0.906  20  0.960   7  0.936   0.920 Y  0.570      SignalP-noTM
5mSIPHEX2_7-scaffold_70_c1_96  0.206  21  0.409  21  0.892  16  0.771   0.550 Y  0.450      SignalP-TM
5mSIPHEX2_7-scaffold_70_c1_96  0.461  21  0.649  21  0.974  17  0.906   0.770 Y  0.570      SignalP-noTM
5mSIPHEX2_7-scaffold_70_c1_96  0.644  21  0.751  21  0.923   4  0.873   0.816 Y  0.450      SignalP-noTM
5mSIPHEX2_7-scaffold_716_c1_4  0.502  21  0.587  19  0.854   4  0.707   0.652 Y  0.450      SignalP-noTM
5mSIPHEX2_7-scaffold_716_c1_4  0.538  21  0.530  21  0.758   4  0.579   0.549 Y  0.450      SignalP-TM
5mSIPHEX2_7-scaffold_716_c1_4  0.793  21  0.781  21  0.890   1  0.804   0.792 Y  0.570      SignalP-noTM
5mSIPHEX2_7-scaffold_763_c1_8  0.143  44  0.269  12  0.784   5  0.736   0.451 Y  0.450      SignalP-TM
5mSIPHEX2_7-scaffold_763_c1_8  0.157  18  0.367  18  0.909   7  0.853   0.630 Y  0.450      SignalP-noTM
5mSIPHEX2_7-scaffold_763_c1_8  0.187  21  0.376  21  0.907   3  0.807   0.579 Y  0.570      SignalP-noTM
5mSIPHEX2_7-scaffold_76_c1_108  0.621  28  0.676  28  0.873  23  0.679   0.677 Y  0.450      SignalP-noTM
5mSIPHEX2_7-scaffold_76_c1_114  0.285  20  0.418  20  0.722  18  0.595   0.487 Y  0.450      SignalP-TM
5mSIPHEX2_7-scaffold_76_c1_114  0.601  20  0.696  20  0.917  17  0.794   0.742 Y  0.570      SignalP-noTM
5mSIPHEX2_7-scaffold_76_c1_114  0.885  20  0.896  20  0.934   3  0.904   0.900 Y  0.450      SignalP-noTM
5mSIPHEX2_7-scaffold_76_c1_124  0.153  29  0.305  18  0.774   1  0.694   0.457 Y  0.450      SignalP-TM
5mSIPHEX2_7-scaffold_76_c1_124  0.396  18  0.552  18  0.900  14  0.761   0.650 Y  0.570      SignalP-noTM
5mSIPHEX2_7-scaffold_76_c1_124  0.695  17  0.790  17  0.926  14  0.898   0.849 Y  0.450      SignalP-noTM
5mSIPHEX2_7-scaffold_76_c1_18  0.211  28  0.374  28  0.893   1  0.697   0.548 Y  0.450      SignalP-noTM
5mSIPHEX2_7-scaffold_76_c1_19  0.708  23  0.702  23  0.907   6  0.768   0.728 Y  0.450      SignalP-TM
5mSIPHEX2_7-scaffold_76_c1_19  0.735  23  0.791  23  0.981  11  0.850   0.823 Y  0.450      SignalP-noTM
5mSIPHEX2_7-scaffold_76_c1_19  0.750  23  0.789  21  0.953   7  0.930   0.855 Y  0.570      SignalP-noTM
5mSIPHEX2_7-scaffold_76_c1_20  0.191  44  0.340  26  0.950   6  0.780   0.512 Y  0.450      SignalP-TM
5mSIPHEX2_7-scaffold_76_c1_20  0.211  21  0.413  21  0.947  14  0.851   0.619 Y  0.570      SignalP-noTM
5mSIPHEX2_7-scaffold_76_c1_20  0.217  16  0.448  16  0.947  11  0.920   0.703 Y  0.450      SignalP-noTM
5mSIPHEX2_7-scaffold_76_c1_21  0.700  21  0.737  21  0.885  18  0.793   0.759 Y  0.450      SignalP-TM
5mSIPHEX2_7-scaffold_76_c1_21  0.840  21  0.834  21  0.899  17  0.833   0.833 Y  0.570      SignalP-noTM
5mSIPHEX2_7-scaffold_76_c1_21  0.878  21  0.881  21  0.945  12  0.881   0.881 Y  0.450      SignalP-noTM
5mSIPHEX2_7-scaffold_76_c1_23  0.489  36  0.531  33  0.732  25  0.465   0.506 Y  0.450      SignalP-TM
5mSIPHEX2_7-scaffold_76_c1_23  0.577  27  0.745  27  0.993  18  0.960   0.861 Y  0.450      SignalP-noTM
5mSIPHEX2_7-scaffold_76_c1_25  0.406  21  0.521  21  0.750  17  0.659   0.575 Y  0.450      SignalP-TM
5mSIPHEX2_7-scaffold_76_c1_25  0.689  21  0.800  21  0.961   6  0.933   0.872 Y  0.450      SignalP-noTM
5mSIPHEX2_7-scaffold_76_c1_25  0.789  21  0.867  21  0.967  11  0.931   0.897 Y  0.570      SignalP-noTM
5mSIPHEX2_7-scaffold_76_c1_38  0.446  23  0.532  23  0.842  13  0.696   0.596 Y  0.450      SignalP-TM
5mSIPHEX2_7-scaffold_76_c1_38  0.650  23  0.633  23  0.741   2  0.617   0.624 Y  0.450      SignalP-noTM
5mSIPHEX2_7-scaffold_76_c1_38  0.743  23  0.749  23  0.890   2  0.798   0.772 Y  0.570      SignalP-noTM
5mSIPHEX2_7-scaffold_76_c1_39  0.271  25  0.475  25  0.912  13  0.818   0.609 Y  0.450      SignalP-TM
5mSIPHEX2_7-scaffold_76_c1_39  0.671  25  0.810  25  0.995  12  0.976   0.888 Y  0.570      SignalP-noTM
5mSIPHEX2_7-scaffold_76_c1_42  0.192  22  0.364  22  0.844  13  0.688   0.490 Y  0.450      SignalP-TM
5mSIPHEX2_7-scaffold_76_c1_42  0.373  20  0.564  20  0.948  18  0.846   0.696 Y  0.570      SignalP-noTM
5mSIPHEX2_7-scaffold_76_c1_42  0.606  20  0.743  20  0.951   2  0.905   0.830 Y  0.450      SignalP-noTM
5mSIPHEX2_7-scaffold_76_c1_52  0.218  37  0.383  18  0.950  17  0.864   0.571 Y  0.450      SignalP-TM
5mSIPHEX2_7-scaffold_76_c1_52  0.286  18  0.513  18  0.958  15  0.914   0.701 Y  0.570      SignalP-noTM
5mSIPHEX2_7-scaffold_76_c1_52  0.295  20  0.520  20  0.963  12  0.924   0.738 Y  0.450      SignalP-noTM
5mSIPHEX2_7-scaffold_76_c1_57  0.180  23  0.400  23  0.932   7  0.888   0.664 Y  0.450      SignalP-noTM
5mSIPHEX2_7-scaffold_76_c1_57  0.203  36  0.321  25  0.859  18  0.696   0.467 Y  0.450      SignalP-TM
5mSIPHEX2_7-scaffold_76_c1_57  0.385  25  0.571  25  0.943  18  0.848   0.701 Y  0.570      SignalP-noTM
5mSIPHEX2_7-scaffold_76_c1_64  0.422  20  0.449  20  0.728   4  0.454   0.452 Y  0.450      SignalP-noTM
5mSIPHEX2_7-scaffold_76_c1_66  0.193  21  0.423  21  0.968  17  0.929   0.661 Y  0.570      SignalP-noTM
5mSIPHEX2_7-scaffold_76_c1_66  0.214  20  0.442  20  0.967  17  0.900   0.621 Y  0.450      SignalP-TM
5mSIPHEX2_7-scaffold_76_c1_66  0.622  20  0.759  20  0.967  13  0.935   0.854 Y  0.450      SignalP-noTM
5mSIPHEX2_7-scaffold_76_c1_74  0.176  21  0.378  21  0.892   8  0.808   0.610 Y  0.450      SignalP-noTM
5mSIPHEX2_7-scaffold_76_c1_74  0.279  24  0.429  24  0.808  21  0.660   0.519 Y  0.450      SignalP-TM
5mSIPHEX2_7-scaffold_76_c1_74  0.304  24  0.453  24  0.917   8  0.778   0.606 Y  0.570      SignalP-noTM
5mSIPHEX2_7-scaffold_76_c1_88  0.529  19  0.645  19  0.882   1  0.807   0.708 Y  0.450      SignalP-TM
5mSIPHEX2_7-scaffold_76_c1_88  0.741  19  0.826  19  0.954  16  0.915   0.868 Y  0.570      SignalP-noTM
5mSIPHEX2_7-scaffold_76_c1_88  0.888  19  0.909  19  0.963  11  0.926   0.918 Y  0.450      SignalP-noTM
5mSIPHEX2_7-scaffold_76_c1_93  0.196  24  0.336  24  0.814   7  0.654   0.460 Y  0.450      SignalP-TM
5mSIPHEX2_7-scaffold_76_c1_93  0.523  24  0.649  24  0.945  11  0.848   0.742 Y  0.570      SignalP-noTM
5mSIPHEX2_7-scaffold_76_c1_93  0.592  24  0.663  24  0.902   5  0.745   0.708 Y  0.450      SignalP-noTM
5mSIPHEX2_7-scaffold_782_c1_12  0.741  19  0.715  19  0.861   1  0.713   0.714 Y  0.570      SignalP-noTM
5mSIPHEX2_7-scaffold_782_c1_12  0.815  19  0.847  19  0.961   1  0.863   0.856 Y  0.450      SignalP-noTM
5mSIPHEX2_7-scaffold_782_c1_6  0.311  51  0.328  22  0.800  18  0.647   0.453 Y  0.450      SignalP-TM
5mSIPHEX2_7-scaffold_7_c1_106  0.217  24  0.448  24  0.971   5  0.925   0.706 Y  0.450      SignalP-noTM
5mSIPHEX2_7-scaffold_7_c1_106  0.217  25  0.393  22  0.882   3  0.790   0.580 Y  0.570      SignalP-noTM
5mSIPHEX2_7-scaffold_7_c1_109  0.673  22  0.569  22  0.606  19  0.439   0.521 Y  0.510      SignalP-TM
5mSIPHEX2_7-scaffold_7_c1_109  0.709  22  0.585  22  0.596  12  0.463   0.538 Y  0.450      SignalP-TM
5mSIPHEX2_7-scaffold_7_c1_109  0.877  22  0.888  22  0.957   3  0.896   0.892 Y  0.450      SignalP-noTM
5mSIPHEX2_7-scaffold_7_c1_110  0.379  23  0.596  23  0.988   8  0.951   0.763 Y  0.570      SignalP-noTM
5mSIPHEX2_7-scaffold_7_c1_110  0.408  26  0.578  26  0.976  14  0.829   0.714 Y  0.450      SignalP-noTM
5mSIPHEX2_7-scaffold_7_c1_110  0.473  26  0.611  26  0.949   6  0.854   0.706 Y  0.450      SignalP-TM
5mSIPHEX2_7-scaffold_7_c1_115  0.221  20  0.423  20  0.900  12  0.824   0.583 Y  0.500      SignalP-TM
5mSIPHEX2_7-scaffold_7_c1_119  0.268  22  0.396  22  0.761  18  0.558   0.459 Y  0.450      SignalP-TM
5mSIPHEX2_7-scaffold_7_c1_119  0.375  22  0.456  22  0.737   1  0.547   0.505 Y  0.450      SignalP-noTM
5mSIPHEX2_7-scaffold_7_c1_119  0.716  22  0.699  22  0.820  17  0.711   0.705 Y  0.570      SignalP-noTM
5mSIPHEX2_7-scaffold_7_c1_124  0.419  20  0.516  20  0.803   7  0.622   0.573 Y  0.450      SignalP-noTM
5mSIPHEX2_7-scaffold_7_c1_125  0.226  27  0.397  23  0.954  12  0.813   0.621 Y  0.450      SignalP-noTM
5mSIPHEX2_7-scaffold_7_c1_133  0.189  23  0.332  23  0.886   4  0.688   0.471 Y  0.450      SignalP-TM
5mSIPHEX2_7-scaffold_7_c1_133  0.315  21  0.485  21  0.894   2  0.735   0.620 Y  0.450      SignalP-noTM
5mSIPHEX2_7-scaffold_7_c1_133  0.351  21  0.527  21  0.932   4  0.845   0.677 Y  0.570      SignalP-noTM
5mSIPHEX2_7-scaffold_7_c1_138  0.421  23  0.506  23  0.748  16  0.616   0.549 Y  0.450      SignalP-TM
5mSIPHEX2_7-scaffold_7_c1_138  0.534  23  0.646  23  0.884  16  0.782   0.719 Y  0.450      SignalP-noTM
5mSIPHEX2_7-scaffold_7_c1_138  0.621  23  0.617  23  0.814  17  0.645   0.630 Y  0.570      SignalP-noTM
5mSIPHEX2_7-scaffold_7_c1_139  0.614  20  0.721  20  0.936   2  0.837   0.784 Y  0.450      SignalP-noTM
5mSIPHEX2_7-scaffold_7_c1_146  0.250  22  0.414  22  0.811  18  0.636   0.501 Y  0.450      SignalP-TM
5mSIPHEX2_7-scaffold_7_c1_146  0.284  20  0.461  20  0.845  13  0.739   0.591 Y  0.570      SignalP-noTM
5mSIPHEX2_7-scaffold_7_c1_146  0.441  22  0.583  22  0.870   3  0.769   0.683 Y  0.450      SignalP-noTM
5mSIPHEX2_7-scaffold_7_c1_147  0.250  20  0.403  20  0.851   1  0.621   0.521 Y  0.450      SignalP-noTM
5mSIPHEX2_7-scaffold_7_c1_151  0.178  28  0.331  20  0.895   1  0.818   0.521 Y  0.450      SignalP-TM
5mSIPHEX2_7-scaffold_7_c1_151  0.321  20  0.516  20  0.904   2  0.848   0.672 Y  0.570      SignalP-noTM
5mSIPHEX2_7-scaffold_7_c1_151  0.344  20  0.551  20  0.905   3  0.883   0.730 Y  0.450      SignalP-noTM
5mSIPHEX2_7-scaffold_7_c1_152  0.611  25  0.534  25  0.633  18  0.420   0.490 Y  0.450      SignalP-TM
5mSIPHEX2_7-scaffold_7_c1_152  0.823  25  0.765  25  0.873  18  0.716   0.739 Y  0.450      SignalP-noTM
5mSIPHEX2_7-scaffold_7_c1_157  0.516  26  0.610  26  0.915   5  0.793   0.682 Y  0.450      SignalP-TM
5mSIPHEX2_7-scaffold_7_c1_157  0.694  26  0.751  26  0.961  19  0.874   0.809 Y  0.570      SignalP-noTM
5mSIPHEX2_7-scaffold_7_c1_157  0.854  26  0.871  26  0.961  15  0.891   0.882 Y  0.450      SignalP-noTM
5mSIPHEX2_7-scaffold_7_c1_161  0.352  21  0.503  21  0.878   1  0.756   0.602 Y  0.450      SignalP-TM
5mSIPHEX2_7-scaffold_7_c1_161  0.607  23  0.686  23  0.917   4  0.776   0.735 Y  0.450      SignalP-noTM
5mSIPHEX2_7-scaffold_7_c1_161  0.864  21  0.871  21  0.929  18  0.896   0.883 Y  0.570      SignalP-noTM
5mSIPHEX2_7-scaffold_7_c1_175  0.390  23  0.510  23  0.867  14  0.700   0.599 Y  0.570      SignalP-noTM
5mSIPHEX2_7-scaffold_7_c1_175  0.707  23  0.757  23  0.903   5  0.811   0.786 Y  0.450      SignalP-noTM
5mSIPHEX2_7-scaffold_7_c1_181  0.159  25  0.349  25  0.882  12  0.768   0.575 Y  0.450      SignalP-noTM
5mSIPHEX2_7-scaffold_7_c1_181  0.451  25  0.535  25  0.727  21  0.619   0.568 Y  0.450      SignalP-TM
5mSIPHEX2_7-scaffold_7_c1_181  0.458  25  0.569  25  0.803  21  0.721   0.641 Y  0.570      SignalP-noTM
5mSIPHEX2_7-scaffold_7_c1_185  0.203  16  0.437  16  0.974  10  0.935   0.671 Y  0.570      SignalP-noTM
5mSIPHEX2_7-scaffold_7_c1_185  0.248  26  0.434  26  0.921  17  0.813   0.582 Y  0.450      SignalP-TM
5mSIPHEX2_7-scaffold_7_c1_185  0.415  16  0.618  16  0.965  12  0.931   0.787 Y  0.450      SignalP-noTM
5mSIPHEX2_7-scaffold_7_c1_199  0.317  36  0.443  36  0.767  15  0.588   0.521 Y  0.450      SignalP-noTM
5mSIPHEX2_7-scaffold_7_c1_199  0.518  36  0.644  36  0.940  34  0.692   0.667 Y  0.570      SignalP-noTM
5mSIPHEX2_7-scaffold_7_c1_200  0.180  24  0.387  24  0.931  15  0.842   0.565 Y  0.450      SignalP-TM
5mSIPHEX2_7-scaffold_7_c1_200  0.518  19  0.697  19  0.958  12  0.930   0.806 Y  0.570      SignalP-noTM
5mSIPHEX2_7-scaffold_7_c1_200  0.520  19  0.707  19  0.983  10  0.961   0.844 Y  0.450      SignalP-noTM
5mSIPHEX2_7-scaffold_7_c1_205  0.442  30  0.500  28  0.919   7  0.737   0.593 Y  0.450      SignalP-TM
5mSIPHEX2_7-scaffold_7_c1_205  0.517  28  0.571  28  0.912   7  0.756   0.658 Y  0.570      SignalP-noTM
5mSIPHEX2_7-scaffold_7_c1_205  0.626  28  0.647  28  0.921  13  0.699   0.675 Y  0.450      SignalP-noTM
5mSIPHEX2_7-scaffold_7_c1_213  0.344  20  0.486  20  0.843   1  0.726   0.580 Y  0.450      SignalP-TM
5mSIPHEX2_7-scaffold_7_c1_213  0.522  20  0.671  20  0.927   2  0.854   0.770 Y  0.450      SignalP-noTM
5mSIPHEX2_7-scaffold_7_c1_213  0.749  20  0.769  20  0.919   2  0.822   0.794 Y  0.570      SignalP-noTM
5mSIPHEX2_7-scaffold_7_c1_217  0.307  22  0.461  22  0.917   7  0.763   0.579 Y  0.450      SignalP-TM
5mSIPHEX2_7-scaffold_7_c1_217  0.509  22  0.615  22  0.873   1  0.762   0.684 Y  0.570      SignalP-noTM
5mSIPHEX2_7-scaffold_7_c1_217  0.530  22  0.609  22  0.848   1  0.691   0.653 Y  0.450      SignalP-noTM
5mSIPHEX2_7-scaffold_7_c1_227  0.242  26  0.442  26  0.935  16  0.826   0.592 Y  0.450      SignalP-TM
5mSIPHEX2_7-scaffold_7_c1_227  0.270  22  0.470  22  0.892   4  0.818   0.658 Y  0.450      SignalP-noTM
5mSIPHEX2_7-scaffold_7_c1_227  0.363  23  0.562  23  0.954  17  0.888   0.715 Y  0.570      SignalP-noTM
5mSIPHEX2_7-scaffold_7_c1_233  0.392  41  0.482  41  0.758  37  0.464   0.475 Y  0.450      SignalP-TM
5mSIPHEX2_7-scaffold_7_c1_252  0.517  26  0.513  26  0.887   2  0.629   0.558 Y  0.450      SignalP-TM
5mSIPHEX2_7-scaffold_7_c1_252  0.628  21  0.721  21  0.928   8  0.819   0.774 Y  0.450      SignalP-noTM
5mSIPHEX2_7-scaffold_7_c1_252  0.853  21  0.860  21  0.974   7  0.898   0.878 Y  0.570      SignalP-noTM
5mSIPHEX2_7-scaffold_7_c1_253  0.424  29  0.555  29  0.806  23  0.725   0.647 Y  0.450      SignalP-noTM
5mSIPHEX2_7-scaffold_7_c1_256  0.242  19  0.430  19  0.812   5  0.765   0.564 Y  0.500      SignalP-TM
5mSIPHEX2_7-scaffold_7_c1_258  0.368  22  0.545  22  0.901  19  0.782   0.637 Y  0.450      SignalP-TM
5mSIPHEX2_7-scaffold_7_c1_258  0.798  22  0.854  22  0.961  11  0.906   0.879 Y  0.570      SignalP-noTM
5mSIPHEX2_7-scaffold_7_c1_258  0.829  22  0.874  22  0.970  11  0.920   0.899 Y  0.450      SignalP-noTM
5mSIPHEX2_7-scaffold_7_c1_261  0.192  24  0.394  24  0.894  18  0.805   0.554 Y  0.450      SignalP-TM
5mSIPHEX2_7-scaffold_7_c1_261  0.643  20  0.761  20  0.933  16  0.901   0.827 Y  0.570      SignalP-noTM
5mSIPHEX2_7-scaffold_7_c1_261  0.857  20  0.900  20  0.970  12  0.948   0.926 Y  0.450      SignalP-noTM
5mSIPHEX2_7-scaffold_7_c1_262  0.225  25  0.416  25  0.888   6  0.774   0.610 Y  0.450      SignalP-noTM
5mSIPHEX2_7-scaffold_7_c1_262  0.265  27  0.423  25  0.961   7  0.830   0.614 Y  0.570      SignalP-noTM
5mSIPHEX2_7-scaffold_7_c1_262  0.268  62  0.407  27  0.964  10  0.809   0.564 Y  0.450      SignalP-TM
5mSIPHEX2_7-scaffold_7_c1_280  0.188  26  0.340  26  0.760   7  0.604   0.483 Y  0.450      SignalP-noTM
5mSIPHEX2_7-scaffold_7_c1_280  0.469  33  0.625  33  0.940  18  0.835   0.707 Y  0.450      SignalP-TM
5mSIPHEX2_7-scaffold_7_c1_280  0.789  33  0.829  33  0.984  23  0.890   0.857 Y  0.570      SignalP-noTM
5mSIPHEX2_7-scaffold_7_c1_28  0.551  23  0.658  23  0.857  17  0.753   0.696 Y  0.500      SignalP-TM
5mSIPHEX2_7-scaffold_7_c1_283  0.322  25  0.512  25  0.923   6  0.848   0.643 Y  0.450      SignalP-TM
5mSIPHEX2_7-scaffold_7_c1_283  0.682  25  0.782  25  0.956  16  0.893   0.842 Y  0.450      SignalP-noTM
5mSIPHEX2_7-scaffold_7_c1_283  0.846  25  0.892  25  0.975  11  0.948   0.919 Y  0.570      SignalP-noTM
5mSIPHEX2_7-scaffold_7_c1_286  0.220  27  0.380  27  0.856  21  0.644   0.522 Y  0.450      SignalP-noTM
5mSIPHEX2_7-scaffold_7_c1_286  0.696  27  0.761  27  0.945  15  0.801   0.776 Y  0.450      SignalP-TM
5mSIPHEX2_7-scaffold_7_c1_286  0.726  27  0.758  27  0.922  12  0.798   0.776 Y  0.570      SignalP-noTM
5mSIPHEX2_7-scaffold_7_c1_287  0.240  26  0.392  26  0.808   2  0.702   0.513 Y  0.450      SignalP-TM
5mSIPHEX2_7-scaffold_7_c1_287  0.278  21  0.483  21  0.933   4  0.835   0.673 Y  0.450      SignalP-noTM
5mSIPHEX2_7-scaffold_7_c1_295  0.259  56  0.356  25  0.878  15  0.718   0.497 Y  0.450      SignalP-TM
5mSIPHEX2_7-scaffold_7_c1_295  0.273  18  0.501  18  0.948  12  0.915   0.724 Y  0.450      SignalP-noTM
5mSIPHEX2_7-scaffold_7_c1_295  0.553  18  0.691  18  0.926  16  0.859   0.770 Y  0.570      SignalP-noTM
5mSIPHEX2_7-scaffold_7_c1_309  0.333  23  0.522  23  0.914  11  0.835   0.647 Y  0.500      SignalP-TM
5mSIPHEX2_7-scaffold_7_c1_317  0.293  19  0.476  19  0.907  16  0.751   0.605 Y  0.570      SignalP-noTM
5mSIPHEX2_7-scaffold_7_c1_317  0.842  19  0.857  19  0.949   2  0.861   0.859 Y  0.450      SignalP-noTM
5mSIPHEX2_7-scaffold_7_c1_318  0.348  27  0.420  27  0.746   1  0.583   0.483 Y  0.450      SignalP-TM
5mSIPHEX2_7-scaffold_7_c1_318  0.435  16  0.520  16  0.816  12  0.619   0.559 Y  0.500      SignalP-TM
5mSIPHEX2_7-scaffold_7_c1_323  0.215  23  0.433  23  0.938   4  0.874   0.671 Y  0.450      SignalP-noTM
5mSIPHEX2_7-scaffold_7_c1_323  0.282  28  0.461  28  0.929  14  0.820   0.601 Y  0.450      SignalP-TM
5mSIPHEX2_7-scaffold_7_c1_323  0.542  24  0.694  24  0.979   8  0.920   0.800 Y  0.570      SignalP-noTM
5mSIPHEX2_7-scaffold_7_c1_345  0.265  31  0.492  31  0.985  22  0.843   0.657 Y  0.570      SignalP-noTM
5mSIPHEX2_7-scaffold_7_c1_345  0.387  33  0.564  33  0.930  27  0.779   0.648 Y  0.450      SignalP-TM
5mSIPHEX2_7-scaffold_7_c1_348  0.309  24  0.528  24  0.959  16  0.901   0.729 Y  0.450      SignalP-noTM
5mSIPHEX2_7-scaffold_7_c1_350  0.282  20  0.479  20  0.917   3  0.805   0.655 Y  0.450      SignalP-noTM
5mSIPHEX2_7-scaffold_7_c1_350  0.384  22  0.585  22  0.969  12  0.899   0.732 Y  0.570      SignalP-noTM
5mSIPHEX2_7-scaffold_7_c1_350  0.470  29  0.599  17  0.889  16  0.822   0.686 Y  0.450      SignalP-TM
5mSIPHEX2_7-scaffold_7_c1_356  0.618  23  0.718  23  0.932   3  0.835   0.781 Y  0.450      SignalP-noTM
5mSIPHEX2_7-scaffold_7_c1_356  0.776  23  0.770  23  0.920   4  0.809   0.785 Y  0.450      SignalP-TM
5mSIPHEX2_7-scaffold_7_c1_356  0.808  23  0.779  23  0.888   5  0.803   0.790 Y  0.570      SignalP-noTM
5mSIPHEX2_7-scaffold_7_c1_359  0.385  23  0.483  23  0.879   6  0.702   0.568 Y  0.450      SignalP-TM
5mSIPHEX2_7-scaffold_7_c1_359  0.713  23  0.718  23  0.908   3  0.724   0.721 Y  0.450      SignalP-noTM
5mSIPHEX2_7-scaffold_7_c1_359  0.798  23  0.859  23  0.981   8  0.937   0.896 Y  0.570      SignalP-noTM
5mSIPHEX2_7-scaffold_7_c1_360  0.347  25  0.500  25  0.834   8  0.742   0.594 Y  0.450      SignalP-TM
5mSIPHEX2_7-scaffold_7_c1_360  0.575  25  0.711  25  0.934   6  0.878   0.801 Y  0.450      SignalP-noTM
5mSIPHEX2_7-scaffold_7_c1_360  0.733  25  0.657  25  0.749  22  0.578   0.628 Y  0.510      SignalP-TM
5mSIPHEX2_7-scaffold_7_c1_396  0.583  22  0.649  22  0.785  21  0.714   0.674 Y  0.450      SignalP-TM
5mSIPHEX2_7-scaffold_7_c1_396  0.612  22  0.719  22  0.925  16  0.845   0.787 Y  0.450      SignalP-noTM
5mSIPHEX2_7-scaffold_7_c1_396  0.804  22  0.860  22  0.955  15  0.907   0.882 Y  0.570      SignalP-noTM
5mSIPHEX2_7-scaffold_7_c1_415  0.203  26  0.352  26  0.818  10  0.676   0.479 Y  0.450      SignalP-TM
5mSIPHEX2_7-scaffold_7_c1_415  0.815  26  0.868  26  0.976  17  0.924   0.898 Y  0.450      SignalP-noTM
5mSIPHEX2_7-scaffold_7_c1_417  0.349  23  0.461  23  0.800   1  0.642   0.531 Y  0.450      SignalP-TM
5mSIPHEX2_7-scaffold_7_c1_417  0.671  23  0.723  23  0.878  19  0.792   0.755 Y  0.570      SignalP-noTM
5mSIPHEX2_7-scaffold_7_c1_418  0.190  23  0.392  23  0.903  17  0.796   0.549 Y  0.450      SignalP-TM
5mSIPHEX2_7-scaffold_7_c1_418  0.510  23  0.683  23  0.970  17  0.923   0.796 Y  0.570      SignalP-noTM
5mSIPHEX2_7-scaffold_7_c1_418  0.693  21  0.792  21  0.952  18  0.909   0.855 Y  0.450      SignalP-noTM
5mSIPHEX2_7-scaffold_7_c1_45  0.213  24  0.420  24  0.908  19  0.846   0.586 Y  0.450      SignalP-TM
5mSIPHEX2_7-scaffold_7_c1_45  0.373  21  0.595  21  0.971  19  0.937   0.756 Y  0.570      SignalP-noTM
5mSIPHEX2_7-scaffold_7_c1_45  0.842  21  0.887  21  0.964   4  0.937   0.914 Y  0.450      SignalP-noTM
5mSIPHEX2_7-scaffold_7_c1_46  0.423  28  0.545  28  0.879  10  0.741   0.622 Y  0.450      SignalP-TM
5mSIPHEX2_7-scaffold_7_c1_46  0.593  28  0.745  28  0.987  16  0.943   0.838 Y  0.570      SignalP-noTM
5mSIPHEX2_7-scaffold_7_c1_46  0.756  28  0.824  28  0.980  16  0.905   0.868 Y  0.450      SignalP-noTM
5mSIPHEX2_7-scaffold_7_c1_52  0.517  18  0.626  18  0.857  12  0.765   0.692 Y  0.570      SignalP-noTM
5mSIPHEX2_7-scaffold_7_c1_52  0.755  18  0.811  18  0.906  12  0.863   0.839 Y  0.450      SignalP-noTM
5mSIPHEX2_7-scaffold_7_c1_53  0.249  17  0.458  17  0.897   1  0.821   0.654 Y  0.450      SignalP-noTM
5mSIPHEX2_7-scaffold_7_c1_58  0.719  23  0.737  23  0.871  12  0.756   0.747 Y  0.450      SignalP-noTM
5mSIPHEX2_7-scaffold_7_c1_58  0.779  23  0.775  23  0.887   7  0.813   0.793 Y  0.570      SignalP-noTM
5mSIPHEX2_7-scaffold_7_c1_71  0.241  23  0.397  23  0.811   5  0.702   0.516 Y  0.450      SignalP-TM
5mSIPHEX2_7-scaffold_7_c1_71  0.601  23  0.690  23  0.890  20  0.810   0.746 Y  0.570      SignalP-noTM
5mSIPHEX2_7-scaffold_7_c1_71  0.824  23  0.819  23  0.912   3  0.814   0.817 Y  0.450      SignalP-noTM
5mSIPHEX2_7-scaffold_7_c1_73  0.454  28  0.596  28  0.956  25  0.654   0.623 Y  0.570      SignalP-noTM
5mSIPHEX2_7-scaffold_7_c1_73  0.515  30  0.583  30  0.871  25  0.520   0.559 Y  0.450      SignalP-TM
5mSIPHEX2_7-scaffold_7_c1_74  0.563  20  0.548  20  0.757   1  0.564   0.554 Y  0.450      SignalP-TM
5mSIPHEX2_7-scaffold_7_c1_74  0.694  20  0.739  20  0.899  14  0.774   0.758 Y  0.450      SignalP-noTM
5mSIPHEX2_7-scaffold_7_c1_74  0.730  20  0.773  20  0.885   1  0.822   0.796 Y  0.570      SignalP-noTM
5mSIPHEX2_7-scaffold_7_c1_75  0.231  20  0.441  20  0.925   6  0.862   0.605 Y  0.450      SignalP-TM
5mSIPHEX2_7-scaffold_7_c1_75  0.851  20  0.889  20  0.953   8  0.926   0.906 Y  0.570      SignalP-noTM
5mSIPHEX2_7-scaffold_7_c1_75  0.855  20  0.897  20  0.971   3  0.941   0.921 Y  0.450      SignalP-noTM
5mSIPHEX2_7-scaffold_7_c1_80  0.643  22  0.755  22  0.968   2  0.884   0.825 Y  0.450      SignalP-noTM
5mSIPHEX2_7-scaffold_7_c1_90  0.750  26  0.798  26  0.895   8  0.828   0.810 Y  0.450      SignalP-TM
5mSIPHEX2_7-scaffold_7_c1_90  0.814  26  0.858  26  0.970  17  0.903   0.883 Y  0.450      SignalP-noTM
5mSIPHEX2_7-scaffold_7_c1_90  0.830  26  0.842  26  0.931  12  0.862   0.851 Y  0.570      SignalP-noTM
5mSIPHEX2_7-scaffold_7_c1_98  0.197  24  0.391  23  0.917   8  0.847   0.606 Y  0.570      SignalP-noTM
5mSIPHEX2_7-scaffold_7_c1_98  0.338  23  0.497  23  0.890   6  0.783   0.608 Y  0.450      SignalP-TM
5mSIPHEX2_7-scaffold_7_c1_98  0.494  23  0.583  23  0.843   5  0.689   0.640 Y  0.450      SignalP-noTM
5mSIPHEX2_7-scaffold_801_c1_10  0.282  19  0.459  19  0.866   6  0.778   0.609 Y  0.570      SignalP-noTM
5mSIPHEX2_7-scaffold_801_c1_10  0.534  19  0.573  19  0.714   9  0.595   0.585 Y  0.450      SignalP-noTM
5mSIPHEX2_7-scaffold_801_c1_6  0.451  28  0.541  28  0.762  13  0.637   0.578 Y  0.450      SignalP-TM
5mSIPHEX2_7-scaffold_801_c1_6  0.735  28  0.807  21  0.973  12  0.938   0.878 Y  0.450      SignalP-noTM
5mSIPHEX2_7-scaffold_801_c1_8  0.357  25  0.531  25  0.916   5  0.835   0.649 Y  0.450      SignalP-TM
5mSIPHEX2_7-scaffold_801_c1_8  0.752  25  0.832  25  0.964  21  0.923   0.874 Y  0.570      SignalP-noTM
5mSIPHEX2_7-scaffold_801_c1_8  0.776  25  0.817  25  0.941  18  0.855   0.837 Y  0.450      SignalP-noTM
5mSIPHEX2_7-scaffold_801_c1_9  0.184  22  0.401  22  0.900  20  0.844   0.574 Y  0.450      SignalP-TM
5mSIPHEX2_7-scaffold_801_c1_9  0.310  22  0.502  22  0.883  20  0.812   0.670 Y  0.450      SignalP-noTM
5mSIPHEX2_7-scaffold_801_c1_9  0.361  22  0.585  22  0.968  11  0.932   0.748 Y  0.570      SignalP-noTM
