700mSIPHEX2_24-scaffold_116_c1_100  0.335  30  0.490  30  0.832  27  0.543   0.511 Y  0.450      SignalP-TM
700mSIPHEX2_24-scaffold_116_c1_11  0.559  23  0.666  23  0.877  19  0.754   0.701 Y  0.450      SignalP-TM
700mSIPHEX2_24-scaffold_116_c1_11  0.767  23  0.823  23  0.961  11  0.883   0.855 Y  0.450      SignalP-noTM
700mSIPHEX2_24-scaffold_116_c1_11  0.838  23  0.860  23  0.910  12  0.862   0.861 Y  0.570      SignalP-noTM
700mSIPHEX2_24-scaffold_116_c1_2  0.585  28  0.688  28  0.891   7  0.795   0.746 Y  0.450      SignalP-noTM
700mSIPHEX2_24-scaffold_116_c1_26  0.303  18  0.478  18  0.926   1  0.786   0.623 Y  0.570      SignalP-noTM
700mSIPHEX2_24-scaffold_116_c1_26  0.341  21  0.549  21  0.945  10  0.883   0.729 Y  0.450      SignalP-noTM
700mSIPHEX2_24-scaffold_116_c1_29  0.333  21  0.505  21  0.855  16  0.764   0.645 Y  0.450      SignalP-noTM
700mSIPHEX2_24-scaffold_116_c1_39  0.447  27  0.611  27  0.907  11  0.832   0.697 Y  0.450      SignalP-TM
700mSIPHEX2_24-scaffold_116_c1_39  0.588  27  0.758  27  0.990  23  0.959   0.852 Y  0.570      SignalP-noTM
700mSIPHEX2_24-scaffold_116_c1_39  0.813  27  0.884  27  0.980   8  0.956   0.923 Y  0.450      SignalP-noTM
700mSIPHEX2_24-scaffold_116_c1_40  0.246  22  0.448  22  0.906  18  0.836   0.599 Y  0.450      SignalP-TM
700mSIPHEX2_24-scaffold_116_c1_40  0.299  22  0.495  22  0.926   1  0.836   0.655 Y  0.570      SignalP-noTM
700mSIPHEX2_24-scaffold_116_c1_40  0.459  21  0.650  21  0.974  11  0.920   0.796 Y  0.450      SignalP-noTM
700mSIPHEX2_24-scaffold_116_c1_54  0.302  31  0.501  31  0.941  17  0.831   0.629 Y  0.450      SignalP-TM
700mSIPHEX2_24-scaffold_116_c1_54  0.607  31  0.722  31  0.989  19  0.907   0.809 Y  0.570      SignalP-noTM
700mSIPHEX2_24-scaffold_116_c1_54  0.733  31  0.608  31  0.799  12  0.594   0.602 Y  0.500      SignalP-TM
700mSIPHEX2_24-scaffold_116_c1_6  0.366  30  0.536  30  0.879  24  0.748   0.619 Y  0.450      SignalP-TM
700mSIPHEX2_24-scaffold_116_c1_7  0.320  44  0.464  44  0.886  31  0.448   0.455 Y  0.450      SignalP-noTM
700mSIPHEX2_24-scaffold_116_c1_98  0.223  24  0.435  24  0.911  18  0.836   0.592 Y  0.450      SignalP-TM
700mSIPHEX2_24-scaffold_116_c1_98  0.498  21  0.696  21  0.985  12  0.960   0.820 Y  0.570      SignalP-noTM
700mSIPHEX2_24-scaffold_116_c1_98  0.606  21  0.763  21  0.983  15  0.964   0.872 Y  0.450      SignalP-noTM
700mSIPHEX2_24-scaffold_1172_c1_4  0.202  28  0.399  21  0.862   2  0.811   0.593 Y  0.570      SignalP-noTM
700mSIPHEX2_24-scaffold_1172_c1_4  0.383  28  0.504  28  0.906  17  0.684   0.574 Y  0.450      SignalP-TM
700mSIPHEX2_24-scaffold_1172_c1_4  0.717  20  0.776  20  0.889  12  0.847   0.814 Y  0.450      SignalP-noTM
700mSIPHEX2_24-scaffold_1172_c1_6  0.192  32  0.355  22  0.848   8  0.730   0.502 Y  0.450      SignalP-TM
700mSIPHEX2_24-scaffold_1172_c1_6  0.722  22  0.834  22  0.986  11  0.958   0.892 Y  0.570      SignalP-noTM
700mSIPHEX2_24-scaffold_1172_c1_6  0.792  22  0.870  22  0.986   5  0.955   0.915 Y  0.450      SignalP-noTM
700mSIPHEX2_24-scaffold_135_c1_18  0.498  37  0.593  37  0.814   7  0.717   0.641 Y  0.450      SignalP-TM
700mSIPHEX2_24-scaffold_135_c1_18  0.811  37  0.792  37  0.925  21  0.744   0.769 Y  0.570      SignalP-noTM
700mSIPHEX2_24-scaffold_135_c1_19  0.706  36  0.702  36  0.904  28  0.682   0.694 Y  0.450      SignalP-TM
700mSIPHEX2_24-scaffold_135_c1_19  0.788  36  0.677  36  0.787  25  0.490   0.608 Y  0.510      SignalP-TM
700mSIPHEX2_24-scaffold_135_c1_37  0.257  39  0.389  39  0.819  27  0.616   0.477 Y  0.450      SignalP-TM
700mSIPHEX2_24-scaffold_135_c1_5  0.730  26  0.807  26  0.940  22  0.890   0.840 Y  0.450      SignalP-TM
700mSIPHEX2_24-scaffold_135_c1_5  0.787  26  0.823  26  0.927  16  0.842   0.833 Y  0.450      SignalP-noTM
700mSIPHEX2_24-scaffold_135_c1_5  0.826  26  0.882  26  0.970  22  0.929   0.904 Y  0.570      SignalP-noTM
700mSIPHEX2_24-scaffold_135_c1_9  0.248  36  0.420  36  0.903  26  0.595   0.515 Y  0.450      SignalP-noTM
700mSIPHEX2_24-scaffold_135_c2_13  0.144  28  0.334  26  0.895  20  0.799   0.515 Y  0.450      SignalP-TM
700mSIPHEX2_24-scaffold_135_c2_13  0.408  21  0.611  21  0.959  19  0.919   0.756 Y  0.570      SignalP-noTM
700mSIPHEX2_24-scaffold_135_c2_13  0.612  23  0.755  23  0.968   5  0.932   0.851 Y  0.450      SignalP-noTM
700mSIPHEX2_24-scaffold_135_c2_27  0.221  21  0.413  21  0.879  20  0.810   0.600 Y  0.570      SignalP-noTM
700mSIPHEX2_24-scaffold_135_c2_27  0.770  25  0.783  25  0.903  17  0.801   0.793 Y  0.450      SignalP-noTM
700mSIPHEX2_24-scaffold_135_c2_28  0.758  30  0.638  30  0.710   7  0.540   0.585 Y  0.450      SignalP-noTM
700mSIPHEX2_24-scaffold_135_c2_4  0.602  24  0.548  24  0.705  20  0.481   0.523 Y  0.510      SignalP-TM
700mSIPHEX2_24-scaffold_135_c2_5  0.172  22  0.383  22  0.909   4  0.850   0.602 Y  0.570      SignalP-noTM
700mSIPHEX2_24-scaffold_135_c2_5  0.443  26  0.607  26  0.936   2  0.844   0.735 Y  0.450      SignalP-noTM
700mSIPHEX2_24-scaffold_139_c1_17  0.221  21  0.415  21  0.890  14  0.774   0.608 Y  0.450      SignalP-noTM
700mSIPHEX2_24-scaffold_139_c1_29  0.561  23  0.738  23  0.994  14  0.971   0.864 Y  0.450      SignalP-noTM
700mSIPHEX2_24-scaffold_139_c1_38  0.238  39  0.437  23  0.922   9  0.888   0.613 Y  0.450      SignalP-TM
700mSIPHEX2_24-scaffold_139_c1_38  0.258  25  0.483  25  0.978  10  0.925   0.691 Y  0.570      SignalP-noTM
700mSIPHEX2_24-scaffold_139_c1_38  0.639  25  0.767  25  0.978  15  0.917   0.848 Y  0.450      SignalP-noTM
700mSIPHEX2_24-scaffold_139_c1_44  0.602  21  0.560  21  0.855   1  0.565   0.562 Y  0.500      SignalP-TM
700mSIPHEX2_24-scaffold_139_c1_51  0.488  28  0.653  28  0.979  15  0.884   0.778 Y  0.450      SignalP-noTM
700mSIPHEX2_24-scaffold_139_c1_51  0.707  28  0.751  28  0.860  21  0.792   0.767 Y  0.450      SignalP-TM
700mSIPHEX2_24-scaffold_139_c1_51  0.787  28  0.832  28  0.952  11  0.903   0.865 Y  0.570      SignalP-noTM
700mSIPHEX2_24-scaffold_139_c1_54  0.199  43  0.381  27  0.926  14  0.752   0.526 Y  0.450      SignalP-TM
700mSIPHEX2_24-scaffold_139_c1_54  0.236  27  0.411  27  0.813  13  0.679   0.510 Y  0.510      SignalP-TM
700mSIPHEX2_24-scaffold_139_c1_54  0.548  27  0.539  27  0.767   8  0.582   0.556 Y  0.500      SignalP-TM
700mSIPHEX2_24-scaffold_139_c1_62  0.365  19  0.495  19  0.793  12  0.686   0.571 Y  0.500      SignalP-TM
700mSIPHEX2_24-scaffold_155_c1_12  0.592  25  0.751  25  0.983  15  0.953   0.860 Y  0.450      SignalP-noTM
700mSIPHEX2_24-scaffold_155_c1_22  0.253  27  0.414  27  0.886  24  0.520   0.455 Y  0.450      SignalP-TM
700mSIPHEX2_24-scaffold_155_c1_22  0.823  27  0.855  27  0.956  19  0.872   0.864 Y  0.450      SignalP-noTM
700mSIPHEX2_24-scaffold_155_c1_32  0.342  25  0.522  25  0.862  15  0.788   0.626 Y  0.450      SignalP-TM
700mSIPHEX2_24-scaffold_155_c1_32  0.424  25  0.604  25  0.969   5  0.864   0.744 Y  0.450      SignalP-noTM
700mSIPHEX2_24-scaffold_155_c1_32  0.649  25  0.773  25  0.955  18  0.925   0.844 Y  0.570      SignalP-noTM
700mSIPHEX2_24-scaffold_155_c1_37  0.397  26  0.601  26  0.937  23  0.850   0.698 Y  0.450      SignalP-TM
700mSIPHEX2_24-scaffold_155_c1_37  0.494  26  0.665  26  0.942  16  0.889   0.786 Y  0.450      SignalP-noTM
700mSIPHEX2_24-scaffold_155_c1_37  0.638  29  0.747  29  0.977  21  0.898   0.818 Y  0.570      SignalP-noTM
700mSIPHEX2_24-scaffold_155_c1_44  0.182  20  0.361  20  0.832   3  0.734   0.507 Y  0.450      SignalP-TM
700mSIPHEX2_24-scaffold_155_c1_44  0.816  20  0.838  20  0.939  18  0.836   0.837 Y  0.570      SignalP-noTM
700mSIPHEX2_24-scaffold_155_c1_44  0.842  20  0.886  20  0.966   2  0.929   0.909 Y  0.450      SignalP-noTM
700mSIPHEX2_24-scaffold_155_c1_45  0.752  22  0.811  22  0.927  15  0.873   0.844 Y  0.450      SignalP-noTM
700mSIPHEX2_24-scaffold_155_c1_45  0.844  22  0.813  22  0.919   1  0.823   0.817 Y  0.570      SignalP-noTM
700mSIPHEX2_24-scaffold_155_c1_48  0.610  22  0.736  22  0.952  18  0.898   0.799 Y  0.450      SignalP-TM
700mSIPHEX2_24-scaffold_155_c1_48  0.894  22  0.920  22  0.967  18  0.949   0.934 Y  0.570      SignalP-noTM
700mSIPHEX2_24-scaffold_155_c1_48  0.906  22  0.928  22  0.978  12  0.950   0.940 Y  0.450      SignalP-noTM
700mSIPHEX2_24-scaffold_155_c1_51  0.573  26  0.672  26  0.878  19  0.743   0.700 Y  0.450      SignalP-TM
700mSIPHEX2_24-scaffold_155_c1_51  0.650  26  0.702  26  0.840  24  0.738   0.721 Y  0.450      SignalP-noTM
700mSIPHEX2_24-scaffold_155_c1_51  0.795  26  0.773  26  0.938  10  0.828   0.799 Y  0.570      SignalP-noTM
700mSIPHEX2_24-scaffold_155_c1_58  0.452  23  0.658  23  0.984   8  0.958   0.820 Y  0.450      SignalP-noTM
700mSIPHEX2_24-scaffold_155_c1_68  0.209  28  0.399  28  0.862  15  0.777   0.546 Y  0.450      SignalP-TM
700mSIPHEX2_24-scaffold_155_c1_68  0.283  22  0.486  22  0.887   7  0.848   0.656 Y  0.570      SignalP-noTM
700mSIPHEX2_24-scaffold_155_c1_68  0.461  25  0.646  25  0.965  15  0.905   0.786 Y  0.450      SignalP-noTM
700mSIPHEX2_24-scaffold_155_c1_71  0.260  30  0.500  30  0.989  23  0.923   0.728 Y  0.450      SignalP-noTM
700mSIPHEX2_24-scaffold_155_c1_8  0.684  27  0.705  27  0.882  11  0.723   0.712 Y  0.500      SignalP-TM
700mSIPHEX2_24-scaffold_155_c1_8  0.744  27  0.720  27  0.792  18  0.625   0.685 Y  0.510      SignalP-TM
700mSIPHEX2_24-scaffold_155_c1_8  0.821  29  0.786  29  0.856  25  0.686   0.747 Y  0.450      SignalP-TM
700mSIPHEX2_24-scaffold_176_c1_1  0.632  21  0.643  21  0.795  18  0.667   0.652 Y  0.450      SignalP-TM
700mSIPHEX2_24-scaffold_176_c1_1  0.791  21  0.803  21  0.898  13  0.821   0.813 Y  0.450      SignalP-noTM
700mSIPHEX2_24-scaffold_176_c1_1  0.841  21  0.768  21  0.885  18  0.728   0.750 Y  0.570      SignalP-noTM
700mSIPHEX2_24-scaffold_176_c1_2  0.332  36  0.435  36  0.790  19  0.658   0.522 Y  0.450      SignalP-TM
700mSIPHEX2_24-scaffold_176_c1_2  0.486  23  0.602  23  0.873  13  0.746   0.679 Y  0.450      SignalP-noTM
700mSIPHEX2_24-scaffold_176_c1_2  0.752  36  0.746  36  0.895  15  0.778   0.761 Y  0.570      SignalP-noTM
700mSIPHEX2_24-scaffold_176_c1_3  0.416  22  0.558  22  0.819  11  0.752   0.663 Y  0.450      SignalP-noTM
700mSIPHEX2_24-scaffold_176_c1_3  0.777  22  0.749  22  0.863   1  0.741   0.745 Y  0.570      SignalP-noTM
700mSIPHEX2_24-scaffold_176_c1_4  0.648  28  0.622  28  0.707  12  0.560   0.592 Y  0.570      SignalP-noTM
700mSIPHEX2_24-scaffold_176_c1_47  0.113  42  0.280  11  0.826   1  0.788   0.478 Y  0.450      SignalP-TM
700mSIPHEX2_24-scaffold_176_c1_54  0.774  18  0.814  18  0.923  14  0.837   0.824 Y  0.570      SignalP-noTM
700mSIPHEX2_24-scaffold_176_c1_54  0.781  18  0.847  18  0.967  10  0.911   0.882 Y  0.450      SignalP-noTM
700mSIPHEX2_24-scaffold_176_c1_55  0.200  28  0.411  28  0.975  24  0.855   0.620 Y  0.570      SignalP-noTM
700mSIPHEX2_24-scaffold_176_c1_55  0.226  27  0.428  27  0.901  18  0.808   0.633 Y  0.450      SignalP-noTM
700mSIPHEX2_24-scaffold_176_c1_55  0.306  38  0.445  38  0.913  13  0.762   0.569 Y  0.450      SignalP-TM
700mSIPHEX2_24-scaffold_176_c1_67  0.515  27  0.664  27  0.926  26  0.790   0.713 Y  0.450      SignalP-TM
700mSIPHEX2_24-scaffold_176_c1_67  0.780  27  0.842  27  0.963  23  0.850   0.846 Y  0.570      SignalP-noTM
700mSIPHEX2_24-scaffold_176_c1_67  0.835  27  0.837  27  0.901  20  0.818   0.827 Y  0.450      SignalP-noTM
700mSIPHEX2_24-scaffold_176_c1_70  0.371  22  0.467  22  0.731  21  0.617   0.525 Y  0.450      SignalP-TM
700mSIPHEX2_24-scaffold_176_c1_70  0.707  22  0.779  22  0.934   4  0.857   0.821 Y  0.450      SignalP-noTM
700mSIPHEX2_24-scaffold_176_c1_70  0.722  22  0.727  22  0.890   1  0.763   0.744 Y  0.570      SignalP-noTM
700mSIPHEX2_24-scaffold_176_c1_7  0.388  20  0.590  20  0.955  13  0.894   0.754 Y  0.450      SignalP-noTM
700mSIPHEX2_24-scaffold_21_c1_105  0.316  30  0.492  30  0.954  14  0.804   0.660 Y  0.450      SignalP-noTM
700mSIPHEX2_24-scaffold_21_c1_119  0.209  35  0.357  25  0.776  10  0.687   0.485 Y  0.450      SignalP-TM
700mSIPHEX2_24-scaffold_21_c1_119  0.577  25  0.732  25  0.962   7  0.927   0.837 Y  0.450      SignalP-noTM
700mSIPHEX2_24-scaffold_21_c1_129  0.640  21  0.778  21  0.975  11  0.944   0.868 Y  0.450      SignalP-noTM
700mSIPHEX2_24-scaffold_21_c1_130  0.208  24  0.398  24  0.858  15  0.764   0.596 Y  0.450      SignalP-noTM
700mSIPHEX2_24-scaffold_21_c1_130  0.485  32  0.574  32  0.934   9  0.801   0.663 Y  0.450      SignalP-TM
700mSIPHEX2_24-scaffold_21_c1_131  0.260  25  0.420  25  0.805  13  0.671   0.556 Y  0.450      SignalP-noTM
700mSIPHEX2_24-scaffold_21_c1_133  0.320  46  0.514  46  0.857  39  0.670   0.575 Y  0.450      SignalP-TM
700mSIPHEX2_24-scaffold_21_c1_134  0.310  29  0.511  29  0.897  23  0.787   0.618 Y  0.450      SignalP-TM
700mSIPHEX2_24-scaffold_21_c1_134  0.463  29  0.629  29  0.949  25  0.795   0.707 Y  0.570      SignalP-noTM
700mSIPHEX2_24-scaffold_21_c1_138  0.390  25  0.453  25  0.753  17  0.561   0.495 Y  0.450      SignalP-TM
700mSIPHEX2_24-scaffold_21_c1_138  0.660  25  0.713  25  0.926   9  0.827   0.767 Y  0.570      SignalP-noTM
700mSIPHEX2_24-scaffold_21_c1_138  0.720  25  0.745  25  0.933   6  0.778   0.763 Y  0.450      SignalP-noTM
700mSIPHEX2_24-scaffold_21_c1_141  0.155  26  0.336  26  0.827  23  0.666   0.465 Y  0.450      SignalP-TM
700mSIPHEX2_24-scaffold_21_c1_141  0.558  26  0.676  26  0.878  16  0.812   0.749 Y  0.450      SignalP-noTM
700mSIPHEX2_24-scaffold_21_c1_141  0.707  26  0.709  26  0.813  23  0.600   0.668 Y  0.510      SignalP-TM
700mSIPHEX2_24-scaffold_21_c1_145  0.733  28  0.800  28  0.984  15  0.884   0.845 Y  0.450      SignalP-noTM
700mSIPHEX2_24-scaffold_21_c1_145  0.776  28  0.795  28  0.941  16  0.872   0.831 Y  0.570      SignalP-noTM
700mSIPHEX2_24-scaffold_21_c1_145  0.793  28  0.744  28  0.816  19  0.692   0.724 Y  0.450      SignalP-TM
700mSIPHEX2_24-scaffold_21_c1_148  0.434  26  0.558  26  0.864  22  0.724   0.647 Y  0.450      SignalP-noTM
700mSIPHEX2_24-scaffold_21_c1_148  0.527  26  0.679  26  0.946  22  0.875   0.771 Y  0.570      SignalP-noTM
700mSIPHEX2_24-scaffold_21_c1_148  0.593  26  0.734  26  0.958  22  0.874   0.788 Y  0.450      SignalP-TM
700mSIPHEX2_24-scaffold_21_c1_163  0.431  24  0.572  24  0.950   6  0.816   0.667 Y  0.450      SignalP-TM
700mSIPHEX2_24-scaffold_21_c1_163  0.741  24  0.794  24  0.944   5  0.852   0.825 Y  0.450      SignalP-noTM
700mSIPHEX2_24-scaffold_21_c1_163  0.781  24  0.837  24  0.963  21  0.916   0.874 Y  0.570      SignalP-noTM
700mSIPHEX2_24-scaffold_21_c1_172  0.597  30  0.595  30  0.806  29  0.501   0.558 Y  0.450      SignalP-TM
700mSIPHEX2_24-scaffold_21_c1_172  0.664  30  0.657  30  0.838  27  0.629   0.642 Y  0.450      SignalP-noTM
700mSIPHEX2_24-scaffold_21_c1_172  0.908  30  0.832  30  0.949  29  0.756   0.796 Y  0.570      SignalP-noTM
700mSIPHEX2_24-scaffold_21_c1_175  0.354  20  0.546  20  0.928   6  0.859   0.671 Y  0.500      SignalP-TM
700mSIPHEX2_24-scaffold_21_c1_178  0.126  36  0.287  28  0.829  14  0.726   0.458 Y  0.450      SignalP-TM
700mSIPHEX2_24-scaffold_21_c1_178  0.141  28  0.336  28  0.853   5  0.800   0.587 Y  0.450      SignalP-noTM
700mSIPHEX2_24-scaffold_21_c1_193  0.297  18  0.453  18  0.858   1  0.710   0.556 Y  0.500      SignalP-TM
700mSIPHEX2_24-scaffold_21_c1_194  0.508  18  0.626  18  0.900  12  0.775   0.685 Y  0.500      SignalP-TM
700mSIPHEX2_24-scaffold_21_c1_199  0.216  32  0.376  32  0.752  22  0.610   0.467 Y  0.450      SignalP-TM
700mSIPHEX2_24-scaffold_21_c1_203  0.398  17  0.465  17  0.655  13  0.582   0.528 Y  0.450      SignalP-noTM
700mSIPHEX2_24-scaffold_21_c1_203  0.404  22  0.480  22  0.753  20  0.484   0.481 Y  0.450      SignalP-TM
700mSIPHEX2_24-scaffold_21_c1_206  0.607  24  0.705  24  0.864  11  0.794   0.740 Y  0.450      SignalP-TM
700mSIPHEX2_24-scaffold_21_c1_206  0.765  24  0.828  24  0.954   3  0.896   0.864 Y  0.450      SignalP-noTM
700mSIPHEX2_24-scaffold_21_c1_206  0.845  24  0.879  24  0.972  20  0.909   0.893 Y  0.570      SignalP-noTM
700mSIPHEX2_24-scaffold_21_c1_22  0.386  24  0.502  24  0.863  16  0.655   0.584 Y  0.450      SignalP-noTM
700mSIPHEX2_24-scaffold_21_c1_22  0.608  24  0.650  24  0.841   3  0.744   0.687 Y  0.450      SignalP-TM
700mSIPHEX2_24-scaffold_21_c1_22  0.629  24  0.663  24  0.921   1  0.782   0.719 Y  0.570      SignalP-noTM
700mSIPHEX2_24-scaffold_21_c1_226  0.196  25  0.428  25  0.977  17  0.936   0.667 Y  0.570      SignalP-noTM
700mSIPHEX2_24-scaffold_21_c1_226  0.263  47  0.466  22  0.953  18  0.918   0.642 Y  0.450      SignalP-TM
700mSIPHEX2_24-scaffold_21_c1_226  0.616  22  0.750  22  0.954  15  0.912   0.838 Y  0.450      SignalP-noTM
700mSIPHEX2_24-scaffold_21_c1_228  0.639  30  0.569  30  0.892   5  0.651   0.601 Y  0.500      SignalP-TM
700mSIPHEX2_24-scaffold_21_c1_229  0.399  30  0.588  30  0.946  21  0.800   0.703 Y  0.450      SignalP-noTM
700mSIPHEX2_24-scaffold_21_c1_230  0.193  23  0.422  23  0.941   7  0.912   0.613 Y  0.450      SignalP-TM
700mSIPHEX2_24-scaffold_21_c1_230  0.522  23  0.712  23  0.981  14  0.964   0.830 Y  0.570      SignalP-noTM
700mSIPHEX2_24-scaffold_21_c1_230  0.563  23  0.735  23  0.989  15  0.958   0.855 Y  0.450      SignalP-noTM
700mSIPHEX2_24-scaffold_21_c1_246  0.359  23  0.485  23  0.821  19  0.653   0.576 Y  0.450      SignalP-noTM
700mSIPHEX2_24-scaffold_21_c1_246  0.491  23  0.580  23  0.816  21  0.689   0.631 Y  0.570      SignalP-noTM
700mSIPHEX2_24-scaffold_21_c1_247  0.601  32  0.547  32  0.858   7  0.675   0.597 Y  0.450      SignalP-TM
700mSIPHEX2_24-scaffold_21_c1_247  0.756  32  0.710  32  0.928  18  0.780   0.743 Y  0.570      SignalP-noTM
700mSIPHEX2_24-scaffold_21_c1_250  0.152  56  0.330  27  0.873  25  0.753   0.495 Y  0.450      SignalP-TM
700mSIPHEX2_24-scaffold_21_c1_250  0.354  28  0.568  28  0.976  15  0.910   0.752 Y  0.450      SignalP-noTM
700mSIPHEX2_24-scaffold_21_c1_251  0.291  32  0.460  32  0.860  21  0.687   0.549 Y  0.450      SignalP-TM
700mSIPHEX2_24-scaffold_21_c1_251  0.679  27  0.740  27  0.881  18  0.762   0.752 Y  0.450      SignalP-noTM
700mSIPHEX2_24-scaffold_21_c1_251  0.759  27  0.854  27  0.980  19  0.896   0.874 Y  0.570      SignalP-noTM
700mSIPHEX2_24-scaffold_21_c1_252  0.295  19  0.508  19  0.918   2  0.866   0.701 Y  0.450      SignalP-noTM
700mSIPHEX2_24-scaffold_21_c1_264  0.271  27  0.425  27  0.800  22  0.660   0.517 Y  0.450      SignalP-TM
700mSIPHEX2_24-scaffold_21_c1_264  0.433  27  0.641  27  0.991  17  0.946   0.806 Y  0.450      SignalP-noTM
700mSIPHEX2_24-scaffold_21_c1_265  0.603  30  0.579  30  0.797  27  0.444   0.525 Y  0.500      SignalP-TM
700mSIPHEX2_24-scaffold_21_c1_268  0.240  29  0.340  24  0.848  11  0.652   0.461 Y  0.450      SignalP-TM
700mSIPHEX2_24-scaffold_21_c1_268  0.489  24  0.658  24  0.950  18  0.892   0.768 Y  0.570      SignalP-noTM
700mSIPHEX2_24-scaffold_21_c1_268  0.887  24  0.911  24  0.977  15  0.935   0.924 Y  0.450      SignalP-noTM
700mSIPHEX2_24-scaffold_21_c1_277  0.320  44  0.469  44  0.822  30  0.629   0.531 Y  0.450      SignalP-TM
700mSIPHEX2_24-scaffold_21_c1_277  0.815  34  0.883  34  0.985  24  0.913   0.899 Y  0.450      SignalP-noTM
700mSIPHEX2_24-scaffold_21_c1_278  0.210  30  0.323  24  0.849  13  0.703   0.471 Y  0.450      SignalP-TM
700mSIPHEX2_24-scaffold_21_c1_278  0.562  20  0.717  20  0.959   2  0.906   0.819 Y  0.450      SignalP-noTM
700mSIPHEX2_24-scaffold_21_c1_28  0.619  24  0.678  24  0.834   9  0.740   0.702 Y  0.450      SignalP-TM
700mSIPHEX2_24-scaffold_21_c1_28  0.673  24  0.778  24  0.950   6  0.898   0.843 Y  0.450      SignalP-noTM
700mSIPHEX2_24-scaffold_21_c1_28  0.886  24  0.866  24  0.909  11  0.867   0.866 Y  0.570      SignalP-noTM
700mSIPHEX2_24-scaffold_21_c1_29  0.192  28  0.384  28  0.939  18  0.838   0.561 Y  0.450      SignalP-TM
700mSIPHEX2_24-scaffold_21_c1_29  0.609  22  0.759  22  0.980  13  0.945   0.859 Y  0.450      SignalP-noTM
700mSIPHEX2_24-scaffold_21_c1_29  0.764  22  0.855  22  0.973  12  0.956   0.902 Y  0.570      SignalP-noTM
700mSIPHEX2_24-scaffold_21_c1_34  0.128  42  0.308  35  0.904  27  0.680   0.453 Y  0.450      SignalP-TM
700mSIPHEX2_24-scaffold_21_c1_34  0.236  36  0.368  36  0.793  26  0.529   0.455 Y  0.450      SignalP-noTM
700mSIPHEX2_24-scaffold_21_c1_34  0.457  36  0.604  36  0.946  27  0.755   0.675 Y  0.570      SignalP-noTM
700mSIPHEX2_24-scaffold_21_c1_346  0.446  25  0.637  25  0.951  16  0.831   0.712 Y  0.450      SignalP-TM
700mSIPHEX2_24-scaffold_21_c1_346  0.470  25  0.611  25  0.889  13  0.788   0.707 Y  0.450      SignalP-noTM
700mSIPHEX2_24-scaffold_21_c1_346  0.519  20  0.705  20  0.972  12  0.935   0.813 Y  0.570      SignalP-noTM
700mSIPHEX2_24-scaffold_21_c1_347  0.320  31  0.464  31  0.923  20  0.720   0.602 Y  0.450      SignalP-noTM
700mSIPHEX2_24-scaffold_21_c1_347  0.378  31  0.542  31  0.986  11  0.876   0.699 Y  0.570      SignalP-noTM
700mSIPHEX2_24-scaffold_21_c1_347  0.416  31  0.534  31  0.946  12  0.798   0.637 Y  0.450      SignalP-TM
700mSIPHEX2_24-scaffold_21_c1_349  0.233  28  0.391  28  0.895   5  0.682   0.548 Y  0.450      SignalP-noTM
700mSIPHEX2_24-scaffold_21_c1_349  0.331  30  0.498  28  0.930  11  0.846   0.634 Y  0.450      SignalP-TM
700mSIPHEX2_24-scaffold_21_c1_349  0.482  28  0.597  28  0.960   7  0.844   0.713 Y  0.570      SignalP-noTM
700mSIPHEX2_24-scaffold_21_c1_353  0.106  32  0.280  11  0.863   4  0.756   0.465 Y  0.450      SignalP-TM
700mSIPHEX2_24-scaffold_21_c1_367  0.574  29  0.587  29  0.831  12  0.691   0.627 Y  0.450      SignalP-TM
700mSIPHEX2_24-scaffold_21_c1_367  0.640  29  0.667  29  0.846   9  0.744   0.703 Y  0.570      SignalP-noTM
700mSIPHEX2_24-scaffold_21_c1_367  0.827  29  0.729  29  0.777  28  0.633   0.677 Y  0.450      SignalP-noTM
700mSIPHEX2_24-scaffold_21_c1_371  0.173  39  0.337  25  0.895   8  0.822   0.526 Y  0.450      SignalP-TM
700mSIPHEX2_24-scaffold_21_c1_371  0.336  31  0.501  31  0.892  15  0.733   0.610 Y  0.570      SignalP-noTM
700mSIPHEX2_24-scaffold_21_c1_372  0.212  21  0.401  21  0.843  12  0.753   0.591 Y  0.450      SignalP-noTM
700mSIPHEX2_24-scaffold_21_c1_372  0.219  32  0.396  25  0.923  16  0.845   0.571 Y  0.450      SignalP-TM
700mSIPHEX2_24-scaffold_21_c1_45  0.508  24  0.565  24  0.736  20  0.590   0.575 Y  0.450      SignalP-TM
700mSIPHEX2_24-scaffold_21_c1_45  0.755  22  0.843  22  0.966   4  0.940   0.895 Y  0.450      SignalP-noTM
700mSIPHEX2_24-scaffold_21_c1_59  0.404  20  0.492  20  0.792   1  0.634   0.549 Y  0.500      SignalP-TM
700mSIPHEX2_24-scaffold_21_c1_66  0.403  28  0.535  28  0.940   9  0.804   0.640 Y  0.450      SignalP-TM
700mSIPHEX2_24-scaffold_21_c1_66  0.786  28  0.770  28  0.966  15  0.779   0.775 Y  0.450      SignalP-noTM
700mSIPHEX2_24-scaffold_21_c1_66  0.838  28  0.807  28  0.958  13  0.868   0.836 Y  0.570      SignalP-noTM
700mSIPHEX2_24-scaffold_21_c1_80  0.356  41  0.500  41  0.904  33  0.513   0.505 Y  0.450      SignalP-TM
700mSIPHEX2_24-scaffold_21_c1_80  0.663  36  0.758  36  0.943  26  0.796   0.778 Y  0.450      SignalP-noTM
700mSIPHEX2_24-scaffold_21_c1_8  0.165  22  0.375  22  0.891  18  0.837   0.555 Y  0.450      SignalP-TM
700mSIPHEX2_24-scaffold_21_c1_8  0.173  24  0.373  24  0.924  11  0.855   0.600 Y  0.570      SignalP-noTM
700mSIPHEX2_24-scaffold_21_c1_8  0.392  21  0.602  21  0.967  11  0.923   0.775 Y  0.450      SignalP-noTM
700mSIPHEX2_24-scaffold_21_c1_82  0.822  37  0.752  37  0.885  34  0.428   0.622 Y  0.500      SignalP-TM
700mSIPHEX2_24-scaffold_21_c1_9  0.295  22  0.518  22  0.966   5  0.909   0.729 Y  0.450      SignalP-noTM
700mSIPHEX2_24-scaffold_21_c1_9  0.323  24  0.511  24  0.917  20  0.792   0.620 Y  0.450      SignalP-TM
700mSIPHEX2_24-scaffold_21_c1_9  0.453  22  0.631  22  0.908  19  0.863   0.740 Y  0.570      SignalP-noTM
700mSIPHEX2_24-scaffold_21_c1_91  0.144  37  0.277  11  0.824   8  0.781   0.473 Y  0.450      SignalP-TM
700mSIPHEX2_24-scaffold_300_c1_21  0.161  25  0.273  11  0.796   1  0.618   0.459 Y  0.450      SignalP-noTM
700mSIPHEX2_24-scaffold_300_c1_29  0.161  31  0.313  21  0.827   1  0.701   0.464 Y  0.450      SignalP-TM
700mSIPHEX2_24-scaffold_300_c1_29  0.503  21  0.637  21  0.850   7  0.816   0.721 Y  0.570      SignalP-noTM
700mSIPHEX2_24-scaffold_300_c1_29  0.701  21  0.729  21  0.889  14  0.754   0.742 Y  0.450      SignalP-noTM
700mSIPHEX2_24-scaffold_33_c1_108  0.484  33  0.632  33  0.895  26  0.704   0.671 Y  0.450      SignalP-noTM
700mSIPHEX2_24-scaffold_33_c1_109  0.342  23  0.440  23  0.847   6  0.666   0.528 Y  0.450      SignalP-TM
700mSIPHEX2_24-scaffold_33_c1_109  0.867  23  0.886  23  0.972   5  0.905   0.897 Y  0.450      SignalP-noTM
700mSIPHEX2_24-scaffold_33_c1_116  0.473  27  0.521  27  0.891   7  0.708   0.594 Y  0.450      SignalP-TM
700mSIPHEX2_24-scaffold_33_c1_116  0.818  22  0.848  22  0.933  16  0.882   0.862 Y  0.500      SignalP-TM
700mSIPHEX2_24-scaffold_33_c1_116  0.831  22  0.860  22  0.940  10  0.892   0.872 Y  0.510      SignalP-TM
700mSIPHEX2_24-scaffold_33_c1_126  0.284  29  0.491  29  0.974  21  0.903   0.685 Y  0.570      SignalP-noTM
700mSIPHEX2_24-scaffold_33_c1_126  0.297  35  0.408  35  0.932   9  0.759   0.545 Y  0.450      SignalP-TM
700mSIPHEX2_24-scaffold_33_c1_126  0.705  28  0.807  28  0.974   9  0.918   0.867 Y  0.450      SignalP-noTM
700mSIPHEX2_24-scaffold_33_c1_131  0.189  32  0.359  30  0.795  20  0.600   0.453 Y  0.450      SignalP-TM
700mSIPHEX2_24-scaffold_33_c1_131  0.255  25  0.473  25  0.926  23  0.839   0.645 Y  0.570      SignalP-noTM
700mSIPHEX2_24-scaffold_33_c1_131  0.372  30  0.563  30  0.971   9  0.865   0.726 Y  0.450      SignalP-noTM
700mSIPHEX2_24-scaffold_33_c1_144  0.283  28  0.447  28  0.815  24  0.730   0.557 Y  0.450      SignalP-TM
700mSIPHEX2_24-scaffold_33_c1_144  0.760  28  0.623  28  0.665  25  0.429   0.551 Y  0.510      SignalP-TM
700mSIPHEX2_24-scaffold_33_c1_144  0.811  28  0.852  28  0.944   8  0.893   0.874 Y  0.450      SignalP-noTM
700mSIPHEX2_24-scaffold_33_c1_168  0.450  38  0.606  38  0.887  25  0.748   0.683 Y  0.450      SignalP-noTM
700mSIPHEX2_24-scaffold_33_c1_171  0.346  30  0.464  30  0.737  21  0.546   0.496 Y  0.450      SignalP-TM
700mSIPHEX2_24-scaffold_33_c1_171  0.606  30  0.694  30  0.890  13  0.784   0.736 Y  0.570      SignalP-noTM
700mSIPHEX2_24-scaffold_33_c1_171  0.733  30  0.690  30  0.764  27  0.615   0.649 Y  0.450      SignalP-noTM
700mSIPHEX2_24-scaffold_33_c1_175  0.683  22  0.770  22  0.930  15  0.831   0.794 Y  0.450      SignalP-TM
700mSIPHEX2_24-scaffold_33_c1_175  0.772  22  0.832  22  0.948  16  0.899   0.864 Y  0.570      SignalP-noTM
700mSIPHEX2_24-scaffold_33_c1_175  0.805  22  0.844  22  0.950  11  0.883   0.865 Y  0.450      SignalP-noTM
700mSIPHEX2_24-scaffold_33_c1_185  0.448  24  0.476  24  0.596  14  0.437   0.461 Y  0.450      SignalP-TM
700mSIPHEX2_24-scaffold_33_c1_187  0.412  37  0.449  37  0.870   9  0.638   0.523 Y  0.450      SignalP-TM
700mSIPHEX2_24-scaffold_33_c1_19  0.496  18  0.675  18  0.967  12  0.913   0.804 Y  0.450      SignalP-noTM
700mSIPHEX2_24-scaffold_33_c1_192  0.185  32  0.361  21  0.953  13  0.867   0.559 Y  0.450      SignalP-TM
700mSIPHEX2_24-scaffold_33_c1_192  0.188  24  0.406  24  0.969  15  0.879   0.661 Y  0.450      SignalP-noTM
700mSIPHEX2_24-scaffold_33_c1_192  0.228  21  0.467  21  0.970  18  0.954   0.696 Y  0.570      SignalP-noTM
700mSIPHEX2_24-scaffold_33_c1_193  0.646  22  0.643  22  0.795  23  0.660   0.649 Y  0.500      SignalP-TM
700mSIPHEX2_24-scaffold_33_c1_2  0.579  31  0.653  31  0.866  20  0.754   0.692 Y  0.450      SignalP-TM
700mSIPHEX2_24-scaffold_33_c1_210  0.202  31  0.364  31  0.918   9  0.783   0.527 Y  0.450      SignalP-TM
700mSIPHEX2_24-scaffold_33_c1_210  0.416  27  0.610  27  0.950  17  0.894   0.744 Y  0.570      SignalP-noTM
700mSIPHEX2_24-scaffold_33_c1_210  0.541  31  0.675  31  0.960  11  0.831   0.759 Y  0.450      SignalP-noTM
700mSIPHEX2_24-scaffold_33_c1_215  0.579  29  0.714  29  0.954  23  0.846   0.785 Y  0.450      SignalP-noTM
700mSIPHEX2_24-scaffold_33_c1_216  0.252  26  0.355  26  0.800  11  0.614   0.456 Y  0.450      SignalP-TM
700mSIPHEX2_24-scaffold_33_c1_221  0.629  28  0.763  28  0.984  17  0.921   0.848 Y  0.450      SignalP-noTM
700mSIPHEX2_24-scaffold_33_c1_228  0.166  48  0.286  11  0.861   6  0.835   0.500 Y  0.450      SignalP-TM
700mSIPHEX2_24-scaffold_33_c1_229  0.758  43  0.703  43  0.785  34  0.406   0.587 Y  0.450      SignalP-TM
700mSIPHEX2_24-scaffold_33_c1_229  0.841  43  0.712  43  0.771  34  0.333   0.561 Y  0.500      SignalP-TM
700mSIPHEX2_24-scaffold_33_c1_243  0.329  27  0.532  25  0.963  21  0.900   0.705 Y  0.570      SignalP-noTM
700mSIPHEX2_24-scaffold_33_c1_243  0.382  35  0.526  27  0.914  22  0.868   0.660 Y  0.450      SignalP-TM
700mSIPHEX2_24-scaffold_33_c1_243  0.550  27  0.671  27  0.914   9  0.825   0.754 Y  0.450      SignalP-noTM
700mSIPHEX2_24-scaffold_33_c1_245  0.344  18  0.535  18  0.897  15  0.839   0.678 Y  0.570      SignalP-noTM
700mSIPHEX2_24-scaffold_33_c1_245  0.557  18  0.728  18  0.976  11  0.944   0.845 Y  0.450      SignalP-noTM
700mSIPHEX2_24-scaffold_33_c1_252  0.198  25  0.333  25  0.755  17  0.553   0.452 Y  0.450      SignalP-noTM
700mSIPHEX2_24-scaffold_33_c1_252  0.603  25  0.742  25  0.943  18  0.864   0.790 Y  0.450      SignalP-TM
700mSIPHEX2_24-scaffold_33_c1_252  0.666  25  0.784  25  0.975  19  0.897   0.837 Y  0.570      SignalP-noTM
700mSIPHEX2_24-scaffold_33_c1_29  0.531  25  0.677  25  0.959   6  0.864   0.778 Y  0.450      SignalP-noTM
700mSIPHEX2_24-scaffold_33_c1_29  0.652  27  0.721  27  0.953  10  0.861   0.787 Y  0.570      SignalP-noTM
700mSIPHEX2_24-scaffold_33_c1_29  0.789  27  0.771  27  0.939   8  0.824   0.792 Y  0.450      SignalP-TM
700mSIPHEX2_24-scaffold_33_c1_3  0.551  21  0.592  21  0.832   1  0.637   0.613 Y  0.570      SignalP-noTM
700mSIPHEX2_24-scaffold_33_c1_3  0.813  21  0.834  21  0.907   9  0.855   0.845 Y  0.450      SignalP-noTM
700mSIPHEX2_24-scaffold_33_c1_33  0.465  26  0.595  26  0.883   9  0.776   0.666 Y  0.450      SignalP-TM
700mSIPHEX2_24-scaffold_33_c1_33  0.531  24  0.703  24  0.977  14  0.930   0.826 Y  0.450      SignalP-noTM
700mSIPHEX2_24-scaffold_33_c1_33  0.652  26  0.760  26  0.975  23  0.899   0.825 Y  0.570      SignalP-noTM
700mSIPHEX2_24-scaffold_33_c1_36  0.321  28  0.548  28  0.970  20  0.920   0.749 Y  0.450      SignalP-noTM
700mSIPHEX2_24-scaffold_33_c1_36  0.514  32  0.662  32  0.930  23  0.813   0.720 Y  0.450      SignalP-TM
700mSIPHEX2_24-scaffold_33_c1_36  0.591  32  0.703  32  0.973  17  0.873   0.783 Y  0.570      SignalP-noTM
700mSIPHEX2_24-scaffold_33_c1_39  0.263  30  0.390  30  0.855  10  0.678   0.502 Y  0.450      SignalP-TM
700mSIPHEX2_24-scaffold_33_c1_39  0.631  30  0.684  30  0.960   8  0.780   0.736 Y  0.450      SignalP-noTM
700mSIPHEX2_24-scaffold_33_c1_40  0.662  22  0.763  22  0.939   3  0.878   0.825 Y  0.450      SignalP-noTM
700mSIPHEX2_24-scaffold_33_c1_46  0.430  23  0.588  23  0.881  18  0.803   0.704 Y  0.450      SignalP-noTM
700mSIPHEX2_24-scaffold_33_c1_46  0.457  24  0.646  24  0.965  20  0.890   0.741 Y  0.450      SignalP-TM
700mSIPHEX2_24-scaffold_33_c1_46  0.492  23  0.665  23  0.968  20  0.902   0.777 Y  0.570      SignalP-noTM
700mSIPHEX2_24-scaffold_33_c1_52  0.627  23  0.629  23  0.879  12  0.665   0.643 Y  0.500      SignalP-TM
700mSIPHEX2_24-scaffold_33_c1_58  0.246  16  0.452  16  0.912  13  0.830   0.603 Y  0.500      SignalP-TM
700mSIPHEX2_24-scaffold_33_c1_58  0.301  16  0.437  16  0.744   3  0.655   0.518 Y  0.510      SignalP-TM
700mSIPHEX2_24-scaffold_33_c1_69  0.743  29  0.688  29  0.837  25  0.551   0.634 Y  0.450      SignalP-TM
700mSIPHEX2_24-scaffold_33_c1_69  0.782  29  0.840  29  0.958  18  0.901   0.873 Y  0.450      SignalP-noTM
700mSIPHEX2_24-scaffold_33_c1_69  0.801  29  0.840  29  0.932  21  0.855   0.847 Y  0.570      SignalP-noTM
700mSIPHEX2_24-scaffold_33_c1_72  0.231  23  0.428  23  0.888  17  0.726   0.544 Y  0.450      SignalP-TM
700mSIPHEX2_24-scaffold_33_c1_72  0.457  20  0.648  20  0.960   3  0.916   0.793 Y  0.450      SignalP-noTM
700mSIPHEX2_24-scaffold_33_c1_72  0.483  23  0.618  23  0.903  17  0.797   0.702 Y  0.570      SignalP-noTM
700mSIPHEX2_24-scaffold_33_c1_74  0.186  34  0.322  21  0.915  14  0.835   0.522 Y  0.450      SignalP-TM
700mSIPHEX2_24-scaffold_33_c1_74  0.224  21  0.456  21  0.959  13  0.919   0.674 Y  0.570      SignalP-noTM
700mSIPHEX2_24-scaffold_33_c1_74  0.466  21  0.662  21  0.967   6  0.943   0.814 Y  0.450      SignalP-noTM
700mSIPHEX2_24-scaffold_33_c1_77  0.647  19  0.769  19  0.953   3  0.908   0.844 Y  0.450      SignalP-noTM
700mSIPHEX2_24-scaffold_33_c1_79  0.514  20  0.690  20  0.965   7  0.932   0.821 Y  0.450      SignalP-noTM
700mSIPHEX2_24-scaffold_33_c1_8  0.553  41  0.583  41  0.890  23  0.686   0.623 Y  0.450      SignalP-TM
700mSIPHEX2_24-scaffold_33_c1_8  0.831  39  0.765  39  0.858  35  0.599   0.675 Y  0.450      SignalP-noTM
700mSIPHEX2_24-scaffold_33_c1_84  0.181  23  0.339  23  0.797   5  0.678   0.471 Y  0.450      SignalP-TM
700mSIPHEX2_24-scaffold_33_c1_84  0.577  23  0.665  23  0.902   6  0.766   0.720 Y  0.450      SignalP-noTM
700mSIPHEX2_24-scaffold_33_c1_84  0.659  23  0.768  23  0.954  19  0.887   0.824 Y  0.570      SignalP-noTM
700mSIPHEX2_24-scaffold_33_c1_87  0.425  26  0.542  26  0.857  10  0.722   0.612 Y  0.450      SignalP-TM
700mSIPHEX2_24-scaffold_33_c1_87  0.596  26  0.731  26  0.956  11  0.907   0.814 Y  0.570      SignalP-noTM
700mSIPHEX2_24-scaffold_33_c1_87  0.712  26  0.773  26  0.941  13  0.840   0.809 Y  0.450      SignalP-noTM
700mSIPHEX2_24-scaffold_33_c1_91  0.381  23  0.521  23  0.846   4  0.712   0.624 Y  0.450      SignalP-noTM
700mSIPHEX2_24-scaffold_33_c1_91  0.429  23  0.516  23  0.827   4  0.685   0.582 Y  0.450      SignalP-TM
700mSIPHEX2_24-scaffold_33_c1_91  0.643  23  0.713  23  0.927   8  0.841   0.774 Y  0.570      SignalP-noTM
700mSIPHEX2_24-scaffold_33_c1_93  0.248  19  0.432  19  0.857  12  0.726   0.570 Y  0.570      SignalP-noTM
700mSIPHEX2_24-scaffold_33_c1_93  0.315  18  0.502  18  0.885  12  0.788   0.656 Y  0.450      SignalP-noTM
700mSIPHEX2_24-scaffold_33_c1_95  0.167  35  0.305  24  0.892  14  0.798   0.497 Y  0.450      SignalP-TM
700mSIPHEX2_24-scaffold_33_c1_95  0.170  25  0.380  25  0.947  12  0.882   0.616 Y  0.570      SignalP-noTM
700mSIPHEX2_24-scaffold_33_c1_95  0.289  29  0.505  29  0.974  18  0.887   0.711 Y  0.450      SignalP-noTM
700mSIPHEX2_24-scaffold_368_c1_10  0.282  25  0.458  25  0.897   4  0.749   0.615 Y  0.450      SignalP-noTM
700mSIPHEX2_24-scaffold_368_c1_10  0.502  25  0.629  25  0.896  18  0.800   0.696 Y  0.450      SignalP-TM
700mSIPHEX2_24-scaffold_368_c1_10  0.639  25  0.700  25  0.905   4  0.822   0.757 Y  0.570      SignalP-noTM
700mSIPHEX2_24-scaffold_368_c1_13  0.331  22  0.518  22  0.903  16  0.758   0.611 Y  0.450      SignalP-TM
700mSIPHEX2_24-scaffold_368_c1_13  0.378  21  0.577  21  0.943  19  0.856   0.708 Y  0.570      SignalP-noTM
700mSIPHEX2_24-scaffold_368_c1_13  0.598  20  0.755  20  0.974  10  0.950   0.860 Y  0.450      SignalP-noTM
700mSIPHEX2_24-scaffold_368_c1_2  0.221  43  0.377  29  0.810  11  0.689   0.498 Y  0.450      SignalP-TM
700mSIPHEX2_24-scaffold_368_c1_2  0.399  29  0.576  29  0.953  25  0.855   0.707 Y  0.570      SignalP-noTM
700mSIPHEX2_24-scaffold_368_c1_2  0.871  29  0.800  29  0.853  20  0.705   0.749 Y  0.450      SignalP-noTM
700mSIPHEX2_24-scaffold_368_c1_3  0.437  35  0.591  35  0.964  21  0.800   0.703 Y  0.450      SignalP-noTM
700mSIPHEX2_24-scaffold_3_c1_11  0.397  18  0.496  18  0.666   8  0.611   0.541 Y  0.450      SignalP-TM
700mSIPHEX2_24-scaffold_3_c1_11  0.397  18  0.574  18  0.873  15  0.820   0.689 Y  0.570      SignalP-noTM
700mSIPHEX2_24-scaffold_3_c1_11  0.590  18  0.727  18  0.946  14  0.891   0.815 Y  0.450      SignalP-noTM
700mSIPHEX2_24-scaffold_3_c1_120  0.308  32  0.469  32  0.924  29  0.443   0.459 Y  0.450      SignalP-TM
700mSIPHEX2_24-scaffold_3_c1_12  0.369  27  0.551  27  0.919  23  0.805   0.688 Y  0.450      SignalP-noTM
700mSIPHEX2_24-scaffold_3_c1_12  0.391  25  0.597  25  0.942  23  0.903   0.716 Y  0.450      SignalP-TM
700mSIPHEX2_24-scaffold_3_c1_12  0.668  25  0.800  25  0.976  23  0.942   0.867 Y  0.570      SignalP-noTM
700mSIPHEX2_24-scaffold_3_c1_127  0.199  36  0.337  22  0.859  14  0.789   0.513 Y  0.450      SignalP-TM
700mSIPHEX2_24-scaffold_3_c1_127  0.361  22  0.547  22  0.890   2  0.843   0.686 Y  0.570      SignalP-noTM
700mSIPHEX2_24-scaffold_3_c1_127  0.848  22  0.867  22  0.955  12  0.888   0.879 Y  0.450      SignalP-noTM
700mSIPHEX2_24-scaffold_3_c1_128  0.698  30  0.755  30  0.909  12  0.856   0.794 Y  0.450      SignalP-TM
700mSIPHEX2_24-scaffold_3_c1_128  0.753  30  0.746  30  0.947  17  0.833   0.787 Y  0.570      SignalP-noTM
700mSIPHEX2_24-scaffold_3_c1_128  0.793  30  0.809  30  0.899   2  0.836   0.823 Y  0.450      SignalP-noTM
700mSIPHEX2_24-scaffold_3_c1_129  0.553  30  0.529  30  0.651  28  0.395   0.477 Y  0.450      SignalP-TM
700mSIPHEX2_24-scaffold_3_c1_129  0.599  30  0.597  30  0.847  27  0.495   0.556 Y  0.500      SignalP-TM
700mSIPHEX2_24-scaffold_3_c1_139  0.747  27  0.800  27  0.906  16  0.828   0.811 Y  0.450      SignalP-TM
700mSIPHEX2_24-scaffold_3_c1_139  0.814  27  0.837  27  0.968  15  0.862   0.850 Y  0.450      SignalP-noTM
700mSIPHEX2_24-scaffold_3_c1_139  0.853  27  0.841  27  0.965  14  0.884   0.861 Y  0.570      SignalP-noTM
700mSIPHEX2_24-scaffold_3_c1_151  0.385  24  0.525  22  0.862   4  0.750   0.646 Y  0.450      SignalP-noTM
700mSIPHEX2_24-scaffold_3_c1_151  0.386  24  0.498  24  0.774   7  0.666   0.563 Y  0.450      SignalP-TM
700mSIPHEX2_24-scaffold_3_c1_151  0.726  24  0.764  24  0.882  20  0.832   0.796 Y  0.570      SignalP-noTM
700mSIPHEX2_24-scaffold_3_c1_16  0.256  39  0.386  39  0.950  24  0.712   0.513 Y  0.450      SignalP-TM
700mSIPHEX2_24-scaffold_3_c1_16  0.493  33  0.629  33  0.924  19  0.780   0.710 Y  0.450      SignalP-noTM
700mSIPHEX2_24-scaffold_3_c1_161  0.336  27  0.498  27  0.839  17  0.700   0.577 Y  0.450      SignalP-TM
700mSIPHEX2_24-scaffold_3_c1_161  0.728  27  0.713  27  0.799  25  0.692   0.702 Y  0.450      SignalP-noTM
700mSIPHEX2_24-scaffold_3_c1_161  0.744  27  0.812  27  0.938  21  0.852   0.830 Y  0.570      SignalP-noTM
700mSIPHEX2_24-scaffold_3_c1_167  0.205  21  0.342  21  0.689  16  0.569   0.464 Y  0.450      SignalP-noTM
700mSIPHEX2_24-scaffold_3_c1_167  0.217  28  0.405  28  0.842  15  0.745   0.537 Y  0.450      SignalP-TM
700mSIPHEX2_24-scaffold_3_c1_167  0.594  28  0.696  28  0.965  17  0.854   0.770 Y  0.570      SignalP-noTM
700mSIPHEX2_24-scaffold_3_c1_168  0.151  23  0.334  23  0.848   4  0.773   0.505 Y  0.450      SignalP-TM
700mSIPHEX2_24-scaffold_3_c1_168  0.216  23  0.376  23  0.818   9  0.656   0.527 Y  0.450      SignalP-noTM
700mSIPHEX2_24-scaffold_3_c1_168  0.637  23  0.750  23  0.952  10  0.900   0.820 Y  0.570      SignalP-noTM
700mSIPHEX2_24-scaffold_3_c1_169  0.234  28  0.408  28  0.830  12  0.692   0.519 Y  0.450      SignalP-TM
700mSIPHEX2_24-scaffold_3_c1_169  0.670  28  0.707  28  0.871   9  0.725   0.717 Y  0.450      SignalP-noTM
700mSIPHEX2_24-scaffold_3_c1_169  0.684  28  0.750  28  0.915  19  0.835   0.790 Y  0.570      SignalP-noTM
700mSIPHEX2_24-scaffold_3_c1_180  0.406  27  0.544  27  0.844  22  0.607   0.568 Y  0.450      SignalP-TM
700mSIPHEX2_24-scaffold_3_c1_180  0.732  27  0.791  27  0.927   9  0.847   0.821 Y  0.450      SignalP-noTM
700mSIPHEX2_24-scaffold_3_c1_180  0.823  27  0.815  27  0.902  20  0.763   0.790 Y  0.570      SignalP-noTM
700mSIPHEX2_24-scaffold_3_c1_190  0.264  24  0.431  24  0.845  21  0.702   0.577 Y  0.450      SignalP-noTM
700mSIPHEX2_24-scaffold_3_c1_190  0.369  24  0.579  24  0.944  20  0.889   0.700 Y  0.450      SignalP-TM
700mSIPHEX2_24-scaffold_3_c1_190  0.781  24  0.863  24  0.983  20  0.946   0.902 Y  0.570      SignalP-noTM
700mSIPHEX2_24-scaffold_3_c1_191  0.277  38  0.331  26  0.848  22  0.666   0.461 Y  0.450      SignalP-TM
700mSIPHEX2_24-scaffold_3_c1_191  0.337  24  0.531  24  0.922  16  0.839   0.697 Y  0.450      SignalP-noTM
700mSIPHEX2_24-scaffold_3_c1_192  0.593  23  0.608  23  0.861  17  0.666   0.630 Y  0.450      SignalP-TM
700mSIPHEX2_24-scaffold_3_c1_192  0.670  23  0.717  23  0.873  14  0.768   0.744 Y  0.450      SignalP-noTM
700mSIPHEX2_24-scaffold_3_c1_192  0.703  23  0.714  23  0.886   5  0.781   0.746 Y  0.570      SignalP-noTM
700mSIPHEX2_24-scaffold_3_c1_193  0.196  54  0.312  16  0.925  10  0.885   0.536 Y  0.450      SignalP-TM
700mSIPHEX2_24-scaffold_3_c1_193  0.230  30  0.398  30  0.926  14  0.790   0.582 Y  0.570      SignalP-noTM
700mSIPHEX2_24-scaffold_3_c1_197  0.285  21  0.487  21  0.914  18  0.818   0.616 Y  0.450      SignalP-TM
700mSIPHEX2_24-scaffold_3_c1_197  0.550  21  0.718  21  0.971  18  0.927   0.817 Y  0.570      SignalP-noTM
700mSIPHEX2_24-scaffold_3_c1_197  0.693  21  0.811  21  0.965   6  0.951   0.887 Y  0.450      SignalP-noTM
700mSIPHEX2_24-scaffold_3_c1_211  0.165  22  0.346  22  0.800  18  0.722   0.493 Y  0.450      SignalP-TM
700mSIPHEX2_24-scaffold_3_c1_211  0.375  22  0.558  22  0.892  12  0.832   0.706 Y  0.450      SignalP-noTM
700mSIPHEX2_24-scaffold_3_c1_211  0.500  22  0.647  22  0.921  19  0.855   0.745 Y  0.570      SignalP-noTM
700mSIPHEX2_24-scaffold_3_c1_218  0.357  25  0.536  25  0.949   9  0.841   0.655 Y  0.450      SignalP-TM
700mSIPHEX2_24-scaffold_3_c1_218  0.654  25  0.773  25  0.981  15  0.915   0.850 Y  0.450      SignalP-noTM
700mSIPHEX2_24-scaffold_3_c1_218  0.826  25  0.860  25  0.958   9  0.914   0.885 Y  0.570      SignalP-noTM
700mSIPHEX2_24-scaffold_3_c1_219  0.607  23  0.765  23  0.988  18  0.964   0.872 Y  0.450      SignalP-noTM
700mSIPHEX2_24-scaffold_3_c1_220  0.657  27  0.752  27  0.964  25  0.860   0.803 Y  0.570      SignalP-noTM
700mSIPHEX2_24-scaffold_3_c1_220  0.715  27  0.796  27  0.929  21  0.879   0.841 Y  0.450      SignalP-noTM
700mSIPHEX2_24-scaffold_3_c1_224  0.349  17  0.563  17  0.942  10  0.899   0.745 Y  0.450      SignalP-noTM
700mSIPHEX2_24-scaffold_3_c1_225  0.222  23  0.386  23  0.759   7  0.662   0.494 Y  0.450      SignalP-TM
700mSIPHEX2_24-scaffold_3_c1_225  0.558  22  0.705  22  0.940  13  0.890   0.792 Y  0.570      SignalP-noTM
700mSIPHEX2_24-scaffold_3_c1_225  0.568  23  0.680  23  0.885  14  0.814   0.752 Y  0.450      SignalP-noTM
700mSIPHEX2_24-scaffold_3_c1_235  0.363  33  0.491  33  0.851  12  0.644   0.574 Y  0.450      SignalP-noTM
700mSIPHEX2_24-scaffold_3_c1_235  0.484  33  0.574  33  0.947  16  0.720   0.631 Y  0.450      SignalP-TM
700mSIPHEX2_24-scaffold_3_c1_235  0.695  33  0.699  33  0.957  20  0.786   0.740 Y  0.570      SignalP-noTM
700mSIPHEX2_24-scaffold_3_c1_238  0.273  31  0.444  31  0.956  14  0.782   0.576 Y  0.450      SignalP-TM
700mSIPHEX2_24-scaffold_3_c1_238  0.425  21  0.633  21  0.971  19  0.929   0.772 Y  0.570      SignalP-noTM
700mSIPHEX2_24-scaffold_3_c1_238  0.500  25  0.669  25  0.955  16  0.894   0.791 Y  0.450      SignalP-noTM
700mSIPHEX2_24-scaffold_3_c1_240  0.558  23  0.705  23  0.928  20  0.891   0.777 Y  0.450      SignalP-TM
700mSIPHEX2_24-scaffold_3_c1_240  0.827  23  0.827  23  0.903   5  0.827   0.827 Y  0.450      SignalP-noTM
700mSIPHEX2_24-scaffold_3_c1_240  0.874  23  0.906  23  0.967  19  0.941   0.923 Y  0.570      SignalP-noTM
700mSIPHEX2_24-scaffold_3_c1_241  0.423  23  0.578  23  0.958  19  0.710   0.640 Y  0.570      SignalP-noTM
700mSIPHEX2_24-scaffold_3_c1_241  0.557  23  0.536  23  0.639  19  0.516   0.525 Y  0.450      SignalP-noTM
700mSIPHEX2_24-scaffold_3_c1_241  0.654  23  0.616  23  0.772  27  0.503   0.572 Y  0.450      SignalP-TM
700mSIPHEX2_24-scaffold_3_c1_243  0.615  25  0.668  25  0.826  21  0.698   0.679 Y  0.450      SignalP-TM
700mSIPHEX2_24-scaffold_3_c1_243  0.795  25  0.845  25  0.951  15  0.881   0.862 Y  0.570      SignalP-noTM
700mSIPHEX2_24-scaffold_3_c1_243  0.798  25  0.699  25  0.788  15  0.607   0.649 Y  0.450      SignalP-noTM
700mSIPHEX2_24-scaffold_3_c1_249  0.246  19  0.370  19  0.609   2  0.547   0.466 Y  0.450      SignalP-noTM
700mSIPHEX2_24-scaffold_3_c1_249  0.568  33  0.538  33  0.851  17  0.666   0.598 Y  0.570      SignalP-noTM
700mSIPHEX2_24-scaffold_3_c1_252  0.637  24  0.736  24  0.917  16  0.850   0.798 Y  0.450      SignalP-noTM
700mSIPHEX2_24-scaffold_3_c1_253  0.773  21  0.697  21  0.784   1  0.626   0.664 Y  0.570      SignalP-noTM
700mSIPHEX2_24-scaffold_3_c1_253  0.834  21  0.872  21  0.964  15  0.910   0.892 Y  0.450      SignalP-noTM
700mSIPHEX2_24-scaffold_3_c1_262  0.670  24  0.735  24  0.947  12  0.809   0.775 Y  0.450      SignalP-noTM
700mSIPHEX2_24-scaffold_3_c1_262  0.683  24  0.727  24  0.904   6  0.804   0.757 Y  0.450      SignalP-TM
700mSIPHEX2_24-scaffold_3_c1_262  0.792  24  0.808  24  0.959   8  0.876   0.840 Y  0.570      SignalP-noTM
700mSIPHEX2_24-scaffold_3_c1_263  0.452  19  0.546  19  0.853   1  0.685   0.602 Y  0.500      SignalP-TM
700mSIPHEX2_24-scaffold_3_c1_264  0.517  29  0.641  29  0.922  17  0.838   0.718 Y  0.450      SignalP-TM
700mSIPHEX2_24-scaffold_3_c1_264  0.827  29  0.844  29  0.967  15  0.901   0.871 Y  0.570      SignalP-noTM
700mSIPHEX2_24-scaffold_3_c1_266  0.385  34  0.525  34  0.887  33  0.512   0.520 Y  0.450      SignalP-TM
700mSIPHEX2_24-scaffold_3_c1_268  0.437  22  0.596  22  0.863  14  0.807   0.678 Y  0.450      SignalP-TM
700mSIPHEX2_24-scaffold_3_c1_268  0.575  22  0.689  22  0.928  14  0.826   0.763 Y  0.450      SignalP-noTM
700mSIPHEX2_24-scaffold_3_c1_268  0.693  22  0.753  22  0.909  12  0.830   0.789 Y  0.570      SignalP-noTM
700mSIPHEX2_24-scaffold_3_c1_27  0.588  19  0.675  19  0.869  16  0.753   0.705 Y  0.450      SignalP-TM
700mSIPHEX2_24-scaffold_3_c1_27  0.837  19  0.891  19  0.964  11  0.942   0.915 Y  0.570      SignalP-noTM
700mSIPHEX2_24-scaffold_3_c1_27  0.857  19  0.910  19  0.984  11  0.966   0.940 Y  0.450      SignalP-noTM
700mSIPHEX2_24-scaffold_3_c1_276  0.640  33  0.727  33  0.938  20  0.852   0.786 Y  0.570      SignalP-noTM
700mSIPHEX2_24-scaffold_3_c1_276  0.655  33  0.663  33  0.858  28  0.619   0.639 Y  0.450      SignalP-noTM
700mSIPHEX2_24-scaffold_3_c1_276  0.793  33  0.794  33  0.932  17  0.802   0.797 Y  0.450      SignalP-TM
700mSIPHEX2_24-scaffold_3_c1_278  0.485  24  0.631  24  0.901  17  0.806   0.700 Y  0.450      SignalP-TM
700mSIPHEX2_24-scaffold_3_c1_278  0.522  24  0.646  24  0.934  14  0.802   0.730 Y  0.450      SignalP-noTM
700mSIPHEX2_24-scaffold_3_c1_278  0.556  24  0.659  24  0.940  15  0.817   0.733 Y  0.570      SignalP-noTM
700mSIPHEX2_24-scaffold_3_c1_279  0.206  33  0.343  27  0.858  19  0.743   0.499 Y  0.450      SignalP-TM
700mSIPHEX2_24-scaffold_3_c1_279  0.314  21  0.482  21  0.861   5  0.768   0.617 Y  0.570      SignalP-noTM
700mSIPHEX2_24-scaffold_3_c1_279  0.560  25  0.681  25  0.934  17  0.822   0.757 Y  0.450      SignalP-noTM
700mSIPHEX2_24-scaffold_3_c1_280  0.611  39  0.679  39  0.913  30  0.697   0.689 Y  0.450      SignalP-noTM
700mSIPHEX2_24-scaffold_3_c1_29  0.319  37  0.439  37  0.830  22  0.658   0.524 Y  0.450      SignalP-TM
700mSIPHEX2_24-scaffold_3_c1_29  0.692  36  0.682  36  0.874  30  0.561   0.626 Y  0.570      SignalP-noTM
700mSIPHEX2_24-scaffold_3_c1_295  0.292  30  0.487  23  0.948  20  0.817   0.616 Y  0.450      SignalP-TM
700mSIPHEX2_24-scaffold_3_c1_295  0.540  24  0.633  24  0.912  20  0.763   0.694 Y  0.570      SignalP-noTM
700mSIPHEX2_24-scaffold_3_c1_295  0.774  24  0.776  24  0.891   3  0.781   0.779 Y  0.450      SignalP-noTM
700mSIPHEX2_24-scaffold_3_c1_319  0.208  29  0.386  29  0.887   8  0.740   0.577 Y  0.450      SignalP-noTM
700mSIPHEX2_24-scaffold_3_c1_319  0.323  27  0.535  27  0.982  11  0.920   0.716 Y  0.570      SignalP-noTM
700mSIPHEX2_24-scaffold_3_c1_319  0.524  29  0.656  29  0.956  18  0.872   0.740 Y  0.450      SignalP-TM
700mSIPHEX2_24-scaffold_3_c1_327  0.642  23  0.757  23  0.969   2  0.893   0.831 Y  0.450      SignalP-noTM
700mSIPHEX2_24-scaffold_3_c1_327  0.660  23  0.710  23  0.917   1  0.812   0.758 Y  0.570      SignalP-noTM
700mSIPHEX2_24-scaffold_3_c1_327  0.718  23  0.654  23  0.827   5  0.660   0.656 Y  0.450      SignalP-TM
700mSIPHEX2_24-scaffold_3_c1_349  0.299  36  0.521  36  0.972  25  0.839   0.693 Y  0.450      SignalP-noTM
700mSIPHEX2_24-scaffold_3_c1_349  0.367  36  0.546  36  0.890  22  0.725   0.616 Y  0.450      SignalP-TM
700mSIPHEX2_24-scaffold_3_c1_349  0.690  36  0.655  36  0.746  35  0.517   0.604 Y  0.510      SignalP-TM
700mSIPHEX2_24-scaffold_3_c1_353  0.392  64  0.382  24  0.787  20  0.595   0.465 Y  0.450      SignalP-TM
700mSIPHEX2_24-scaffold_3_c1_353  0.798  24  0.857  24  0.980  13  0.920   0.891 Y  0.450      SignalP-noTM
700mSIPHEX2_24-scaffold_3_c1_354  0.159  31  0.328  24  0.903  17  0.843   0.529 Y  0.450      SignalP-TM
700mSIPHEX2_24-scaffold_3_c1_36  0.240  53  0.378  25  0.793   8  0.676   0.494 Y  0.450      SignalP-TM
700mSIPHEX2_24-scaffold_3_c1_36  0.471  25  0.608  25  0.898  19  0.800   0.698 Y  0.570      SignalP-noTM
700mSIPHEX2_24-scaffold_3_c1_36  0.496  25  0.617  25  0.867  20  0.769   0.699 Y  0.450      SignalP-noTM
700mSIPHEX2_24-scaffold_3_c1_362  0.452  26  0.499  26  0.694  25  0.509   0.503 Y  0.500      SignalP-TM
700mSIPHEX2_24-scaffold_3_c1_367  0.244  25  0.394  25  0.888   8  0.740   0.529 Y  0.450      SignalP-TM
700mSIPHEX2_24-scaffold_3_c1_367  0.293  22  0.518  22  0.966  16  0.917   0.733 Y  0.450      SignalP-noTM
700mSIPHEX2_24-scaffold_3_c1_367  0.693  25  0.772  25  0.947  11  0.895   0.830 Y  0.570      SignalP-noTM
700mSIPHEX2_24-scaffold_3_c1_368  0.193  23  0.380  23  0.870   3  0.792   0.574 Y  0.570      SignalP-noTM
700mSIPHEX2_24-scaffold_3_c1_368  0.259  22  0.479  22  0.948  12  0.887   0.699 Y  0.450      SignalP-noTM
700mSIPHEX2_24-scaffold_3_c1_368  0.280  30  0.422  29  0.892  12  0.740   0.546 Y  0.450      SignalP-TM
700mSIPHEX2_24-scaffold_3_c1_370  0.310  25  0.452  25  0.738  21  0.643   0.527 Y  0.450      SignalP-TM
700mSIPHEX2_24-scaffold_3_c1_370  0.525  25  0.666  25  0.952  15  0.850   0.765 Y  0.450      SignalP-noTM
700mSIPHEX2_24-scaffold_3_c1_371  0.487  16  0.655  16  0.929   8  0.871   0.771 Y  0.450      SignalP-noTM
700mSIPHEX2_24-scaffold_3_c1_381  0.188  22  0.340  22  0.758  21  0.633   0.454 Y  0.450      SignalP-TM
700mSIPHEX2_24-scaffold_3_c1_381  0.808  22  0.876  22  0.983  14  0.952   0.917 Y  0.450      SignalP-noTM
700mSIPHEX2_24-scaffold_3_c1_381  0.835  22  0.873  22  0.969  20  0.907   0.889 Y  0.570      SignalP-noTM
700mSIPHEX2_24-scaffold_3_c1_382  0.284  28  0.512  28  0.982  18  0.923   0.734 Y  0.450      SignalP-noTM
700mSIPHEX2_24-scaffold_3_c1_382  0.328  35  0.479  35  0.869  25  0.617   0.533 Y  0.450      SignalP-TM
700mSIPHEX2_24-scaffold_3_c1_383  0.530  28  0.612  28  0.838  18  0.712   0.666 Y  0.450      SignalP-noTM
700mSIPHEX2_24-scaffold_3_c1_384  0.209  34  0.357  24  0.829   6  0.642   0.511 Y  0.450      SignalP-noTM
700mSIPHEX2_24-scaffold_3_c1_385  0.545  33  0.589  27  0.832  23  0.729   0.643 Y  0.450      SignalP-TM
700mSIPHEX2_24-scaffold_3_c1_385  0.715  27  0.781  27  0.977  14  0.848   0.817 Y  0.450      SignalP-noTM
700mSIPHEX2_24-scaffold_3_c1_385  0.778  27  0.787  27  0.938  12  0.840   0.812 Y  0.570      SignalP-noTM
700mSIPHEX2_24-scaffold_3_c1_386  0.379  30  0.550  30  0.893  24  0.655   0.591 Y  0.450      SignalP-TM
700mSIPHEX2_24-scaffold_3_c1_386  0.485  30  0.638  30  0.944  20  0.780   0.705 Y  0.570      SignalP-noTM
700mSIPHEX2_24-scaffold_3_c1_387  0.376  21  0.564  21  0.942  20  0.862   0.704 Y  0.570      SignalP-noTM
700mSIPHEX2_24-scaffold_3_c1_387  0.388  21  0.534  21  0.802  20  0.730   0.610 Y  0.450      SignalP-TM
700mSIPHEX2_24-scaffold_3_c1_387  0.487  24  0.632  24  0.942  18  0.822   0.734 Y  0.450      SignalP-noTM
700mSIPHEX2_24-scaffold_3_c1_388  0.711  24  0.707  24  0.874  21  0.697   0.704 Y  0.450      SignalP-TM
700mSIPHEX2_24-scaffold_3_c1_388  0.756  24  0.794  24  0.880  18  0.813   0.803 Y  0.570      SignalP-noTM
700mSIPHEX2_24-scaffold_3_c1_388  0.769  24  0.816  24  0.958  12  0.867   0.844 Y  0.450      SignalP-noTM
700mSIPHEX2_24-scaffold_3_c1_389  0.396  28  0.498  28  0.814  23  0.584   0.532 Y  0.450      SignalP-TM
700mSIPHEX2_24-scaffold_3_c1_389  0.549  28  0.655  28  0.879  21  0.776   0.712 Y  0.570      SignalP-noTM
700mSIPHEX2_24-scaffold_3_c1_389  0.725  28  0.793  28  0.949  16  0.869   0.834 Y  0.450      SignalP-noTM
700mSIPHEX2_24-scaffold_3_c1_390  0.337  20  0.506  20  0.883   2  0.791   0.617 Y  0.450      SignalP-TM
700mSIPHEX2_24-scaffold_3_c1_390  0.654  19  0.790  19  0.976   9  0.950   0.865 Y  0.570      SignalP-noTM
700mSIPHEX2_24-scaffold_3_c1_390  0.843  19  0.908  19  0.991  12  0.978   0.946 Y  0.450      SignalP-noTM
700mSIPHEX2_24-scaffold_3_c1_392  0.246  34  0.410  34  0.878  13  0.728   0.534 Y  0.450      SignalP-TM
700mSIPHEX2_24-scaffold_3_c1_392  0.295  29  0.518  29  0.977  20  0.890   0.719 Y  0.450      SignalP-noTM
700mSIPHEX2_24-scaffold_3_c1_392  0.587  34  0.685  34  0.961  15  0.859   0.767 Y  0.570      SignalP-noTM
700mSIPHEX2_24-scaffold_3_c1_393  0.224  33  0.413  33  0.856  16  0.766   0.550 Y  0.450      SignalP-TM
700mSIPHEX2_24-scaffold_3_c1_393  0.251  27  0.483  27  0.957  12  0.911   0.684 Y  0.570      SignalP-noTM
700mSIPHEX2_24-scaffold_3_c1_393  0.491  31  0.656  31  0.946  20  0.843   0.757 Y  0.450      SignalP-noTM
700mSIPHEX2_24-scaffold_3_c1_395  0.793  32  0.644  32  0.728  12  0.515   0.592 Y  0.500      SignalP-TM
700mSIPHEX2_24-scaffold_3_c1_400  0.503  29  0.522  29  0.751  14  0.576   0.551 Y  0.450      SignalP-noTM
700mSIPHEX2_24-scaffold_3_c1_400  0.620  29  0.629  29  0.890  10  0.750   0.676 Y  0.450      SignalP-TM
700mSIPHEX2_24-scaffold_3_c1_400  0.880  29  0.760  29  0.928  11  0.793   0.776 Y  0.570      SignalP-noTM
700mSIPHEX2_24-scaffold_3_c1_401  0.160  22  0.380  22  0.952  20  0.899   0.624 Y  0.570      SignalP-noTM
700mSIPHEX2_24-scaffold_3_c1_401  0.308  32  0.489  32  0.934  20  0.821   0.619 Y  0.450      SignalP-TM
700mSIPHEX2_24-scaffold_3_c1_401  0.328  27  0.507  27  0.878  19  0.783   0.656 Y  0.450      SignalP-noTM
700mSIPHEX2_24-scaffold_3_c1_403  0.209  22  0.411  22  0.950   7  0.856   0.585 Y  0.450      SignalP-TM
700mSIPHEX2_24-scaffold_3_c1_403  0.576  22  0.746  22  0.982  13  0.960   0.847 Y  0.570      SignalP-noTM
700mSIPHEX2_24-scaffold_3_c1_403  0.887  23  0.916  23  0.984  12  0.946   0.932 Y  0.450      SignalP-noTM
700mSIPHEX2_24-scaffold_3_c1_407  0.391  31  0.538  31  0.909  27  0.737   0.616 Y  0.450      SignalP-TM
700mSIPHEX2_24-scaffold_3_c1_407  0.782  31  0.759  31  0.901   9  0.803   0.780 Y  0.570      SignalP-noTM
700mSIPHEX2_24-scaffold_3_c1_417  0.797  36  0.776  36  0.963  17  0.798   0.786 Y  0.570      SignalP-noTM
700mSIPHEX2_24-scaffold_3_c1_417  0.828  36  0.771  36  0.922  22  0.766   0.769 Y  0.450      SignalP-TM
700mSIPHEX2_24-scaffold_3_c1_418  0.164  29  0.301  23  0.854  18  0.726   0.467 Y  0.450      SignalP-TM
700mSIPHEX2_24-scaffold_3_c1_418  0.230  23  0.433  23  0.940  16  0.846   0.627 Y  0.570      SignalP-noTM
700mSIPHEX2_24-scaffold_3_c1_418  0.350  23  0.521  23  0.878   5  0.775   0.658 Y  0.450      SignalP-noTM
700mSIPHEX2_24-scaffold_3_c1_42  0.646  25  0.704  25  0.915  22  0.624   0.673 Y  0.450      SignalP-TM
700mSIPHEX2_24-scaffold_3_c1_42  0.728  25  0.709  25  0.851  22  0.666   0.686 Y  0.450      SignalP-noTM
700mSIPHEX2_24-scaffold_3_c1_42  0.787  25  0.741  25  0.871  22  0.518   0.659 Y  0.510      SignalP-TM
700mSIPHEX2_24-scaffold_3_c1_429  0.360  31  0.484  31  0.937  15  0.780   0.599 Y  0.450      SignalP-TM
700mSIPHEX2_24-scaffold_3_c1_429  0.745  31  0.778  31  0.969  17  0.864   0.818 Y  0.570      SignalP-noTM
700mSIPHEX2_24-scaffold_3_c1_430  0.209  19  0.428  19  0.918  16  0.881   0.672 Y  0.450      SignalP-noTM
700mSIPHEX2_24-scaffold_3_c1_431  0.196  21  0.382  21  0.928   4  0.806   0.581 Y  0.570      SignalP-noTM
700mSIPHEX2_24-scaffold_3_c1_431  0.216  21  0.384  21  0.858   6  0.739   0.523 Y  0.450      SignalP-TM
700mSIPHEX2_24-scaffold_3_c1_431  0.277  22  0.481  22  0.926   5  0.833   0.671 Y  0.450      SignalP-noTM
700mSIPHEX2_24-scaffold_3_c1_44  0.294  26  0.454  26  0.922  13  0.720   0.597 Y  0.450      SignalP-noTM
700mSIPHEX2_24-scaffold_3_c1_44  0.466  26  0.572  26  0.914   9  0.786   0.656 Y  0.450      SignalP-TM
700mSIPHEX2_24-scaffold_3_c1_44  0.813  26  0.739  26  0.972   9  0.812   0.773 Y  0.570      SignalP-noTM
700mSIPHEX2_24-scaffold_3_c1_447  0.303  26  0.484  26  0.892  19  0.778   0.643 Y  0.450      SignalP-noTM
700mSIPHEX2_24-scaffold_3_c1_447  0.701  26  0.800  26  0.969  19  0.920   0.856 Y  0.570      SignalP-noTM
700mSIPHEX2_24-scaffold_3_c1_447  0.803  26  0.865  26  0.955  18  0.874   0.868 Y  0.450      SignalP-TM
700mSIPHEX2_24-scaffold_3_c1_448  0.313  21  0.484  21  0.888  19  0.762   0.634 Y  0.450      SignalP-noTM
700mSIPHEX2_24-scaffold_3_c1_454  0.201  56  0.344  22  0.789  10  0.712   0.487 Y  0.450      SignalP-TM
700mSIPHEX2_24-scaffold_3_c1_454  0.406  22  0.613  22  0.953  11  0.924   0.759 Y  0.570      SignalP-noTM
700mSIPHEX2_24-scaffold_3_c1_454  0.729  23  0.811  23  0.970   5  0.902   0.860 Y  0.450      SignalP-noTM
700mSIPHEX2_24-scaffold_3_c1_464  0.119  31  0.287  12  0.866   3  0.817   0.493 Y  0.450      SignalP-TM
700mSIPHEX2_24-scaffold_3_c1_464  0.391  19  0.477  19  0.922   1  0.642   0.543 Y  0.500      SignalP-TM
700mSIPHEX2_24-scaffold_3_c1_471  0.124  39  0.275  13  0.827   7  0.759   0.464 Y  0.450      SignalP-TM
700mSIPHEX2_24-scaffold_3_c1_488  0.468  25  0.655  25  0.957   6  0.915   0.795 Y  0.450      SignalP-noTM
700mSIPHEX2_24-scaffold_3_c1_490  0.358  28  0.559  28  0.942  11  0.885   0.686 Y  0.450      SignalP-TM
700mSIPHEX2_24-scaffold_3_c1_490  0.412  28  0.539  28  0.830   8  0.721   0.638 Y  0.450      SignalP-noTM
700mSIPHEX2_24-scaffold_3_c1_490  0.829  28  0.872  28  0.952  26  0.912   0.891 Y  0.570      SignalP-noTM
700mSIPHEX2_24-scaffold_3_c1_494  0.157  26  0.334  20  0.882  12  0.783   0.509 Y  0.450      SignalP-TM
700mSIPHEX2_24-scaffold_3_c1_494  0.320  26  0.511  26  0.938   7  0.818   0.676 Y  0.450      SignalP-noTM
700mSIPHEX2_24-scaffold_3_c1_494  0.505  26  0.676  26  0.966  13  0.904   0.783 Y  0.570      SignalP-noTM
700mSIPHEX2_24-scaffold_3_c1_50  0.196  26  0.388  26  0.939   2  0.835   0.598 Y  0.570      SignalP-noTM
700mSIPHEX2_24-scaffold_3_c1_50  0.504  26  0.675  26  0.965   7  0.904   0.798 Y  0.450      SignalP-noTM
700mSIPHEX2_24-scaffold_3_c1_504  0.701  18  0.829  18  0.996  13  0.982   0.912 Y  0.450      SignalP-noTM
700mSIPHEX2_24-scaffold_3_c1_505  0.202  32  0.351  32  0.921  10  0.744   0.504 Y  0.450      SignalP-TM
700mSIPHEX2_24-scaffold_3_c1_505  0.223  27  0.460  27  0.983  11  0.942   0.720 Y  0.450      SignalP-noTM
700mSIPHEX2_24-scaffold_3_c1_505  0.541  27  0.714  27  0.968  10  0.939   0.820 Y  0.570      SignalP-noTM
700mSIPHEX2_24-scaffold_3_c1_509  0.288  30  0.495  30  0.912  26  0.812   0.618 Y  0.450      SignalP-TM
700mSIPHEX2_24-scaffold_3_c1_514  0.344  31  0.498  31  0.936  29  0.670   0.565 Y  0.450      SignalP-TM
700mSIPHEX2_24-scaffold_3_c1_514  0.839  31  0.852  31  0.927  18  0.827   0.841 Y  0.570      SignalP-noTM
700mSIPHEX2_24-scaffold_3_c1_514  0.865  31  0.863  31  0.903  30  0.833   0.847 Y  0.450      SignalP-noTM
700mSIPHEX2_24-scaffold_3_c1_531  0.575  23  0.747  23  0.994  16  0.971   0.868 Y  0.450      SignalP-noTM
700mSIPHEX2_24-scaffold_3_c1_532  0.750  25  0.750  25  0.867  18  0.712   0.735 Y  0.450      SignalP-TM
700mSIPHEX2_24-scaffold_3_c1_532  0.883  25  0.911  25  0.964  17  0.923   0.917 Y  0.570      SignalP-noTM
700mSIPHEX2_24-scaffold_3_c1_532  0.883  25  0.912  25  0.978  14  0.938   0.926 Y  0.450      SignalP-noTM
700mSIPHEX2_24-scaffold_3_c1_534  0.445  23  0.455  23  0.660  19  0.500   0.473 Y  0.450      SignalP-TM
700mSIPHEX2_24-scaffold_3_c1_534  0.561  23  0.656  23  0.914  17  0.804   0.726 Y  0.570      SignalP-noTM
700mSIPHEX2_24-scaffold_3_c1_534  0.791  23  0.849  23  0.975   5  0.913   0.884 Y  0.450      SignalP-noTM
700mSIPHEX2_24-scaffold_3_c1_537  0.234  25  0.386  25  0.846   7  0.708   0.512 Y  0.450      SignalP-TM
700mSIPHEX2_24-scaffold_3_c1_537  0.692  25  0.543  25  0.768   6  0.532   0.539 Y  0.500      SignalP-TM
700mSIPHEX2_24-scaffold_3_c1_564  0.632  28  0.584  28  0.717  17  0.569   0.578 Y  0.450      SignalP-TM
700mSIPHEX2_24-scaffold_3_c1_564  0.855  28  0.809  28  0.856  14  0.755   0.787 Y  0.500      SignalP-TM
700mSIPHEX2_24-scaffold_3_c1_565  0.664  26  0.549  26  0.739  11  0.504   0.531 Y  0.500      SignalP-TM
700mSIPHEX2_24-scaffold_3_c1_57  0.340  26  0.550  26  0.951   7  0.897   0.685 Y  0.450      SignalP-TM
700mSIPHEX2_24-scaffold_3_c1_57  0.680  26  0.803  26  0.980  12  0.944   0.869 Y  0.570      SignalP-noTM
700mSIPHEX2_24-scaffold_3_c1_57  0.713  26  0.802  26  0.972  18  0.900   0.855 Y  0.450      SignalP-noTM
700mSIPHEX2_24-scaffold_3_c1_583  0.416  23  0.473  23  0.737  20  0.515   0.489 Y  0.450      SignalP-TM
700mSIPHEX2_24-scaffold_3_c1_583  0.505  23  0.650  23  0.896   2  0.836   0.750 Y  0.450      SignalP-noTM
700mSIPHEX2_24-scaffold_3_c1_583  0.704  23  0.592  23  0.601  19  0.466   0.546 Y  0.510      SignalP-TM
700mSIPHEX2_24-scaffold_3_c1_591  0.657  25  0.727  25  0.881  23  0.751   0.736 Y  0.450      SignalP-TM
700mSIPHEX2_24-scaffold_3_c1_591  0.823  25  0.851  25  0.929  21  0.867   0.860 Y  0.450      SignalP-noTM
700mSIPHEX2_24-scaffold_3_c1_591  0.872  25  0.880  25  0.952  21  0.870   0.876 Y  0.570      SignalP-noTM
700mSIPHEX2_24-scaffold_3_c1_598  0.665  24  0.622  24  0.785   6  0.642   0.630 Y  0.450      SignalP-TM
700mSIPHEX2_24-scaffold_3_c1_598  0.776  22  0.771  22  0.887  13  0.796   0.781 Y  0.500      SignalP-TM
700mSIPHEX2_24-scaffold_3_c1_598  0.810  22  0.700  22  0.687   1  0.620   0.670 Y  0.510      SignalP-TM
700mSIPHEX2_24-scaffold_3_c1_62  0.524  17  0.520  17  0.760  16  0.535   0.526 Y  0.500      SignalP-TM
700mSIPHEX2_24-scaffold_3_c1_65  0.133  19  0.326  19  0.898  17  0.808   0.514 Y  0.450      SignalP-TM
700mSIPHEX2_24-scaffold_3_c1_65  0.576  18  0.728  18  0.955  16  0.918   0.817 Y  0.570      SignalP-noTM
700mSIPHEX2_24-scaffold_3_c1_65  0.822  18  0.889  18  0.976  11  0.960   0.927 Y  0.450      SignalP-noTM
700mSIPHEX2_24-scaffold_3_c1_7  0.208  21  0.376  21  0.804  15  0.670   0.535 Y  0.450      SignalP-noTM
700mSIPHEX2_24-scaffold_3_c1_79  0.377  18  0.490  18  0.797   2  0.657   0.557 Y  0.500      SignalP-TM
700mSIPHEX2_24-scaffold_3_c1_80  0.140  16  0.316  16  0.810   2  0.673   0.509 Y  0.450      SignalP-noTM
700mSIPHEX2_24-scaffold_3_c1_8  0.369  33  0.441  33  0.842  15  0.664   0.528 Y  0.450      SignalP-TM
700mSIPHEX2_24-scaffold_3_c1_8  0.715  31  0.692  31  0.891  21  0.770   0.729 Y  0.570      SignalP-noTM
700mSIPHEX2_24-scaffold_3_c1_99  0.230  19  0.437  19  0.914  17  0.843   0.595 Y  0.450      SignalP-TM
700mSIPHEX2_24-scaffold_3_c1_99  0.472  19  0.651  19  0.955  16  0.895   0.783 Y  0.450      SignalP-noTM
700mSIPHEX2_24-scaffold_3_c1_99  0.617  19  0.763  19  0.963  15  0.932   0.843 Y  0.570      SignalP-noTM
700mSIPHEX2_24-scaffold_52_c1_12  0.271  27  0.398  27  0.882   6  0.700   0.516 Y  0.450      SignalP-TM
700mSIPHEX2_24-scaffold_52_c1_12  0.708  27  0.778  27  0.965  21  0.877   0.825 Y  0.570      SignalP-noTM
700mSIPHEX2_24-scaffold_52_c1_12  0.709  27  0.802  27  0.963   7  0.908   0.859 Y  0.450      SignalP-noTM
700mSIPHEX2_24-scaffold_52_c1_135  0.184  24  0.368  24  0.853   1  0.740   0.569 Y  0.450      SignalP-noTM
700mSIPHEX2_24-scaffold_52_c1_138  0.237  29  0.420  29  0.917  21  0.791   0.565 Y  0.450      SignalP-TM
700mSIPHEX2_24-scaffold_52_c1_138  0.430  23  0.629  23  0.955  19  0.923   0.767 Y  0.570      SignalP-noTM
700mSIPHEX2_24-scaffold_52_c1_138  0.791  23  0.851  23  0.951  14  0.916   0.886 Y  0.450      SignalP-noTM
700mSIPHEX2_24-scaffold_52_c1_141  0.155  23  0.329  23  0.862  10  0.728   0.484 Y  0.450      SignalP-TM
700mSIPHEX2_24-scaffold_52_c1_163  0.316  27  0.457  27  0.881  15  0.727   0.562 Y  0.450      SignalP-TM
700mSIPHEX2_24-scaffold_52_c1_163  0.460  27  0.663  27  0.984  10  0.951   0.819 Y  0.450      SignalP-noTM
700mSIPHEX2_24-scaffold_52_c1_163  0.650  27  0.639  27  0.821  23  0.629   0.635 Y  0.510      SignalP-TM
700mSIPHEX2_24-scaffold_52_c1_181  0.555  21  0.654  21  0.940  18  0.796   0.709 Y  0.450      SignalP-TM
700mSIPHEX2_24-scaffold_52_c1_181  0.814  21  0.806  21  0.899   1  0.789   0.797 Y  0.450      SignalP-noTM
700mSIPHEX2_24-scaffold_52_c1_181  0.825  21  0.831  21  0.907   1  0.853   0.842 Y  0.570      SignalP-noTM
700mSIPHEX2_24-scaffold_52_c1_186  0.259  32  0.439  22  0.947  13  0.890   0.615 Y  0.450      SignalP-TM
700mSIPHEX2_24-scaffold_52_c1_186  0.334  23  0.566  23  0.988  14  0.959   0.778 Y  0.450      SignalP-noTM
700mSIPHEX2_24-scaffold_52_c1_186  0.379  22  0.608  22  0.985  18  0.969   0.778 Y  0.570      SignalP-noTM
700mSIPHEX2_24-scaffold_52_c1_187  0.168  24  0.377  24  0.913  14  0.846   0.630 Y  0.450      SignalP-noTM
700mSIPHEX2_24-scaffold_52_c1_187  0.336  20  0.508  20  0.887   2  0.802   0.646 Y  0.570      SignalP-noTM
700mSIPHEX2_24-scaffold_52_c1_189  0.267  21  0.481  21  0.907  18  0.864   0.631 Y  0.450      SignalP-TM
700mSIPHEX2_24-scaffold_52_c1_189  0.356  21  0.583  21  0.982  10  0.948   0.754 Y  0.570      SignalP-noTM
700mSIPHEX2_24-scaffold_52_c1_189  0.591  21  0.698  21  0.903   7  0.827   0.767 Y  0.450      SignalP-noTM
700mSIPHEX2_24-scaffold_52_c1_190  0.875  34  0.834  34  0.891  28  0.695   0.759 Y  0.450      SignalP-noTM
700mSIPHEX2_24-scaffold_52_c1_32  0.681  25  0.620  25  0.748   4  0.558   0.586 Y  0.450      SignalP-noTM
700mSIPHEX2_24-scaffold_52_c1_32  0.753  25  0.713  25  0.893  22  0.660   0.688 Y  0.570      SignalP-noTM
700mSIPHEX2_24-scaffold_52_c1_4  0.619  30  0.745  30  0.970  15  0.891   0.824 Y  0.450      SignalP-noTM
700mSIPHEX2_24-scaffold_52_c1_61  0.170  24  0.387  23  0.953   5  0.910   0.591 Y  0.450      SignalP-TM
700mSIPHEX2_24-scaffold_52_c1_61  0.233  21  0.465  21  0.964  19  0.924   0.680 Y  0.570      SignalP-noTM
700mSIPHEX2_24-scaffold_52_c1_61  0.576  22  0.730  22  0.964  12  0.924   0.835 Y  0.450      SignalP-noTM
700mSIPHEX2_24-scaffold_52_c1_62  0.388  25  0.504  25  0.794  24  0.556   0.524 Y  0.450      SignalP-TM
700mSIPHEX2_24-scaffold_52_c1_62  0.472  28  0.609  28  0.936  18  0.816   0.707 Y  0.570      SignalP-noTM
700mSIPHEX2_24-scaffold_52_c1_77  0.199  21  0.380  21  0.794   1  0.733   0.518 Y  0.450      SignalP-TM
700mSIPHEX2_24-scaffold_52_c1_77  0.665  21  0.756  21  0.911  14  0.854   0.802 Y  0.570      SignalP-noTM
700mSIPHEX2_24-scaffold_52_c1_77  0.787  21  0.790  21  0.862   4  0.790   0.790 Y  0.450      SignalP-noTM
700mSIPHEX2_24-scaffold_52_c1_78  0.162  48  0.316  31  0.834   8  0.721   0.474 Y  0.450      SignalP-TM
700mSIPHEX2_24-scaffold_52_c1_78  0.248  31  0.410  31  0.931   4  0.737   0.587 Y  0.450      SignalP-noTM
700mSIPHEX2_24-scaffold_52_c1_79  0.223  22  0.456  22  0.974  16  0.932   0.713 Y  0.450      SignalP-noTM
700mSIPHEX2_24-scaffold_52_c1_82  0.345  29  0.513  29  0.892  14  0.800   0.625 Y  0.450      SignalP-TM
700mSIPHEX2_24-scaffold_52_c1_82  0.376  29  0.461  29  0.811  13  0.583   0.527 Y  0.450      SignalP-noTM
700mSIPHEX2_24-scaffold_52_c1_82  0.451  25  0.629  25  0.949  15  0.888   0.751 Y  0.570      SignalP-noTM
700mSIPHEX2_24-scaffold_52_c1_83  0.465  31  0.580  31  0.913  16  0.774   0.671 Y  0.570      SignalP-noTM
700mSIPHEX2_24-scaffold_52_c1_94  0.273  25  0.482  25  0.950   7  0.868   0.633 Y  0.450      SignalP-TM
700mSIPHEX2_24-scaffold_52_c1_94  0.836  25  0.860  25  0.965  10  0.914   0.886 Y  0.570      SignalP-noTM
700mSIPHEX2_24-scaffold_52_c1_94  0.901  25  0.922  25  0.985  12  0.944   0.934 Y  0.450      SignalP-noTM
700mSIPHEX2_24-scaffold_65_c1_100  0.384  21  0.575  21  0.922   4  0.863   0.731 Y  0.450      SignalP-noTM
700mSIPHEX2_24-scaffold_65_c1_100  0.444  23  0.595  23  0.944   5  0.839   0.690 Y  0.450      SignalP-TM
700mSIPHEX2_24-scaffold_65_c1_100  0.834  23  0.863  23  0.969  11  0.912   0.886 Y  0.570      SignalP-noTM
700mSIPHEX2_24-scaffold_65_c1_103  0.310  35  0.475  35  0.904  19  0.732   0.614 Y  0.450      SignalP-noTM
700mSIPHEX2_24-scaffold_65_c1_103  0.376  36  0.572  36  0.947  24  0.777   0.668 Y  0.570      SignalP-noTM
700mSIPHEX2_24-scaffold_65_c1_103  0.481  36  0.652  36  0.930  33  0.693   0.668 Y  0.450      SignalP-TM
700mSIPHEX2_24-scaffold_65_c1_110  0.273  33  0.476  33  0.900  16  0.806   0.605 Y  0.450      SignalP-TM
700mSIPHEX2_24-scaffold_65_c1_110  0.323  33  0.499  33  0.874  29  0.711   0.613 Y  0.450      SignalP-noTM
700mSIPHEX2_24-scaffold_65_c1_110  0.715  33  0.787  33  0.985  17  0.878   0.830 Y  0.570      SignalP-noTM
700mSIPHEX2_24-scaffold_65_c1_114  0.510  26  0.596  26  0.911   8  0.766   0.662 Y  0.450      SignalP-TM
700mSIPHEX2_24-scaffold_65_c1_114  0.740  26  0.802  26  0.962  11  0.907   0.851 Y  0.570      SignalP-noTM
700mSIPHEX2_24-scaffold_65_c1_114  0.897  26  0.915  26  0.974  15  0.930   0.923 Y  0.450      SignalP-noTM
700mSIPHEX2_24-scaffold_65_c1_117  0.279  25  0.430  25  0.800  23  0.630   0.508 Y  0.450      SignalP-TM
700mSIPHEX2_24-scaffold_65_c1_117  0.377  25  0.544  25  0.883  13  0.782   0.672 Y  0.450      SignalP-noTM
700mSIPHEX2_24-scaffold_65_c1_117  0.755  25  0.749  25  0.868   7  0.767   0.758 Y  0.570      SignalP-noTM
700mSIPHEX2_24-scaffold_65_c1_126  0.683  35  0.700  35  0.898  29  0.660   0.678 Y  0.450      SignalP-noTM
700mSIPHEX2_24-scaffold_65_c1_127  0.666  24  0.577  24  0.797   3  0.589   0.582 Y  0.500      SignalP-TM
700mSIPHEX2_24-scaffold_65_c1_138  0.390  31  0.590  31  0.938  14  0.859   0.735 Y  0.450      SignalP-noTM
700mSIPHEX2_24-scaffold_65_c1_139  0.526  25  0.656  25  0.926  18  0.746   0.691 Y  0.450      SignalP-TM
700mSIPHEX2_24-scaffold_65_c1_139  0.603  25  0.730  25  0.955  18  0.875   0.798 Y  0.570      SignalP-noTM
700mSIPHEX2_24-scaffold_65_c1_139  0.835  25  0.869  25  0.965  15  0.903   0.887 Y  0.450      SignalP-noTM
700mSIPHEX2_24-scaffold_65_c1_14  0.337  23  0.558  23  0.961  18  0.920   0.728 Y  0.570      SignalP-noTM
700mSIPHEX2_24-scaffold_65_c1_14  0.354  23  0.507  23  0.798   9  0.735   0.596 Y  0.450      SignalP-TM
700mSIPHEX2_24-scaffold_65_c1_14  0.837  23  0.873  23  0.955   5  0.911   0.894 Y  0.450      SignalP-noTM
700mSIPHEX2_24-scaffold_65_c1_147  0.283  24  0.484  24  0.947  11  0.827   0.618 Y  0.450      SignalP-TM
700mSIPHEX2_24-scaffold_65_c1_147  0.641  24  0.772  24  0.962  19  0.926   0.855 Y  0.450      SignalP-noTM
700mSIPHEX2_24-scaffold_65_c1_147  0.799  24  0.874  24  0.976  19  0.946   0.908 Y  0.570      SignalP-noTM
700mSIPHEX2_24-scaffold_65_c1_149  0.267  22  0.392  22  0.748   6  0.620   0.481 Y  0.450      SignalP-TM
700mSIPHEX2_24-scaffold_65_c1_149  0.601  22  0.736  22  0.948  19  0.900   0.825 Y  0.450      SignalP-noTM
700mSIPHEX2_24-scaffold_65_c1_149  0.893  22  0.896  22  0.936   4  0.906   0.901 Y  0.570      SignalP-noTM
700mSIPHEX2_24-scaffold_65_c1_15  0.159  30  0.333  22  0.833  17  0.766   0.502 Y  0.450      SignalP-TM
700mSIPHEX2_24-scaffold_65_c1_15  0.245  21  0.450  21  0.900   3  0.823   0.652 Y  0.450      SignalP-noTM
700mSIPHEX2_24-scaffold_65_c1_155  0.423  19  0.576  19  0.899   2  0.805   0.667 Y  0.500      SignalP-TM
700mSIPHEX2_24-scaffold_65_c1_160  0.164  27  0.340  27  0.922  12  0.780   0.511 Y  0.450      SignalP-TM
700mSIPHEX2_24-scaffold_65_c1_160  0.190  27  0.387  27  0.866  17  0.739   0.517 Y  0.510      SignalP-TM
700mSIPHEX2_24-scaffold_65_c1_160  0.251  31  0.480  31  0.994  19  0.918   0.716 Y  0.450      SignalP-noTM
700mSIPHEX2_24-scaffold_65_c1_164  0.357  43  0.515  43  0.897  36  0.392   0.467 Y  0.450      SignalP-TM
700mSIPHEX2_24-scaffold_65_c1_166  0.429  27  0.543  27  0.887   8  0.706   0.631 Y  0.450      SignalP-noTM
700mSIPHEX2_24-scaffold_65_c1_166  0.605  27  0.696  27  0.892  23  0.794   0.734 Y  0.450      SignalP-TM
700mSIPHEX2_24-scaffold_65_c1_166  0.762  27  0.770  27  0.877  11  0.800   0.784 Y  0.570      SignalP-noTM
700mSIPHEX2_24-scaffold_65_c1_170  0.233  29  0.395  18  0.899   5  0.822   0.562 Y  0.450      SignalP-TM
700mSIPHEX2_24-scaffold_65_c1_170  0.380  18  0.582  18  0.949  16  0.893   0.729 Y  0.570      SignalP-noTM
700mSIPHEX2_24-scaffold_65_c1_170  0.576  19  0.728  19  0.955  11  0.917   0.830 Y  0.450      SignalP-noTM
700mSIPHEX2_24-scaffold_65_c1_172  0.507  17  0.589  17  0.753  15  0.692   0.644 Y  0.450      SignalP-noTM
700mSIPHEX2_24-scaffold_65_c1_180  0.500  17  0.654  17  0.893  12  0.857   0.736 Y  0.500      SignalP-TM
700mSIPHEX2_24-scaffold_65_c1_187  0.139  24  0.325  24  0.933  18  0.802   0.511 Y  0.450      SignalP-TM
700mSIPHEX2_24-scaffold_65_c1_187  0.341  22  0.540  22  0.948   2  0.880   0.700 Y  0.570      SignalP-noTM
700mSIPHEX2_24-scaffold_65_c1_187  0.678  21  0.794  21  0.969   3  0.928   0.866 Y  0.450      SignalP-noTM
700mSIPHEX2_24-scaffold_65_c1_193  0.181  25  0.392  23  0.951  18  0.817   0.558 Y  0.450      SignalP-TM
700mSIPHEX2_24-scaffold_65_c1_193  0.355  24  0.549  24  0.902  19  0.849   0.711 Y  0.450      SignalP-noTM
700mSIPHEX2_24-scaffold_65_c1_193  0.640  23  0.772  23  0.966  21  0.907   0.835 Y  0.570      SignalP-noTM
700mSIPHEX2_24-scaffold_65_c1_194  0.455  35  0.463  25  0.946  10  0.884   0.627 Y  0.450      SignalP-TM
700mSIPHEX2_24-scaffold_65_c1_194  0.489  19  0.691  19  0.985  11  0.966   0.820 Y  0.570      SignalP-noTM
700mSIPHEX2_24-scaffold_65_c1_194  0.531  21  0.705  21  0.981  16  0.943   0.834 Y  0.450      SignalP-noTM
700mSIPHEX2_24-scaffold_65_c1_195  0.344  27  0.479  27  0.807   5  0.682   0.589 Y  0.450      SignalP-noTM
700mSIPHEX2_24-scaffold_65_c1_195  0.514  37  0.507  37  0.911  15  0.716   0.588 Y  0.450      SignalP-TM
700mSIPHEX2_24-scaffold_65_c1_197  0.317  33  0.429  33  0.955  15  0.754   0.555 Y  0.450      SignalP-TM
700mSIPHEX2_24-scaffold_65_c1_197  0.476  21  0.667  21  0.959  19  0.933   0.792 Y  0.570      SignalP-noTM
700mSIPHEX2_24-scaffold_65_c1_197  0.650  21  0.782  21  0.980  16  0.942   0.869 Y  0.450      SignalP-noTM
700mSIPHEX2_24-scaffold_65_c1_198  0.786  23  0.846  23  0.969  21  0.915   0.873 Y  0.450      SignalP-TM
700mSIPHEX2_24-scaffold_65_c1_198  0.816  23  0.861  23  0.971  11  0.908   0.887 Y  0.450      SignalP-noTM
700mSIPHEX2_24-scaffold_65_c1_198  0.887  23  0.891  23  0.947   9  0.909   0.899 Y  0.570      SignalP-noTM
700mSIPHEX2_24-scaffold_65_c1_206  0.402  24  0.565  24  0.932  17  0.792   0.688 Y  0.450      SignalP-noTM
700mSIPHEX2_24-scaffold_65_c1_206  0.715  24  0.779  24  0.928  17  0.831   0.803 Y  0.570      SignalP-noTM
700mSIPHEX2_24-scaffold_65_c1_21  0.241  29  0.383  29  0.816  13  0.622   0.476 Y  0.450      SignalP-TM
700mSIPHEX2_24-scaffold_65_c1_23  0.241  27  0.440  27  0.853  25  0.683   0.535 Y  0.450      SignalP-TM
700mSIPHEX2_24-scaffold_65_c1_23  0.285  27  0.459  27  0.869  16  0.736   0.609 Y  0.450      SignalP-noTM
700mSIPHEX2_24-scaffold_65_c1_30  0.140  36  0.306  22  0.834   1  0.777   0.490 Y  0.450      SignalP-TM
700mSIPHEX2_24-scaffold_65_c1_30  0.453  22  0.654  22  0.973   6  0.946   0.812 Y  0.450      SignalP-noTM
700mSIPHEX2_24-scaffold_65_c1_30  0.460  24  0.624  24  0.945   4  0.883   0.746 Y  0.570      SignalP-noTM
700mSIPHEX2_24-scaffold_65_c1_31  0.621  26  0.656  26  0.849   6  0.701   0.681 Y  0.450      SignalP-noTM
700mSIPHEX2_24-scaffold_65_c1_31  0.688  26  0.759  26  0.884  15  0.818   0.782 Y  0.450      SignalP-TM
700mSIPHEX2_24-scaffold_65_c1_31  0.876  26  0.883  26  0.974  10  0.911   0.896 Y  0.570      SignalP-noTM
700mSIPHEX2_24-scaffold_65_c1_34  0.559  37  0.687  37  0.949  34  0.585   0.639 Y  0.570      SignalP-noTM
700mSIPHEX2_24-scaffold_65_c1_34  0.712  45  0.660  45  0.832  34  0.469   0.586 Y  0.450      SignalP-TM
700mSIPHEX2_24-scaffold_65_c1_39  0.278  23  0.399  23  0.703  17  0.599   0.477 Y  0.450      SignalP-TM
700mSIPHEX2_24-scaffold_65_c1_39  0.637  23  0.732  23  0.937  13  0.841   0.791 Y  0.450      SignalP-noTM
700mSIPHEX2_24-scaffold_65_c1_40  0.490  27  0.669  27  0.989  16  0.914   0.801 Y  0.450      SignalP-noTM
700mSIPHEX2_24-scaffold_65_c1_40  0.527  27  0.693  27  0.961  15  0.912   0.796 Y  0.570      SignalP-noTM
700mSIPHEX2_24-scaffold_65_c1_40  0.715  34  0.620  34  0.883  22  0.682   0.644 Y  0.450      SignalP-TM
700mSIPHEX2_24-scaffold_65_c1_50  0.444  33  0.507  33  0.857  18  0.588   0.550 Y  0.450      SignalP-noTM
700mSIPHEX2_24-scaffold_65_c1_50  0.742  33  0.670  33  0.871  12  0.728   0.693 Y  0.450      SignalP-TM
700mSIPHEX2_24-scaffold_65_c1_50  0.872  33  0.696  33  0.945  15  0.749   0.721 Y  0.570      SignalP-noTM
700mSIPHEX2_24-scaffold_65_c1_53  0.130  38  0.287  12  0.877   7  0.831   0.499 Y  0.450      SignalP-TM
700mSIPHEX2_24-scaffold_65_c1_53  0.337  24  0.527  24  0.933   4  0.862   0.685 Y  0.570      SignalP-noTM
700mSIPHEX2_24-scaffold_65_c1_53  0.419  28  0.567  28  0.935  16  0.777   0.681 Y  0.450      SignalP-noTM
700mSIPHEX2_24-scaffold_65_c1_54  0.159  28  0.349  24  0.857   1  0.822   0.604 Y  0.450      SignalP-noTM
700mSIPHEX2_24-scaffold_65_c1_54  0.172  28  0.342  28  0.816   3  0.711   0.486 Y  0.450      SignalP-TM
700mSIPHEX2_24-scaffold_65_c1_54  0.211  20  0.402  20  0.904   4  0.803   0.591 Y  0.570      SignalP-noTM
700mSIPHEX2_24-scaffold_65_c1_57  0.260  28  0.450  28  0.911  14  0.782   0.579 Y  0.450      SignalP-TM
700mSIPHEX2_24-scaffold_65_c1_57  0.336  27  0.527  27  0.934  16  0.860   0.683 Y  0.570      SignalP-noTM
700mSIPHEX2_24-scaffold_65_c1_57  0.851  27  0.845  27  0.932  17  0.834   0.839 Y  0.450      SignalP-noTM
700mSIPHEX2_24-scaffold_65_c1_62  0.225  24  0.375  24  0.740   6  0.624   0.472 Y  0.450      SignalP-TM
700mSIPHEX2_24-scaffold_65_c1_62  0.675  24  0.734  24  0.901  16  0.792   0.761 Y  0.570      SignalP-noTM
700mSIPHEX2_24-scaffold_65_c1_62  0.811  24  0.754  24  0.789  16  0.704   0.727 Y  0.450      SignalP-noTM
700mSIPHEX2_24-scaffold_65_c1_66  0.243  19  0.409  19  0.807  14  0.698   0.524 Y  0.500      SignalP-TM
700mSIPHEX2_24-scaffold_65_c1_78  0.230  33  0.412  33  0.965  19  0.770   0.605 Y  0.450      SignalP-noTM
700mSIPHEX2_24-scaffold_65_c1_78  0.325  43  0.406  36  0.880  27  0.655   0.503 Y  0.450      SignalP-TM
700mSIPHEX2_24-scaffold_65_c1_79  0.559  26  0.504  26  0.669  10  0.504   0.504 Y  0.500      SignalP-TM
700mSIPHEX2_24-scaffold_65_c1_79  0.797  26  0.819  26  0.919  10  0.841   0.828 Y  0.450      SignalP-TM
700mSIPHEX2_24-scaffold_65_c1_79  0.899  26  0.892  26  0.960   6  0.906   0.899 Y  0.570      SignalP-noTM
700mSIPHEX2_24-scaffold_65_c1_87  0.491  17  0.609  17  0.844  16  0.748   0.665 Y  0.500      SignalP-TM
700mSIPHEX2_24-scaffold_65_c1_88  0.279  26  0.474  26  0.931  13  0.814   0.657 Y  0.450      SignalP-noTM
700mSIPHEX2_24-scaffold_65_c1_90  0.338  24  0.470  24  0.831  21  0.658   0.572 Y  0.450      SignalP-noTM
700mSIPHEX2_24-scaffold_65_c1_90  0.663  24  0.724  24  0.875  17  0.775   0.744 Y  0.450      SignalP-TM
700mSIPHEX2_24-scaffold_65_c1_90  0.772  24  0.766  24  0.912   4  0.805   0.784 Y  0.570      SignalP-noTM
700mSIPHEX2_24-scaffold_65_c1_91  0.260  21  0.376  21  0.813   5  0.624   0.472 Y  0.450      SignalP-TM
700mSIPHEX2_24-scaffold_65_c1_91  0.326  21  0.524  21  0.903   4  0.838   0.694 Y  0.450      SignalP-noTM
700mSIPHEX2_24-scaffold_65_c1_91  0.593  21  0.666  21  0.878   1  0.758   0.709 Y  0.570      SignalP-noTM
700mSIPHEX2_24-scaffold_68_c1_10  0.506  31  0.549  31  0.641  29  0.544   0.547 Y  0.450      SignalP-TM
700mSIPHEX2_24-scaffold_68_c1_10  0.548  31  0.668  31  0.899  22  0.804   0.732 Y  0.570      SignalP-noTM
700mSIPHEX2_24-scaffold_68_c1_10  0.826  31  0.761  31  0.843  29  0.707   0.732 Y  0.450      SignalP-noTM
700mSIPHEX2_24-scaffold_68_c1_101  0.383  23  0.511  23  0.775  20  0.632   0.560 Y  0.500      SignalP-TM
700mSIPHEX2_24-scaffold_68_c1_102  0.400  41  0.416  41  0.634   8  0.517   0.455 Y  0.450      SignalP-TM
700mSIPHEX2_24-scaffold_68_c1_104  0.493  37  0.595  37  0.842  27  0.509   0.561 Y  0.450      SignalP-TM
700mSIPHEX2_24-scaffold_68_c1_104  0.759  37  0.639  37  0.625  33  0.372   0.540 Y  0.510      SignalP-TM
700mSIPHEX2_24-scaffold_68_c1_105  0.527  29  0.608  29  0.809  16  0.702   0.644 Y  0.450      SignalP-TM
700mSIPHEX2_24-scaffold_68_c1_105  0.801  29  0.766  29  0.932  10  0.815   0.789 Y  0.570      SignalP-noTM
700mSIPHEX2_24-scaffold_68_c1_106  0.210  29  0.427  29  0.953  18  0.890   0.607 Y  0.450      SignalP-TM
700mSIPHEX2_24-scaffold_68_c1_106  0.284  29  0.487  29  0.976  12  0.901   0.682 Y  0.570      SignalP-noTM
700mSIPHEX2_24-scaffold_68_c1_107  0.313  31  0.525  31  0.951  16  0.869   0.659 Y  0.450      SignalP-TM
700mSIPHEX2_24-scaffold_68_c1_107  0.681  31  0.767  31  0.985  14  0.918   0.838 Y  0.570      SignalP-noTM
700mSIPHEX2_24-scaffold_68_c1_107  0.846  31  0.867  31  0.986  18  0.891   0.880 Y  0.450      SignalP-noTM
700mSIPHEX2_24-scaffold_68_c1_108  0.320  20  0.533  20  0.959  17  0.818   0.644 Y  0.450      SignalP-TM
700mSIPHEX2_24-scaffold_68_c1_108  0.565  20  0.722  20  0.965  17  0.905   0.808 Y  0.570      SignalP-noTM
700mSIPHEX2_24-scaffold_68_c1_108  0.664  20  0.793  20  0.971  14  0.949   0.877 Y  0.450      SignalP-noTM
700mSIPHEX2_24-scaffold_68_c1_109  0.746  22  0.616  22  0.640   1  0.495   0.567 Y  0.500      SignalP-TM
700mSIPHEX2_24-scaffold_68_c1_11  0.427  27  0.536  27  0.857   9  0.727   0.611 Y  0.450      SignalP-TM
700mSIPHEX2_24-scaffold_68_c1_11  0.562  27  0.649  27  0.854  17  0.755   0.706 Y  0.450      SignalP-noTM
700mSIPHEX2_24-scaffold_68_c1_11  0.710  27  0.713  27  0.877   8  0.777   0.743 Y  0.570      SignalP-noTM
700mSIPHEX2_24-scaffold_68_c1_112  0.344  19  0.463  19  0.710  16  0.615   0.524 Y  0.500      SignalP-TM
700mSIPHEX2_24-scaffold_68_c1_114  0.534  17  0.640  17  0.820  15  0.763   0.689 Y  0.500      SignalP-TM
700mSIPHEX2_24-scaffold_68_c1_121  0.609  23  0.553  23  0.629  19  0.494   0.530 Y  0.450      SignalP-TM
700mSIPHEX2_24-scaffold_68_c1_121  0.815  23  0.778  23  0.885  15  0.745   0.762 Y  0.570      SignalP-noTM
700mSIPHEX2_24-scaffold_68_c1_121  0.884  23  0.897  23  0.953  15  0.910   0.904 Y  0.450      SignalP-noTM
700mSIPHEX2_24-scaffold_68_c1_123  0.349  27  0.529  25  0.921   8  0.845   0.652 Y  0.450      SignalP-TM
700mSIPHEX2_24-scaffold_68_c1_123  0.546  25  0.646  25  0.909  12  0.768   0.712 Y  0.450      SignalP-noTM
700mSIPHEX2_24-scaffold_68_c1_123  0.636  25  0.708  25  0.957  13  0.857   0.778 Y  0.570      SignalP-noTM
700mSIPHEX2_24-scaffold_68_c1_125  0.271  22  0.442  22  0.845   4  0.716   0.590 Y  0.450      SignalP-noTM
700mSIPHEX2_24-scaffold_68_c1_125  0.273  27  0.448  27  0.898  16  0.783   0.579 Y  0.450      SignalP-TM
700mSIPHEX2_24-scaffold_68_c1_125  0.607  22  0.719  22  0.947   8  0.882   0.796 Y  0.570      SignalP-noTM
700mSIPHEX2_24-scaffold_68_c1_131  0.273  23  0.485  23  0.940  14  0.863   0.689 Y  0.450      SignalP-noTM
700mSIPHEX2_24-scaffold_68_c1_131  0.644  30  0.631  30  0.906  17  0.724   0.667 Y  0.450      SignalP-TM
700mSIPHEX2_24-scaffold_68_c1_131  0.816  23  0.854  23  0.936  18  0.898   0.875 Y  0.570      SignalP-noTM
700mSIPHEX2_24-scaffold_68_c1_141  0.590  38  0.600  28  0.868  11  0.753   0.660 Y  0.450      SignalP-TM
700mSIPHEX2_24-scaffold_68_c1_141  0.689  28  0.771  28  0.983  19  0.905   0.834 Y  0.570      SignalP-noTM
700mSIPHEX2_24-scaffold_68_c1_141  0.721  28  0.806  28  0.980  19  0.899   0.856 Y  0.450      SignalP-noTM
700mSIPHEX2_24-scaffold_68_c1_142  0.475  32  0.505  32  0.801  13  0.617   0.550 Y  0.500      SignalP-TM
700mSIPHEX2_24-scaffold_68_c1_143  0.215  37  0.353  31  0.788  13  0.686   0.483 Y  0.450      SignalP-TM
700mSIPHEX2_24-scaffold_68_c1_143  0.345  27  0.565  27  0.968   7  0.925   0.760 Y  0.450      SignalP-noTM
700mSIPHEX2_24-scaffold_68_c1_149  0.370  22  0.474  22  0.781   5  0.646   0.541 Y  0.450      SignalP-TM
700mSIPHEX2_24-scaffold_68_c1_149  0.570  22  0.714  22  0.934  18  0.895   0.812 Y  0.450      SignalP-noTM
700mSIPHEX2_24-scaffold_68_c1_149  0.576  22  0.720  22  0.960  18  0.908   0.808 Y  0.570      SignalP-noTM
700mSIPHEX2_24-scaffold_68_c1_150  0.550  25  0.576  25  0.779  19  0.606   0.590 Y  0.570      SignalP-noTM
700mSIPHEX2_24-scaffold_68_c1_150  0.651  25  0.674  25  0.838  20  0.694   0.682 Y  0.450      SignalP-TM
700mSIPHEX2_24-scaffold_68_c1_150  0.814  25  0.705  25  0.788   3  0.621   0.659 Y  0.450      SignalP-noTM
700mSIPHEX2_24-scaffold_68_c1_151  0.406  24  0.599  24  0.956  15  0.883   0.752 Y  0.450      SignalP-noTM
700mSIPHEX2_24-scaffold_68_c1_175  0.402  44  0.572  44  0.948  30  0.716   0.640 Y  0.570      SignalP-noTM
700mSIPHEX2_24-scaffold_68_c1_23  0.222  35  0.367  27  0.925   9  0.829   0.585 Y  0.570      SignalP-noTM
700mSIPHEX2_24-scaffold_68_c1_23  0.272  28  0.474  28  0.867  15  0.785   0.642 Y  0.450      SignalP-noTM
700mSIPHEX2_24-scaffold_68_c1_30  0.472  40  0.549  40  0.861  32  0.440   0.490 Y  0.450      SignalP-noTM
700mSIPHEX2_24-scaffold_68_c1_42  0.204  23  0.378  23  0.795  11  0.700   0.552 Y  0.450      SignalP-noTM
700mSIPHEX2_24-scaffold_68_c1_42  0.474  30  0.610  30  0.913  24  0.788   0.679 Y  0.450      SignalP-TM
700mSIPHEX2_24-scaffold_68_c1_42  0.480  30  0.574  30  0.935  16  0.798   0.679 Y  0.570      SignalP-noTM
700mSIPHEX2_24-scaffold_68_c1_47  0.705  34  0.817  34  0.972  24  0.902   0.863 Y  0.450      SignalP-noTM
700mSIPHEX2_24-scaffold_68_c1_53  0.532  21  0.703  21  0.946  12  0.909   0.783 Y  0.450      SignalP-TM
700mSIPHEX2_24-scaffold_68_c1_53  0.774  21  0.845  21  0.952  15  0.923   0.887 Y  0.450      SignalP-noTM
700mSIPHEX2_24-scaffold_68_c1_53  0.885  21  0.928  21  0.992  18  0.957   0.942 Y  0.570      SignalP-noTM
700mSIPHEX2_24-scaffold_68_c1_55  0.327  21  0.502  21  0.873   4  0.797   0.617 Y  0.450      SignalP-TM
700mSIPHEX2_24-scaffold_68_c1_55  0.460  21  0.656  21  0.971  15  0.937   0.808 Y  0.450      SignalP-noTM
700mSIPHEX2_24-scaffold_68_c1_55  0.856  21  0.910  21  0.984  17  0.963   0.935 Y  0.570      SignalP-noTM
700mSIPHEX2_24-scaffold_68_c1_56  0.843  28  0.853  28  0.946  25  0.770   0.821 Y  0.450      SignalP-TM
700mSIPHEX2_24-scaffold_68_c1_56  0.867  28  0.839  28  0.911   8  0.820   0.829 Y  0.450      SignalP-noTM
700mSIPHEX2_24-scaffold_68_c1_56  0.891  28  0.878  28  0.957  24  0.826   0.854 Y  0.570      SignalP-noTM
700mSIPHEX2_24-scaffold_68_c1_61  0.295  25  0.461  25  0.875   8  0.756   0.576 Y  0.450      SignalP-TM
700mSIPHEX2_24-scaffold_68_c1_61  0.764  25  0.805  25  0.935  19  0.865   0.833 Y  0.570      SignalP-noTM
700mSIPHEX2_24-scaffold_68_c1_61  0.874  25  0.891  25  0.957   6  0.907   0.900 Y  0.450      SignalP-noTM
700mSIPHEX2_24-scaffold_68_c1_62  0.253  37  0.393  37  0.883  26  0.518   0.460 Y  0.450      SignalP-noTM
700mSIPHEX2_24-scaffold_68_c1_62  0.316  35  0.520  35  0.931  27  0.734   0.604 Y  0.450      SignalP-TM
700mSIPHEX2_24-scaffold_68_c1_62  0.350  37  0.531  37  0.965  26  0.749   0.634 Y  0.570      SignalP-noTM
700mSIPHEX2_24-scaffold_68_c1_74  0.329  35  0.525  30  0.928  25  0.806   0.635 Y  0.450      SignalP-TM
700mSIPHEX2_24-scaffold_68_c1_74  0.506  30  0.652  30  0.956  14  0.883   0.761 Y  0.570      SignalP-noTM
700mSIPHEX2_24-scaffold_68_c1_76  0.340  24  0.520  24  0.873  18  0.777   0.620 Y  0.450      SignalP-TM
700mSIPHEX2_24-scaffold_68_c1_76  0.746  24  0.775  24  0.902  16  0.803   0.790 Y  0.450      SignalP-noTM
700mSIPHEX2_24-scaffold_68_c1_76  0.782  24  0.837  24  0.949  18  0.890   0.862 Y  0.570      SignalP-noTM
700mSIPHEX2_24-scaffold_68_c1_78  0.487  24  0.647  24  0.980  20  0.880   0.756 Y  0.570      SignalP-noTM
700mSIPHEX2_24-scaffold_68_c1_78  0.627  24  0.728  24  0.935   6  0.855   0.778 Y  0.450      SignalP-TM
700mSIPHEX2_24-scaffold_68_c1_78  0.805  22  0.830  22  0.937  21  0.856   0.844 Y  0.450      SignalP-noTM
700mSIPHEX2_24-scaffold_68_c1_79  0.281  31  0.457  31  0.983  13  0.799   0.641 Y  0.450      SignalP-noTM
700mSIPHEX2_24-scaffold_68_c1_79  0.287  31  0.433  31  0.805  19  0.661   0.522 Y  0.450      SignalP-TM
700mSIPHEX2_24-scaffold_68_c1_8  0.245  32  0.417  32  0.850   3  0.750   0.547 Y  0.450      SignalP-TM
700mSIPHEX2_24-scaffold_68_c1_8  0.341  24  0.574  24  0.991  17  0.964   0.785 Y  0.450      SignalP-noTM
700mSIPHEX2_24-scaffold_68_c1_83  0.849  29  0.883  29  0.996  14  0.930   0.908 Y  0.450      SignalP-noTM
700mSIPHEX2_24-scaffold_68_c1_84  0.261  28  0.461  28  0.950  20  0.851   0.613 Y  0.450      SignalP-TM
700mSIPHEX2_24-scaffold_68_c1_84  0.388  25  0.581  25  0.933  16  0.863   0.733 Y  0.450      SignalP-noTM
700mSIPHEX2_24-scaffold_68_c1_84  0.695  25  0.797  25  0.969  20  0.901   0.845 Y  0.570      SignalP-noTM
700mSIPHEX2_24-scaffold_68_c1_9  0.298  25  0.508  25  0.927  15  0.884   0.654 Y  0.450      SignalP-TM
700mSIPHEX2_24-scaffold_68_c1_9  0.602  25  0.721  25  0.921   6  0.852   0.791 Y  0.450      SignalP-noTM
700mSIPHEX2_24-scaffold_68_c1_9  0.717  25  0.795  25  0.941   8  0.904   0.846 Y  0.570      SignalP-noTM
700mSIPHEX2_24-scaffold_68_c1_91  0.494  30  0.671  25  0.957  10  0.919   0.805 Y  0.450      SignalP-noTM
700mSIPHEX2_24-scaffold_68_c1_91  0.547  30  0.666  30  0.888  23  0.750   0.699 Y  0.450      SignalP-TM
700mSIPHEX2_24-scaffold_68_c1_91  0.682  30  0.608  30  0.702  24  0.496   0.566 Y  0.510      SignalP-TM
700mSIPHEX2_24-scaffold_68_c1_92  0.563  23  0.713  23  0.956  11  0.903   0.816 Y  0.450      SignalP-noTM
700mSIPHEX2_24-scaffold_68_c1_92  0.565  23  0.690  23  0.936  20  0.820   0.741 Y  0.450      SignalP-TM
700mSIPHEX2_24-scaffold_68_c1_92  0.786  23  0.840  23  0.934  13  0.890   0.864 Y  0.570      SignalP-noTM
700mSIPHEX2_24-scaffold_68_c1_93  0.245  32  0.430  32  0.833  16  0.767   0.561 Y  0.450      SignalP-TM
700mSIPHEX2_24-scaffold_68_c1_95  0.280  35  0.483  35  0.954  24  0.806   0.609 Y  0.450      SignalP-TM
700mSIPHEX2_24-scaffold_68_c1_95  0.497  35  0.670  35  0.961  28  0.818   0.750 Y  0.450      SignalP-noTM
700mSIPHEX2_24-scaffold_68_c1_95  0.612  35  0.759  35  0.989  19  0.888   0.819 Y  0.570      SignalP-noTM
