5mSIPHEX1_26-scaffold_1000_c1_3  0.396  20  0.581  20  0.894   4  0.859   0.731 Y  0.450      SignalP-noTM
5mSIPHEX1_26-scaffold_1000_c1_3  0.399  22  0.559  22  0.876   4  0.803   0.654 Y  0.450      SignalP-TM
5mSIPHEX1_26-scaffold_1000_c1_3  0.637  22  0.707  22  0.876   1  0.810   0.756 Y  0.570      SignalP-noTM
5mSIPHEX1_26-scaffold_1000_c2_5  0.187  55  0.355  18  0.887  16  0.813   0.533 Y  0.450      SignalP-TM
5mSIPHEX1_26-scaffold_1000_c2_5  0.777  18  0.839  18  0.955  12  0.907   0.876 Y  0.450      SignalP-noTM
5mSIPHEX1_26-scaffold_1000_c2_5  0.784  18  0.837  18  0.958  16  0.887   0.860 Y  0.570      SignalP-noTM
5mSIPHEX1_26-scaffold_1076_c1_1  0.184  31  0.375  24  0.873  18  0.704   0.503 Y  0.450      SignalP-TM
5mSIPHEX1_26-scaffold_1076_c1_1  0.290  24  0.453  24  0.916  12  0.707   0.590 Y  0.450      SignalP-noTM
5mSIPHEX1_26-scaffold_1076_c1_5  0.411  20  0.554  20  0.819   5  0.744   0.657 Y  0.450      SignalP-noTM
5mSIPHEX1_26-scaffold_1076_c1_8  0.255  24  0.424  24  0.865  16  0.718   0.539 Y  0.450      SignalP-TM
5mSIPHEX1_26-scaffold_1076_c1_8  0.310  20  0.520  20  0.949  11  0.867   0.707 Y  0.450      SignalP-noTM
5mSIPHEX1_26-scaffold_1076_c1_8  0.353  18  0.516  18  0.863   1  0.770   0.635 Y  0.570      SignalP-noTM
5mSIPHEX1_26-scaffold_1082_c1_2  0.206  22  0.396  22  0.820  17  0.756   0.536 Y  0.450      SignalP-TM
5mSIPHEX1_26-scaffold_1082_c1_2  0.717  21  0.755  21  0.896  10  0.787   0.772 Y  0.450      SignalP-noTM
5mSIPHEX1_26-scaffold_1084_c1_14  0.864  22  0.869  22  0.939  12  0.874   0.872 Y  0.450      SignalP-noTM
5mSIPHEX1_26-scaffold_1084_c1_6  0.386  21  0.558  21  0.881  15  0.806   0.692 Y  0.450      SignalP-noTM
5mSIPHEX1_26-scaffold_1084_c1_6  0.402  26  0.514  26  0.817  18  0.539   0.524 Y  0.450      SignalP-TM
5mSIPHEX1_26-scaffold_1084_c1_9  0.845  17  0.774  17  0.790   7  0.703   0.736 Y  0.450      SignalP-noTM
5mSIPHEX1_26-scaffold_1097_c1_1  0.144  18  0.353  18  0.916   3  0.879   0.600 Y  0.570      SignalP-noTM
5mSIPHEX1_26-scaffold_1097_c1_1  0.164  23  0.344  23  0.867   2  0.765   0.508 Y  0.450      SignalP-TM
5mSIPHEX1_26-scaffold_1097_c1_1  0.654  21  0.756  21  0.952  11  0.870   0.818 Y  0.450      SignalP-noTM
5mSIPHEX1_26-scaffold_1097_c1_4  0.392  25  0.543  25  0.900  12  0.761   0.660 Y  0.450      SignalP-noTM
5mSIPHEX1_26-scaffold_1097_c1_4  0.459  25  0.530  25  0.859  10  0.662   0.581 Y  0.450      SignalP-TM
5mSIPHEX1_26-scaffold_1097_c1_4  0.519  23  0.603  23  0.878   1  0.746   0.670 Y  0.570      SignalP-noTM
5mSIPHEX1_26-scaffold_1117_c1_5  0.220  18  0.400  18  0.828   7  0.716   0.571 Y  0.450      SignalP-noTM
5mSIPHEX1_26-scaffold_1117_c1_5  0.360  24  0.425  24  0.668   9  0.539   0.470 Y  0.450      SignalP-TM
5mSIPHEX1_26-scaffold_1121_c1_6  0.385  30  0.560  30  0.914  27  0.779   0.645 Y  0.450      SignalP-TM
5mSIPHEX1_26-scaffold_1121_c1_6  0.423  30  0.542  30  0.815  28  0.613   0.580 Y  0.450      SignalP-noTM
5mSIPHEX1_26-scaffold_1121_c1_6  0.810  30  0.828  30  0.932   9  0.834   0.831 Y  0.570      SignalP-noTM
5mSIPHEX1_26-scaffold_1121_c1_7  0.182  23  0.344  23  0.810   9  0.679   0.475 Y  0.450      SignalP-TM
5mSIPHEX1_26-scaffold_1121_c1_7  0.234  19  0.462  19  0.945   2  0.908   0.703 Y  0.450      SignalP-noTM
5mSIPHEX1_26-scaffold_1121_c1_7  0.349  23  0.525  23  0.939  14  0.831   0.669 Y  0.570      SignalP-noTM
5mSIPHEX1_26-scaffold_1187_c1_2  0.178  25  0.344  25  0.770  17  0.680   0.475 Y  0.450      SignalP-TM
5mSIPHEX1_26-scaffold_1187_c1_2  0.350  19  0.550  19  0.909  12  0.860   0.717 Y  0.450      SignalP-noTM
5mSIPHEX1_26-scaffold_1187_c1_3  0.475  20  0.567  20  0.841  12  0.639   0.601 Y  0.570      SignalP-noTM
5mSIPHEX1_26-scaffold_1187_c1_3  0.782  20  0.815  20  0.933   2  0.840   0.829 Y  0.450      SignalP-noTM
5mSIPHEX1_26-scaffold_1200_c1_5  0.291  19  0.501  19  0.930   3  0.867   0.699 Y  0.450      SignalP-noTM
5mSIPHEX1_26-scaffold_1200_c1_5  0.555  19  0.637  19  0.897  17  0.746   0.688 Y  0.570      SignalP-noTM
5mSIPHEX1_26-scaffold_1200_c1_6  0.182  26  0.346  23  0.818  17  0.655   0.466 Y  0.450      SignalP-TM
5mSIPHEX1_26-scaffold_1200_c1_6  0.586  21  0.665  21  0.868   9  0.749   0.711 Y  0.450      SignalP-noTM
5mSIPHEX1_26-scaffold_1200_c1_7  0.536  27  0.507  27  0.786   6  0.556   0.526 Y  0.500      SignalP-TM
5mSIPHEX1_26-scaffold_1200_c1_8  0.320  18  0.503  18  0.881  16  0.758   0.602 Y  0.450      SignalP-TM
5mSIPHEX1_26-scaffold_1200_c1_8  0.606  18  0.665  18  0.820  15  0.656   0.661 Y  0.570      SignalP-noTM
5mSIPHEX1_26-scaffold_1200_c1_8  0.894  18  0.889  18  0.939   7  0.889   0.889 Y  0.450      SignalP-noTM
5mSIPHEX1_26-scaffold_1207_c1_3  0.135  25  0.327  19  0.932  18  0.875   0.584 Y  0.570      SignalP-noTM
5mSIPHEX1_26-scaffold_1207_c1_3  0.167  27  0.361  27  0.936  14  0.805   0.534 Y  0.450      SignalP-TM
5mSIPHEX1_26-scaffold_1207_c1_3  0.304  21  0.528  21  0.972  12  0.918   0.739 Y  0.450      SignalP-noTM
5mSIPHEX1_26-scaffold_1207_c1_4  0.699  24  0.763  24  0.937  14  0.832   0.800 Y  0.450      SignalP-noTM
5mSIPHEX1_26-scaffold_1208_c1_2  0.168  21  0.348  21  0.812  17  0.710   0.489 Y  0.450      SignalP-TM
5mSIPHEX1_26-scaffold_1208_c1_2  0.438  21  0.609  21  0.891   2  0.843   0.735 Y  0.450      SignalP-noTM
5mSIPHEX1_26-scaffold_1256_c1_2  0.480  22  0.595  22  0.842  15  0.736   0.671 Y  0.450      SignalP-noTM
5mSIPHEX1_26-scaffold_1256_c1_3  0.172  34  0.347  28  0.938  12  0.761   0.508 Y  0.450      SignalP-TM
5mSIPHEX1_26-scaffold_1256_c1_3  0.480  20  0.657  20  0.946   4  0.896   0.786 Y  0.450      SignalP-noTM
5mSIPHEX1_26-scaffold_1256_c1_4  0.212  25  0.414  21  0.920  16  0.848   0.618 Y  0.570      SignalP-noTM
5mSIPHEX1_26-scaffold_1256_c1_4  0.462  25  0.572  25  0.822   1  0.705   0.624 Y  0.450      SignalP-TM
5mSIPHEX1_26-scaffold_1256_c1_4  0.714  25  0.769  25  0.954   4  0.835   0.805 Y  0.450      SignalP-noTM
5mSIPHEX1_26-scaffold_1256_c1_8  0.428  24  0.578  24  0.927   2  0.788   0.691 Y  0.450      SignalP-noTM
5mSIPHEX1_26-scaffold_1256_c1_9  0.186  20  0.386  20  0.902   1  0.818   0.589 Y  0.570      SignalP-noTM
5mSIPHEX1_26-scaffold_1256_c1_9  0.188  27  0.339  21  0.781  11  0.733   0.493 Y  0.450      SignalP-TM
5mSIPHEX1_26-scaffold_1256_c1_9  0.318  20  0.529  20  0.925  10  0.880   0.719 Y  0.450      SignalP-noTM
5mSIPHEX1_26-scaffold_1279_c1_4  0.170  25  0.381  25  0.922  23  0.784   0.538 Y  0.450      SignalP-TM
5mSIPHEX1_26-scaffold_1279_c1_4  0.245  25  0.422  25  0.896  15  0.767   0.585 Y  0.570      SignalP-noTM
5mSIPHEX1_26-scaffold_1279_c1_4  0.720  25  0.762  25  0.885  13  0.806   0.786 Y  0.450      SignalP-noTM
5mSIPHEX1_26-scaffold_1279_c1_5  0.297  25  0.396  25  0.747   7  0.586   0.470 Y  0.450      SignalP-TM
5mSIPHEX1_26-scaffold_1279_c1_5  0.481  25  0.511  25  0.732  11  0.538   0.526 Y  0.450      SignalP-noTM
5mSIPHEX1_26-scaffold_1279_c1_5  0.749  25  0.633  25  0.868   5  0.676   0.653 Y  0.570      SignalP-noTM
5mSIPHEX1_26-scaffold_1334_c1_4  0.302  18  0.430  18  0.787  16  0.630   0.538 Y  0.450      SignalP-noTM
5mSIPHEX1_26-scaffold_1342_c1_1  0.369  30  0.570  20  0.950  18  0.871   0.687 Y  0.450      SignalP-TM
5mSIPHEX1_26-scaffold_1342_c1_1  0.774  20  0.819  20  0.962  18  0.866   0.841 Y  0.570      SignalP-noTM
5mSIPHEX1_26-scaffold_1342_c1_1  0.777  22  0.824  20  0.954  12  0.911   0.871 Y  0.450      SignalP-noTM
5mSIPHEX1_26-scaffold_1342_c1_6  0.189  26  0.341  26  0.887  19  0.668   0.469 Y  0.450      SignalP-TM
5mSIPHEX1_26-scaffold_1342_c1_6  0.629  21  0.744  21  0.927  14  0.885   0.820 Y  0.450      SignalP-noTM
5mSIPHEX1_26-scaffold_1342_c1_6  0.739  21  0.774  21  0.900   1  0.826   0.798 Y  0.570      SignalP-noTM
5mSIPHEX1_26-scaffold_1342_c1_8  0.328  19  0.538  19  0.933   1  0.869   0.717 Y  0.450      SignalP-noTM
5mSIPHEX1_26-scaffold_1348_c1_4  0.520  18  0.627  18  0.830  15  0.755   0.696 Y  0.450      SignalP-noTM
5mSIPHEX1_26-scaffold_1348_c1_9  0.291  20  0.430  20  0.757  18  0.654   0.517 Y  0.450      SignalP-TM
5mSIPHEX1_26-scaffold_1348_c1_9  0.625  20  0.750  20  0.943  10  0.898   0.809 Y  0.500      SignalP-TM
5mSIPHEX1_26-scaffold_1348_c1_9  0.791  20  0.791  20  0.870  18  0.789   0.790 Y  0.570      SignalP-noTM
5mSIPHEX1_26-scaffold_1349_c1_3  0.202  29  0.367  23  0.906   7  0.832   0.585 Y  0.570      SignalP-noTM
5mSIPHEX1_26-scaffold_1349_c1_3  0.265  29  0.405  29  0.815  14  0.613   0.518 Y  0.450      SignalP-noTM
5mSIPHEX1_26-scaffold_1349_c1_6  0.233  26  0.368  26  0.902  18  0.664   0.483 Y  0.450      SignalP-TM
5mSIPHEX1_26-scaffold_1349_c1_6  0.724  21  0.774  21  0.927   1  0.842   0.806 Y  0.570      SignalP-noTM
5mSIPHEX1_26-scaffold_1349_c1_6  0.792  21  0.733  21  0.794  16  0.676   0.702 Y  0.450      SignalP-noTM
5mSIPHEX1_26-scaffold_1349_c1_7  0.250  20  0.440  20  0.874  16  0.771   0.619 Y  0.450      SignalP-noTM
5mSIPHEX1_26-scaffold_1349_c1_7  0.323  20  0.492  20  0.907  18  0.741   0.609 Y  0.570      SignalP-noTM
5mSIPHEX1_26-scaffold_1383_c1_5  0.567  26  0.556  26  0.713  19  0.463   0.520 Y  0.450      SignalP-TM
5mSIPHEX1_26-scaffold_1383_c1_5  0.783  26  0.720  26  0.798  11  0.632   0.685 Y  0.500      SignalP-TM
5mSIPHEX1_26-scaffold_1391_c1_6  0.343  32  0.523  32  0.914  19  0.792   0.668 Y  0.450      SignalP-noTM
5mSIPHEX1_26-scaffold_1391_c1_6  0.370  30  0.519  30  0.929  12  0.801   0.652 Y  0.570      SignalP-noTM
5mSIPHEX1_26-scaffold_1391_c1_7  0.188  20  0.400  20  0.901  10  0.850   0.643 Y  0.450      SignalP-noTM
5mSIPHEX1_26-scaffold_1404_c1_8  0.139  24  0.346  24  0.937  16  0.781   0.516 Y  0.450      SignalP-TM
5mSIPHEX1_26-scaffold_1404_c1_8  0.308  24  0.500  24  0.912  18  0.752   0.601 Y  0.500      SignalP-TM
5mSIPHEX1_26-scaffold_1404_c1_8  0.337  24  0.501  24  0.833  20  0.627   0.547 Y  0.510      SignalP-TM
5mSIPHEX1_26-scaffold_1408_c1_7  0.663  22  0.743  22  0.918  12  0.834   0.792 Y  0.450      SignalP-noTM
5mSIPHEX1_26-scaffold_1408_c1_8  0.206  24  0.380  24  0.809  15  0.576   0.456 Y  0.450      SignalP-TM
5mSIPHEX1_26-scaffold_1408_c1_8  0.343  24  0.511  24  0.941  16  0.751   0.624 Y  0.570      SignalP-noTM
5mSIPHEX1_26-scaffold_1408_c1_8  0.584  20  0.701  20  0.897   4  0.845   0.778 Y  0.450      SignalP-noTM
5mSIPHEX1_26-scaffold_1411_c1_1  0.192  22  0.351  22  0.787  18  0.616   0.454 Y  0.450      SignalP-TM
5mSIPHEX1_26-scaffold_1411_c1_1  0.672  20  0.727  20  0.858  14  0.795   0.764 Y  0.450      SignalP-noTM
5mSIPHEX1_26-scaffold_1411_c1_1  0.788  20  0.751  20  0.851   2  0.737   0.745 Y  0.570      SignalP-noTM
5mSIPHEX1_26-scaffold_1427_c1_6  0.144  53  0.286  12  0.859   6  0.827   0.497 Y  0.450      SignalP-TM
5mSIPHEX1_26-scaffold_1427_c1_6  0.479  23  0.666  23  0.982  15  0.926   0.806 Y  0.450      SignalP-noTM
5mSIPHEX1_26-scaffold_1442_c2_4  0.152  26  0.302  19  0.837   1  0.685   0.451 Y  0.450      SignalP-TM
5mSIPHEX1_26-scaffold_1442_c2_4  0.198  21  0.393  21  0.870  15  0.777   0.600 Y  0.450      SignalP-noTM
5mSIPHEX1_26-scaffold_1442_c2_4  0.335  19  0.504  19  0.828   1  0.768   0.628 Y  0.570      SignalP-noTM
5mSIPHEX1_26-scaffold_1448_c2_3  0.441  23  0.570  23  0.815  17  0.699   0.620 Y  0.450      SignalP-TM
5mSIPHEX1_26-scaffold_1448_c2_3  0.554  23  0.652  23  0.922   2  0.768   0.715 Y  0.450      SignalP-noTM
5mSIPHEX1_26-scaffold_1448_c2_4  0.295  24  0.420  24  0.744  19  0.604   0.492 Y  0.450      SignalP-TM
5mSIPHEX1_26-scaffold_1448_c2_4  0.309  20  0.493  20  0.852   4  0.799   0.658 Y  0.450      SignalP-noTM
5mSIPHEX1_26-scaffold_1460_c1_4  0.218  25  0.435  25  0.923  20  0.865   0.603 Y  0.450      SignalP-TM
5mSIPHEX1_26-scaffold_1460_c1_4  0.384  25  0.546  25  0.884   7  0.769   0.666 Y  0.450      SignalP-noTM
5mSIPHEX1_26-scaffold_1460_c1_4  0.662  25  0.735  25  0.942  21  0.846   0.787 Y  0.570      SignalP-noTM
5mSIPHEX1_26-scaffold_1460_c1_6  0.407  24  0.616  24  0.972  17  0.929   0.785 Y  0.450      SignalP-noTM
5mSIPHEX1_26-scaffold_1498_c1_2  0.676  19  0.698  19  0.800  15  0.733   0.717 Y  0.450      SignalP-noTM
5mSIPHEX1_26-scaffold_1498_c1_4  0.163  21  0.366  21  0.855  13  0.783   0.528 Y  0.450      SignalP-TM
5mSIPHEX1_26-scaffold_1498_c1_4  0.332  19  0.534  19  0.914   1  0.848   0.704 Y  0.450      SignalP-noTM
5mSIPHEX1_26-scaffold_1510_c1_4  0.618  20  0.728  20  0.907   3  0.866   0.803 Y  0.450      SignalP-noTM
5mSIPHEX1_26-scaffold_1512_c1_1  0.240  29  0.399  29  0.877  18  0.691   0.513 Y  0.450      SignalP-TM
5mSIPHEX1_26-scaffold_1512_c1_1  0.522  25  0.658  25  0.958  15  0.834   0.753 Y  0.450      SignalP-noTM
5mSIPHEX1_26-scaffold_1512_c1_1  0.595  23  0.684  23  0.924  17  0.793   0.735 Y  0.570      SignalP-noTM
5mSIPHEX1_26-scaffold_1532_c1_6  0.405  24  0.483  24  0.675  14  0.567   0.516 Y  0.450      SignalP-TM
5mSIPHEX1_26-scaffold_1532_c1_6  0.620  23  0.744  23  0.947  14  0.892   0.824 Y  0.450      SignalP-noTM
5mSIPHEX1_26-scaffold_1547_c1_5  0.286  21  0.433  21  0.757  15  0.629   0.510 Y  0.450      SignalP-TM
5mSIPHEX1_26-scaffold_1547_c1_5  0.608  19  0.731  19  0.928  12  0.881   0.812 Y  0.450      SignalP-noTM
5mSIPHEX1_26-scaffold_1547_c1_6  0.162  20  0.370  17  0.892  12  0.867   0.639 Y  0.450      SignalP-noTM
5mSIPHEX1_26-scaffold_1551_c1_4  0.222  19  0.382  19  0.748   7  0.663   0.534 Y  0.450      SignalP-noTM
5mSIPHEX1_26-scaffold_1559_c1_1  0.194  25  0.395  25  0.871  23  0.762   0.538 Y  0.450      SignalP-TM
5mSIPHEX1_26-scaffold_1559_c1_1  0.539  25  0.672  25  0.928  19  0.853   0.757 Y  0.570      SignalP-noTM
5mSIPHEX1_26-scaffold_1559_c1_1  0.799  25  0.847  25  0.957  16  0.896   0.874 Y  0.450      SignalP-noTM
5mSIPHEX1_26-scaffold_1559_c1_4  0.274  22  0.464  22  0.901   5  0.782   0.636 Y  0.450      SignalP-noTM
5mSIPHEX1_26-scaffold_1566_c1_4  0.364  17  0.495  17  0.751  10  0.682   0.596 Y  0.450      SignalP-noTM
5mSIPHEX1_26-scaffold_1573_c1_1  0.595  22  0.717  22  0.898  15  0.864   0.796 Y  0.450      SignalP-noTM
5mSIPHEX1_26-scaffold_1573_c1_2  0.176  29  0.379  21  0.971  12  0.948   0.646 Y  0.570      SignalP-noTM
5mSIPHEX1_26-scaffold_1573_c1_2  0.209  37  0.377  28  0.974  13  0.877   0.572 Y  0.450      SignalP-TM
5mSIPHEX1_26-scaffold_1573_c1_2  0.367  25  0.567  25  0.977  14  0.873   0.732 Y  0.450      SignalP-noTM
5mSIPHEX1_26-scaffold_1593_c1_2  0.193  20  0.390  20  0.888  16  0.798   0.581 Y  0.570      SignalP-noTM
5mSIPHEX1_26-scaffold_1593_c1_2  0.314  25  0.480  25  0.908  13  0.742   0.621 Y  0.450      SignalP-noTM
5mSIPHEX1_26-scaffold_1621_c1_5  0.230  27  0.373  27  0.842  16  0.633   0.474 Y  0.450      SignalP-TM
5mSIPHEX1_26-scaffold_1621_c1_5  0.243  20  0.458  20  0.928  16  0.858   0.646 Y  0.570      SignalP-noTM
5mSIPHEX1_26-scaffold_1621_c1_5  0.621  24  0.697  24  0.917  13  0.783   0.743 Y  0.450      SignalP-noTM
5mSIPHEX1_26-scaffold_1621_c1_6  0.193  24  0.361  24  0.768  15  0.607   0.457 Y  0.450      SignalP-TM
5mSIPHEX1_26-scaffold_1621_c1_6  0.235  23  0.420  23  0.872  17  0.760   0.580 Y  0.570      SignalP-noTM
5mSIPHEX1_26-scaffold_1621_c1_6  0.534  24  0.661  24  0.918   4  0.820   0.747 Y  0.450      SignalP-noTM
5mSIPHEX1_26-scaffold_1621_c1_7  0.469  25  0.488  25  0.706  17  0.501   0.495 Y  0.450      SignalP-noTM
5mSIPHEX1_26-scaffold_1641_c1_5  0.491  22  0.617  22  0.888  19  0.740   0.665 Y  0.450      SignalP-TM
5mSIPHEX1_26-scaffold_1641_c1_5  0.848  22  0.883  22  0.967  15  0.920   0.903 Y  0.450      SignalP-noTM
5mSIPHEX1_26-scaffold_1641_c1_5  0.871  22  0.903  22  0.964  19  0.924   0.913 Y  0.570      SignalP-noTM
5mSIPHEX1_26-scaffold_1660_c1_1  0.566  19  0.721  19  0.957  11  0.921   0.829 Y  0.450      SignalP-noTM
5mSIPHEX1_26-scaffold_1660_c1_1  0.652  19  0.751  19  0.915  13  0.850   0.797 Y  0.570      SignalP-noTM
5mSIPHEX1_26-scaffold_1660_c1_4  0.183  27  0.318  27  0.855   3  0.666   0.454 Y  0.450      SignalP-TM
5mSIPHEX1_26-scaffold_1660_c1_4  0.221  21  0.423  21  0.911   3  0.799   0.626 Y  0.450      SignalP-noTM
5mSIPHEX1_26-scaffold_1663_c1_3  0.227  23  0.396  23  0.809   9  0.692   0.556 Y  0.450      SignalP-noTM
5mSIPHEX1_26-scaffold_1663_c1_6  0.331  28  0.448  28  0.780  17  0.641   0.523 Y  0.450      SignalP-TM
5mSIPHEX1_26-scaffold_1663_c1_6  0.341  23  0.543  23  0.927  19  0.877   0.700 Y  0.570      SignalP-noTM
5mSIPHEX1_26-scaffold_1663_c1_6  0.734  25  0.798  21  0.914  14  0.877   0.841 Y  0.450      SignalP-noTM
5mSIPHEX1_26-scaffold_1663_c1_7  0.317  27  0.485  21  0.947  10  0.892   0.677 Y  0.570      SignalP-noTM
5mSIPHEX1_26-scaffold_1663_c1_7  0.584  27  0.666  27  0.945  18  0.767   0.706 Y  0.450      SignalP-TM
5mSIPHEX1_26-scaffold_1663_c1_7  0.827  21  0.877  21  0.974  12  0.929   0.905 Y  0.450      SignalP-noTM
5mSIPHEX1_26-scaffold_1666_c1_6  0.180  29  0.378  29  0.903  19  0.728   0.567 Y  0.450      SignalP-noTM
5mSIPHEX1_26-scaffold_1666_c1_7  0.311  24  0.434  24  0.785  13  0.605   0.526 Y  0.450      SignalP-noTM
5mSIPHEX1_26-scaffold_1670_c1_1  0.400  21  0.566  21  0.889   1  0.792   0.688 Y  0.450      SignalP-noTM
5mSIPHEX1_26-scaffold_1670_c1_2  0.249  26  0.384  26  0.810  12  0.593   0.466 Y  0.450      SignalP-TM
5mSIPHEX1_26-scaffold_1670_c1_2  0.447  19  0.606  19  0.934  18  0.813   0.703 Y  0.570      SignalP-noTM
5mSIPHEX1_26-scaffold_1670_c1_2  0.774  21  0.821  21  0.925  13  0.870   0.848 Y  0.450      SignalP-noTM
5mSIPHEX1_26-scaffold_1694_c1_3  0.222  23  0.372  23  0.741   9  0.647   0.479 Y  0.450      SignalP-TM
5mSIPHEX1_26-scaffold_1694_c1_3  0.247  23  0.442  23  0.919   1  0.807   0.614 Y  0.570      SignalP-noTM
5mSIPHEX1_26-scaffold_1694_c1_3  0.644  23  0.741  23  0.939  11  0.853   0.801 Y  0.450      SignalP-noTM
5mSIPHEX1_26-scaffold_1694_c1_4  0.332  25  0.497  25  0.899  12  0.755   0.637 Y  0.450      SignalP-noTM
5mSIPHEX1_26-scaffold_1694_c1_7  0.261  23  0.459  23  0.903  15  0.808   0.648 Y  0.450      SignalP-noTM
5mSIPHEX1_26-scaffold_1694_c1_7  0.308  23  0.510  23  0.939  17  0.869   0.679 Y  0.570      SignalP-noTM
5mSIPHEX1_26-scaffold_1716_c1_6  0.276  22  0.503  22  0.954  18  0.847   0.637 Y  0.450      SignalP-TM
5mSIPHEX1_26-scaffold_1716_c1_6  0.291  22  0.487  22  0.906  13  0.809   0.638 Y  0.570      SignalP-noTM
5mSIPHEX1_26-scaffold_1716_c1_6  0.326  25  0.514  20  0.950  11  0.893   0.719 Y  0.450      SignalP-noTM
5mSIPHEX1_26-scaffold_1716_c1_8  0.226  26  0.344  26  0.816  12  0.638   0.459 Y  0.450      SignalP-TM
5mSIPHEX1_26-scaffold_1716_c1_8  0.305  19  0.530  19  0.962  12  0.930   0.746 Y  0.450      SignalP-noTM
5mSIPHEX1_26-scaffold_1716_c1_8  0.467  19  0.651  19  0.940  15  0.900   0.768 Y  0.570      SignalP-noTM
5mSIPHEX1_26-scaffold_1748_c1_1  0.420  33  0.470  33  0.847  16  0.616   0.527 Y  0.450      SignalP-TM
5mSIPHEX1_26-scaffold_1748_c1_2  0.761  22  0.777  22  0.858   2  0.792   0.785 Y  0.450      SignalP-noTM
5mSIPHEX1_26-scaffold_1748_c1_2  0.767  22  0.755  22  0.886  18  0.742   0.750 Y  0.450      SignalP-TM
5mSIPHEX1_26-scaffold_1748_c1_2  0.832  22  0.804  22  0.866  15  0.760   0.784 Y  0.570      SignalP-noTM
5mSIPHEX1_26-scaffold_1821_c1_4  0.201  26  0.363  26  0.882   8  0.722   0.503 Y  0.450      SignalP-TM
5mSIPHEX1_26-scaffold_1821_c1_4  0.375  21  0.581  21  0.952  11  0.902   0.754 Y  0.450      SignalP-noTM
5mSIPHEX1_26-scaffold_1821_c1_5  0.268  38  0.389  22  0.933  15  0.846   0.567 Y  0.450      SignalP-TM
5mSIPHEX1_26-scaffold_1821_c1_5  0.305  24  0.541  24  0.991  15  0.958   0.737 Y  0.570      SignalP-noTM
5mSIPHEX1_26-scaffold_1821_c1_5  0.633  22  0.779  22  0.989  14  0.960   0.877 Y  0.450      SignalP-noTM
5mSIPHEX1_26-scaffold_1837_c1_5  0.423  21  0.458  21  0.643  19  0.460   0.459 Y  0.450      SignalP-TM
5mSIPHEX1_26-scaffold_1837_c1_5  0.788  21  0.843  21  0.952  12  0.902   0.875 Y  0.450      SignalP-noTM
5mSIPHEX1_26-scaffold_1837_c1_6  0.332  22  0.490  22  0.796  19  0.695   0.570 Y  0.450      SignalP-TM
5mSIPHEX1_26-scaffold_1837_c1_6  0.613  22  0.744  22  0.951  12  0.903   0.830 Y  0.450      SignalP-noTM
5mSIPHEX1_26-scaffold_1837_c1_6  0.792  22  0.812  22  0.909  11  0.836   0.824 Y  0.570      SignalP-noTM
5mSIPHEX1_26-scaffold_1843_c1_4  0.550  20  0.704  20  0.946  12  0.898   0.809 Y  0.450      SignalP-noTM
5mSIPHEX1_26-scaffold_1843_c1_4  0.589  35  0.663  20  0.945  16  0.882   0.766 Y  0.570      SignalP-noTM
5mSIPHEX1_26-scaffold_1868_c1_1  0.665  26  0.694  26  0.860  18  0.669   0.684 Y  0.450      SignalP-TM
5mSIPHEX1_26-scaffold_1868_c1_1  0.708  20  0.774  20  0.897  16  0.853   0.817 Y  0.450      SignalP-noTM
5mSIPHEX1_26-scaffold_1868_c1_5  0.200  25  0.386  25  0.830  19  0.721   0.517 Y  0.450      SignalP-TM
5mSIPHEX1_26-scaffold_1868_c1_5  0.291  27  0.486  25  0.923  15  0.859   0.688 Y  0.450      SignalP-noTM
5mSIPHEX1_26-scaffold_1868_c1_5  0.648  25  0.694  25  0.921   5  0.804   0.746 Y  0.570      SignalP-noTM
5mSIPHEX1_26-scaffold_1875_c1_3  0.135  26  0.313  20  0.843  19  0.766   0.558 Y  0.450      SignalP-noTM
5mSIPHEX1_26-scaffold_1875_c1_4  0.256  21  0.450  21  0.851  19  0.788   0.632 Y  0.450      SignalP-noTM
5mSIPHEX1_26-scaffold_1875_c1_4  0.298  21  0.432  21  0.726  19  0.642   0.514 Y  0.450      SignalP-TM
5mSIPHEX1_26-scaffold_1875_c1_4  0.793  21  0.731  21  0.913  19  0.703   0.718 Y  0.570      SignalP-noTM
5mSIPHEX1_26-scaffold_1875_c1_5  0.180  20  0.392  20  0.924   5  0.851   0.640 Y  0.450      SignalP-noTM
5mSIPHEX1_26-scaffold_1875_c1_5  0.188  33  0.340  23  0.907  10  0.780   0.512 Y  0.450      SignalP-TM
5mSIPHEX1_26-scaffold_1879_c1_2  0.142  22  0.335  22  0.923   2  0.836   0.530 Y  0.450      SignalP-TM
5mSIPHEX1_26-scaffold_1879_c1_2  0.237  22  0.458  22  0.955  16  0.890   0.661 Y  0.570      SignalP-noTM
5mSIPHEX1_26-scaffold_1879_c1_2  0.371  22  0.579  22  0.967   4  0.903   0.754 Y  0.450      SignalP-noTM
5mSIPHEX1_26-scaffold_1879_c1_4  0.258  26  0.374  26  0.825  18  0.599   0.462 Y  0.450      SignalP-TM
5mSIPHEX1_26-scaffold_1879_c1_4  0.548  19  0.703  19  0.930  12  0.899   0.809 Y  0.450      SignalP-noTM
5mSIPHEX1_26-scaffold_1879_c1_4  0.807  19  0.790  19  0.886  15  0.786   0.788 Y  0.570      SignalP-noTM
5mSIPHEX1_26-scaffold_1879_c1_5  0.351  26  0.498  23  0.889  19  0.808   0.619 Y  0.450      SignalP-TM
5mSIPHEX1_26-scaffold_1879_c1_5  0.796  21  0.838  21  0.922  17  0.881   0.859 Y  0.570      SignalP-noTM
5mSIPHEX1_26-scaffold_1879_c1_5  0.833  21  0.879  21  0.960   3  0.927   0.905 Y  0.450      SignalP-noTM
5mSIPHEX1_26-scaffold_1924_c1_2  0.411  18  0.511  18  0.799  16  0.652   0.587 Y  0.450      SignalP-noTM
5mSIPHEX1_26-scaffold_1924_c1_4  0.241  25  0.373  20  0.766  15  0.632   0.513 Y  0.450      SignalP-noTM
5mSIPHEX1_26-scaffold_1929_c1_2  0.179  24  0.384  22  0.905  13  0.831   0.558 Y  0.450      SignalP-TM
5mSIPHEX1_26-scaffold_1929_c1_2  0.403  26  0.567  22  0.890  10  0.834   0.693 Y  0.570      SignalP-noTM
5mSIPHEX1_26-scaffold_1929_c1_2  0.436  26  0.568  26  0.906   3  0.754   0.668 Y  0.450      SignalP-noTM
5mSIPHEX1_26-scaffold_1952_c1_4  0.652  22  0.661  22  0.832  12  0.670   0.666 Y  0.450      SignalP-noTM
5mSIPHEX1_26-scaffold_1961_c1_2  0.270  25  0.467  25  0.941  17  0.829   0.608 Y  0.450      SignalP-TM
5mSIPHEX1_26-scaffold_1961_c1_2  0.280  20  0.498  20  0.939  17  0.873   0.674 Y  0.570      SignalP-noTM
5mSIPHEX1_26-scaffold_1961_c1_2  0.668  20  0.781  20  0.947  12  0.914   0.852 Y  0.450      SignalP-noTM
5mSIPHEX1_26-scaffold_1976_c1_3  0.328  23  0.485  23  0.873   8  0.718   0.611 Y  0.450      SignalP-noTM
5mSIPHEX1_26-scaffold_1994_c1_2  0.518  19  0.636  19  0.875   9  0.779   0.713 Y  0.450      SignalP-noTM
5mSIPHEX1_26-scaffold_1994_c1_7  0.279  18  0.411  18  0.823  17  0.564   0.471 Y  0.450      SignalP-TM
5mSIPHEX1_26-scaffold_1994_c1_7  0.811  18  0.843  18  0.925  16  0.873   0.859 Y  0.450      SignalP-noTM
5mSIPHEX1_26-scaffold_2018_c1_3  0.357  26  0.531  26  0.937   7  0.800   0.677 Y  0.450      SignalP-noTM
5mSIPHEX1_26-scaffold_2018_c1_7  0.205  34  0.384  34  0.924  10  0.770   0.535 Y  0.450      SignalP-TM
5mSIPHEX1_26-scaffold_2018_c1_7  0.327  26  0.532  26  0.935  15  0.877   0.694 Y  0.570      SignalP-noTM
5mSIPHEX1_26-scaffold_2018_c1_7  0.418  26  0.590  26  0.891  23  0.823   0.716 Y  0.450      SignalP-noTM
5mSIPHEX1_26-scaffold_2028_c1_2  0.224  22  0.426  22  0.918  12  0.807   0.632 Y  0.450      SignalP-noTM
5mSIPHEX1_26-scaffold_2028_c1_4  0.396  21  0.552  21  0.884  11  0.764   0.666 Y  0.450      SignalP-noTM
5mSIPHEX1_26-scaffold_2035_c1_4  0.178  22  0.366  22  0.806   4  0.750   0.516 Y  0.450      SignalP-TM
5mSIPHEX1_26-scaffold_2035_c1_4  0.262  20  0.400  20  0.760   4  0.603   0.510 Y  0.450      SignalP-noTM
5mSIPHEX1_26-scaffold_2035_c1_4  0.430  22  0.591  22  0.898   9  0.838   0.707 Y  0.570      SignalP-noTM
5mSIPHEX1_26-scaffold_2068_c1_3  0.459  23  0.582  23  0.805  17  0.703   0.629 Y  0.450      SignalP-TM
5mSIPHEX1_26-scaffold_2068_c1_3  0.685  23  0.781  23  0.948  14  0.890   0.840 Y  0.450      SignalP-noTM
5mSIPHEX1_26-scaffold_2068_c1_3  0.746  23  0.820  23  0.950  16  0.900   0.858 Y  0.570      SignalP-noTM
5mSIPHEX1_26-scaffold_2068_c1_5  0.130  19  0.341  19  0.961  11  0.898   0.641 Y  0.450      SignalP-noTM
5mSIPHEX1_26-scaffold_2068_c1_5  0.132  34  0.276  18  0.824   1  0.751   0.461 Y  0.450      SignalP-TM
5mSIPHEX1_26-scaffold_2068_c1_5  0.180  22  0.392  22  0.923   2  0.864   0.614 Y  0.570      SignalP-noTM
5mSIPHEX1_26-scaffold_2070_c1_4  0.251  23  0.429  23  0.896  12  0.733   0.593 Y  0.450      SignalP-noTM
5mSIPHEX1_26-scaffold_2070_c1_5  0.367  22  0.518  22  0.919   4  0.789   0.624 Y  0.450      SignalP-TM
5mSIPHEX1_26-scaffold_2070_c1_5  0.430  24  0.530  22  0.886  20  0.693   0.607 Y  0.570      SignalP-noTM
5mSIPHEX1_26-scaffold_2070_c1_5  0.456  22  0.547  22  0.774   1  0.649   0.602 Y  0.450      SignalP-noTM
5mSIPHEX1_26-scaffold_2077_c1_1  0.268  22  0.412  22  0.737   1  0.628   0.529 Y  0.450      SignalP-noTM
5mSIPHEX1_26-scaffold_2090_c1_1  0.173  29  0.338  29  0.798  15  0.708   0.482 Y  0.450      SignalP-TM
5mSIPHEX1_26-scaffold_2090_c1_1  0.562  24  0.724  24  0.962  18  0.930   0.820 Y  0.570      SignalP-noTM
5mSIPHEX1_26-scaffold_2090_c1_1  0.713  26  0.791  26  0.957  16  0.871   0.834 Y  0.450      SignalP-noTM
5mSIPHEX1_26-scaffold_2090_c1_2  0.229  18  0.443  18  0.895   9  0.856   0.666 Y  0.450      SignalP-noTM
5mSIPHEX1_26-scaffold_2090_c1_2  0.304  26  0.438  26  0.810  17  0.585   0.495 Y  0.450      SignalP-TM
5mSIPHEX1_26-scaffold_2090_c1_4  0.159  21  0.323  21  0.770   1  0.664   0.456 Y  0.450      SignalP-TM
5mSIPHEX1_26-scaffold_2090_c1_4  0.185  42  0.362  19  0.827   8  0.743   0.568 Y  0.450      SignalP-noTM
5mSIPHEX1_26-scaffold_2090_c1_4  0.477  19  0.548  19  0.749   1  0.613   0.579 Y  0.570      SignalP-noTM
5mSIPHEX1_26-scaffold_2090_c1_5  0.491  27  0.590  27  0.948  12  0.740   0.671 Y  0.450      SignalP-noTM
5mSIPHEX1_26-scaffold_2095_c1_3  0.486  25  0.514  25  0.714  21  0.560   0.532 Y  0.500      SignalP-TM
5mSIPHEX1_26-scaffold_2095_c1_4  0.546  23  0.610  23  0.850  11  0.680   0.648 Y  0.450      SignalP-noTM
5mSIPHEX1_26-scaffold_2111_c1_2  0.672  20  0.763  20  0.920  16  0.860   0.815 Y  0.450      SignalP-noTM
5mSIPHEX1_26-scaffold_2111_c1_2  0.759  20  0.753  20  0.900  16  0.733   0.743 Y  0.570      SignalP-noTM
5mSIPHEX1_26-scaffold_2111_c1_4  0.188  27  0.359  27  0.767  21  0.680   0.484 Y  0.450      SignalP-TM
5mSIPHEX1_26-scaffold_2111_c1_4  0.693  26  0.764  26  0.950  16  0.837   0.804 Y  0.450      SignalP-noTM
5mSIPHEX1_26-scaffold_2113_c1_4  0.168  37  0.386  37  0.968  20  0.795   0.578 Y  0.570      SignalP-noTM
5mSIPHEX1_26-scaffold_2113_c1_5  0.490  17  0.640  17  0.894  15  0.859   0.758 Y  0.450      SignalP-noTM
5mSIPHEX1_26-scaffold_2148_c1_1  0.445  19  0.613  19  0.875   1  0.836   0.734 Y  0.450      SignalP-noTM
5mSIPHEX1_26-scaffold_2148_c1_1  0.713  19  0.690  19  0.884  17  0.662   0.677 Y  0.570      SignalP-noTM
5mSIPHEX1_26-scaffold_2148_c1_2  0.178  25  0.364  25  0.847  19  0.762   0.520 Y  0.450      SignalP-TM
5mSIPHEX1_26-scaffold_2148_c1_2  0.196  21  0.423  21  0.980  12  0.913   0.688 Y  0.450      SignalP-noTM
5mSIPHEX1_26-scaffold_2148_c1_4  0.410  20  0.477  20  0.670  15  0.550   0.506 Y  0.500      SignalP-TM
5mSIPHEX1_26-scaffold_2181_c1_1  0.218  21  0.367  21  0.765   8  0.615   0.501 Y  0.450      SignalP-noTM
5mSIPHEX1_26-scaffold_2181_c1_1  0.224  43  0.324  21  0.869  18  0.780   0.502 Y  0.450      SignalP-TM
5mSIPHEX1_26-scaffold_2181_c1_2  0.141  21  0.332  21  0.822  17  0.773   0.504 Y  0.450      SignalP-TM
5mSIPHEX1_26-scaffold_2181_c1_2  0.280  21  0.477  21  0.912  18  0.813   0.635 Y  0.570      SignalP-noTM
5mSIPHEX1_26-scaffold_2181_c1_2  0.500  21  0.658  21  0.928  10  0.862   0.768 Y  0.450      SignalP-noTM
5mSIPHEX1_26-scaffold_2204_c1_3  0.307  19  0.497  19  0.850   1  0.796   0.659 Y  0.450      SignalP-noTM
5mSIPHEX1_26-scaffold_2204_c1_5  0.441  21  0.536  21  0.764   6  0.675   0.590 Y  0.450      SignalP-TM
5mSIPHEX1_26-scaffold_2204_c1_5  0.512  21  0.591  21  0.854  13  0.701   0.643 Y  0.570      SignalP-noTM
5mSIPHEX1_26-scaffold_2204_c1_5  0.806  21  0.836  21  0.942   3  0.862   0.850 Y  0.450      SignalP-noTM
5mSIPHEX1_26-scaffold_2204_c1_6  0.357  21  0.557  21  0.932   5  0.867   0.724 Y  0.450      SignalP-noTM
5mSIPHEX1_26-scaffold_2254_c1_3  0.596  18  0.669  18  0.803   7  0.735   0.705 Y  0.450      SignalP-noTM
5mSIPHEX1_26-scaffold_2254_c1_4  0.219  25  0.384  18  0.865   3  0.794   0.544 Y  0.450      SignalP-TM
5mSIPHEX1_26-scaffold_2254_c1_4  0.385  18  0.584  18  0.932  11  0.879   0.743 Y  0.450      SignalP-noTM
5mSIPHEX1_26-scaffold_2254_c1_4  0.660  18  0.754  18  0.920  17  0.866   0.807 Y  0.570      SignalP-noTM
5mSIPHEX1_26-scaffold_2293_c1_6  0.175  21  0.371  21  0.859  17  0.741   0.515 Y  0.450      SignalP-TM
5mSIPHEX1_26-scaffold_2293_c1_6  0.719  19  0.780  19  0.898   9  0.842   0.814 Y  0.450      SignalP-noTM
5mSIPHEX1_26-scaffold_2313_c1_1  0.162  31  0.325  26  0.940  12  0.846   0.528 Y  0.450      SignalP-TM
5mSIPHEX1_26-scaffold_2313_c1_1  0.211  19  0.443  19  0.976  11  0.932   0.707 Y  0.450      SignalP-noTM
5mSIPHEX1_26-scaffold_2313_c1_1  0.514  19  0.696  19  0.976  12  0.925   0.803 Y  0.570      SignalP-noTM
5mSIPHEX1_26-scaffold_2313_c1_3  0.359  19  0.552  19  0.909  15  0.850   0.713 Y  0.450      SignalP-noTM
5mSIPHEX1_26-scaffold_2313_c1_3  0.359  25  0.505  25  0.821  17  0.677   0.572 Y  0.450      SignalP-TM
5mSIPHEX1_26-scaffold_2313_c1_3  0.370  19  0.554  19  0.922  17  0.797   0.668 Y  0.570      SignalP-noTM
5mSIPHEX1_26-scaffold_2314_c1_2  0.282  19  0.473  19  0.881  17  0.780   0.617 Y  0.570      SignalP-noTM
5mSIPHEX1_26-scaffold_2314_c1_2  0.611  19  0.650  19  0.896  17  0.698   0.676 Y  0.450      SignalP-noTM
5mSIPHEX1_26-scaffold_2319_c1_2  0.548  18  0.701  18  0.945   2  0.889   0.803 Y  0.450      SignalP-noTM
5mSIPHEX1_26-scaffold_2319_c1_4  0.506  25  0.598  25  0.911   4  0.720   0.664 Y  0.450      SignalP-noTM
5mSIPHEX1_26-scaffold_2332_c1_2  0.360  24  0.529  24  0.875   3  0.783   0.666 Y  0.450      SignalP-noTM
5mSIPHEX1_26-scaffold_2334_c1_1  0.229  28  0.384  28  0.888  17  0.694   0.505 Y  0.450      SignalP-TM
5mSIPHEX1_26-scaffold_2334_c1_1  0.583  20  0.678  20  0.908   1  0.796   0.733 Y  0.570      SignalP-noTM
5mSIPHEX1_26-scaffold_2334_c1_1  0.872  20  0.906  20  0.972  12  0.937   0.923 Y  0.450      SignalP-noTM
5mSIPHEX1_26-scaffold_2334_c1_2  0.166  25  0.354  25  0.935   3  0.817   0.572 Y  0.570      SignalP-noTM
5mSIPHEX1_26-scaffold_2334_c1_2  0.206  25  0.411  25  0.937  14  0.825   0.634 Y  0.450      SignalP-noTM
5mSIPHEX1_26-scaffold_2334_c1_3  0.155  20  0.356  20  0.918  12  0.804   0.598 Y  0.450      SignalP-noTM
5mSIPHEX1_26-scaffold_2362_c1_1  0.216  25  0.358  25  0.794  16  0.650   0.472 Y  0.450      SignalP-TM
5mSIPHEX1_26-scaffold_2362_c1_1  0.371  19  0.544  19  0.855   1  0.805   0.667 Y  0.570      SignalP-noTM
5mSIPHEX1_26-scaffold_2362_c1_1  0.457  19  0.653  19  0.964  11  0.930   0.802 Y  0.450      SignalP-noTM
5mSIPHEX1_26-scaffold_2362_c1_6  0.231  21  0.386  21  0.760  19  0.671   0.497 Y  0.450      SignalP-TM
5mSIPHEX1_26-scaffold_2362_c1_6  0.714  21  0.741  21  0.869   1  0.764   0.752 Y  0.570      SignalP-noTM
5mSIPHEX1_26-scaffold_2362_c1_6  0.824  21  0.860  21  0.943   3  0.895   0.879 Y  0.450      SignalP-noTM
5mSIPHEX1_26-scaffold_2363_c1_2  0.172  26  0.346  22  0.909   6  0.809   0.526 Y  0.450      SignalP-TM
5mSIPHEX1_26-scaffold_2363_c1_2  0.280  26  0.459  26  0.930   5  0.820   0.629 Y  0.570      SignalP-noTM
5mSIPHEX1_26-scaffold_2363_c1_2  0.504  22  0.673  22  0.950   5  0.900   0.796 Y  0.450      SignalP-noTM
5mSIPHEX1_26-scaffold_2363_c1_3  0.148  27  0.329  23  0.847   2  0.782   0.506 Y  0.450      SignalP-TM
5mSIPHEX1_26-scaffold_2363_c1_3  0.532  23  0.646  23  0.910   9  0.785   0.721 Y  0.450      SignalP-noTM
5mSIPHEX1_26-scaffold_2363_c1_5  0.156  23  0.338  23  0.896   1  0.772   0.507 Y  0.450      SignalP-TM
5mSIPHEX1_26-scaffold_2363_c1_5  0.518  20  0.660  20  0.939  11  0.849   0.749 Y  0.570      SignalP-noTM
5mSIPHEX1_26-scaffold_2363_c1_5  0.781  23  0.786  23  0.959  12  0.792   0.789 Y  0.450      SignalP-noTM
5mSIPHEX1_26-scaffold_2369_c1_1  0.212  16  0.386  16  0.796   1  0.659   0.534 Y  0.450      SignalP-noTM
5mSIPHEX1_26-scaffold_2369_c1_2  0.713  19  0.685  19  0.749  14  0.663   0.673 Y  0.450      SignalP-noTM
5mSIPHEX1_26-scaffold_2369_c1_2  0.757  19  0.783  19  0.918  17  0.800   0.791 Y  0.570      SignalP-noTM
5mSIPHEX1_26-scaffold_2398_c1_2  0.162  21  0.326  21  0.732   3  0.667   0.459 Y  0.450      SignalP-TM
5mSIPHEX1_26-scaffold_2398_c1_2  0.594  21  0.735  21  0.973  12  0.908   0.829 Y  0.450      SignalP-noTM
5mSIPHEX1_26-scaffold_2398_c1_2  0.769  19  0.828  19  0.947  17  0.888   0.856 Y  0.570      SignalP-noTM
5mSIPHEX1_26-scaffold_2414_c1_4  0.177  28  0.369  26  0.881  15  0.765   0.524 Y  0.450      SignalP-TM
5mSIPHEX1_26-scaffold_2414_c1_4  0.316  32  0.508  26  0.935  14  0.858   0.697 Y  0.450      SignalP-noTM
5mSIPHEX1_26-scaffold_2414_c1_4  0.473  26  0.559  26  0.900   5  0.761   0.654 Y  0.570      SignalP-noTM
5mSIPHEX1_26-scaffold_2415_c1_3  0.282  27  0.507  27  0.969  20  0.890   0.714 Y  0.450      SignalP-noTM
5mSIPHEX1_26-scaffold_2415_c1_3  0.355  33  0.543  33  0.880  23  0.819   0.651 Y  0.450      SignalP-TM
5mSIPHEX1_26-scaffold_2415_c1_3  0.358  33  0.540  33  0.955  17  0.860   0.690 Y  0.570      SignalP-noTM
5mSIPHEX1_26-scaffold_2422_c1_4  0.474  20  0.639  20  0.936   3  0.857   0.757 Y  0.450      SignalP-noTM
5mSIPHEX1_26-scaffold_2449_c1_4  0.126  23  0.307  23  0.869  15  0.748   0.479 Y  0.450      SignalP-TM
5mSIPHEX1_26-scaffold_2449_c1_4  0.262  18  0.487  18  0.948  10  0.899   0.709 Y  0.450      SignalP-noTM
5mSIPHEX1_26-scaffold_2449_c1_5  0.175  34  0.276  13  0.820   7  0.762   0.466 Y  0.450      SignalP-TM
5mSIPHEX1_26-scaffold_2449_c1_6  0.804  19  0.861  19  0.954   3  0.921   0.893 Y  0.450      SignalP-noTM
5mSIPHEX1_26-scaffold_2449_c1_6  0.832  19  0.825  19  0.897   1  0.811   0.819 Y  0.570      SignalP-noTM
5mSIPHEX1_26-scaffold_2519_c1_5  0.336  19  0.488  19  0.807  15  0.684   0.580 Y  0.570      SignalP-noTM
5mSIPHEX1_26-scaffold_2519_c1_5  0.766  21  0.768  21  0.886  12  0.771   0.770 Y  0.450      SignalP-noTM
5mSIPHEX1_26-scaffold_2533_c1_3  0.277  27  0.460  22  0.937  12  0.849   0.670 Y  0.450      SignalP-noTM
5mSIPHEX1_26-scaffold_2533_c1_3  0.300  22  0.500  22  0.913  18  0.850   0.636 Y  0.450      SignalP-TM
5mSIPHEX1_26-scaffold_2533_c1_3  0.690  22  0.748  22  0.908   1  0.843   0.793 Y  0.570      SignalP-noTM
5mSIPHEX1_26-scaffold_2536_c1_2  0.164  18  0.348  18  0.829   7  0.745   0.562 Y  0.450      SignalP-noTM
5mSIPHEX1_26-scaffold_2536_c1_7  0.372  23  0.547  23  0.894  10  0.802   0.647 Y  0.450      SignalP-TM
5mSIPHEX1_26-scaffold_2536_c1_7  0.377  20  0.567  20  0.915   4  0.850   0.720 Y  0.450      SignalP-noTM
5mSIPHEX1_26-scaffold_2536_c1_7  0.409  23  0.552  23  0.882  19  0.796   0.667 Y  0.570      SignalP-noTM
5mSIPHEX1_26-scaffold_2585_c1_2  0.202  23  0.358  23  0.847  10  0.674   0.481 Y  0.450      SignalP-TM
5mSIPHEX1_26-scaffold_2585_c1_2  0.311  23  0.463  23  0.905  14  0.723   0.585 Y  0.570      SignalP-noTM
5mSIPHEX1_26-scaffold_2585_c1_2  0.619  21  0.715  21  0.920   2  0.820   0.772 Y  0.450      SignalP-noTM
5mSIPHEX1_26-scaffold_2585_c1_3  0.640  24  0.562  24  0.658  15  0.512   0.542 Y  0.500      SignalP-TM
5mSIPHEX1_26-scaffold_2591_c1_2  0.409  21  0.547  21  0.872   8  0.735   0.648 Y  0.450      SignalP-noTM
5mSIPHEX1_26-scaffold_2607_c1_1  0.381  20  0.553  20  0.878  18  0.779   0.641 Y  0.450      SignalP-TM
5mSIPHEX1_26-scaffold_2607_c1_1  0.650  20  0.761  20  0.955  12  0.889   0.830 Y  0.450      SignalP-noTM
5mSIPHEX1_26-scaffold_2607_c1_1  0.708  20  0.758  20  0.882  11  0.815   0.785 Y  0.570      SignalP-noTM
5mSIPHEX1_26-scaffold_2607_c1_2  0.773  22  0.739  22  0.841   3  0.702   0.719 Y  0.450      SignalP-noTM
5mSIPHEX1_26-scaffold_2609_c1_3  0.350  22  0.436  22  0.781   4  0.603   0.503 Y  0.500      SignalP-TM
5mSIPHEX1_26-scaffold_2609_c1_4  0.345  19  0.553  19  0.915  13  0.889   0.734 Y  0.450      SignalP-noTM
5mSIPHEX1_26-scaffold_2612_c1_2  0.167  28  0.312  22  0.920  14  0.726   0.473 Y  0.450      SignalP-TM
5mSIPHEX1_26-scaffold_2612_c1_2  0.204  19  0.427  19  0.950  14  0.878   0.639 Y  0.570      SignalP-noTM
5mSIPHEX1_26-scaffold_2612_c1_2  0.345  17  0.560  17  0.934   2  0.910   0.749 Y  0.450      SignalP-noTM
5mSIPHEX1_26-scaffold_2620_c1_3  0.304  21  0.418  21  0.716  15  0.588   0.484 Y  0.450      SignalP-TM
5mSIPHEX1_26-scaffold_2620_c1_3  0.592  19  0.692  19  0.905  15  0.796   0.741 Y  0.570      SignalP-noTM
5mSIPHEX1_26-scaffold_2620_c1_3  0.707  21  0.783  21  0.941  12  0.863   0.826 Y  0.450      SignalP-noTM
5mSIPHEX1_26-scaffold_2639_c1_3  0.320  19  0.446  19  0.836   1  0.647   0.527 Y  0.500      SignalP-TM
5mSIPHEX1_26-scaffold_2643_c1_3  0.372  21  0.556  21  0.891  18  0.830   0.685 Y  0.570      SignalP-noTM
5mSIPHEX1_26-scaffold_2643_c1_3  0.461  21  0.608  21  0.913  18  0.799   0.683 Y  0.450      SignalP-TM
5mSIPHEX1_26-scaffold_2643_c1_3  0.747  21  0.804  21  0.926   3  0.865   0.837 Y  0.450      SignalP-noTM
5mSIPHEX1_26-scaffold_2676_c1_3  0.290  19  0.477  19  0.865   2  0.803   0.604 Y  0.450      SignalP-TM
5mSIPHEX1_26-scaffold_2676_c1_3  0.774  19  0.846  19  0.969  12  0.929   0.891 Y  0.450      SignalP-noTM
5mSIPHEX1_26-scaffold_2676_c1_3  0.791  19  0.864  19  0.965  11  0.938   0.899 Y  0.570      SignalP-noTM
5mSIPHEX1_26-scaffold_2676_c1_4  0.204  25  0.351  25  0.807  16  0.589   0.480 Y  0.450      SignalP-noTM
5mSIPHEX1_26-scaffold_2684_c1_2  0.334  25  0.521  25  0.873  18  0.818   0.637 Y  0.450      SignalP-TM
5mSIPHEX1_26-scaffold_2684_c1_2  0.360  20  0.567  20  0.953  10  0.885   0.738 Y  0.450      SignalP-noTM
5mSIPHEX1_26-scaffold_2693_c2_2  0.634  21  0.712  21  0.882  15  0.798   0.758 Y  0.450      SignalP-noTM
5mSIPHEX1_26-scaffold_2745_c1_3  0.334  21  0.482  21  0.833  20  0.641   0.546 Y  0.500      SignalP-TM
5mSIPHEX1_26-scaffold_2745_c1_6  0.781  20  0.773  20  0.825   9  0.761   0.766 Y  0.450      SignalP-noTM
5mSIPHEX1_26-scaffold_2754_c1_3  0.209  20  0.425  20  0.913  10  0.855   0.657 Y  0.450      SignalP-noTM
5mSIPHEX1_26-scaffold_2754_c1_3  0.313  26  0.489  26  0.920  14  0.794   0.608 Y  0.450      SignalP-TM
5mSIPHEX1_26-scaffold_2754_c1_3  0.622  21  0.717  21  0.948  17  0.811   0.761 Y  0.570      SignalP-noTM
5mSIPHEX1_26-scaffold_2762_c1_1  0.577  19  0.731  19  0.968  17  0.916   0.818 Y  0.570      SignalP-noTM
5mSIPHEX1_26-scaffold_2762_c1_1  0.686  21  0.789  19  0.943   3  0.914   0.856 Y  0.450      SignalP-noTM
5mSIPHEX1_26-scaffold_2762_c1_2  0.630  19  0.595  19  0.672  12  0.575   0.587 Y  0.500      SignalP-TM
5mSIPHEX1_26-scaffold_2779_c1_3  0.315  21  0.520  21  0.923  14  0.855   0.701 Y  0.450      SignalP-noTM
5mSIPHEX1_26-scaffold_2863_c1_4  0.225  18  0.445  18  0.939  10  0.867   0.673 Y  0.450      SignalP-noTM
5mSIPHEX1_26-scaffold_2863_c1_5  0.234  22  0.391  22  0.799  21  0.625   0.482 Y  0.450      SignalP-TM
5mSIPHEX1_26-scaffold_2863_c1_5  0.461  20  0.640  20  0.925   4  0.893   0.777 Y  0.450      SignalP-noTM
5mSIPHEX1_26-scaffold_2863_c1_5  0.609  20  0.716  20  0.929  18  0.838   0.773 Y  0.570      SignalP-noTM
5mSIPHEX1_26-scaffold_2867_c1_2  0.322  30  0.517  30  0.919  18  0.831   0.686 Y  0.450      SignalP-noTM
5mSIPHEX1_26-scaffold_2867_c1_2  0.326  30  0.445  30  0.735  21  0.590   0.502 Y  0.450      SignalP-TM
5mSIPHEX1_26-scaffold_2913_c1_6  0.439  29  0.566  22  0.913  18  0.830   0.669 Y  0.450      SignalP-TM
5mSIPHEX1_26-scaffold_2913_c1_6  0.582  24  0.691  24  0.927  12  0.823   0.762 Y  0.450      SignalP-noTM
5mSIPHEX1_26-scaffold_2913_c1_6  0.868  22  0.867  22  0.934  18  0.880   0.873 Y  0.570      SignalP-noTM
5mSIPHEX1_26-scaffold_2971_c2_2  0.515  18  0.640  18  0.875   2  0.779   0.715 Y  0.450      SignalP-noTM
5mSIPHEX1_26-scaffold_2999_c1_3  0.170  27  0.295  19  0.838   1  0.736   0.467 Y  0.450      SignalP-TM
5mSIPHEX1_26-scaffold_2999_c1_3  0.840  19  0.893  19  0.977  11  0.945   0.921 Y  0.450      SignalP-noTM
5mSIPHEX1_26-scaffold_3047_c1_1  0.309  20  0.546  20  0.990  15  0.970   0.775 Y  0.450      SignalP-noTM
5mSIPHEX1_26-scaffold_3047_c1_2  0.389  21  0.545  21  0.865   7  0.760   0.661 Y  0.450      SignalP-noTM
5mSIPHEX1_26-scaffold_3113_c1_2  0.287  21  0.496  21  0.910  15  0.859   0.692 Y  0.450      SignalP-noTM
5mSIPHEX1_26-scaffold_3113_c1_2  0.301  19  0.483  19  0.924  17  0.790   0.627 Y  0.570      SignalP-noTM
5mSIPHEX1_26-scaffold_3113_c1_2  0.360  24  0.482  24  0.764  17  0.639   0.543 Y  0.450      SignalP-TM
5mSIPHEX1_26-scaffold_3135_c1_3  0.196  23  0.382  23  0.880   2  0.772   0.534 Y  0.450      SignalP-TM
5mSIPHEX1_26-scaffold_3135_c1_3  0.424  21  0.564  21  0.876   2  0.740   0.659 Y  0.450      SignalP-noTM
5mSIPHEX1_26-scaffold_3138_c1_2  0.675  24  0.656  24  0.809   6  0.697   0.672 Y  0.450      SignalP-TM
5mSIPHEX1_26-scaffold_3138_c1_2  0.749  24  0.830  24  0.958  13  0.924   0.874 Y  0.570      SignalP-noTM
5mSIPHEX1_26-scaffold_3138_c1_2  0.797  24  0.843  24  0.962   4  0.893   0.870 Y  0.450      SignalP-noTM
5mSIPHEX1_26-scaffold_3138_c1_3  0.294  25  0.492  25  0.936  13  0.817   0.619 Y  0.450      SignalP-TM
5mSIPHEX1_26-scaffold_3138_c1_3  0.316  26  0.493  22  0.939  15  0.908   0.688 Y  0.570      SignalP-noTM
5mSIPHEX1_26-scaffold_3138_c1_3  0.755  22  0.797  22  0.896   5  0.840   0.820 Y  0.450      SignalP-noTM
5mSIPHEX1_26-scaffold_3138_c1_4  0.223  22  0.420  22  0.930  15  0.818   0.607 Y  0.570      SignalP-noTM
5mSIPHEX1_26-scaffold_3138_c1_4  0.273  22  0.494  22  0.957   8  0.872   0.641 Y  0.450      SignalP-TM
5mSIPHEX1_26-scaffold_3138_c1_4  0.386  20  0.585  20  0.941   3  0.885   0.747 Y  0.450      SignalP-noTM
5mSIPHEX1_26-scaffold_3182_c1_2  0.368  20  0.567  20  0.948   2  0.863   0.727 Y  0.450      SignalP-noTM
5mSIPHEX1_26-scaffold_3182_c1_2  0.710  19  0.747  19  0.904  11  0.792   0.768 Y  0.570      SignalP-noTM
5mSIPHEX1_26-scaffold_3183_c1_2  0.506  19  0.616  19  0.867  17  0.745   0.677 Y  0.570      SignalP-noTM
5mSIPHEX1_26-scaffold_3183_c1_2  0.612  19  0.752  19  0.960  13  0.929   0.848 Y  0.450      SignalP-noTM
5mSIPHEX1_26-scaffold_3183_c1_3  0.155  48  0.321  21  0.866   1  0.658   0.503 Y  0.450      SignalP-noTM
5mSIPHEX1_26-scaffold_3198_c1_1  0.199  21  0.334  21  0.754   8  0.560   0.456 Y  0.450      SignalP-noTM
5mSIPHEX1_26-scaffold_3198_c1_2  0.728  33  0.808  33  0.984  18  0.894   0.848 Y  0.570      SignalP-noTM
5mSIPHEX1_26-scaffold_3326_c1_3  0.435  25  0.436  25  0.773  11  0.502   0.462 Y  0.450      SignalP-TM
5mSIPHEX1_26-scaffold_3335_c1_3  0.169  26  0.358  26  0.890  13  0.771   0.519 Y  0.450      SignalP-TM
5mSIPHEX1_26-scaffold_3335_c1_3  0.835  20  0.835  20  0.917   1  0.821   0.827 Y  0.450      SignalP-noTM
5mSIPHEX1_26-scaffold_3367_c1_2  0.214  16  0.412  16  0.842   1  0.770   0.606 Y  0.450      SignalP-noTM
5mSIPHEX1_26-scaffold_3395_c1_3  0.364  21  0.550  21  0.909   2  0.824   0.698 Y  0.450      SignalP-noTM
5mSIPHEX1_26-scaffold_3400_c1_2  0.264  28  0.448  28  0.812  23  0.704   0.548 Y  0.450      SignalP-TM
5mSIPHEX1_26-scaffold_3400_c1_2  0.762  28  0.794  28  0.954  16  0.838   0.818 Y  0.450      SignalP-noTM
5mSIPHEX1_26-scaffold_3400_c1_6  0.382  21  0.473  21  0.782  18  0.576   0.513 Y  0.450      SignalP-TM
5mSIPHEX1_26-scaffold_3400_c1_6  0.798  19  0.706  19  0.777  18  0.587   0.650 Y  0.570      SignalP-noTM
5mSIPHEX1_26-scaffold_3400_c1_6  0.831  19  0.835  19  0.871  17  0.837   0.836 Y  0.450      SignalP-noTM
5mSIPHEX1_26-scaffold_3404_c1_4  0.239  19  0.405  19  0.804   8  0.711   0.518 Y  0.510      SignalP-TM
5mSIPHEX1_26-scaffold_3404_c1_4  0.289  19  0.468  19  0.876  11  0.724   0.568 Y  0.450      SignalP-TM
5mSIPHEX1_26-scaffold_3404_c1_4  0.469  19  0.574  19  0.914   2  0.739   0.640 Y  0.500      SignalP-TM
5mSIPHEX1_26-scaffold_3418_c1_3  0.184  30  0.380  30  0.962  21  0.847   0.599 Y  0.570      SignalP-noTM
5mSIPHEX1_26-scaffold_3418_c1_3  0.187  26  0.414  26  0.965  18  0.912   0.683 Y  0.450      SignalP-noTM
5mSIPHEX1_26-scaffold_3472_c1_4  0.191  21  0.375  21  0.819  14  0.681   0.494 Y  0.450      SignalP-TM
5mSIPHEX1_26-scaffold_3472_c1_4  0.331  19  0.521  19  0.877   1  0.816   0.659 Y  0.570      SignalP-noTM
5mSIPHEX1_26-scaffold_3472_c1_4  0.465  19  0.644  19  0.930   5  0.899   0.782 Y  0.450      SignalP-noTM
5mSIPHEX1_26-scaffold_3477_c1_4  0.190  21  0.386  21  0.899  13  0.780   0.599 Y  0.450      SignalP-noTM
5mSIPHEX1_26-scaffold_3477_c1_4  0.321  19  0.520  19  0.922  18  0.836   0.669 Y  0.570      SignalP-noTM
5mSIPHEX1_26-scaffold_3487_c1_2  0.274  23  0.456  23  0.919   9  0.758   0.574 Y  0.450      SignalP-TM
5mSIPHEX1_26-scaffold_3487_c1_2  0.444  17  0.618  17  0.889   3  0.854   0.746 Y  0.450      SignalP-noTM
5mSIPHEX1_26-scaffold_3551_c1_4  0.292  25  0.486  25  0.851  16  0.649   0.549 Y  0.450      SignalP-TM
5mSIPHEX1_26-scaffold_3551_c1_4  0.361  24  0.564  24  0.924  13  0.878   0.734 Y  0.450      SignalP-noTM
5mSIPHEX1_26-scaffold_3554_c1_3  0.190  66  0.327  26  0.920   8  0.777   0.503 Y  0.450      SignalP-TM
5mSIPHEX1_26-scaffold_3554_c1_3  0.347  21  0.576  21  0.971  19  0.951   0.752 Y  0.570      SignalP-noTM
5mSIPHEX1_26-scaffold_3554_c1_3  0.760  23  0.834  23  0.976  14  0.916   0.878 Y  0.450      SignalP-noTM
5mSIPHEX1_26-scaffold_3591_c1_4  0.229  20  0.452  20  0.940  12  0.894   0.691 Y  0.450      SignalP-noTM
5mSIPHEX1_26-scaffold_3591_c1_4  0.230  27  0.365  27  0.830   2  0.673   0.485 Y  0.450      SignalP-TM
5mSIPHEX1_26-scaffold_3612_c1_5  0.284  22  0.446  22  0.835   3  0.747   0.563 Y  0.450      SignalP-TM
5mSIPHEX1_26-scaffold_3612_c1_5  0.620  22  0.744  22  0.936   5  0.894   0.825 Y  0.450      SignalP-noTM
5mSIPHEX1_26-scaffold_3612_c1_5  0.764  22  0.843  22  0.970  18  0.927   0.882 Y  0.570      SignalP-noTM
5mSIPHEX1_26-scaffold_3628_c1_1  0.251  17  0.461  17  0.872   8  0.841   0.666 Y  0.450      SignalP-noTM
5mSIPHEX1_26-scaffold_3661_c1_1  0.352  30  0.447  30  0.750  19  0.531   0.492 Y  0.450      SignalP-noTM
5mSIPHEX1_26-scaffold_3661_c1_1  0.722  30  0.757  30  0.938  16  0.812   0.783 Y  0.570      SignalP-noTM
5mSIPHEX1_26-scaffold_3730_c1_2  0.188  22  0.365  22  0.810  18  0.665   0.482 Y  0.450      SignalP-TM
5mSIPHEX1_26-scaffold_3730_c1_2  0.650  19  0.741  19  0.865   1  0.839   0.794 Y  0.450      SignalP-noTM
5mSIPHEX1_26-scaffold_3748_c1_3  0.126  17  0.322  17  0.889   7  0.824   0.593 Y  0.450      SignalP-noTM
5mSIPHEX1_26-scaffold_3758_c1_1  0.531  23  0.666  23  0.910  18  0.834   0.757 Y  0.450      SignalP-noTM
5mSIPHEX1_26-scaffold_3758_c1_2  0.393  24  0.531  24  0.844  12  0.719   0.633 Y  0.450      SignalP-noTM
5mSIPHEX1_26-scaffold_3758_c1_2  0.619  24  0.641  24  0.751  14  0.639   0.640 Y  0.570      SignalP-noTM
5mSIPHEX1_26-scaffold_3789_c1_4  0.264  22  0.467  22  0.912   3  0.825   0.660 Y  0.450      SignalP-noTM
5mSIPHEX1_26-scaffold_3789_c1_4  0.377  20  0.548  20  0.863  19  0.775   0.655 Y  0.570      SignalP-noTM
5mSIPHEX1_26-scaffold_3789_c1_5  0.335  39  0.436  20  0.928  16  0.812   0.583 Y  0.450      SignalP-TM
5mSIPHEX1_26-scaffold_3789_c1_5  0.637  20  0.750  20  0.923   3  0.878   0.819 Y  0.450      SignalP-noTM
5mSIPHEX1_26-scaffold_3789_c1_5  0.750  20  0.820  20  0.951  16  0.892   0.854 Y  0.570      SignalP-noTM
5mSIPHEX1_26-scaffold_3868_c1_2  0.156  26  0.341  18  0.928   9  0.893   0.556 Y  0.450      SignalP-TM
5mSIPHEX1_26-scaffold_3868_c1_2  0.464  18  0.655  18  0.948  10  0.922   0.781 Y  0.570      SignalP-noTM
5mSIPHEX1_26-scaffold_3868_c1_2  0.712  18  0.820  18  0.972  10  0.937   0.883 Y  0.450      SignalP-noTM
5mSIPHEX1_26-scaffold_3890_c1_2  0.143  25  0.276  14  0.801   3  0.734   0.455 Y  0.450      SignalP-TM
5mSIPHEX1_26-scaffold_3890_c1_2  0.213  20  0.423  20  0.919  11  0.829   0.642 Y  0.450      SignalP-noTM
5mSIPHEX1_26-scaffold_3890_c1_2  0.296  19  0.480  19  0.903  13  0.784   0.623 Y  0.570      SignalP-noTM
5mSIPHEX1_26-scaffold_3890_c1_3  0.222  21  0.434  21  0.934  17  0.845   0.594 Y  0.450      SignalP-TM
5mSIPHEX1_26-scaffold_3890_c1_3  0.702  21  0.780  21  0.930  13  0.864   0.825 Y  0.450      SignalP-noTM
5mSIPHEX1_26-scaffold_3890_c1_3  0.849  21  0.868  21  0.969  17  0.894   0.880 Y  0.570      SignalP-noTM
5mSIPHEX1_26-scaffold_3898_c1_1  0.610  31  0.729  31  0.930  20  0.832   0.785 Y  0.450      SignalP-noTM
5mSIPHEX1_26-scaffold_3898_c1_1  0.627  31  0.615  31  0.854  30  0.512   0.575 Y  0.450      SignalP-TM
5mSIPHEX1_26-scaffold_3898_c1_1  0.772  31  0.635  31  0.706  30  0.382   0.541 Y  0.510      SignalP-TM
5mSIPHEX1_26-scaffold_3898_c1_2  0.262  23  0.470  22  0.921   4  0.868   0.685 Y  0.450      SignalP-noTM
5mSIPHEX1_26-scaffold_3898_c1_2  0.309  25  0.522  25  0.965  15  0.902   0.670 Y  0.450      SignalP-TM
5mSIPHEX1_26-scaffold_3898_c1_2  0.355  22  0.562  22  0.962  17  0.902   0.722 Y  0.570      SignalP-noTM
5mSIPHEX1_26-scaffold_3909_c1_1  0.133  29  0.276  12  0.824   1  0.758   0.464 Y  0.450      SignalP-TM
5mSIPHEX1_26-scaffold_3983_c1_5  0.223  22  0.459  22  0.983  14  0.944   0.721 Y  0.450      SignalP-noTM
5mSIPHEX1_26-scaffold_3996_c1_2  0.227  23  0.430  23  0.881  11  0.815   0.638 Y  0.450      SignalP-noTM
5mSIPHEX1_26-scaffold_4031_c2_3  0.182  20  0.322  20  0.711   6  0.566   0.454 Y  0.450      SignalP-noTM
5mSIPHEX1_26-scaffold_4079_c1_2  0.221  31  0.345  22  0.784   8  0.711   0.488 Y  0.450      SignalP-TM
5mSIPHEX1_26-scaffold_4079_c1_2  0.516  22  0.646  22  0.896  11  0.833   0.734 Y  0.570      SignalP-noTM
5mSIPHEX1_26-scaffold_4079_c1_2  0.752  22  0.808  22  0.950  12  0.867   0.840 Y  0.450      SignalP-noTM
5mSIPHEX1_26-scaffold_4101_c1_3  0.190  22  0.389  22  0.886  15  0.793   0.607 Y  0.450      SignalP-noTM
5mSIPHEX1_26-scaffold_4101_c1_3  0.493  21  0.584  21  0.864  20  0.683   0.631 Y  0.570      SignalP-noTM
5mSIPHEX1_26-scaffold_4125_c1_2  0.189  18  0.404  18  0.954  17  0.861   0.619 Y  0.570      SignalP-noTM
5mSIPHEX1_26-scaffold_4125_c1_2  0.271  25  0.395  25  0.785  17  0.610   0.479 Y  0.450      SignalP-TM
5mSIPHEX1_26-scaffold_4125_c1_2  0.355  20  0.545  20  0.941  11  0.847   0.708 Y  0.450      SignalP-noTM
5mSIPHEX1_26-scaffold_4175_c1_3  0.179  22  0.363  22  0.884  15  0.735   0.564 Y  0.450      SignalP-noTM
5mSIPHEX1_26-scaffold_4200_c1_3  0.200  26  0.354  26  0.882  17  0.668   0.477 Y  0.450      SignalP-TM
5mSIPHEX1_26-scaffold_4200_c1_3  0.591  19  0.741  19  0.967  11  0.926   0.841 Y  0.450      SignalP-noTM
5mSIPHEX1_26-scaffold_4200_c1_3  0.781  19  0.838  19  0.938  18  0.894   0.864 Y  0.570      SignalP-noTM
5mSIPHEX1_26-scaffold_4221_c1_2  0.536  21  0.677  21  0.923  18  0.867   0.751 Y  0.450      SignalP-TM
5mSIPHEX1_26-scaffold_4221_c1_2  0.604  21  0.696  21  0.871  10  0.800   0.752 Y  0.450      SignalP-noTM
5mSIPHEX1_26-scaffold_4221_c1_2  0.791  21  0.787  21  0.899   1  0.808   0.797 Y  0.570      SignalP-noTM
5mSIPHEX1_26-scaffold_4235_c1_1  0.199  28  0.393  28  0.932  24  0.705   0.514 Y  0.450      SignalP-TM
5mSIPHEX1_26-scaffold_4235_c1_1  0.541  28  0.668  28  0.912  17  0.831   0.744 Y  0.570      SignalP-noTM
5mSIPHEX1_26-scaffold_4235_c1_1  0.784  28  0.840  28  0.960  17  0.903   0.874 Y  0.450      SignalP-noTM
5mSIPHEX1_26-scaffold_4262_c2_2  0.270  21  0.459  21  0.910   1  0.812   0.625 Y  0.570      SignalP-noTM
5mSIPHEX1_26-scaffold_4262_c2_2  0.335  26  0.415  26  0.684  18  0.545   0.466 Y  0.450      SignalP-TM
5mSIPHEX1_26-scaffold_4262_c2_2  0.766  21  0.848  21  0.978  12  0.937   0.896 Y  0.450      SignalP-noTM
5mSIPHEX1_26-scaffold_4308_c1_1  0.157  20  0.300  20  0.722   5  0.579   0.451 Y  0.450      SignalP-noTM
5mSIPHEX1_26-scaffold_4335_c1_1  0.696  25  0.794  25  0.977  13  0.907   0.855 Y  0.450      SignalP-noTM
5mSIPHEX1_26-scaffold_4475_c1_1  0.161  25  0.350  25  0.902  13  0.765   0.574 Y  0.450      SignalP-noTM
5mSIPHEX1_26-scaffold_4485_c1_3  0.213  20  0.419  20  0.884   9  0.821   0.636 Y  0.450      SignalP-noTM
5mSIPHEX1_26-scaffold_4513_c1_2  0.525  17  0.651  17  0.864   8  0.821   0.743 Y  0.450      SignalP-noTM
5mSIPHEX1_26-scaffold_4543_c1_2  0.289  19  0.449  19  0.842  18  0.636   0.522 Y  0.450      SignalP-TM
5mSIPHEX1_26-scaffold_4543_c1_2  0.606  19  0.563  19  0.589   9  0.490   0.536 Y  0.510      SignalP-TM
5mSIPHEX1_26-scaffold_4543_c1_2  0.809  19  0.817  19  0.868   9  0.824   0.821 Y  0.450      SignalP-noTM
5mSIPHEX1_26-scaffold_4563_c1_1  0.196  22  0.401  22  0.935   1  0.845   0.609 Y  0.570      SignalP-noTM
5mSIPHEX1_26-scaffold_4563_c1_1  0.256  29  0.424  29  0.974   9  0.835   0.584 Y  0.450      SignalP-TM
5mSIPHEX1_26-scaffold_4563_c1_1  0.458  21  0.616  21  0.922  11  0.824   0.729 Y  0.450      SignalP-noTM
5mSIPHEX1_26-scaffold_4563_c1_2  0.368  21  0.486  21  0.720  16  0.624   0.540 Y  0.450      SignalP-TM
5mSIPHEX1_26-scaffold_4563_c1_2  0.633  21  0.706  21  0.877  16  0.783   0.742 Y  0.570      SignalP-noTM
5mSIPHEX1_26-scaffold_4563_c1_2  0.883  21  0.876  21  0.901   2  0.869   0.872 Y  0.450      SignalP-noTM
5mSIPHEX1_26-scaffold_4563_c1_3  0.310  22  0.526  22  0.959  13  0.895   0.725 Y  0.450      SignalP-noTM
5mSIPHEX1_26-scaffold_4579_c1_3  0.483  33  0.443  20  0.877  18  0.786   0.577 Y  0.450      SignalP-TM
5mSIPHEX1_26-scaffold_4579_c1_3  0.580  20  0.721  20  0.952  13  0.895   0.815 Y  0.450      SignalP-noTM
5mSIPHEX1_26-scaffold_4579_c1_3  0.713  20  0.784  20  0.913  15  0.850   0.815 Y  0.570      SignalP-noTM
5mSIPHEX1_26-scaffold_4611_c1_2  0.233  19  0.426  19  0.844   7  0.778   0.616 Y  0.450      SignalP-noTM
5mSIPHEX1_26-scaffold_4650_c1_1  0.323  24  0.459  24  0.795   9  0.676   0.544 Y  0.450      SignalP-TM
5mSIPHEX1_26-scaffold_4650_c1_1  0.723  24  0.794  24  0.954  16  0.893   0.840 Y  0.570      SignalP-noTM
5mSIPHEX1_26-scaffold_4650_c1_1  0.888  24  0.904  24  0.972  15  0.919   0.912 Y  0.450      SignalP-noTM
5mSIPHEX1_26-scaffold_4650_c1_3  0.435  20  0.597  20  0.867  16  0.821   0.685 Y  0.450      SignalP-TM
5mSIPHEX1_26-scaffold_4650_c1_3  0.677  20  0.754  20  0.932  16  0.848   0.805 Y  0.450      SignalP-noTM
5mSIPHEX1_26-scaffold_4650_c1_3  0.788  20  0.858  20  0.968  12  0.928   0.891 Y  0.570      SignalP-noTM
5mSIPHEX1_26-scaffold_4678_c1_2  0.316  23  0.485  23  0.861  15  0.744   0.625 Y  0.450      SignalP-noTM
5mSIPHEX1_26-scaffold_4678_c1_2  0.348  23  0.565  23  0.960  18  0.890   0.691 Y  0.450      SignalP-TM
5mSIPHEX1_26-scaffold_4678_c1_2  0.708  23  0.781  23  0.932  15  0.857   0.817 Y  0.570      SignalP-noTM
5mSIPHEX1_26-scaffold_4752_c1_2  0.145  29  0.319  29  0.828  16  0.703   0.469 Y  0.450      SignalP-TM
5mSIPHEX1_26-scaffold_4792_c1_2  0.591  19  0.722  19  0.911  12  0.878   0.807 Y  0.450      SignalP-noTM
5mSIPHEX1_26-scaffold_4800_c1_1  0.301  51  0.443  27  0.811  15  0.695   0.542 Y  0.450      SignalP-TM
5mSIPHEX1_26-scaffold_4800_c1_1  0.726  20  0.790  20  0.912  12  0.872   0.835 Y  0.450      SignalP-noTM
5mSIPHEX1_26-scaffold_4800_c1_1  0.774  20  0.841  20  0.955  18  0.884   0.861 Y  0.570      SignalP-noTM
5mSIPHEX1_26-scaffold_4800_c1_2  0.207  22  0.417  22  0.900  11  0.856   0.623 Y  0.570      SignalP-noTM
5mSIPHEX1_26-scaffold_4800_c1_2  0.250  22  0.474  22  0.968  12  0.900   0.704 Y  0.450      SignalP-noTM
5mSIPHEX1_26-scaffold_4800_c1_2  0.292  24  0.425  24  0.718  18  0.603   0.494 Y  0.450      SignalP-TM
5mSIPHEX1_26-scaffold_4858_c1_2  0.144  25  0.325  20  0.877  18  0.697   0.470 Y  0.450      SignalP-TM
5mSIPHEX1_26-scaffold_4858_c1_2  0.468  21  0.574  21  0.811   8  0.701   0.642 Y  0.450      SignalP-noTM
5mSIPHEX1_26-scaffold_4858_c1_5  0.186  21  0.399  21  0.942  11  0.858   0.647 Y  0.450      SignalP-noTM
5mSIPHEX1_26-scaffold_4858_c1_5  0.186  22  0.376  22  0.842  18  0.754   0.524 Y  0.450      SignalP-TM
5mSIPHEX1_26-scaffold_5000_c1_4  0.271  19  0.477  19  0.882   1  0.833   0.669 Y  0.450      SignalP-noTM
5mSIPHEX1_26-scaffold_5072_c1_2  0.274  24  0.395  24  0.756   1  0.594   0.473 Y  0.450      SignalP-TM
5mSIPHEX1_26-scaffold_5072_c1_2  0.358  24  0.453  24  0.772   9  0.576   0.519 Y  0.450      SignalP-noTM
5mSIPHEX1_26-scaffold_5106_c1_2  0.312  27  0.460  27  0.837  14  0.664   0.571 Y  0.450      SignalP-noTM
5mSIPHEX1_26-scaffold_5106_c1_2  0.388  29  0.451  29  0.681  10  0.565   0.496 Y  0.450      SignalP-TM
5mSIPHEX1_26-scaffold_5106_c1_2  0.500  27  0.543  27  0.889   6  0.713   0.623 Y  0.570      SignalP-noTM
5mSIPHEX1_26-scaffold_5155_c1_1  0.357  20  0.445  20  0.774  18  0.524   0.476 Y  0.450      SignalP-TM
5mSIPHEX1_26-scaffold_5155_c1_1  0.779  20  0.666  20  0.792  18  0.537   0.606 Y  0.570      SignalP-noTM
5mSIPHEX1_26-scaffold_5155_c1_1  0.860  20  0.830  20  0.889   9  0.808   0.818 Y  0.450      SignalP-noTM
5mSIPHEX1_26-scaffold_5155_c1_2  0.268  25  0.419  25  0.848   2  0.668   0.554 Y  0.450      SignalP-noTM
5mSIPHEX1_26-scaffold_5155_c1_4  0.158  26  0.314  21  0.771  16  0.675   0.455 Y  0.450      SignalP-TM
5mSIPHEX1_26-scaffold_5155_c1_4  0.236  19  0.438  19  0.957  17  0.802   0.609 Y  0.570      SignalP-noTM
5mSIPHEX1_26-scaffold_5155_c1_4  0.320  19  0.533  19  0.919  16  0.893   0.727 Y  0.450      SignalP-noTM
5mSIPHEX1_26-scaffold_5176_c1_1  0.317  22  0.492  22  0.874   8  0.764   0.639 Y  0.450      SignalP-noTM
5mSIPHEX1_26-scaffold_5212_c1_2  0.639  29  0.624  29  0.843  20  0.649   0.638 Y  0.450      SignalP-noTM
5mSIPHEX1_26-scaffold_5212_c1_3  0.436  37  0.532  37  0.853  33  0.466   0.506 Y  0.450      SignalP-TM
5mSIPHEX1_26-scaffold_5237_c1_1  0.679  17  0.804  17  0.973  12  0.949   0.882 Y  0.450      SignalP-noTM
5mSIPHEX1_26-scaffold_5237_c1_2  0.323  18  0.485  18  0.822   1  0.720   0.595 Y  0.570      SignalP-noTM
5mSIPHEX1_26-scaffold_5237_c1_2  0.763  20  0.823  20  0.948  10  0.880   0.854 Y  0.450      SignalP-noTM
5mSIPHEX1_26-scaffold_5237_c1_4  0.286  17  0.496  17  0.899  10  0.861   0.693 Y  0.450      SignalP-noTM
5mSIPHEX1_26-scaffold_525_c1_10  0.618  18  0.636  18  0.810  16  0.651   0.643 Y  0.570      SignalP-noTM
5mSIPHEX1_26-scaffold_525_c1_10  0.685  18  0.740  18  0.851  15  0.815   0.781 Y  0.450      SignalP-noTM
5mSIPHEX1_26-scaffold_525_c1_1  0.171  28  0.349  17  0.861  15  0.747   0.504 Y  0.450      SignalP-TM
5mSIPHEX1_26-scaffold_525_c1_1  0.310  17  0.477  17  0.824  15  0.737   0.599 Y  0.570      SignalP-noTM
5mSIPHEX1_26-scaffold_525_c1_1  0.800  17  0.851  17  0.928  12  0.899   0.877 Y  0.450      SignalP-noTM
5mSIPHEX1_26-scaffold_525_c1_12  0.184  25  0.366  25  0.873  16  0.730   0.508 Y  0.450      SignalP-TM
5mSIPHEX1_26-scaffold_525_c1_12  0.565  19  0.721  19  0.954  12  0.924   0.831 Y  0.450      SignalP-noTM
5mSIPHEX1_26-scaffold_525_c1_12  0.572  19  0.683  19  0.936  17  0.809   0.742 Y  0.570      SignalP-noTM
5mSIPHEX1_26-scaffold_525_c1_13  0.170  19  0.348  19  0.824  10  0.716   0.547 Y  0.450      SignalP-noTM
5mSIPHEX1_26-scaffold_525_c1_2  0.460  18  0.620  18  0.910  12  0.839   0.738 Y  0.450      SignalP-noTM
5mSIPHEX1_26-scaffold_525_c1_2  0.487  18  0.639  18  0.907  14  0.841   0.734 Y  0.570      SignalP-noTM
5mSIPHEX1_26-scaffold_525_c2_1  0.280  23  0.449  23  0.894  14  0.719   0.595 Y  0.450      SignalP-noTM
5mSIPHEX1_26-scaffold_525_c2_2  0.157  22  0.363  22  0.922  17  0.853   0.593 Y  0.570      SignalP-noTM
5mSIPHEX1_26-scaffold_525_c2_2  0.201  26  0.398  26  0.923  17  0.810   0.559 Y  0.450      SignalP-TM
5mSIPHEX1_26-scaffold_525_c2_2  0.439  23  0.619  23  0.962   5  0.872   0.756 Y  0.450      SignalP-noTM
5mSIPHEX1_26-scaffold_525_c2_3  0.192  31  0.319  27  0.893  18  0.765   0.493 Y  0.450      SignalP-TM
5mSIPHEX1_26-scaffold_525_c2_3  0.211  22  0.430  22  0.925  15  0.884   0.644 Y  0.570      SignalP-noTM
5mSIPHEX1_26-scaffold_525_c2_3  0.444  21  0.642  21  0.971   5  0.928   0.797 Y  0.450      SignalP-noTM
5mSIPHEX1_26-scaffold_5266_c1_1  0.443  27  0.568  27  0.945   3  0.760   0.672 Y  0.450      SignalP-noTM
5mSIPHEX1_26-scaffold_5351_c1_1  0.303  26  0.427  26  0.826  16  0.650   0.514 Y  0.450      SignalP-TM
5mSIPHEX1_26-scaffold_5351_c1_1  0.804  20  0.849  20  0.937  15  0.889   0.868 Y  0.570      SignalP-noTM
5mSIPHEX1_26-scaffold_5351_c1_1  0.862  20  0.886  20  0.963  12  0.912   0.900 Y  0.450      SignalP-noTM
5mSIPHEX1_26-scaffold_5435_c1_1  0.258  24  0.397  24  0.870  17  0.616   0.482 Y  0.450      SignalP-TM
5mSIPHEX1_26-scaffold_5435_c1_1  0.319  19  0.501  19  0.869  15  0.787   0.655 Y  0.450      SignalP-noTM
5mSIPHEX1_26-scaffold_5435_c1_1  0.820  19  0.811  19  0.931   1  0.808   0.810 Y  0.570      SignalP-noTM
5mSIPHEX1_26-scaffold_5435_c1_2  0.880  24  0.908  24  0.976  16  0.936   0.923 Y  0.450      SignalP-noTM
5mSIPHEX1_26-scaffold_546_c1_17  0.219  25  0.397  25  0.879   7  0.707   0.564 Y  0.450      SignalP-noTM
5mSIPHEX1_26-scaffold_546_c1_2  0.190  20  0.386  20  0.884   8  0.773   0.595 Y  0.450      SignalP-noTM
5mSIPHEX1_26-scaffold_546_c1_2  0.275  27  0.443  27  0.893  19  0.739   0.558 Y  0.450      SignalP-TM
5mSIPHEX1_26-scaffold_546_c1_28  0.133  45  0.310  15  0.838   4  0.770   0.559 Y  0.450      SignalP-noTM
5mSIPHEX1_26-scaffold_5506_c1_2  0.301  22  0.492  22  0.901   5  0.803   0.660 Y  0.450      SignalP-noTM
5mSIPHEX1_26-scaffold_5506_c1_2  0.665  22  0.741  22  0.879  18  0.827   0.781 Y  0.570      SignalP-noTM
5mSIPHEX1_26-scaffold_5530_c1_4  0.730  22  0.818  22  0.957   4  0.915   0.870 Y  0.450      SignalP-noTM
5mSIPHEX1_26-scaffold_5766_c1_2  0.497  21  0.658  21  0.953  12  0.870   0.772 Y  0.450      SignalP-noTM
5mSIPHEX1_26-scaffold_5880_c1_1  0.157  33  0.341  21  0.906   6  0.871   0.548 Y  0.450      SignalP-TM
5mSIPHEX1_26-scaffold_5880_c1_1  0.223  25  0.453  23  0.969  15  0.925   0.708 Y  0.450      SignalP-noTM
5mSIPHEX1_26-scaffold_5880_c1_1  0.261  21  0.487  21  0.953  18  0.923   0.692 Y  0.570      SignalP-noTM
5mSIPHEX1_26-scaffold_5882_c1_1  0.189  19  0.354  19  0.701   7  0.655   0.471 Y  0.450      SignalP-TM
5mSIPHEX1_26-scaffold_5882_c1_1  0.358  19  0.569  19  0.948  11  0.902   0.749 Y  0.450      SignalP-noTM
5mSIPHEX1_26-scaffold_5882_c1_1  0.456  19  0.611  19  0.921  13  0.809   0.704 Y  0.570      SignalP-noTM
5mSIPHEX1_26-scaffold_5899_c1_1  0.316  19  0.518  19  0.916  16  0.848   0.673 Y  0.570      SignalP-noTM
5mSIPHEX1_26-scaffold_5899_c1_1  0.574  19  0.723  19  0.949  13  0.918   0.829 Y  0.450      SignalP-noTM
5mSIPHEX1_26-scaffold_5979_c1_3  0.425  21  0.607  21  0.917  14  0.868   0.748 Y  0.450      SignalP-noTM
5mSIPHEX1_26-scaffold_5979_c1_3  0.646  21  0.751  21  0.952  19  0.846   0.796 Y  0.570      SignalP-noTM
5mSIPHEX1_26-scaffold_6131_c1_2  0.295  22  0.446  22  0.797  16  0.670   0.567 Y  0.450      SignalP-noTM
5mSIPHEX1_26-scaffold_6210_c1_1  0.557  22  0.722  22  0.970  14  0.938   0.839 Y  0.450      SignalP-noTM
5mSIPHEX1_26-scaffold_6227_c1_2  0.828  20  0.790  20  0.861  13  0.752   0.769 Y  0.450      SignalP-noTM
5mSIPHEX1_26-scaffold_6229_c1_1  0.502  24  0.546  24  0.718   8  0.607   0.571 Y  0.500      SignalP-TM
5mSIPHEX1_26-scaffold_6239_c1_2  0.140  23  0.343  23  0.922  18  0.827   0.570 Y  0.570      SignalP-noTM
5mSIPHEX1_26-scaffold_6239_c1_2  0.327  30  0.510  30  0.932  21  0.706   0.587 Y  0.450      SignalP-TM
5mSIPHEX1_26-scaffold_6239_c1_2  0.397  25  0.591  25  0.959  15  0.875   0.744 Y  0.450      SignalP-noTM
5mSIPHEX1_26-scaffold_6246_c1_3  0.449  20  0.589  20  0.897  18  0.758   0.655 Y  0.450      SignalP-TM
5mSIPHEX1_26-scaffold_6246_c1_3  0.851  20  0.852  20  0.928  18  0.837   0.845 Y  0.570      SignalP-noTM
5mSIPHEX1_26-scaffold_6246_c1_3  0.897  20  0.908  20  0.963  11  0.920   0.914 Y  0.450      SignalP-noTM
5mSIPHEX1_26-scaffold_6259_c1_2  0.759  21  0.790  21  0.910   9  0.825   0.809 Y  0.450      SignalP-noTM
5mSIPHEX1_26-scaffold_6259_c1_3  0.258  20  0.408  20  0.782   9  0.646   0.536 Y  0.450      SignalP-noTM
5mSIPHEX1_26-scaffold_6259_c1_3  0.528  20  0.580  20  0.826   1  0.669   0.622 Y  0.570      SignalP-noTM
5mSIPHEX1_26-scaffold_6259_c1_3  0.694  27  0.644  27  0.868  18  0.626   0.637 Y  0.450      SignalP-TM
5mSIPHEX1_26-scaffold_6275_c1_5  0.312  19  0.512  19  0.907   1  0.826   0.682 Y  0.450      SignalP-noTM
5mSIPHEX1_26-scaffold_6466_c1_2  0.220  23  0.436  23  0.946  10  0.888   0.612 Y  0.450      SignalP-TM
5mSIPHEX1_26-scaffold_6466_c1_2  0.518  21  0.670  21  0.948   2  0.861   0.773 Y  0.450      SignalP-noTM
5mSIPHEX1_26-scaffold_6481_c1_1  0.328  23  0.532  23  0.942  17  0.868   0.690 Y  0.570      SignalP-noTM
5mSIPHEX1_26-scaffold_6481_c1_1  0.383  25  0.572  25  0.938  18  0.870   0.688 Y  0.450      SignalP-TM
5mSIPHEX1_26-scaffold_6481_c1_1  0.444  23  0.630  23  0.969   3  0.894   0.773 Y  0.450      SignalP-noTM
5mSIPHEX1_26-scaffold_6509_c1_5  0.230  27  0.421  22  0.951  18  0.910   0.651 Y  0.570      SignalP-noTM
5mSIPHEX1_26-scaffold_6509_c1_5  0.365  20  0.576  20  0.947  13  0.915   0.759 Y  0.450      SignalP-noTM
5mSIPHEX1_26-scaffold_6509_c1_5  0.386  27  0.534  27  0.904  15  0.785   0.632 Y  0.450      SignalP-TM
5mSIPHEX1_26-scaffold_6541_c1_1  0.296  18  0.523  18  0.949   2  0.922   0.739 Y  0.450      SignalP-noTM
5mSIPHEX1_26-scaffold_6546_c1_1  0.240  25  0.430  25  0.923  12  0.790   0.570 Y  0.450      SignalP-TM
5mSIPHEX1_26-scaffold_6546_c1_1  0.656  20  0.766  20  0.939   3  0.893   0.834 Y  0.450      SignalP-noTM
5mSIPHEX1_26-scaffold_6579_c1_4  0.428  24  0.560  24  0.884  22  0.685   0.609 Y  0.450      SignalP-TM
5mSIPHEX1_26-scaffold_6579_c1_4  0.500  24  0.604  24  0.862  13  0.733   0.674 Y  0.450      SignalP-noTM
5mSIPHEX1_26-scaffold_6634_c1_1  0.263  17  0.430  17  0.790   4  0.694   0.573 Y  0.450      SignalP-noTM
5mSIPHEX1_26-scaffold_6682_c1_4  0.310  20  0.504  20  0.905  10  0.816   0.673 Y  0.450      SignalP-noTM
5mSIPHEX1_26-scaffold_6682_c1_4  0.443  25  0.532  25  0.826  20  0.579   0.551 Y  0.450      SignalP-TM
5mSIPHEX1_26-scaffold_6682_c1_5  0.195  24  0.357  19  0.851   7  0.746   0.567 Y  0.450      SignalP-noTM
5mSIPHEX1_26-scaffold_6682_c1_5  0.443  24  0.474  24  0.733   1  0.548   0.503 Y  0.450      SignalP-TM
5mSIPHEX1_26-scaffold_6690_c1_2  0.228  21  0.376  21  0.790   1  0.634   0.477 Y  0.450      SignalP-TM
5mSIPHEX1_26-scaffold_6690_c1_2  0.630  21  0.712  21  0.873  14  0.798   0.758 Y  0.450      SignalP-noTM
5mSIPHEX1_26-scaffold_676_c1_14  0.229  19  0.453  19  0.946  15  0.884   0.655 Y  0.570      SignalP-noTM
5mSIPHEX1_26-scaffold_676_c1_14  0.558  24  0.683  24  0.962  12  0.841   0.768 Y  0.450      SignalP-noTM
5mSIPHEX1_26-scaffold_6829_c1_1  0.803  22  0.760  22  0.859   8  0.719   0.737 Y  0.450      SignalP-noTM
5mSIPHEX1_26-scaffold_6856_c1_3  0.305  26  0.428  26  0.908   1  0.730   0.570 Y  0.570      SignalP-noTM
5mSIPHEX1_26-scaffold_6856_c1_3  0.343  28  0.494  28  0.855  20  0.743   0.591 Y  0.450      SignalP-TM
5mSIPHEX1_26-scaffold_6856_c1_3  0.497  21  0.671  21  0.956  14  0.907   0.798 Y  0.450      SignalP-noTM
5mSIPHEX1_26-scaffold_6987_c1_4  0.338  19  0.505  19  0.830  16  0.756   0.623 Y  0.570      SignalP-noTM
5mSIPHEX1_26-scaffold_6987_c1_4  0.452  19  0.642  19  0.962  12  0.909   0.786 Y  0.450      SignalP-noTM
5mSIPHEX1_26-scaffold_698_c1_5  0.651  20  0.713  20  0.899  13  0.756   0.733 Y  0.570      SignalP-noTM
5mSIPHEX1_26-scaffold_698_c1_5  0.654  20  0.750  20  0.917  14  0.852   0.805 Y  0.450      SignalP-noTM
5mSIPHEX1_26-scaffold_7019_c1_1  0.368  24  0.444  24  0.714  21  0.570   0.493 Y  0.450      SignalP-TM
5mSIPHEX1_26-scaffold_7019_c1_1  0.469  24  0.641  24  0.939  15  0.874   0.767 Y  0.450      SignalP-noTM
5mSIPHEX1_26-scaffold_7019_c1_1  0.834  24  0.844  24  0.912  17  0.826   0.835 Y  0.570      SignalP-noTM
5mSIPHEX1_26-scaffold_7082_c1_1  0.144  29  0.329  21  0.908   1  0.855   0.576 Y  0.570      SignalP-noTM
5mSIPHEX1_26-scaffold_7082_c1_1  0.155  30  0.323  24  0.886   4  0.738   0.547 Y  0.450      SignalP-noTM
5mSIPHEX1_26-scaffold_7082_c1_1  0.548  29  0.509  29  0.854  10  0.656   0.566 Y  0.450      SignalP-TM
5mSIPHEX1_26-scaffold_7125_c1_3  0.403  21  0.574  21  0.913   2  0.812   0.703 Y  0.450      SignalP-noTM
5mSIPHEX1_26-scaffold_7221_c1_3  0.666  17  0.701  17  0.868  15  0.732   0.718 Y  0.450      SignalP-noTM
5mSIPHEX1_26-scaffold_7235_c1_2  0.360  18  0.580  18  0.966   2  0.927   0.767 Y  0.450      SignalP-noTM
5mSIPHEX1_26-scaffold_724_c1_11  0.371  20  0.457  20  0.677  16  0.522   0.482 Y  0.450      SignalP-TM
5mSIPHEX1_26-scaffold_724_c1_11  0.732  20  0.774  20  0.915  18  0.803   0.787 Y  0.570      SignalP-noTM
5mSIPHEX1_26-scaffold_724_c1_11  0.770  20  0.828  20  0.922  12  0.892   0.862 Y  0.450      SignalP-noTM
5mSIPHEX1_26-scaffold_724_c1_3  0.238  24  0.427  24  0.914  12  0.768   0.611 Y  0.450      SignalP-noTM
5mSIPHEX1_26-scaffold_724_c1_6  0.180  20  0.342  20  0.779   6  0.661   0.515 Y  0.450      SignalP-noTM
5mSIPHEX1_26-scaffold_724_c1_8  0.380  17  0.583  17  0.923   2  0.891   0.749 Y  0.450      SignalP-noTM
5mSIPHEX1_26-scaffold_7250_c1_1  0.274  35  0.452  35  0.825  26  0.581   0.503 Y  0.450      SignalP-TM
5mSIPHEX1_26-scaffold_7250_c1_1  0.579  28  0.546  28  0.624  10  0.463   0.513 Y  0.500      SignalP-TM
5mSIPHEX1_26-scaffold_7289_c1_1  0.876  28  0.612  28  0.787  26  0.374   0.517 Y  0.500      SignalP-TM
5mSIPHEX1_26-scaffold_7292_c1_1  0.348  22  0.419  22  0.881   3  0.486   0.455 Y  0.450      SignalP-noTM
5mSIPHEX1_26-scaffold_7292_c1_2  0.149  19  0.299  19  0.712  16  0.595   0.459 Y  0.450      SignalP-noTM
5mSIPHEX1_26-scaffold_7292_c1_3  0.604  20  0.622  20  0.816   1  0.666   0.643 Y  0.570      SignalP-noTM
5mSIPHEX1_26-scaffold_7292_c1_3  0.738  20  0.787  20  0.910   3  0.833   0.812 Y  0.450      SignalP-noTM
5mSIPHEX1_26-scaffold_7336_c1_1  0.175  23  0.353  23  0.826   7  0.712   0.547 Y  0.450      SignalP-noTM
5mSIPHEX1_26-scaffold_7336_c1_2  0.209  21  0.412  21  0.923  12  0.824   0.606 Y  0.570      SignalP-noTM
5mSIPHEX1_26-scaffold_7336_c1_2  0.249  26  0.453  26  0.927  13  0.835   0.602 Y  0.450      SignalP-TM
5mSIPHEX1_26-scaffold_7336_c1_2  0.644  20  0.767  20  0.972  10  0.906   0.842 Y  0.450      SignalP-noTM
5mSIPHEX1_26-scaffold_7336_c1_4  0.332  24  0.423  24  0.712  21  0.526   0.463 Y  0.450      SignalP-TM
5mSIPHEX1_26-scaffold_7336_c1_4  0.892  22  0.855  22  0.907  10  0.818   0.835 Y  0.450      SignalP-noTM
5mSIPHEX1_26-scaffold_7417_c1_1  0.183  22  0.373  22  0.867   2  0.758   0.581 Y  0.450      SignalP-noTM
5mSIPHEX1_26-scaffold_7417_c1_1  0.220  22  0.416  22  0.851  16  0.724   0.536 Y  0.450      SignalP-TM
5mSIPHEX1_26-scaffold_7538_c1_2  0.554  16  0.661  16  0.825   6  0.775   0.722 Y  0.450      SignalP-noTM
5mSIPHEX1_26-scaffold_7539_c1_1  0.318  21  0.521  21  0.923  19  0.824   0.663 Y  0.570      SignalP-noTM
5mSIPHEX1_26-scaffold_7539_c1_1  0.580  21  0.714  21  0.943  13  0.881   0.804 Y  0.450      SignalP-noTM
5mSIPHEX1_26-scaffold_7667_c1_2  0.287  20  0.442  20  0.812   6  0.706   0.548 Y  0.500      SignalP-TM
5mSIPHEX1_26-scaffold_7710_c1_3  0.221  21  0.435  21  0.912  14  0.809   0.581 Y  0.450      SignalP-TM
5mSIPHEX1_26-scaffold_7710_c1_3  0.285  21  0.484  21  0.880   6  0.821   0.666 Y  0.450      SignalP-noTM
5mSIPHEX1_26-scaffold_7710_c1_3  0.384  21  0.586  21  0.951  19  0.871   0.720 Y  0.570      SignalP-noTM
5mSIPHEX1_26-scaffold_7764_c1_1  0.204  28  0.333  28  0.877   2  0.687   0.471 Y  0.450      SignalP-TM
5mSIPHEX1_26-scaffold_7764_c1_1  0.223  21  0.452  21  0.953  11  0.922   0.673 Y  0.570      SignalP-noTM
5mSIPHEX1_26-scaffold_7764_c1_1  0.505  21  0.662  21  0.947   4  0.862   0.770 Y  0.450      SignalP-noTM
5mSIPHEX1_26-scaffold_7802_c1_2  0.245  24  0.417  24  0.886  14  0.712   0.576 Y  0.450      SignalP-noTM
5mSIPHEX1_26-scaffold_7806_c1_2  0.699  20  0.761  20  0.893  13  0.833   0.800 Y  0.450      SignalP-noTM
5mSIPHEX1_26-scaffold_7833_c1_1  0.143  24  0.330  24  0.891  10  0.791   0.510 Y  0.450      SignalP-TM
5mSIPHEX1_26-scaffold_7833_c1_1  0.464  26  0.639  26  0.983  13  0.886   0.772 Y  0.450      SignalP-noTM
5mSIPHEX1_26-scaffold_7833_c1_1  0.713  24  0.823  24  0.976  19  0.953   0.884 Y  0.570      SignalP-noTM
5mSIPHEX1_26-scaffold_7836_c1_2  0.456  17  0.646  17  0.964  16  0.910   0.770 Y  0.570      SignalP-noTM
5mSIPHEX1_26-scaffold_7836_c1_2  0.649  24  0.624  24  0.866   8  0.687   0.649 Y  0.450      SignalP-TM
5mSIPHEX1_26-scaffold_7836_c1_2  0.678  17  0.787  17  0.941   2  0.908   0.852 Y  0.450      SignalP-noTM
5mSIPHEX1_26-scaffold_7841_c1_2  0.165  29  0.312  29  0.837  14  0.678   0.454 Y  0.450      SignalP-TM
5mSIPHEX1_26-scaffold_7841_c1_2  0.728  29  0.825  29  0.979  27  0.914   0.867 Y  0.570      SignalP-noTM
5mSIPHEX1_26-scaffold_7892_c1_3  0.248  25  0.395  25  0.778  18  0.649   0.494 Y  0.450      SignalP-TM
5mSIPHEX1_26-scaffold_7892_c1_3  0.299  19  0.508  19  0.926  12  0.880   0.709 Y  0.450      SignalP-noTM
5mSIPHEX1_26-scaffold_7892_c1_3  0.467  21  0.612  21  0.916  17  0.824   0.712 Y  0.570      SignalP-noTM
5mSIPHEX1_26-scaffold_849_c1_2  0.405  17  0.609  17  0.934   1  0.907   0.770 Y  0.450      SignalP-noTM
5mSIPHEX1_26-scaffold_849_c1_3  0.168  34  0.323  26  0.847  13  0.727   0.481 Y  0.450      SignalP-TM
5mSIPHEX1_26-scaffold_849_c1_3  0.181  22  0.377  22  0.913  13  0.814   0.582 Y  0.570      SignalP-noTM
5mSIPHEX1_26-scaffold_849_c1_3  0.512  24  0.645  24  0.960   3  0.818   0.738 Y  0.450      SignalP-noTM
5mSIPHEX1_26-scaffold_849_c2_3  0.256  25  0.400  25  0.870  15  0.655   0.499 Y  0.450      SignalP-TM
5mSIPHEX1_26-scaffold_849_c2_3  0.471  18  0.599  18  0.869  12  0.739   0.664 Y  0.570      SignalP-noTM
5mSIPHEX1_26-scaffold_849_c2_3  0.728  18  0.797  18  0.914  14  0.864   0.833 Y  0.450      SignalP-noTM
5mSIPHEX1_26-scaffold_849_c2_7  0.204  22  0.397  22  0.897   9  0.768   0.597 Y  0.450      SignalP-noTM
5mSIPHEX1_26-scaffold_849_c2_8  0.278  20  0.477  20  0.872  15  0.784   0.596 Y  0.450      SignalP-TM
5mSIPHEX1_26-scaffold_849_c2_8  0.484  20  0.656  20  0.932  17  0.878   0.760 Y  0.570      SignalP-noTM
5mSIPHEX1_26-scaffold_849_c2_8  0.822  20  0.870  20  0.963  15  0.930   0.903 Y  0.450      SignalP-noTM
5mSIPHEX1_26-scaffold_959_c1_5  0.235  19  0.438  19  0.918  15  0.822   0.618 Y  0.570      SignalP-noTM
5mSIPHEX1_26-scaffold_959_c1_5  0.356  19  0.549  19  0.901  15  0.839   0.705 Y  0.450      SignalP-noTM
5mSIPHEX1_26-scaffold_959_c1_6  0.900  20  0.918  20  0.964  13  0.939   0.929 Y  0.450      SignalP-noTM
5mSIPHEX1_26-scaffold_959_c1_7  0.201  24  0.397  24  0.872  17  0.785   0.607 Y  0.450      SignalP-noTM
5mSIPHEX1_26-scaffold_959_c1_7  0.523  24  0.614  24  0.888  20  0.760   0.683 Y  0.570      SignalP-noTM
5mSIPHEX1_26-scaffold_968_c1_13  0.495  20  0.563  20  0.754  15  0.623   0.587 Y  0.500      SignalP-TM
5mSIPHEX1_26-scaffold_968_c1_4  0.282  30  0.408  26  0.821   7  0.671   0.511 Y  0.450      SignalP-TM
5mSIPHEX1_26-scaffold_972_c1_2  0.350  22  0.452  22  0.698  17  0.574   0.501 Y  0.500      SignalP-TM
5mSIPHEX1_26-scaffold_975_c1_1  0.166  21  0.374  18  0.909  10  0.849   0.631 Y  0.450      SignalP-noTM
5mSIPHEX1_26-scaffold_975_c2_10  0.212  29  0.431  29  0.975  11  0.916   0.620 Y  0.450      SignalP-TM
5mSIPHEX1_26-scaffold_975_c2_10  0.301  26  0.534  26  0.967  14  0.947   0.728 Y  0.570      SignalP-noTM
5mSIPHEX1_26-scaffold_975_c2_10  0.456  26  0.641  26  0.961   6  0.899   0.781 Y  0.450      SignalP-noTM
5mSIPHEX1_26-scaffold_975_c2_7  0.176  25  0.345  21  0.840   2  0.744   0.501 Y  0.450      SignalP-TM
5mSIPHEX1_26-scaffold_975_c2_7  0.198  21  0.380  21  0.842   2  0.720   0.564 Y  0.450      SignalP-noTM
5mSIPHEX1_26-scaffold_994_c1_1  0.439  16  0.555  16  0.784   3  0.690   0.628 Y  0.450      SignalP-noTM
5mSIPHEX1_26-scaffold_994_c1_2  0.491  26  0.495  26  0.721  23  0.422   0.466 Y  0.450      SignalP-TM
5mSIPHEX1_26-scaffold_994_c1_3  0.231  21  0.425  21  0.908  11  0.786   0.620 Y  0.450      SignalP-noTM
5mSIPHEX1_26-scaffold_994_c1_8  0.271  24  0.485  24  0.931  16  0.869   0.692 Y  0.450      SignalP-noTM
